
FDDFluxReader v0.1

available commands:
	bootloader
	start_sampling
	stop_sampling
	help

> start_sampling
====== sampling started ======
H2NjZ2QkH2RjZmMjH2RhaGQiIGNjZWYiIWNkZmQjIGNlZWQjIGVjZmM=
IyFjZGZiIyFjZWRjIyBkZGZiIyBkZGVjJCBiZmVkIyBkZWZjIyFjZWRk
IyBkZGVkIyBkZWVkIyBkZGVjIyFkZGVkJCBjZWVkIyBlZGViJR9jZmZj
IyBlZGRkIyFkZmNkIyBkZWRkIyBkZGVjIyBkZGRkIyBkZWRkIyBlZGRl
IyBjZmRkIyBkZWVkIiBlZGNlIiBlZGRkIiBlZGRjIyBlY2RkIyBlY2Zj
IR9mZWRkIx9lZGRkIiBlZGVjIyBlZGVkIh9lZGNkIh9mZGNkIiBlZmNk
IiBlZGRjIyBlY2ZjIiBmZGVjIx9mZGRiIyFlY2VjIyBlZGVjIiBlZmVi
ISFlY2ZjIiBmZGZiJB9mY2ZiJB9mYmZjIyBkZGZhIyBlZGZhIyBmY2dh
IyBnZGdhIiFmY2dhIyBmZGZhIyBmY2ZiIyBmY2ViIyBmZGdiIyBmZGZh
IyFmY2ViIyBmZGdfJSBlZWVhJCJjZmZhIyFlZWRiIyFkZmRhJCJkZWVj
IyFlZmRiIyFkZmVhIyFlZWViIyFlZmViIyFkZmRiIiJlJB8gIiIhIiEj
ICAhIiIjISIgIiIiISEgIiIhISIhIyIhICAhIyEiISMhISEhIiIhISAh
ISMhIiEhICEhIiEjISEhICEkICMiICEgISMiISIhICEiIyIhICIhISIi
HyNkJ2GlAWWlASVhqQFjqQElYacBZqUBIx4iIiJhJmFlYiMgZGZlYyIgZGZlYiMf
ZGZkZCIgZmRlYyIfZGdjYyIhY2ZmZCIgZGVkZCMiZGRmZCIhYWdkZiIg
ZWVlZCEgZGVkZiEgZmRlZCMgZGZlZCEgZWVjZiIeZmVlZCIgZWRkZiEg
Y2ZkZiIfZWZkZiEhY2VmZCIfZGZlZCIgZmRkZSEgZWRmZSEfZmRmZSIf
ZmRlZiEgZGRlZiIgZGRmZSIfZGRmZCIfZWVlZCIfZWNmZCIfZGRmZiEf
ZmRmZSEeZmNmZSEfZmNlZiAfZWVlZSEeZmNmZSIeZWRmZSEeZmNmZSEf
ZWJnZSAeZWRmZSAfZmNmZCEfZWNmZCEeZGRmZCEeZWRmZCIeZGRmZCEf
ZGRmYyEeZWRmZCAfZWNmZCAfZWRmZCEeZWVlZCAeZSUgICEjISAiICAi
ICIhIiEhICIhISEiISIgISAiICIhISAiISMhISIgICEhIyIhISEgISAi
ISIgIiAhISMiISAiICEiISEiICEgIiEiIiIhIB8iISMgICAiIiAhIiAi
ZKYBZ6UBZSWiAWihAWclowFmpQFnIx8gISMgI2IkHyIhIiIhISMhIiAhISMgIiIi
ISAhZGYjICEhZKcBJmJjpgFmYyWlASQbJaIBaGUjH2NmZGchH2VkZWQjH2RkZg==
ZiEfZGVmZyAgZGNnZSIfY2RmZiIgY2NlZSIgZGVkZiEhZGVlZCMfZmRl
ZSIfZWRlZSIeZmVjZSIgZWVkZCQfZGRlYyQfZGVmYiMgZGZkYyMgZGRk
ZCMgZGVlYyMfZWZjZCMfZGRjZSMgZGRiZisvISEhIyAjISMgIyAiISMg
IyAjICIiIiEjICIgIyAjISEhIyAjICMhIiAjICIgIyEhICIiIiAjICMg
IiAiIiIhICIhISEhIyEiISEhISIiISIiICAiIiAiISIgISEhZ6MBaKUBYyY=
ogFmpAFnJKEBZ6cBZiEfIiAjqAEjICAipAGoASRiYyMeImRoY2NkIx8gI2QkYSMfIg==
ZGQjIGYkogGnASQfISKlAWQjIGNkZCVfJWFmZGFkZGejAWVkZiIeZGggH2MlYQ==
IyAjIiEhICAhISEkZWMjHyIgImRkIiAiISAjZGYgHyEhIiIiISAiHyNh
Z2MjIGQjICIhICAhISAjYiWiAWcgICMiISEgIWWnASQgISAkogFmIyAhImZk
Ih4iISAiISMhISNhZ2ZjIx4iICIhIiIhISAhZ2QiHiEiIiEiISIhISEj
ISIgISMjICEhIiIhISEhIiIhIiEgIiEhICIiIiIhISIhISEhIyEhICIh
ISIiISEhIiIgICIjISEgIiMhISEhIyEhIyAhICMhIyEgI2ajAWhkJBsjpQE=
JR4iYyMfZiEiYiUfI2OmASZiYSehASZhZWdkISBkYmVmIh8jY2NlIyAgImU=
ZGMgH2ZmZSEeImSoAWRiJaUBpgFhJGSlAWdmYiIfISIiZmIiICEeImVkIiAjIA==
I2RlIB8hIGNlI2ElYGRlIx4jZKYBpwGkAWYhIGMlYSVeZmMkYWViJWJlIB8i
ICFmZCEfIiAiZWQiHyAgIWUjYWQiHyNiZmJhJGEiYiMhpQElogFkI2MloAEk
HiNkZiMeIh4gZSRhIx4kogEmXyVhpAEkYyMfICJjJB8iqQEiHCGqAaQBJB4jZCM=
HiIhICEhHyFkJWAkYagBpwEiIKUBJWIkHiIhIiEiIR8hZSMeI2VmpAGmASVhISE=
ZKYBJWBnpwGmAaUBJaMBJR4iICBjZ2AjZGYhICEhZqIBJWMjYmRmpgEkHyIfImUjHg==
IiEhICJkZCJjZGanAWZiIR9kIyEiICNlpQGlASViI2JjISFmpQEkHyIgISEjZQ==
ZCIfImNkIiGlAWZjZCIgIh8hZCViIyBlIx4iHyOkASQfI6UBZSIeISIiISFk
Ix8hImNjI2EjYSVhZmEkZKUBIx8iISIfIWYgHiJlIx0jZWYgIGQiH2VkYw==
IB9kI2FmZWQiYSMgISOlAWZjZCIfImFmImSlASQeI2MjHiFkI2JlIGRlIh8=
I6UBZyAgYyQeIiAiZCIeISIgImMkYiMfI2QiHyAjpwGkASZgZCIhpgFmYiNiYw==
JacBpAFmIiBkZSRgIyBkJGQiHyAhZCNiJGJkImIkZCIhpQElYSUeI2IkHiNh
JmGqAWRmpQGlASMeJCIiISAhZCNiIyGmAacBaCAfJGIjpAFnJB8jICNjJWFmpAFnIg==
HyEgI2amAWQiZGYiH2anAaMBJWMjICIhI2alAWYiHyEhI2MlYSMgZCRhJGNnIg==
HiNlIyBkZSMgICSlASahAWhiI2RmIB8jZGNoYyMeIyIiISJlIh8gImYjpAEm
oQElZCEeZSQgICOiASZhI2OnAWZjZCNhJGIhIGVkICJkY2MjYSRjJR8jpAElIQ==
pAEjYWQjYiMgZqIBJWIjHiIfIWMkpAFnIWEiZCEgZiIgZiIdImVkZCOjAagBpQEk
YiIfZSMdImQjHyAhI2IloQFkImIkYyMeJGQiIWQhH2ZiZiEeIqgBYiVfJV8=
JmSkASSlASIgpQElYSIeZ2IjZKUBJWEiHiNlYSRhZWSpAWIiYCWlASQfIiAiZGRj
JF9nY6gBpgGlASSlASMfIiEhI6QBqQEgH2YjICNjZiAfISAhIyEhIiAgZCMeI6YBIw==
HyIhI2RiJaMBZiNjpQEmoQGqASMeIWYiHiNkpgEkYiQgISFlIx4jZiEhYSWiAWhk
YyNjIh8jpwEjHyEiICJmZCNhIx8iICFnowFkI2MjpQEjICMgImQiHCNmYyRi
pgFmZSAhpwEkHiIgICBmZCNjIh9lJKIBJB4iISNjIiAgIiEhISAhICFmISAi
ISOiAWciHiBmowFmISAhISIgICJjpQEjH2VkZCNkIiAgImQjYiEeZyEfIWWjAQ==
JaMBqgEgIKYBZyAeImajASMfpwElYiIeIWSkASVgI2FmHyBkqAEhH6kBIx4hIaQBJaMBJQ==
YCMgZCMgICGmASMfICFmZCAgowFnYSRiZiJkIB9kqgEgIKYBZx8fYyMdIqkBpQFj
ZSEgZWYgIaQBZiIgICFkZmEjYSUdIWQkHSNiI2QjH2RkZiEgICAiZSAgpwE=
JB8iIh8jpQElogEjH2ZlpwEiH2VkIh8hICOnAacBJB0jpwEjIKcBIh8hISIgJGQkHw==
ImUhIKUBJKUBJGMhH2YjICEkowGqASMeI6UBIyClAWVmIh4jpQElICEiZWYiICEfIA==
I6YBIx4hI6QBJqUBpwEkY2VlYSNhJB8iIyEgImUjHyEgIWUhIGWnAaUBJV9mZGUi
YiIgZGYiICEfImggIKcBZyAfHyFkJWElYGZjZCEhZCMhpQFlIh4gZGRmISA=
pwElogFmIh8hIGYhH6oBpgEiH6YBJWEjHiNkIx9lISAjICEiZCNhZCOiAWQjYWcf
IGQhIKgBpwEjHiAipwEjHiEjpAEjHiEjpQFkIh8jZGNlIyAgIKcBIx0ipwGnASIfICA=
ZmMjpQGnASMeICOoAWcgHyEgHiJmJB8hIacBIxwjqAGnASMeICFmICBjIyBmYyOlAQ==
ZCJkowEkYmalASQeImQiHmYiHyAkpAElXmcipQFkI2QjHyFkJB4hZWVhJGJkJA==
pgFkJF8kY2QjpQEjHiEjpAFnISAhIWamASQeICKlASRhI2SmASakASMfICGnAWQiYyU=
pAGoAWQiYSWlAacBZCNjpwEjHyEhIyAipwFlIWWiAWZjY2UiIGQkHyRiI6MBJCAhIaYB
JB4iICJjIx9lZCMgISFkI6UBYyRgJaUBJB4iICFjJR8jY2ZhJKQBqQGjASWkASUe
ICEhI6UBpAElYSRhZSMfImNkZCIhpQFlImElYiAgZGQjHyAiISAgIWQjIWRl
ogEmogGnASQdIiAjowGmAWQhISMhHyEjIR8gICAhZGZiIR9kIyAiISIgISEgICE=
ZacBZWFkZaUBZCIgISAgHyNkI2BmpQFkYyWgASWjAaUBZiIgISAgIGaiASalAaIBZiEg
ZWMiIGNjZWElXyViJGKiASSlAWQlXyNhIiBiJWEkY6IBaCNhZCNhZGEiYiMg
IiFlogElYWehASWlAWhiYmRhImIjY2QjHiKlAWZjpwEjHiKnASMeICEgI6UBJKQBZmM=
YiNiIx4hIqgBIx4jICAipQEkYWVlIB9npQFlISBlIx8gIWVlpwGlASMeJKMBJCClAQ==
IiClASVhIh5kJaQBpQFkI2OnAacBIxwhZWSoAWQiY6UBpQEjIKQBZSNgJWMiHyAhYiRh
YyJkIR8jISAiY2UiHSJmpgGkASRiYSNhZaUBIiBjJB8iICAhICFjZiAfICJk
pgFkIyAhIh8gZCIgISAiYiMeISAiY2QiHiFjIyJiZSEhpQGlAWQjHyJiYmWkAQ==
JaMBZCJjZCIgZaQBZCJnogEkHSIhI6IBZWZjImSlAWRjpQGmASVeJGFmZGZhI2FiIg==
pgFlIWFoYCOjASRiISBmpQEjYSIeZqQBJCBkYWUiHyJmpQFmYmMiICIgImUgIKkB
pgFlIB4iIiFkpwFlISBkZCIgIiAiYyWlAaQBJB8lYiMeIWamASWiAWhhZWKoASEgqAE=
qgGlASMgpAElICAfZSMgZCNkIx4gImQlYSViJGEkHiMiISEgIWRlZWZlISBl
Ih5kI6YBZiAhZ6MBZ2NlZGVkpQElpAEjIGRmICCnASRfZyNjISFmpAEmogElYiNhJg==
pQFkZqIBJWNmYiIgZGUiHyAgZiAgZWQjowEjHiFlZaQBIx9kZCSjASQgpwFlIWIk
YWWmAaUBJKMBJaQBZmJlICAfImElYWZhJmAmoAFmYqcBIh9jZCOlASSlAaUBIx8hISIg
Ih8gZSIfZCOjAWYfIGalAWRkZCJiYyVgJaQBZGWkASQfZGQjoQEmogGoASNhZmQiHQ==
ICFlY2RjZGNmpQEjHiOkAWVkIx4iZGZjIx4gIWIjY2alAacBIx5lZGZiIR5mZA==
ZmEkpAEkHCOnASIfZmSmASMgIiAgICFmIh9iJqIBZyIhZKQBZWajAWdiZ2EkY2WkAQ==
qQEjIGMkHiJkJaIBJWAmYCViIx9mogElYyRgJaEBJ2FlowFlY2QjICEhZCIfpgFm
JGAkowFmIh9hJWJlpAFmZWQiICEjYSNhZ2IkYCWiAWZjpAEjIGRiJaMBJaMBpwElYQ==
Y6QBJWIjHWVkJB4gIGQkYSIeZaUBJKIBJB9jYyNfZWUhIGZjIx8hImQhH6cBYg==
I2AjogFnIB9jI2BopAGlASWiASMfYSRhZSIgICJkIR9kIR0iZiEeZGViYyNhZA==
pgGlASMfZGIlogEiIGRjJGFmYyEfHiJhJGEjIGWhASaiASMfY2YjHiBlYmZkZCE=
Hx8iZCOkAaIBJaQBJWFiowGoASIeIWJmZCAgYiSkAWYgHmanAWYhHiAgICEjICEgIQ==
IiAhICFjZWNjZqMBZmIjHyNjY2QiHiIgIWRkIR4iISNiZSIfICAjZGQiIA==
ICAhY2YiHyEgI2RiIyAgIGSnAWViJKcBowElYmaiAacBZmIjpQFmYiOlAaYBpAFmYSWnAQ==
YyNiYSNhZmUiHiKoAaQBZGQkYmdiIiAhICNjZCMeISEhZGUhHyAjZKUBZmEk
owGlASVhZqIBpgFmYyWiASUeISEhIWQiHiIhIWNkIiAhICAfImRiIyAjYSWkASIf
pAElYSMfIiAgISEhIR8gZSAfpgEkYSMeICJiI2JiI2BkI6IBpwFlIR8iISEgIg==
YyAgogFmZGRjISCiASUeISAhIiEgImIjHiAgISEhIyAgICAgICFlowGpAaQBJaIB
pQGmAWQjX2QkYCQeI6IBJ58BJ6IBZWIgIL8CKCBkYmRkJCBkYWRiJCJiZGRiIyBi
Y2ZkIiJhYmRjJCJhYmNkIiJkY2JiJCBkYmRkIyJhY2JkIyFkY2NjIyBl
Y2NjIiBlYmJkIx9lYmNkIyBkY2JkIiBjZGNjIx9kZGNkIyBkY2NkIyBk
Y2NkIx9kYmRlISBkZGJkIh9kZWJkIR5lZWJkIR9kZmJkIR9kZGNlIR9l
ZGJkIh5lZGRkIR9lZmJkISBkZWNkIR5kZmJkIh5kZ2JkIR5lZWNjIh5l
ZWRkIB5lZmNkIR5lZGNlIB5lZmNkIR1nZGRkIR1mZmNjIR5mZWNjIh9k
ZGVjIh5kZGVkIR9kZGVjIR5kZWRjIh5kZmNjIx5lY2ZjIh5lY2dhIh5k
ZGRkIB9lZWRiIh9kZWNkISBkZGNkIR5lZGNkIB9nY2JlIR5kZGViIR9m
Y2NjIh5mZGRiIR9lZGRhIh9lZGRiIh9kY2RkIh5kZGNjIR5nZGNkIR9j
ZGJkIx9kZGNjIiBjY2RjIx9kZGNjIiBkY2NkIh9jZGNkIh5kZGRiIx9i
ZWJkIx9jZGRkIh9kZGJkIiBjZGNjIh9lY2JkIh9kY2RjIiBjY2RiIx9i
ZGRjIiBjZGRhIyBiZWRiIyBjZGViIyBiZWRhIiBiZmRiIyBiZmRiIiBj
ZWNiIyBjZWVjIR9kZWNkIR9lIx8gISIhIiAiICEhIiEgISEgICEhISEi
ICEgISEjICAhISAhISEhISEgISEhISEiICAgISIgISAhISAhIiEgISAh
ICEhIiAhISIgISIiICEgICIjICAgIiMhHyEgIiJkpAFlpQFiJ6QBY6QBZiWgAWU=
pgFmISAhICAgI2QkICAiICEgIiEiICAfIiEiICEhIiFjZCIfIiAiYaoBY2I=
Ix8gImFlJh0jYiVfZGQjH2RjY2QhIGRkYmYiH2JkZWIjIGFlZWQiIWNj
Y2YjH2NhZWUiIGViZGQiHmJkZmQjIGFkZGUhIGNjZWUiHmdhZWIjH2Jl
ZWIjIGJkZmIjH2JlZGMhIGRlYmQjH2VmZGIjHmZkZWIhH2RlY2UiH2Vm
Y2QjH2JlZGQhH2JkZmQiIGMjHiEgIiMiHyEjIiEhICIgIiAiICIhIiAg
ISEiIiAiICIgIiEiICIhIiAhICMhISEiISEgIiEhIiEhIB8jIiEiISAh
ISMiISIjICIgIyAiICEhIiEhICMhIiAhIiAhI2WiAWWpAWMkowFnpQFnJZ4BaaUB
ZCQfJCAjpAElICEgI6IBJacBJB4iogElpwEjHiSjASWmASMeJaIBJ6QBJR0jowElpwEkHSQ=
ogEnpAEkHiOlASehASUdI6UBJKcBIxwjpAEnowElHiOiASelASUcI6MBKKABJR0jpwEmogElHyI=
ogEmowEkHSOmASWjASUcIaUBKKEBJR8ipQEmoAEmHiOiASihASUeJKMBJ6EBJR0jpgEmoQElHSM=
pAEmogEkHiOlASWiASQcI6YBJqABJR0ipQEmogEkHiOkASajASUcI6QBJqMBJRwkogEoogElHSM=
owEnogEmHSOkASeiASUcJaIBJqIBJR4jogEpoQElHCKlASiiASUcJaIBJ6MBIx4kpQElpQElHSE=
pAEmpAElHSGlASaiASYbI6UBJ6IBJRwjpwEmogEkHCOlASWlASUbIqcBJaQBJRwkpQEmowEkHSM=
pgElpQEkGyOmASehASUdI6cBJaIBJR8iowEoowElHCSkASajASYdI6MBJqUBJRwjpQElogElHSM=
pAEmowElHSOjASalASUbI6YBJaMBJR4jpQEmoQEmHCOlASakASUcI6YBJaIBJh4jowEmpAElHiA=
pgEmowElHSGlASalASMeJKIBKKIBJRwjpgEmogEmHSOiASeiASYcIqUBJqMBJhwjpAEnogElHSE=
pQElowElHSKkASekASUcI6MBJqIBJR4jowEnogElHSKiASakASYbI6IBJaIBJhsjpAElogElHSI=
pAElpQElHCOiASWkASQbI6QBJqQBJRsipQEmogElHCKkASeiASUbIqUBJ6IBJB0jpAEmowElHCI=
owEnowElHCClASajASMeJKIBJ6MBJRwjogEmogEnGyGlASaiASYcIqQBJ6EBJBwipwElpAEiHCU=
pQEmoQEkHiKlASaiASUcI6QBJqEBJx4hpgEmogElGyKnASegASUdI6QBJqIBJh4hpwElogEmHSM=
owEnowElHSOjASijASQcI6YBJKUBJB0jpQEmogElHCSlASWiASUeJKIBJ6MBJR0kogEnpQElHSM=
pAEoogElHSOjASekASQdJKQBJ6IBJh0jogEooQElHiSiASejASUeI6IBJ6QBJR8jogEooQElHiY=
ogEnogEmHSKkASiiASUfIaYBJqIBJh0gpwEnoAEmHCWlASaiASUdJaIBJ6IBJR4loQEoogEmHSM=
ogEnpAEmHCOkASigASYdIqUBJqIBJR4jogEoowElHiOjASigASYdI6MBJ58BJh4jpQEmogElHiI=
owEooAEnHSSiASekASUeIqMBJqUBJBwjpQEmogEmHSKkASaiASQeI6IBJqUBJRsjpQEmoAEnHSI=
pQEmogElHSOiASajASUcI6QBJ6ABJh0iowEnowEkHSOkASejASMdJKQBJqUBIxwjpgEmoAElHCM=
pgEmoQEnHCKlASeiASQdJKMBKKIBJhwjpgEooAEmHSOkASejASMeI6UBJaMBJR4jowEnpAElHCQ=
pAEnoAElHySiASaiASYdI6UBJ6EBJh4jpQEnpAEmHCWiASikASUeI6IBJ6IBJh4kowEmpAEmHCM=
pAEnogElHSSlASeiASUeJKQBJqUBJR0hpQEoowElHSOlASWkASYcI6YBJ6MBJBwlogEnowEmHiM=
ogEooQElHyOjASaiASUeIqcBJqEBJR4jpgEmowEmHSGmASajASQeIqIBKKQBJR4jogEnowEkHiU=
ogEnogElHiOkASehASUeJKIBJaMBJB0kogEnogElHiOlASehASUdI6MBJaUBIxwkowEnogEmHSI=
ogEmpAElHSOiASegASUeI6MBJqABJh4iowEooAElHCOkASWiASQcIqQBJaQBIxwkowEmoQEmHCM=
ogEnoAElHyOjASeiASIdIqQBJ6EBJR4iowEnogEkHSSkASagASQdI6UBJqABJRwjpAElowEjHSQ=
owElpAEjHSSgASekASYcI6QBJqABJh0jpQEloAEkHiOjASajASQcJKIBKKABJh4jogEonwElHiM=
pAEmogElHCSjASigASUdJKIBJ6QBJR0jogEnpAEkHiGlASSjASYeI6IBKKABJh4jogEnogElHiM=
owEloQEmHyKkASakASUeIqMBKKABJR4jpQEmogElHSKjASejASUdJKUBKKABJh0lpAEmogElHSQ=
owEoowElHSSgASelASYcIaQBJ6IBJx4ipQEmowEjHSOlASihASUdJaMBKKIBJBwmoAEoogEmHiM=
ogEopAEkHSWiASihASUdIqUBJ6IBJR0jogEmpAElGyOkASiiASUdI6MBKKABJR4jpQEmoAElHyQ=
oQEooAElHiOjASihASUcI6QBJ6IBJRsjpQEmowEkHCOkASifASYdIqUBJ6IBJR0jogEooQEmHiI=
pAEmogEmHCShASiiASQdI6MBJ6EBJR0ipAEnpAEkHCOkASaiASQcI6QBJ6QBIxwjpQEnoQElHSM=
pQEmogEmHSKjASijASQdI6UBJqEBJR4ipgEmogEkHCOlASeiASUcI6QBKKEBJR0jpQEnpAEjHSM=
pAEmoQEmHSSjASeiASUdI6IBJ6UBIx0jpgElowElHSKlASaiASUdI6UBJqMBJRwipgEmowElHSE=
pwEmogElHSSmASaiASUcI6YBJ6IBIxwkpAEnpQElHSOjASiiASUdI6QBJqQBJR4ipgEooQElHiM=
pQEmogEmHCOlASeiASUdIqUBKKIBJR4kpAEoogElHSOkASejASYcI6UBJ6EBJR4jpQEnpAEkHSI=
pgElowElHiKlASegASUdI6UBJ6MBJR0jpQEnogElHSSjASejASUdI6MBJ6MBJB4logEooQEnHSM=
owEoogElHSOlASeiASUdIaUBJqIBJR0jpAEooQElHCOkASajASUcI6UBKKIBJBsipwEmoQEkHSQ=
pQElogElHCOkASejASUdI6UBJqIBJRsipwElpAElGyOlASWkASQdJKQBJqIBJRwjpQEooAElHiM=
pQElogElHSKmASahASUcJKMBJ6MBJB0jowEoogEkHCSmASegASUcJKQBJ6MBIx0kpAEnpAElHCM=
owEmpQElHSKkASigASUdI6YBJqMBJRsjpwEmogElHSOjASeiASQeI6QBJqIBJR0jpQEmogElHiM=
owEoogEkHiSlASehASYdI6MBJ6UBJRskpgElpAElHSKlASeiASQeI6UBJqIBJB0jpAEopAEjHSQ=
pAEmowElHCOlASakASQeI6UBJ6EBJh0ipgEmogElHSOlASaiASUdI6UBJ6ABJh0kowEmoQElHCM=
pgEnoQElHSOlASaiASUdI6UBJqMBJB4jowEnpAEkHSOjASakASQdIqYBJaMBJR0jowEnogEkHSM=
pQEnoAEmHiOlASWiASQdI6UBJ6IBJR0jpAEmpAEjGySlASaiASQdI6YBJaIBJRwjpgElogElHCM=
pQEmogEjHSOlASWiASQcI6YBJaEBJR4jpAEmoQEkHSOlASaiASUcI6MBJ6MBIxwjpQEmoAElHSM=
pQElogElHCOkASWjASUbI6QBJ6EBJBwjpgEmogEjHSOmASWiASQcJKQBJaMBJBwjowElowEkHCM=
pQElpAEjHCOlASajASMcI6UBJqMBJB0jpAEmogEkHCWkASWlASMbI6UBJaUBJRsjpAEmowEkHCQ=
owEnpQEkHCKnASSkASQdI6IBJqUBJB0ipAEnogEkHiKkASalASUcI6YBJqIBJR0hpgEmowElHCM=
pQElogEkHSOkASajASUdIqYBJqIBJh0ipQEmogElHCOnASajASUdJKMBJqEBJh0kpAEmowElHSM=
pQEooQElHCSlASiiASQdIqUBJqUBIx4ipQEnogElHCKnASeiASUcI6UBJqIBJB4jpQEmpAEjHSM=
pQEnogElHiOiASigASUeI6YBJaIBJR0koQEnowEkHiOiASeiASUeJKEBJ6MBJR0jogEmpAElHiM=
ogEnpAEkHiOiASakASUeI6EBJ6MBJR0jogEmpAEkHiOiASekASQeI6EBJ6IBJR4jogEnowEkHyM=
ogEnogElHiOjASiiASQdJKQBJaIBJR4ipQEmoQElHiOkASehASQdI6YBJqABJR0jpwEloAElHiM=
pgEmoAElHiKnASWhASUeI6UBJ6ABJR0kpgEloAElHiOlASahASUdI6UBJ6EBJR0jpAEnogEkHiM=
owEnowElHiOjASalASMeI6IBJ6UBJB0iowEnpAElHSOjASWkASUeI6IBJqUBJB4jogEnpAEkHiM=
owEmpAElHSOjASajASUeIqQBJqMBJR4jowEmowEkHiOlASahASUeI6QBJ6EBJR4kpAEmoQElHiM=
pQEnoQEkHiOlASegASYdJKUBJqABJR4ipgEnnwEnHSOlASehASUeI6UBJ6EBJR4ipQEnogElHiM=
ogEnogElHiOjASeiASUeIqUBJaUBJR4jogEnowEmHiOiASejASUcI6QBJqMBJR0jogEnowElHSM=
owElpAElHSOiASeiASUeI6MBJqMBJR0jowEmogElHSOkASahASYdI6QBJqEBJR4ipQEmoAEmHCM=
pQEloQElHCOmASagASUdIqYBJqABJRwjpQEmoAElHCKmASagASUdIqYBJaEBIx4jpQEmoAElHCI=
pgElogEjHSKlASaiASQdIaUBJqEBJR0ipQElowEkHSOkASajASQcIqQBJaMBJR0iowEmogElHSI=
owElpAEkHCOjASWkASQdIqIBJ6QBJRwjogEmowElHSKkASajASQdIqQBJaMBJRwjowEmogElHiI=
pAEmogEkHiOkASWiASUcI6QBJ6EBJR0ipgEloQElHSOlASWgASUeI6UBJqABJR0jpQEnnwElHiI=
pQEnoAElHCSlASegASUeI6QBJ6ABJR0jpAEmogElHSKlASaiASUeI6IBJ6IBJR0iowElogElHSI=
owEmoQElHSKlASaiASUbI6YBJKEBJR0jpQEkowElHCKmASWiASMeI6QBJaIBJR4hpQEooAElHCE=
pAEmowElGyGlASehASUcI6MBJ6ABJR0jowEonwElHiKjASegASUdI6QBKJ8BJhwjowEooAElHiM=
ogEooAElHCSiASmgASUcI6MBJ6ABJRwjpAEnoAElHSSiASahASQeI6MBJqABJB4jowEooAElHCQ=
ogEooAElHSOiASigASQdJKIBJ6EBJRwipQEnoAElHSOjASigASYdI6MBJ6EBJR0jpAEooAElHSI=
pQElogElHCOkASaiASUcI6QBJqIBJRsjpAEnogElHSKlASahASUcI6QBJ6IBJRwjpAEnogElHCI=
pQEmowElGyOkASeiASUbIqUBJ6MBJRwipQEmowElGyGlASajASUbIqUBJqQBJRwhpgElpAElHCI=
pAEmogEmGyKlASakASUbIaUBJaUBJRwipQEmogElHCKlASajASUdIqUBJqIBJR4ipAEmogEmHSI=
pAEoogElGyOlASWkASQeIqQBJWIjYqYBpwEkHSIeI6MBJWNkZmEhHmVlZmIhH2RkZmE=
Ih9kZGZhIB9mZGVkIR9jZGhhICBmYmVjIR9mYmdhIiBlZGVhIx9kZGZi
ISBjZGZkIR5lZWRjIR9kZGVlIR1lZGRiIiBjY2ZjIx5kY2RkIB9kY2Zi
Ih9kY2VkIiBjZGRkIiBjZGZkIR5lY2VkIR9lY2RjISBlY2VjIR9lYmZj
Ih9kZGRkIR5lY2VkIR9kZGVkIB9lY2VkIB9mZGVjIR9lZGVjIR9lZGVj
ISBkZWRkIB5mZGRkIB9lZGZjIR5lZGVkIR9kZGVjIR9lZGVjIR9lZGVj
IR9kZGVjIR9mY2ViIR9lY2ZjIR5lY2ZkIR9mYmZlIB5kZGRkIh9mYWZk
ICBkY2ZkIR9lYmZkIR9kY2RkIyBlY2VkIB1lZGVkIyBkZGRjIx9jZWRk
Ih9mZGNkIh5kZWNkISBkZGRjIh9mY2NkIh9mZGJkIx9mZGNjISBlY2Rk
Ix5mZGJkIiBkY2NkIh9lYmNmIR5nYmNkIR9kY2RlIR9lYWVkIh9kYmRl
ISBkYmRkIiBjY2RkIiBjYmRjIx9iZGVjIiBiZGRjIh9kY2RjIh9jZGZi
Ih9jZGZiIh9jZGVhIh9iZGViISBiZWVhISBjZGVhIiBjZGRiISBjZmNj
ISBiZmRhIR9kZWRhISBiZmRhIiBjZmRhIiBkIx8gISIhISAhISEhISEh
ICIgISAiISEhISEgICIiICAiICEhISAiISEgISAhIiAhISAgICEhIiEh
ICAgISIiISEgICIgIiEiISAhISEiIiEhICEhISEiISIhISEgICFkpAFmpAE=
ZiOiAWakAWQlogFnpQFmIyAgICIgImMjICEhICIhISIhISEgISIgIiAhICFkIw==
YyMgICJjpQGnAaUBJWIkHiAhYSWjAaYBZGYiHmRkYmYiHmRkYWciH2RjZGUiIGM=
Y2VmIh9iY2VmICBiY2VmICBiZGRmIR9iZGVmIiBiZGRkIiFhZGVlIx9j
Y2VkIh9jZGViIh9jZWVjIh9iZWRiIh9jZWRkIR9iZmNiIiBhZ2NjIiBi
Z2RiIh9iZmRiISBjZmJkIh9lZmNhIiBkJB8gISEhISEhISAgISIgISEh
ICIgISIhISAgICEjISAhICAiISAhIiEgICAhIiAhISEhISAhIiAhICEh
ISMgISAgISEhIiEgIiAgISIiISEgICEiICIhIiEgICEhICFlpQFkpQFkJaIB
ZqcBZCWhAWWlAWUjICEgIqMBJSAhICKlASajASQdI6UBJ6IBJB0jpQElowEjHiOjASejASQd
JKQBJ6IBJR4jowEmpAElHSKlASeiASUdI6QBJ6MBJR0jowEoogElHiOjASalASMeIqQBJ6MBJR4=
I6IBKKMBJR0jogEnpAElHCOjASalASQeI6MBJqQBJR0iowEnowElHiKjASakASUeIqMBJaQBJR0=
IqQBJqQBJRwjowEmogElHSOjASajASQdIqQBJqMBJB0jpAEmoQElHCOlASWhASUdIaYBJaIBJB0=
IqUBJqEBJB0jpQEmoAEkHCOlASagASUdIqUBJqABJB0jpQEnoAEjHSKmASefASUbIqUBJqABJBw=
IqYBJqABIx0ipgEloAElHCGmASahASQcIqYBJqEBJBshpQEmoQEkHCKlASahASMcIqYBJaIBIx0=
IqQBJqIBJB0hpAEmogEkHCKlASWiASQdI6MBJaMBJB0hpQEmowEjHCKkASWkASMdIqQBJaMBJBw=
I6QBJqIBJR0ipAElpQEkHCGkASakASQdIqMBJqQBJBwipQEmowEkHCOkASaiASUdIqQBJqMBJR0=
I6QBJqIBJB0ipAEmowElHSOlASWiASUdI6UBJqIBJB0jpAEmogElHSKlASehASQdI6UBJqMBJR0=
IqUBJqIBJR0ipQEooAElHiKlASagASUdI6UBJ6ABJB0jpgEloQEkHSKlASegASUcI6UBJqABJRw=
I6UBJqABJR4jpQEloQElHCKlASegASQeI6UBJqIBJBwkpAEmoQEkHSKkASehASUcIqUBJaIBJB0=
I6IBJ6IBJBwjowElpAEjHSKkASajASMdIqMBJqIBJRwiogEmpAEkHCOjASajASQcI6IBJaMBJB0=
IqIBJqQBJBwiogElpAEjHSKiASajASUcIqMBJaQBJBwjogElpAElHSGjASWkASQcIaMBJqQBJBs=
IqQBJaMBJRwiowElowEkHSKkASaiASQcIqUBJaQBJBsjpQElpAEjHSKlASajASQcIqUBJqIBJBw=
I6UBJqIBJR0ipwElowEkHCOmASWiASQdI6YBJqEBJB0jpwEmoQEkHSOnASahASUcI6cBJqIBIx0=
I6cBJqEBJR0ipwEmoAElHSKnASahASUdIqcBJ6EBJR0jpgEmogEkHSKnASehASUeI6UBKKIBJB0=
I6YBJ6IBJRwjpgEmowElHiKlASekASQdI6QBJqQBJR4jpAEnpAEkHiOlASakASUeI6QBJqUBJB0=
I6QBJqQBJR0jowEmpAElHSOkASWlASQdIqQBJ6QBJR0jpAEmpAElHiKkASajASUeIqUBJaQBJB4=
IqUBJaMBJB0jpAEmowEkHCOlASWjASQdI6UBJaIBJR4jpQEmoQEkHSOlASahASUeI6UBJaEBJR0=
IqYBJqEBJB0jpQEmoQEkHiKmASWiASQdI6UBJqEBJB0jpgElogEkHiGmASahASUdIqYBJqIBJB0=
IqYBJqIBJBwjpQElogEkHSOmASWjASQcI6YBJaIBJR0jpQEmowEjHSKlASajASUdIqUBJqQBJB0=
I6QBJqUBIx0ipQEmpQEjHCOjASekASUcJKMBJqUBJB4hpAEmpQElHSOjASekASUcI6MBJqUBJR0=
I6IBJ6QBJR0jpAEmpAElHiOkASalASQdI6MBKKMBJR0jpQEmpAElHSOmASaiASUeI6UBJqMBJR0=
I6UBJqIBJR0kpQEnowEkHSOnASehASUdI6YBJqIBJR0kpQEnoAElHiOlASeiASUeI6UBJ6EBJR0=
I6UBJ6IBJR0jpQEnogEkHiOlASehASUeI6QBKKEBJR4ipQEnogElHSOiASiiASUdI6IBJ6MBJR0=
IqMBJ6IBJR4iowEmowElHSKiASeiASYdIqIBJqQBJR0iogEnowElHiKhASekASQdI6IBJ6IBJRw=
I6IBJqQBJB0ioQEnowElHSKiASajASUcI6EBJ6MBJB0jowElowElHSKiASajASUbI6MBJqIBJR0=
IqMBJ6IBJB0iowEmogElHCKkASWjASUcI6IBJqIBJR0hpAEmowEkHSKkASajASQcIqUBJaIBJB4=
I6QBJaMBJB0ipAEmogEkHSKlASSjASUcIqUBJqIBJB0ipQEmoQEkHiOmASahASUdI6QBJ6IBJR0=
IqYBJ6EBJR0ipgEnoQElHSOlASahASUeI6UBJqIBJR4jpgEnoQElHSOlASegASUdI6UBJqEBJR0=
I6UBJ6EBJR0jpQEmogElHSOlASeiASUdIqUBJ6EBJR0ipQEnoQElHiKkASiiASUdI6UBKKEBJR0=
I6QBJ6EBJh4jowEoogElHiOjASeiASUeIqIBJ6MBJR0jogEnowElHSOiASekASUeI6IBJ6MBJR0=
I6EBJ6QBJR0jogEnogElHSOiASejASUdI6IBJ6MBJR4iogEmowElHSOiASajASUdI6QBJ6EBJRw=
I6QBJqMBJR0jowEmowElHCOkASaiASUeIqUBJaEBJR0ipQEmogElHSOkASehASUdIqUBJaIBJRw=
I6UBJqABJB0jpQEmoQEkHiKmASagASQdI6YBJqEBJBwjpwEloQEkHSKnASahASQeIqcBJaEBJR0=
IqYBKKABJRwjpwEmoQEkHSOmASahASQdIqcBJqIBJB0ipgElogEkHSKnASWjASMeIqcBJqIBJB4=
I6UBJqMBJB4jpQEmpAEkHiGlASalASQdIqUBJqQBJB4jpAEmpAEkHSOkASalASUdIqQBJ6QBJR4=
I6MBJqQBJR0jowElpQElHiOjASWlASUcI6QBJqUBJR0ipAEnpAElHSOjASWkASUdI6MBJqQBJB4=
I6QBJaQBJB4kowEmowEkHiOkASejASQdI6YBJaIBJR0jpAEmogElHSOlASWiASUdI6UBJqMBJB0=
IqYBJqEBJR0jpgEmogEkHSOmASWhASUdJKUBJqEBJB0jpQEnoQEkHiOlASahASUcI6UBJqEBJB0=
I6YBJqEBJB0ipgEmoQElHSOmASWiASMdI6UBJqIBJB4ipQEmoQEkHiOlASahASQeIaYBJaIBJB0=
I6QBJ6IBJB0ipgElogEkHSKlASWjASMdI6UBJaIBJBwipQElowEkHSKlASWkASMdI6UBJaMBJB0=
I6UBJqMBIx4ipAEnowEkHSKkASakASQdIqQBJaMBJB4jpAEmpAEkHiKkASakASUdI6QBJ6MBJR0=
IqQBJqUBJB0jowEmpQEjHSOjASakASUcI6MBJqUBJB0ipAEmpAElHCOjASakASQdI6MBJqQBJR0=
IqQBJqUBJB4iowEnpAEkHiKiASejASUdI6MBJ6MBJB0ipAElpAElHiOjASWkASUeI6QBJaMBJR0=
IqUBJaIBJB4jpAEmoQEmHSOkASaiASQdIqUBJaIBJB4ipQEmoQEkHSOlASagASYdI6UBJ6ABIx4=
I6UBJaABJR4ipQEmoAEkHSOkASegASUdI6YBJp4BJR0hpgEmoAEkHCOlASegASQdIqYBJaABJRw=
IqUBJ6ABJB4ipAEooAEkHSOkASehASQdIqUBJqEBJBwjpQEnoQEkHSOkASaiASQdI6MBJ6IBJRw=
IqIBJ6QBIx0iowEmpAEkHSOiASajASQdI6IBJqUBJB0jogEnpAEkHSKjASekASQdI6MBJqMBJR4=
I6MBJqQBJR4ipQElpAEkHSOlASeiASUdI6UBJqMBJB0jpgEmogEkHiOnASWiASUeI6YBJqIBJR0=
I6UBJ6IBJR0jpgEoogElHSOmASeiASUdI6YBJ6IBJR4jpQEnowElHiOkASejASUfIqQBJ6QBJRw=
JKMBJ6QBJh4jogEnpQEmHiOjASekASUeI6IBJ6UBJh4jogEnpQElHiOhASikASUdJKIBJ6MBJh4=
I6IBKKIBJR4jowEnogElHSSjASehASUeI6UBJ6EBJR4jpQEmoQElHSOlASegASUdIqYBJqIBJR0=
I6UBJ6ABJR0jpQEonwElHSOmASagASUdIqUBKKABJR4jpAEooAElHSOlASehASUdI6UBJ6EBJR0=
IqUBJqEBJRwjpQEmoQElHiKkASeiASQdI6QBJqMBJR0ipQEmpAEkHSKkASeiASUdI6QBJqMBJR0=
I6QBJqMBJh0jogEnpAElHSOkASWkASUdI6QBJqQBJR0jowEnpQElHSKkASelASUdI6QBJqUBIx4=
IqUBJqQBJR0jpgEmowElHiOlASalASMdJKUBJ6QBJB4ipwEmogElHSOnASeiASQeI6cBJqIBJR4=
JKcBJqIBJh0jqAEmogElHiSmASajASQdI6cBJ6IBJR4jpwEmowElHiOlASejASUeJKUBJ6MBJR4=
JKUBJaQBJR4jpQEnpAElHiOjASilASUeI6IBJ6UBJR0jogEnpQElHiOiASalASUeI6MBJ6QBJB4=
JKEBJ6QBJR4jogEoogElHiSiASijASUdI6MBKKIBJR0kowEmoQElHiShASmgASceIqMBKKIBJR4=
IqQBJqIBJR4jpAEnoAElHiKiASajASMeI6IBJ6EBJh0koQEmogElHiOjASeiASMeJKIBJ6IBJR4=
I6MBJ6EBJR4jowEnoAElHSOjASeiASUdIqQBJqEBJR0iowEooQElHSOjASajASUcI6QBJ6IBJB0=
I6MBKKEBJRwjpQEmowEkHiKkASiiASUcI6UBJ6IBJRwjpQEmpAEkHCOlASajASUcIqUBKKIBJR0=
IqUBJ6MBJRwjpQElpAElHCOlASakASQdIqUBJ6QBJRwipgEmpAElHSGmASalASMdIaYBJ6QBJRw=
I6UBJqQBJR0ipgElpQElHSGmASWmASQdIqcBJaUBJR0jpgEkpgElHSKmASWmASUdIaYBJqUBJR0=
IqYBJaUBJhwhpgElpQElHSKlASWlASUdI6UBJaUBJR0hpgElpAElHiGlASWkASUeIKYBJaUBJR4=
I6IBJ6UBJR4jogEnpAEkHiKjASWlASUeIqQBJaUBJR4jowElpAElHSOiASakASUeI6IBJqMBJR4=
I6MBJaQBJB4jogEnowElHiOiASaiASUeI6MBJaMBJR0jowEnogEmHiCjASaiASUeI6QBJqIBJB4=
IKUBJaIBJR0ipgEmoQElHSKkASaiASUdI6UBJaIBJB0jpQEmogElHiKkASaiASUdI6MBKKIBJR4=
IaYBJ6EBJRwjpAEnpAEjHiKlASalASMcIqYBJqMBJBwipQEnpAEkHiGlASekASQcIqUBJ6QBJRs=
I6UBJqQBJB0ipgEmpAElHCKmASakASUcIagBJqMBJB0ipgEmpAElHSCnASakASUdIacBJqQBJR0=
IqcBJaUBJR0hpwEmpAElHiGnASakASUdI6cBJaUBJh4hpwElpAElHSKmASekASUeIqYBJaMBJh4=
IqUBJqQBJR4ipAEmogElHiOnASajASUdI6UBJqMBJR0jpQEnogElHiOmASaiASQeJKUBJqIBJR4=
I6YBJqIBJR0jpgEnogElHSOmASehASUeIqcBJWEkYKgBpgEkHyIgI6MBJl9kZmQhIGRkZg==
ZCAfZGRnYyMhY2RlZCEfY2RlZCIfZWRlZCIgY2NkZiIeZGNkZSMfYmRk
ZiMfYWRlZCMgYmRkZSIfY2NlZiIeY2RlZCMfY2VkZSEeZGZkZSIfY2Vk
ZCIfY2ZjZSIgY2ZjZCIfZGdjZCEfZWZkZSEfZmZjZCIfZmZiZSIgZmZi
ZSEeZ2VjZSIfaGRhZyEgZWViZyIfZmRiZyEfZmRjZiIgZGRkZiIgZGRk
ZiMfZGRmZiIgZGRkZyIgY2RlZiMfY2ZkZiIfY2ZkZiIgY2VlZCIgY2Zl
ZSIfZGVlZSEgZGZjZSEfZGdkZCEgZGdjYyMeZWZjZCIfZWZkZCAfZWZj
ZSAgZGZjZCIgZWVjZSEfZGZiZSAgZmVjZCEeZmViZSIeZWZhZSIeZmRi
ZSIfZGVjZCIfZWRiZiAfZWRjZiEeZWNjZSIfZGNkZSEeZWJkZiIgY2Rj
ZiAfYmRkZiEfZGNkZiEfY2NlZSEfYmRkZSIfY2NmZSEeY2VkZSEfZGRl
YyIfYmVkZCEgYWZlYyIeY2ZkZCIfZGRlZCEfZGZkZCEgZGZjYyIfY2dk
ZCEfZGVkZCIfZGZjZCEfZWdiYyIgY2ZkYiMfZWRlZCIgY2ZkYyMgZGZj
ZCIgZGZkZCMgY2ZkZSIgZGVjZSMgZWVkZCMgZGZkZCMgZCQgISIiIiEh
ISEhIiEiIiEiISAiIiIhIyAhICIhIyEgISEhIiEiISIhISEgISIhISEg
ICIhIyEhISAgIiIiISEiICAiIiIiIiAhISEiIiEhICEgISIiIiEgISEi
IiEhZKQBZ6cBYiWlAWSkAWcjoAFmqAFkIyAgICIgImIkICEgIyAhISAiICIhISEh
IiMgIWZiIyAgIiAiYWUkYiWiAaYBJWFiJaQBZWFmZSIgYmRnYyEgY2RmYyMg
YmVmYiEgYWVnYyIgYmRmZCMgYmRmZCIgZGZkYSMfZGZmYiIgY2ZkYyIg
ZWVkYiIgZmZjYyIgZWVlYiMgZWVlYyMgZGZjZCEhZGVkZCIhZGVlZCMg
ZGVkZSIgZWRkZCMgZGRlZSIhY2ZkZSIgZGVlZCMgZCQfIiIhIiIhIyEh
ISEiIiEiIiEhISIiISMgIiEiISEiIiEhIiIgISMiISEhIiIhICIgIiEi
IiIhISAhISEiIyEiICEhIiEiIiEgISAiIiIhIiEhICMhISEhIiIgIiAj
ZaUBZqcBYiWjAWijAWYkoAFmqAFkIiAiICSmASUeIh8joQEmpQElHCSgASekASUeI6ABJ6UBJQ==
HiSgASelASUcJKEBJ6UBJB4joQEnpQElHCOhASmhAScdI6IBJ6IBJB0jowEnogElHiKkASaiASU=
HSSiASiiASUdI6MBJ6MBJRwjpQEmogElHSOkASeiASUdI6UBJqIBJB0jpQEnoAElHCSlASahASU=
HSOmASaiASUdI6cBJqEBJR4ipwEmogEjHSOnASaiASUcJKUBJ6EBJR4jpQEmowElHCOmASehASU=
HSOlASeiASUdI6UBJ6MBJR4jpQEmpQElHSSkASejASYdI6MBJ6UBJR0kogEnpQElHiOiASilASU=
HSOiASikASUdJKMBJ6UBJR4jpAEmpQEkHiSiASmiASYdI6MBKKMBJR4jowEoogEmHSOlASeiASU=
HiOmASaiASUdJKQBKKEBJx0kpQEnoQEmHSOlASegASUeI6YBJ6ABJR0jpQEooAElHSSkASehASU=
HSOlASegAScdI6UBKKABJhwjpQEnoAElHSSlASegASUeIqUBJ6ABJR4ipAEnogEkHSOkASehASU=
HCSkASehASUdI6MBKKEBJR0kogEnogElHCOjASehASUdI6IBKKIBJRwjpAEnogElHSOjASaiASU=
HSOjASeiASQdJKIBKKMBJB0jowEnogElHSOjASakASUdI6MBJqQBJB4jogEnowEmHSOiASalASQ=
HiKiASekASQeI6IBJ6MBJR0kogEnpAElHSOiASelASYcI6MBJqUBJR4jowElpQEmHSOkASejASY=
HCOlASakASUeI6QBJqQBJR4jpQEnogElHiSlASeiASUdJKcBJqIBJh0kpQEnoQEmHSOmASeiASQ=
HiOnASehASUdJKYBJ6EBJR4jpwEnoAEmHSOmASiiASUdI6cBJ6EBJR4kpQEnogElHiOlASeiASU=
HiSkASihASYdJKQBJ6IBJR4jowEoowElHiOjASiiASYcI6QBJ6IBJh4jowEnowElHiOiASejASY=
HSOiASijASUdI6IBJ6UBJR0kogEmowElHiOiASakASUdI6IBJ6QBJR0jogEnogElHiSiASekASU=
HSOjASajASYdI6MBJqQBJB0jpAEmowElHSOkASeiASUdI6UBJqIBJR0jpQEmowElHSOlASaiASU=
HSOlASehASQdI6YBJqIBJR4jpQEmowElHiOlASeiASQdI6UBKKEBJR0jpgEnogEkHSSmASeiASQ=
HiOnASaiASUdI6cBJ6EBJB4jpwEmoQElHCSmASeiASUdI6UBJ6IBJR4kpAEopAEkHiSkASihASU=
HyOkASijASUeI6QBJ6UBJR4jowEmpQEmHSSiASelASUdJKMBJ6UBJh0jogEppAElHiSiASelASY=
HiWiASamASUfI6MBJqQBJh4jogEopAEmHiOkASakASUeI6QBKKIBJR4jpgElowElHiOkASihASY=
HSOlASihASYeI6UBKKEBJR4jpgEnoAElHiOlASehASUeI6YBJ6EBJR4jpgEmogElHiOlASahASU=
HiKmASehASYdI6UBJ6EBJR4jpgEmogEkHiOlASeiASUdI6UBJ6IBJh0jowEooQEnHCOkASejASU=
HiOiASajASUeJKIBJ6MBJR0jogEnowElHiOjASajASYeI6IBJ6UBJR0jogEoowElHSOiASejASU=
HiOjASakASQdI6MBJ6MBJR0jowEnowElHSKkASeiASYcJKMBJ6IBJR0kowEnogElHiOlASahASU=
HiOmASehASUdJKUBJ6ABJR4ipwEnoAEkHiOnASahASUeI6UBJ6ABJR0jpgEnoAElHiOnASehASU=
HiOmASigASUeI6UBJ6IBJR4jpQEoogElHiSkASiiASUdI6UBJ6IBJR4jpAEoogElHSSjASihASY=
HSOjASiiASYeI6IBKKIBJR4jogEnowElHiSiASelASUeI6IBKKMBJR4koQEoowElHiOjASekASU=
HSSiASekASUeI6IBJ6QBJh4joQEoowEmHiOhASikASUeI6ABKKQBJR4joQEoowElHiOhASalASU=
HiOiASakASUeI6IBJ6MBJR0jogEnpAEmHSOhASijASYcJKIBJqUBJR0kogEnogEmHiOiASeiASU=
HSOjASeiASUdJKMBJ6IBJR0jpAEnoQEmHSOlASeiASUeI6UBJ6EBJB4jpQEmoAElHiSlASegASU=
HiKmASegASYeI6YBJqEBJh4jpgEnoAEmHiOlASehASYdI6UBJ6IBJR0kpQEnogElHiOlASejASU=
HiKlASiiAScdI6UBJ6MBJx4jowEoogEmHiOiASijAScdJKIBKKQBJx0kogEnpAEmHSSiASikASY=
HSSiASijASYeI6IBKKMBJh4jpAEoowEnHSOkASiiASYeJKQBJ6IBJx0kpQEnogEmHiSlASihASU=
HiOlASihASYeI6UBKKABJx4kpgEooAElHiSlASifASYeJKYBJ6ABJx4jpQEooAEmHiOnASigASU=
HiSkASmgASUeI6cBJ6ABJh4jpgEooAElHiOmASigASYeI6YBJ6ABJh0jpwEooAElHSOmASihASU=
HSSlASeiASUdI6YBKKEBJRwjpQEoogElHSOmASigASUeJKQBKKEBJR4ipQEnogElHSOlASeiASU=
HSOkASiiASQeI6UBJqQBJR0jpQEnowElHiOkASekASUdI6UBKKIBJR4jpAEnpAEmHSOkASikASU=
HiOiASikASYdI6QBJ6UBJR4jogEopAEmHiSiASekASYeI6IBKKQBJh0kowEnpQElHiSkASekASU=
HSWkASejASYdJKUBKKIBJh4jpgEnogEmHiSlASiiASUeI6YBJqIBJh4kpQEooQEnHSOlASmiASU=
HiSlASejASUeI6UBKaIBJR4jpAEoogEmHiOjASmiASYeI6MBKKQBJh0kogEnpAEmHiOhASilASY=
HiOiASilASYdI6MBJ6QBJh4jogEnpAEmHiOhASikASYeI6IBKKQBJh0logEnowEmHSSiASikASY=
HSOjASeiASYdJKMBJ6IBJx0kogEnogElHyKjASihASYdJKMBJqMBJR4kogEpoQEmHiSjASehASY=
HiOjASigAScdI6UBJ6ABJh0kpQEnoQElHiOlASahASUdI6UBJ6EBJR4jpgEnoQElHiOlASahASY=
HSOlASigASUdJKUBKKABJR4jpgEmoQEmHSSmASigASUdI6gBJ6ABJh0jpwEooAElHiOmASihASU=
HiOmASeiASUeI6YBKKEBJR4jpgEnoQEmHSSlASihASYdI6YBJqIBJh4kpAEoogElHiSjASelASU=
HiOkASijASUdJKQBJ6QBJR4kogEnpQElHiOjASikASYeI6MBJ6QBJR0kpAEnpQElHiSjASelASU=
HSWjASejASYdI6QBKKIBJR4jowEnowEmHiSjASijASUeJKQBKKIBJh4jpAEoogElHiSkASeiASY=
HiSlASeiASYdJKMBJ6IBJR4jpQEnogElHiOlASeiASYeI6QBKKABJh4jpQEnoQElHiSlASihASY=
HiOlASehASYeI6YBJqEBJh0kpQEnogElHSSlASehASQeI6UBJ6IBJh0jpQEooQEmHSSlASegASY=
HiOlASajASQeI6UBKKABJx0ipgEooQEmHCOlASajASQeI6YBJqIBJR4jpQEnogElHiOlASeiASY=
HSOlASekASQeI6UBJ6QBJR4ipAEopAElHiOjASikASYdI6QBJ6UBJR0kowEnpQElHiOjASelASY=
HiSiASelASUeI6MBKKUBJR4jpAEmpQEmHiOkASikASYdJKQBKKQBJR4kpAEoowElHiSlASalASU=
HiSmASajASUfI6cBJ6IBJR4jpwEnogElHiOmASigASYeJKcBJqIBJR4jpwEnoQEmHiSmASeiASU=
HiSlASiiASYeJKUBKKIBJR0kpQEmogEmHySkASegASYfJaMBKKABKB0kpAEopAElHCKnASWlASQ=
HSSkASiiASgdJKQBJqIBJh4kogEoogEmHiSkASeiASYfI6IBJ6IBJR4jpAEnogElHiSjASejASU=
HiOkASeiASYeI6MBKKIBJR0kpQEmogElHiOkASajASUeI6UBJ6EBJR0kowEnogElHiOlASajASU=
HiOkASeiASUcJKUBJ6MBJB0jpQEmpAEkHSOlASakASMdI6YBJqIBJB4jpQEmpAEkHSSkASalASQ=
HSOlASejASUeI6YBJaUBJB0jpgEmowEkHSSlASakASQeI6UBJ6QBJB4jpgElpAElHSOmASakASQ=
HSSmASWlASMeI6cBJqMBJR0kpQEmpAElHSSmASWlASUdJaQBJ6QBJB4lpAEmowElHiSlASajASQ=
HiSkASekASUdJaQBKKMBJR0jpQEnpAElHiSjASmgASYdJaMBKaABJh0lpQEnoQElHiSlASihASU=
HiSkASiiASYeI6QBJ6IBJh0kpAEooQElHiOkASiiASUdJKMBKKIBJR0kpAEoogEkHiOlASeiASU=
HSOkASeiASYdI6MBJ6IBJB4logEoogEnHCKlASWiASUeJaEBJ6UBJB0jogEoowEkHSOkASajASQ=
HiOjASejASUcJKQBJ6IBJRsjpQElowElHSOkASWiASUeIqUBKKEBJR0kowEooQElHCSjASeiASY=
HCOlASeiASQdJKQBJ6IBJRskpAEnogEkHSSlASeiASQdJKMBKKIBJRwlowEnowElHSOlASeiASQ=
HiOkASigASccJKMBKKIBJhwkpAEoogEkHCSkASiiASUdJaQBJ6QBJB0kpAEoogElHSSjASiiASU=
HSWiASmiASUdJaQBKKIBJB0lpAEooQElHiWjASmiASUdJKMBKaIBJR4logEnowElHiSmASeiASU=
HSOmASiiASUeI6QBKKMBJR4jpAEoowElHSSkASijASYdI6MBKKQBJR4jogEopQElHiOiASekASY=
HSSiASilASYcJaIBKKUBJR4loQEoowEnHSSiASejASceIqUBKaEBJB0logEooQEoHiKlASegASU=
HiWiASikASUdI6UBJ6ABJh0jpQEooAElHSOnASegASUdJaIBKaEBJR0jpQEooAElHiSmASegASU=
HySlASWkASUcI6IBKKQBJR0kogEmpAEmHCOiASiiASUdI6YBJ6ABJR0kpgEnoAEmHyWiASmjASQ=
HSOkASeiASYeI6UBJ6QBJRokpQEooQElHiOmASaiASUdJKUBJqQBJR4hpgEooQEkHiOnASehASU=
HiSmASihASYdI6QBJ6UBJRwkowEnpQEmHiOkASmiASUeJKQBJ6MBJR4kowEnowEmHiOkASmiASY=
HiWjASeiASYdJKUBKKIBJSAkogEppAElHSOlASilASYdI6EBKKUBJxwipwEmowEmHiOmASeiASU=
HiOnASeiASUeJaIBKKEBJx8kowEpoQEmHSOmASiiASUeJaIBJ2EmYakBpQEmHyIgI6UBJWRl
Z2EkIGRlZmEjIWRlZmEkIGVkZmQhIGZiaGEiIGZlZWEjH2RkaGQgIGZj
ZmIiH2dkY2MkH2ViaWQgIGRnYmQjIGZkZGQiH2ZjaWMgHmZjZ2IkIGNk
ZmMiHmZlZGIjH2djZ2IkHmViZ2YiH2ZjZmMhHmVlZGMjH2ZlZGIjHmZk
ZWIjImVjZGQjHmhkZWIjHmVlZmMjHmhjZmQiH2djZGUjHmVmZWIjH2dj
ZmIiIGVmZmMjIGNjZmMkHmVkZmQjH2ZlZWIjIGRiZ2QiIGVkZmMiIGZl
ZWQiH2VkZ2MjIWZjZ2IjH2RkZ2MkHmZkZGUiH2RjZmUiH2VjZmQiIGVj
Z2UiHWhiZWYiH2VjZWYhIGVjZmUhH2ZkZGIjH2ZkZGIkHmZkZWYgIGRm
ZWMiHmRkZmQiIGZiZWIiH2VmZGMiH2RmZmQiH2VkZGMjIGRlY2IiH2dk
ZWMjHmZkY2QiH2RlZWQiHmZiZGYhHmRkZmIjIGVlYmQjHmhiZWQiIGVj
ZGMiH2VlZ2EjH2RlZmMjHWZkY2QjH2ZkZGciH2RjZmMjIGZkZ2EiH2Vj
ZmUjHmRjZWQiIGZlZGQiH2RmZmQiIGRjZmQiIGRmZmUhIGRlZGQiIGVl
ZmMgH2ZmY2QjIWVjZWUiH2RlZ2IhHmVkZmIkIWJlZmQjIGJmZWQhHmYl
IB8gJCIiISEhIiEiIiEhICAjIyAgIyMgICEhISIhISEgISMhISEgJCMg
HyMkISEgICIgIyIfISEhICIjISIgISMhHyMjISAhICEhISQhISIgIiEh
ISIiIR4hIyIeI2ajAWikAWQlpgFkpAFmJaABZKUBZiMfISAiICNlIx4hISIhICAg
ICMiISEiISAgISJlpAFkIyAhI2FkJSAhIGMkowGlAaUBpwEnowFlZCAgZGVlYyMe
Y2FmZCEhZGVkYSMeZmJlZCAgY2ZmYSIgZGRlZCEfZGZmYCQdZGRnYyEg
ZWZkYiEgZWRmZiAfaGJkZCEfZ2VkYyEeZmRmZSAgZGZmZCAgZWZjZSEf
ZmVmZCEfZmllYiEhY2dmYiEjYmRoYyEiYmVmZCMhZGdkYiIjZCMiISEj
ICAhIiMiICIiIyAhISMhIyAiISIjISAjICIiIiAiISMhIiIhISEhIiQh
ICMfIiEhIyIhIiIgISMhIyEhICIgIyEiIR4iISEiIyQgIh4iIyIhISIg
ISEgIyAjZqIBZaYBZCSlAWWjAWgkoAFnpwFiJR4iICSmASUeIx4joQEpoAEmHSWgASilASU=
HCSeASmhASYdJKEBKKEBJhwjoAEqogElHSSgASmgASYcJKIBKp4BJxwlnwEoowEjHiSgASmgASc=
GySeASqgASYcI6QBKaABJRskowEloAEnGyOmASieASUbJaIBJ6EBJhsipQEnowEkHCOiASeiASY=
HCOiASmhASMcJKQBJqMBIxojpgEonwElGySlASWiASUbJKUBJ6IBIxwkpQEoogElGiOmASaiASY=
GyOkASikASUbI6UBJ6QBJBsiqAElpAElGyOmASmfASUdI6YBJ6ABJR4lowEmoAEnHiOkASihASY=
HSOiASikASUcIacBKKQBJBsjpwElowEmHSOmASihASUdJaMBJ6MBJSAlpAEkpgEkHiSiASijASU=
GyWlASejASUgJaEBKKUBJh0kogEopQElHCOmASejASUcIqcBJqIBJx0jpAEpnwEmHyWgASqgASY=
HySgASiiAScdI6IBKKABJR4moAEoogEmHSWhASiiASUeI6ABKaEBJB4loAEoogEmHCOkASieASY=
HCSkASifASgcIKIBKaEBJRsjogEooQElHCOlASieASgcIKQBKKEBJB0jpQEnoAElHCSiASejASQ=
HCOjASihASQaIqQBJ6MBJRsjogEonwEmHiCiASahASUcI6QBKKABJBwkowEooQEjGyWiASmhASQ=
GiSiASWkASUcI6ABJ6EBJh4iogEmoQEnHCOiASekASUdI6EBJ6IBJR8jogElpAEiHSWkASajASU=
HiOiASWiASYfI6MBJaMBJR0jpAEoogElHSSiASijASUeJaMBKKABJx4jpAEnoAElHiWmASaiASY=
HiKlASejASUeJKQBKaABJSAkpAEnogEmHiWiASqjASUcJaIBKKMBJh4logEoogEmHiWiASqgASY=
HiWlASigASceJKMBKaIBJh4mogEnowElICWkASigASceJKQBKKMBJR0lowEnpAEmHiKmASihASY=
HiSkASekASUcJKQBKKIBJh4kogEooQEmHiSkASeiASYbJKUBKJ8BJx0kowEooAEnHSSjASaiASY=
HSSlASeiASUcJKQBKJ8BJx0jogEooQEmHCSkASehASUcJKQBKKABJR0ipQEnogElHCSjASahASc=
HSSgASiiASUdI6IBKaABJR4jogEnogEkHSOkASegASUcI6UBJaMBJRshpQEnowEjHCWjASeiASU=
HCOjASifASYeI6UBJqABJh0jpQEnogElHSOjASejASQdI6QBKKEBJR0jpwEmoAElHSSkASejASQ=
HSOmASWlASUcI6MBKKQBJRwipwElogEnHCGoASajASQdIqcBJ6EBJR4jpQEoowElHSSlASiiASc=
HSOmASejASUfI6UBJqABKB4gpQEoowEmHiOmASeiASYeI6UBKKEBJx4ipgEooAEmHiOmASegASc=
HiOlASihASYdJKUBJ6IBJx4jogEnowEnHSSkASiiASUdIqYBJ6IBJR4kowEoogEmHiOkASihASU=
HiOkASegASccJKMBKKIBJx4jpAEmogElHSShASijASYdI6IBKKIBJB0jpAEnoQEmHCOiASihASg=
HCOiASejASQdI6MBKKEBJRwjpQEmoQElHSKjASajASYbIqQBJ6ABJxsgpAEooQEmGyOlASefASY=
HCKjASehASUcI6YBJaEBJR0jpQEmogElHSKkASehASYbIacBJKMBJR0ipAEnoQElHCGlASeiASQ=
HSOkASWkASUcI6IBJ6IBJhwgpQEnowEkGySlASejASUcI6IBJ6MBJRwhpwEnogEkHSOjASihASU=
HCOmASahASUdI6cBJ6IBJR0jpAEnogEkHiKmASeiASUdI6QBJ6MBJR0ipQEoowElHiKjASijASU=
HiKlASekASUcIqYBJaUBJR0jpAEnpQElHSOjASihASYdI6UBJ6QBJR0jpAEnowEmHSKkASejASU=
HSKkASmiASYeIqMBKaEBJh0jpgEooQEmHiKkASelASUeIqQBKKIBJhwipAEnoQEnHCOkASijASY=
HSKjASejASccI6IBJ6QBJRwipQEooAEnHCOkASaiASYeIqQBJ6IBJRwhpgEnoQEmHSKlASagASU=
HCOmASehASYbIaYBJqIBJxwjpQEloQEmHSKlASaiAScbI6MBJ6EBJh4ipAEooAEkHCOnASWhASU=
HiKjASejASMcIqUBJ6IBJh0ipAEnoQElHyKkASehASccI6MBJ6IBJRsjpwElowElHSKkASaiASU=
HSSjASekASUdI6UBJ6IBJR0kowEmogEmHCSkASelASUdI6QBKKEBJR0jpgEoogElHSKmASejASU=
HSOlASejASUcI6UBKKMBJB4jpAEoogElHiKmASWkASUcIqUBKKIBJR4kowEoogElHiOlASejASU=
HSSkASejASUeI6IBKKMBJh0jowEoowEnHSOjASekASYdI6MBJ6MBJh0jowEmpQElHiOjASekASU=
HSSjASijASUdI6UBJ6IBJh0ipQEnogEmHSOlASeiASUcJKUBJ6EBJh0jpQEooAEmHSOlASihASU=
HSOmASehASUdI6YBKJ8BJh0ipgEooAElHSOlASegASUdIqcBJ6ABJhwipgEnoQEmHCKmASeiASM=
HSOlASWiASUdIqUBJ6EBJRwipQEnogElHSOkASaiASUdI6UBKKEBJRwjowEoogElHCKkASiiASY=
HCOkASajASUcI6MBJ6QBJR0iogEopAElGySiASelASUcI6MBJqQBJR0jpAEnpAElHiKjASelASU=
GySjASekASUeIqQBJ6QBJR4jowEoowElHSOlASejASUcJKUBJqMBJR0kpQEmpAElHCOmASehASU=
HiOlASiiASUdI6cBJ6EBJR0jpQEooQEmHiGnASihASUdJKYBJqEBJh0jpgEnoAEnHiOmASegASY=
HSOlASeiASUdJKUBJ6IBJR0jpAEnowEmHCOjASijASYdI6MBJ6QBJhwjowEoowEmHSKjASijASU=
HiOiASekASYcI6MBJ6MBJh0iowEnowEmHSKjASajASYdIqMBKKIBJh0jpAEmogElHSOkASaiASU=
HSKlASehASUcI6UBJqEBJh0hpgEnoQElHiGmASahASUdI6UBJqEBJR0jpwEmoAEmHCKnASegASU=
HCKnASagASUcI6YBJ6ABJB0ipwEmoAEmHSKmASaiASUbI6YBJqEBJRwipgEmowElHCOlASeiASc=
HSKlASWkASUcIqUBJqIBJhwjpAEnpAElHSKkASikASQdI6MBJ6QBJhwjpAEnpAElHiKkASekASU=
HSKkASakASUcI6QBKKIBJR4jpQEmogEmHiKlASaiASYdI6UBJ6EBJx0jpQEooQElHSOnASegASY=
HSKnASahASUeIqcBKKABJh0jpgEnoQElHSOmASihASUdIqcBKKABJR0kpAEoowElGyOlASaiASU=
HiWiASehASgeI6IBJ6UBJRwjogEnpQElHCKlASajASUdJKIBKaEBKB0ipQEnoAEoHCOlASaiASc=
HCOlASejASQdI6UBJ6IBJRwjpQEnogElHSOmASeiASUdI6UBJqMBJRwjpQElowElHSOlASejASU=
HCOlASaiASUcI6UBJqQBIx0ipwEnowEkHSSlASeiASUdI6UBJqQBJB0jpgEmogElHCOmASejASU=
HCOlASekASQcJKYBJ6IBJR0ipwEmowEkHiOnASWlASQdI6cBJqMBJR0kpQEmpAElHCOmASeiASU=
HiKnASeiASUdI6YBJ6QBJB0jpgEnowElHiKmASejASUeI6UBJ6MBJh0jpgEoogEmHSSlASeiASU=
HSWlASijASUdI6UBJ6IBJx0jpQEoogEmHSSlASiiASYdJKQBKKIBJh0kpAEnowElHSWkASijASU=
HSSkASigASceI6QBKKIBJR4jpQEoogElHSSkASiiASYdI6MBKKMBJR4jpAEoogEmHiOjASijASU=
HiOkASijASUeI6UBJ6MBJR4jogEoogEmHiOiASiiASgdJKIBKKIBJh4kpAEmogElHiWgASqhASg=
HSOlASejASUeJKMBKKIBJh4logEnowEmHSSjASiiASYeI6MBKKIBJh4jpQEnogElHiSkASijASU=
HCOlASiiASUdJKQBJqMBJh0jpQEnogElHiOlASajASUdJKUBJaMBJh0ipQEnowEmHiGmASajASY=
HSOlASajASYcI6UBJqMBJh0jpQEmpAEmHSOlASejASYeI6UBJ6MBJR4jpAEnowElHSOmASWjASc=
HSOlASeiASceI6UBKKIBJx4jowEnpAEmHiKlASeiASceIqUBJ6QBJR4jpAEmowEmHiKlASeiASY=
HiOkASejASUeI6QBJ6MBJh4jpQEnogEmHiSjASigASUeJKUBJ6EBJR4kpgEnoQElHSOnASahASU=
HSSmASigASYeI6cBJ58BJh4jpQEooAEmHiOmASehASYeJKQBKKEBJh0kpAEnowElHSSjASejASU=
HiOlASWkASMeJaIBKaIBJh4hpwEmowEjHSWkASejASYdIqUBKKABJh4jpQEooQElHCOlASeiASU=
HSOnASaiASUdI6UBJ6MBJB0jpQEnogElHiOlASejASUdI6MBKKMBJR0jpAEopAElHSOkASekASU=
HSOjASikASUeI6MBJ6UBJR0jpAEmpQElHiOjASakASUdI6UBJ6QBJB0kpAEmpAElHCSlASiiASY=
HSOmASeiASUdI6YBJ6IBJR0jpgEnogElHSOnASWiASUdJKcBJqIBJRwkpwEmogElHSOnASaiASU=
HiSmASeiASUeI6cBKKIBJR0ipwEoowElHSOmASejASUdI6UBJqUBJRwjpQEmpQEmHSKlASelASU=
HCOkASilASUeI6QBJ6QBJh0kowEopQElHSOjASilASUeI6QBJ6UBJh0jowEnpAEmHSOkASekASU=
HSOlASalASUcJKUBJ6MBJB4jpgEnowElHCSmASakASUcJKcBJqIBJB4kpgEoogElHSOmASiiASU=
HiSmASiiASQeI6cBJ6IBJR4jpwEooQEmHSOmASiiASUeIqcBKKIBJR4jpQEoowElHiOkASelASU=
HiOlASijASUeI6IBKKUBJR4kowEnpQElHiOjASilASUeI6MBJ6UBJR4jpAEnpQElHiOlASekASU=
HiSkASejASYeJKUBKKIBJh0kpgEnogElHSSnASeiASUeI6cBKKEBJR4jpwEnogEmHSOmASihASY=
HiSlASmhASceI6UBKKMBJR4kpAEoowEmHSSkASmiASYdJKMBKaMBJx0jowEnpQEmHiOjASikASc=
HiOiASilASYdI6MBKKQBJh0jpAEopAEmHiOkASekASYeJKUBJ6IBKB4jpQEooAEnHSSmASehASc=
HSOnASigASceI6cBJ6ABJx0jpgEoogEmHiOnASajASYeIqYBKKIBJh4jpQEmYSVjpQGpASUfIw==
ICOkASVkZWZhIyFlZWZhIyBmZGRjIyBnZGZiIyFmYmZkIiBnY2ZjJCBmYw==
ZWQiIGZjZGYiIGVjZmQjH2RkZWYjIGViZ2UiH2VjZmUjH2NlZmUiIGVk
ZmQiH2ZjZ2QiH2RlZ2QiH2VlZmMiH2ZkZmMiIGZmZGMiIGZlZWMiIGZk
ZmMjIGZkZGQjH2dkZGUiH2ZjZWQjIGZiZmYiH2ZiZmYiH2ZiZmUiIGVj
ZWYjIGRjZmUjH2ZiZmQjIGRkZmUhIGRkZmQiIGNmZmIjIGNlZ2IjIGVk
ZmIjH2ZlZWMiIGdkZWIjH2dkZGMjH2ZlZWMjHmdkZGUhH2diZGQjH2dj
ZGUjIGZiZWQjIGViZWYhH2ZhZWYiH2VjZmUiH2VjZmQjH2RjZmQjIGRk
ZmQjH2RiZ2MjIGRkZmMiIGRlZmIjH2RlZGQjH2RlZmMiIGVlZGIjH2Zk
ZWMjH2ZlY2QjH2ZkZGQjH2dkZGQiH2ZkZGQiHmhiZGQjH2djZGQjH2Zj
ZGYiIGVjZWUjHmZiZGYiIGVjZGciHmVhZ2UjH2RjZ2UiH2RkZWYjHmVj
ZmUiH2NjZ2UiHmVkZmUjH2RkZ2MjH2RlZmMiH2VkZmQiH2RmZmMiIGRn
ZWIjIGNnZWMjH2RnZGMjH2VmZGQjH2VlZGQjH2ZmZGUjH2VlZGQjIGZk
ZGQjIGYjICEhIiIiISIhISEjIiIhIiAhIiIiIiIhIiEhIiIjICIhIiIh
IyIhIyAhIiEhIiIhISIgIyIiIiEhISEiIiEiISEiIiIhIyEiISEhIiIi
ISAhISIjICIhIiIhICMhI2aiAWmmAWMmowFmpQFnJaIBaaUBZSMgIiAhISRkJCAi
IiAhIyIiISIhICMhISIiISJjJmEjICIgI2RlZaUBZmUjICIiISJlIiBkYw==
ZiMgZWZjZiAgZ2ViaCIfZmVkZiEgZWRkaCAhZGRkaSEfZGRkaCEgZGRl
ZiIgZGVkZyIgZGNkaCEgZGZlZiEgZGZlZiEfZGVmZCIgY2ZmZCEhYWhm
YyMfY2dmZCIgZGhkZSIfZmdmYyMfZGZkZCIgZWhjZSIgZWRlZyAgZmVj
ZiTAASIiISMgIyEiISMhIyAjICIiIyEiICIhIiAjISMhISAjISMgIiAjIg==
IiEjISEhIyAjISMhIiEiISIgJSAhISAjISIiIiEgIiIhIiIiISAhIiIi
IyEiISMgIiEiIiEhZqMBaaIBZyWkAWelAWclngFrowFnIyAhISOmASZfJSAhIyIgIA==
IiMiISMiICEiIyEiIiEhICIjISIhIiEgISMhIiIiICEhIyIiISEgISEk
IiAiIyEgICMiIyIgICEjIyEgIiMhHyEjIiAhIyEiIiIhISEiICEiIyEi
IiIgICIjIyEiISAiISIjISIiICEgJCMgIiIhICEkIiAhIyAhISMjISEj
ICIhIiMgIiMhISEiIiIhIyAhICMiICIjISAiIiMgIiMgISEjIiEiIiEh
IiIjISAiISAiIyIgIiIiICEkIiAhIyAiISMhISIjISEhIyIgIyIhIiAj
IiEhIyEiICIiICIiISIiISIgISMhICIjISEiISEiISIhICMiISAiIiIh
ISIhISEiISEhIyEhICMhISAjISIgIiIhISMhIiAiIiAiIiIhISIiISEj
ISAiIiIgIiIhISEjICEhIyAhICIjICEiISEhISIgIiMhISAjISAiIyAi
ICMiICEjICEhIiEhISMgICIiISEhIiIgICMhISEjISAhIiEhIyIgIiAj
IiEhIiIgISMgICIjICEhIiEhIiIgISEjISEiISEhISIiISEiICAiIiIg
IiIhISAjIyAhIiEgIiMhIiEhISAhIyIhIiMgISEiIiEiISAiISIiISIh
ICEgJCEhIiEhICIjIyAhIiEhICMiISIhICEiIyMiIiEgISIjIiEhIyAh
ISMiIiIiHyIgJCIhIiIgIiEjIyAiIiAhIiIjIiIiICEiIiIjIiEgISEk
IiIiISAiISMiIiIgISEiIyMhIiEgISEjIyEhIiAhIiMjIiIhICEhIiMi
ISEgISEkIyEhIyAiISMjICEiICIiIiIiIiIgIiAjIiEiIyAgIyMhIiEi
ISAhIyIiISIgISMiIiIhISAhISMiIiIhISEhIyIhISIhISEjIyEhISAi
ICQiISEiICAiIyIiISIgICIiIyEiISAhISMiIiIhICEjIiIjISEgISIi
IiEiISAiISMhIiIhICEiIyIhISIfIiEjIyEhISAhISMjIiEhICEiIiIi
IiIgICIjISEiISAgIiMiIiEiICEiIiIiIiEgICEjIiIhISEgISMiISIh
ICIhIyIhIiEgISEjIyEgIx8gIiMiIiEiICIiIyIhISIfISIjIiIhISAg
ISMjISIhICAiIyMhIiEgISIjIiIhISAhIiMhISIhICIgJCMgIiAhISEj
IiEiIiAgISMjISEhICAhJCIhIyAgISIjIyEiICAhISMjISEiICEhIyMi
ISIgICIjIiIiICAiISMjICIiICAiIyIiIiIfISIiIyEhIiAgIyMiISEi
ICEiIyEjISEgIiEiIyIhIiAgIyIjISAiICEhIyIhISIgIiAjIiIiICEg
ICIjIiEhICIhIyIhIiIgISIiIiIhISAgISMiISEiICAhIyIhIiEhICIi
IiEiISAhICMiISEiICAhIyIjISEgICEjIyAiISAiICMiIiIhICAgIyIh
ISEgISEiIyEhIiAgISMjISAhISAhIiIiIiEfISEiIiAiIR8hISIjICEh
ICAiIiEiIiAgISEiIiEhISEgICIiICIhICEgIiEiISIfICAjICEiIx8g
ICQhISEhICEhIiEhISEgISAjISAiIR8iICIhIiEhICEhIiEhISIgICAj
ISAjISAiICIiICMiICAhIiIhISIgICEjISEiISAgISEjICEiHyEhIiEi
IiIfISEhISIiISAhISEhISIjICAhISIgIyEgICEiISEjIR8hISIhISIi
ICAhIiEhISIgICAiISEjIiAgICIgIiIjICAhISIhIyEgICAiIiAkISAg
ICEjICEjICAhISEiIyIgICEiISAjIyAgICIiISIjICAhISIhIiMgICAh
ISIiIiAgISEhISIiICAgIiEhIiIhICAhIiEiIyAgICIiICMjICAgIiEi
IiIgISIhIiMgICAiISEiIiAgISAhIiIjIB8gIiEhIyMgICAiISEiIiAg
ISIhISIiICAgISMgISIgISAhISIjISEgICIhISEjICAhIiEgIiMgICAi
ISIiIiAhICIhISIiISAgIiEiIiIhICAiISEiIyAgICIhISMiICAhIiEi
IiIhHyEiISEiIiAhISIhISIiICAhIyEgIyEgICEjIiEiIyAhICIiISIj
ICEhISMhISIgICEiIiEiIyAgIiEhISMiICAgIyEhIiIhISIhISAjIiAh
ICIiISIiISAhIiIhIiMgISEiIiEiIyAhICMhISIiISEhIiIgIiIhICEi
IiEiIyAgICIjISIiISEhIiEhIiIgISEjISEhIyAhICIiICMjICEhIiEh
IyEiICAiIiAiIyAhISEiICMjICAhIiMgIiIhICEiISIhIyAhISMjICEj
ICAhIiIgISQgICEiIiAiIiEgISIiISEjICEfIyEgIiMgISAiIiEhIyEg
ISIiISIjICEhIyIgIiMhICIjISEhIyEgISMhISIjICAhIiIgIiIhISEj
ICEhIiEgISIjICEiICIgIyEgISIhICEiISAiIyAhICMgISIiISEhIiEg
IiIiICEiIiAhIyAhISIiISIhISAhIyEgIiIgICEjIiAiIyAhISMhICEi
ISEhIyEgISMhICAjISEiIiEgICMiICEiICIhIyEhICMhISEiIiAhIyAh
IiIhISEjICIgIiIhISIgISAjIiAiISAhICQhICEjISEhIiIgIiMgISEi
IiAhIiAgISMhICIjISAhIyAgISMgICIiISAhIiEgIiIhICEjICEhIiIg
ISMgISEjISAhIiEgIiEhISEiICIhIiIgISMhICEiISAiIyEgIiIiISEi
ICEiIiIgIiIgISEjISEhIiEhICMhISEjICAhIyEhISIgISAjIiAhIyEh
ISIiICIjHyIhIyEgIiMhICEiISEhIyEgISMiHyMiICEgIyIfIiIhISEi
IiAhIyAhISIiICEjICEgIyEhISMgICEjICEgIyAhISMhICIjICEhIiEg
ISMgISEiIiAiIyAgISIhICIiISAhIiAhISIhICEiISAiIiAhISIhICEj
ICAiIiEgISMgISAjISAhIiAhICIhICEiISEgIyAhICMgISEiISAgIyAg
ISMgICEjICEgIyEgIiIhISAjICAgISIgISIiICEjICAhIiIgISIgICEi
ISAhIyAgICMhICIiICEhIiIfISMgISEiISAhIyAgICEiISAjICAhIyEg
ISMgICEiIiAhIx8hIiMgICIiICEhIyEgISMgICEiIiAhIyAhICMhISIi
ICEhIiIgISIhISAiIiAhIiAiICMhISEiICEgIiIhISIgICEiIiEgIyAh
ICIjICAjICEgIyEgIiIgISEiIyAgIyEgICMhISEjICEhIyIfIiIhISEi
IyAhIiAgIiMhICIjISAhIiIhISIhISEjIiAgIiEhICQiICIiICEhIiIg
IiIgISAjISAhIyAgISMiICEiHyIhIiIhISIgICAkIiAhISEhISMiICEi
ICEhIyEgIiIgICEkICAiISAhISMiICIiICEiISIgICMgISEjISAiIiAh
IiIhICMhICEhIiEgIiEgISEjIiAiIiAhIiIhICIiICEiIiEgISEhICIj
IiAiISEhISIjICAiICIhIyAhISIgISIhIyAhIiAhISIiICEiICEhIiIg
ISIgICEjIiAhIyAhISMhIiEhICAhIyEhISMgICEjIiAiIiEhISIhICIj
ICEiIiIhISMgICEjIiAiIiAgISMhISEiISAhIiMgISIhISAiIiEhIiAh
ISMhISAiISAhIiIgISMhICIiIiEgIiEhISMhISEiICIhIyIgIiIhICEj
ISAhIyAgIiMhISEiICEhIyEgIiIgICEjISEjIiAhISMhISIiICEiIiIg
IiIgICEjIiAiIiAhISIiISIiICAhIyIgIiIhHyEkIiAiIyAhISMjICIi
ICAiIyEhIiIfISAjIyEhIiAgIiIjISEiHyEiIiEiIiEgICIjIiEhIiAg
ISIiICMiICAgIyMgISIgISAjIiEhIR8hISMhISIiIB8hIyIiISIgICEj
ISEjISAgISIiISIhHyEhIiMiICIfISEjIyIhISAgISMiISIhICAhIyMh
ISIgICEiIiIhIiAgISIjISIhHyAgJCIhISIfICEiIyAhIyAgICMjICIh
HyAhIyMhIiIfICAjIiAiIiAgICMjISEiHyAhIyIiISEgICAjIiIhISAg
ISMiISAiISAhIyIiISEgICAjIiEhISAgICMjICIhHyAiIyEiISEgICEj
IiIiICAgISMhIiEhICEgIyIhISIfICEjIiEiISAhICMjICIhICAhIiIh
IiIeICEjISIhICAhISMiICMgICAhIyIhISIfISAiIyEhIR8hISIiISEh
ICAhIyIgIiEfICEjIyAhIR8hISIiISIiHyEhIyEgIiIfICIjISAiICAh
ISMiISEhICAiIiIgIiEgICIjIh8hISAhIiMhICEgICEiIiEgISIfISIj
ISAhICAhIiMhICEiICAiIyEgISEgISIjIiAgISAhISMiICEhICAiIyEg
IiEgICEjIiAgIyAgISMhISEhICEhIyEgISEgISIjICAiIR8gIyIiICAj
ICAiIyEgIiIfISEjIiEhISAgIiMhICEiHyEhIiIgISIgICEjIiEhIiAg
ICQhISEiICAiIyIhISEgICIiIiEhISAgICMiISEiICEhIyEiISIfICEj
IiEhISAgISMjISEhICAiIyIgIyEfISEjISEhIx8gIiIiIiEjHyAhIyIh
ISIfISEjIiEiISAgISMjISIhHyEgIyMgIiIfISAjIiEiISAgISMiISEi
ICAhIyEhIiIgICAjIiEiIh8hISMjISEiICAhIiMgIiIgICEjIiEiICAg
ISMjICMiHyEhIiIhIiAgICEjIiIiICAhICMiICIhICAhIyEiISEgICIj
ISIjICAgISMiICIiICEiIyIhISIfISEjIiEiISAhISMjICEiHyIhIyIh
IiEgIiIjIiAiISAgIiQiICIgHyIiIyIhISEgISIjIiAiIiAgIyMhISIi
ICAiIyEgIiEhICMjICAiISEhIiMhICMhICIiIyEhISEhICIjIiAiISAi
IyMhISEiICEjIiMgIiEgIiMiIiEiIiAhIiMiICIhICEhIyEhISMgISEj
ISEiIiAhIiIhIiIhICEjIiIgIyIgISEiIyAiISEgISMiISIhICAhIyMg
ISIfIiEjIiEiIiAhICMiIiEiHyEhIyIhIyEgISIjIiEiISEgISQiISIh
HyAiIyIiIiAgISIiIyEjIh8gIiMjICIgICEgJSIhISEfISEjIiEhIiAg
ISMiISMhHyAiIyIhIiEgISEjIiIiISAhISMiISIhHyEhIyIgIiEgISEj
IiEjHyBkJaEBJaUBZmElpAElIWNjZGciIOMBbWNiZyIfZWNjZyIgZGNjZyMgZA==
Y2NoIiBkY2NnIyBlYWRoIiBkYmRmIx9jZmRmISBjY2dkIiFhZWVlIyBk
ZWZkIyBiZGZmIiBkZWZjIiBkZWVkIiBkZWZjIyBkZGVkIiBjZmRjIyBk
ZWRkIiBjZmViIyBjZ2RkISBmZmNjIiBmZmNjIh9mZWNkIiBkZmNlISBm
ZWJlIh9mZGNkIiBmZGNlIh9mZGJmIh9mZGNkIyBmZGNlIR9mY2RmICBm
ZGJmIR9nY2JnIR5mY2NmIB9mY2NmIR9mYmRlIh9kZGRnIB5mY2RlIR9l
ZGRlISBkZGRlIB5mZGRkISBkZWVkIR9kZGVkIR5lZGVkIR5mZGVkIh5k
ZGZjISBkZWVkIR5kZWVkISBkZGZkIB9lY2hhIh9kZGZkIR5lZWVkIR9k
ZWZkIR9lZWZjIB9mZGRkIB9mZWRkISBlZGZjIR9lZWVjIR9mZWRkIB9l
Z2RkIh5mZmRjIh9lZmNkICBlZWRkIh9lZmRjICBmZWRlIR9mZWVjIR9n
ZmNkIR9nZWRkIh9mZmJkIh9mZWNkIR9nZGNlIR5oZGNlISBnY2VkIiBm
ZGRkIh9oZGRkIx9mZWNkISBmZGRkIR9nZGJlIiBmY2RlISBmZGNlIiBm
ZGRkIiBmZGRlISBlZmRlIR5mJB8iICIiIiEhISEhIiIhISEgISMjICEi
ICAhISEkICEgISIiIiEhIiEhISEiISIiICAhIiIjICEiICEhIiMhIiEg
ICIiISIhISIgIiIiISIhISAiIiIhIiEiIiEhICJnowFnqAFiJaUBZ6MBZiWfAWY=
qQFlIh8iIiEgI2MjHyIhIiIhIiIhISEiIiEhISEhImYiIGQjICAiYWdlIw==
YCQeImIlY2djYqkBZGQiH2ZkY2ciIGNkZGYgIGVlYWciIGZkY2UiIGVmYg==
ZiIgZWZkZiEgZGVkZyIgY2ZjZiMgY2NkZiMhZGRlZyEfZWRkZiIgY2Vl
ZCMfZGZmZCMfZGVmZCEhY2ZlZSIgY2dkZSEgZGdkZCIgZGZlZCIfZWdk
YiIgZGhkYSMgZGlkYiNpJSEgIyEjICIhIh8jICMhIiEjICEhIyIiICIg
IiEiISIhIyAhISIiIiAjICIgIyEiISIhISEjISIfIyIhISIjISIhISEh
IiIiISEhISEhIyIgICIiIiAhISMhISAjZqUBaKUBZiSiAWilAWYkoAFopwFmIR4h
ICOmASZhJB8iIiAgIiEjISEiICAhIyMgIiEhICEhIyEiICEfIyEkICEhIQ==
ICIhIyIiISEgISIjISAhIiAiICMiIyIgHyIjIyEgISEiHyEiIiIhICEi
IyIhISIhICEiIyAhIiAgICEjISEhISAhIiMiISEhICEiIyEhIiEfIiEj
ISAiISAgIiMgIiIgICEhIyEhISAgIiEkICEhISAiISMhIiAhICEiIiEg
IiEgISEjICIiICAhIyIhIiEhICAiIyEgIiEgISIiISAiIh8iIiMhISEg
ICEiIyEgIiAhICIjISEhISAiISMhICEhICIhIyEgISEgISEjISEhICAg
ISMiISIgICIhIyEhIiAgISIjICIhISEhISMhIiEgICMhIiIhIiAgIiEi
IiEiISAhICMiISIgICEiIyAiIiEfIiEjIiAiIh8hISQhIiIgICIhIyEh
IiIgICIjISEiIR8iISMiISIgISAiIyEhIiEfIiIjISIhIiAhISQhISIg
ICEiIyEiISEfIiEjIiAiICAgIyIgIyIhICEhIyIhIiEfIiIiIiEhICAg
IyMhIiIiHyEhIyIhIiEgISMiISIiICAgIiIiISIgICEiIyIhIiAgISEj
IiEjIR8hIiMiISIgICEiIyIhISEfIiIjIiAhISAiISMhIiEhHyMiIiEh
ISEfIiIkICEhIiAiIiMhIiEhICIiIyEhISEgIiElICEiISAhISMiISEg
ICEjIyEhIyAfIiIjIiEhIR8iIiMiICMhICIiIyEgIiEgIiIjICIhISAi
IiMgISMgICEjIyEhISEgIiIjIiEiICAhISMiISEhICIiIyEhIiEhISEj
IiEjICAhIiMgISEiICIhIyIhISEgIiAjIyEiICAiIiMgISIhICEiJCEh
IiEgISIjISEiICAiISQhISIhICIiIyIhIiEgISEkISIhISAhIiMiISEg
ISEjIyIhIiEgIiIjIiIhISEhIiMhIyEhICIiIyIgIiIgIiEjIiEiISAh
IiMhISMgICIhIyEiIiEgISMjISIhISAhIiQhIiEhICIiIyIhIiEfISIj
ISIhISEgIyMhISIhICEiIyEiIiAgISIjIiEhISAhIiMhISIhHyIiIyEj
IiAgIiIjISEiIh8iIiMhISIhISEiIyEhIiAgIiMjICEiISAiIiMhICIi
HyIhIyEhIyAgIiEjISEiISAhIyMgIiEhICIjIyEhIiEfIyEjISEhISAi
IiMhICIhHyIjIyAhIiAgIiIjISAhISEhIiMgISIhICIiIyEhISEgISMj
ISEiIR8iIiMhISIhHyIiIyEgIiAhISIjIiAhISAiIiMhICMhICIiIyEh
ISIgIiIiICEiISAhIiMgISEhICEiIyAiISEgIiIiIiAiISEhIiMhISEh
ICIiIyAhIiEhISEjIiEiICAhIiMiICIhICEhIyMhIiEgICIjISIhISAh
IiMiISIhHyIiIyEhIiEgISIjISEjISAhIiMiISIhICEhIiIiIiEgISEj
IyAjIR8iIiMiISIhHyIiIyEiISEgISEjIyEhICAiIiQgIiIgICEhJCIh
ISEgISIjISIiICAiISMjISEhHyIjIyEhIiEgISIjISIhISAgIiMjISAi
ICAhJCEhIiIgIiEjICIhISAhISQhISEiHyEiIyEhISIfIiIjICAhISAh
IiQiICIgICEiIyAhISEgISIiIiAiIB8iIiMiICEgICEiIyEgIiEgIiIj
ICEhISAiIiIgICIiHyIhIyEhISEgIiIjICEhIiAhIiMhISEhICEjIyEg
ISEfIiIjIR8iISAhIyMgISAhICIiIyEgISEgIiIjICAiISAiISMiICIg
ICIjIyAhISIfIyIiIiAgISEiIyIgISIgICIiIyEhISEhISMjISAiISAh
IiMhISMgICIiIiIgIiAhISIjISIhISAiISMgIiEhICEhIyIgIiEgIiIj
ISEiISAhIiMiISEhISIhIyIhIiEgISIjIiEiISAiIiMiISIhICIhIyIh
IiEgIiIjIiEiISAhIiMiISIhICIgJCIhIiIfISMjISEjIh8iISMhISIh
ICAjIyIhISEgIiEjISEiISAhIyIhISIhICEjIyEhIiIgICMiISEjIR8i
IiMiISIhICEiJCAiIiAfIiIjISEiIR8iIyIhISEgICIjIyEhISIgISMj
ICEhISAiIyMhICIhICEjIyAhIiAgIiMjICEiICAjIiIhICEhICIiIyAh
ISAgIiMjISAhICEhIiQgICEhICIiIyAhISEgIiIjISAiICEhIiMhICEh
ICIiIyAhISEgIiIjISAiICEhIiMhISAhICMiIyAhISEgIiMiISEhIR8j
IyMgICEhICIjIyAhISAgIiIjISAhISAjIiMgISEhICIjIyEgICEgIyMj
ISAhIiAiIyMhICIhICIjIyAgISEgISQjISAhISAiIiMhICIgISEjIyEg
ISEgIiMjICEiICAiIyMgICEiICIjIyAgISEhISIjISAhIiAiIiMgISEi
ICMiIyEgIiIfIyMjICEiISAiIyMhICIhISIjIyEgISEgIiMjISAhISEi
IiMgICIiICIiIyAhIiEhICIiIiAhIiAiIyIhISIiHyIjIyEgISEgIiMk
ICAhIiAiIyMgICIiHyIjIiEgIiIgISQiISAiISAhIyIhICEiICIjIyEg
IiAhICMjISAgISIjICAiISAhIiMgICIhICEiIyAhISIgICIiIiAhISAh
IyEhICIhICEjIyAgIiEgISMiICEhIh8hISMgISIgICIhIyEhIiAgIiEj
ISAhIiAiISMhICEiHyEiIyIgISIfIiIjISAiIR8hIyMhISAiICEiIyIg
ISEgIyEjIiAiISAiIiMgISIgICEiIyEiISEgIiIjISAiICAiIyMgICIg
ICEiJCAgIiEfISMjISAhIiAhIiMgISAiHyEjIyEgISEgIiMjIR8hIiAh
IiQgICEgICMhIyEgIiAfIiMjICAiISAhIiMgISEhHyIjIiEgISEgISIj
ICEgISAhICAhISAgIyMgISIhHyEiIyAgICEgIiIjICAhIR8iIiMhICEh
ICEjIyAgISEgISIjISAhISAgIiMgICEiICEhIyAgIiEgISIiICEhICAh
IiIhICEhHyEjISAhISIfISIjICEhIR8hIiMgICEhICEiIiAgIiEfIiIj
HyEiICAiISIgISIhICEiIiAhISEgIiEjICEhIiAiISIgISIhICAiIiAh
IiEfIiIiISEiISAhIiMgICIiHyEiIiAiIyAgISEjICAiIh8iIiIgISMi
ICAiIyAhIyIgISEjICAiIiAiIiIhISEiHyIiIiEhIiEgISIiISEjISAg
IiIhIiEiICIgIyAhIiEgISEjISAjISAhISMhISMhICEhIyEgIiEgISEj
ISEjISAhIiMhIiIiICIhIyEhIiIgICIiIiEiIh8iIiMgISIiICIiIyEi
ISIgISIjICIiIiAhISMhISIiICIhIiEiIiIgICIkISEiICAhIiIhISIh
ICIhIyEhIiIgISMiISEjISAhISMhISIjICEiISEjISEgISIiIiAhIiAh
IiMhIiIhICAiIiEgIyIgISMiICEiIR8hIiMhISMiICEgIyAgIyEfISIi
ICIjISAhIiIgISIjHiIiISEhIyEfISEjICEjISAiICIhIiMhICAjISAi
IiEfISIjICIiISAgISIhISIiICAiISEgIyIgISEjICEiIh8hISMgISIh
ICIhIiAiIiEgISIiICEiIiAgIiIhISMhHyIiIiEhIiAgIiIiICIiISAh
IiMhICMiHyIhIyAiIiEfIiAjICEjISEhISIhISIhICEiIyEgIiIgISEj
ICIjISAhIiIgIiMhICEiIyAiIiIgISEjICIiIx8iIiIhISIiICIhIyAi
IiIgISIiISEiIiAhIyIhICMiICEiIyAhIyAgICIjISEhIiAhIiMgIiIh
ICEiIiAhIyIgISEjISEjIR8iIiMhISIiICEhIyAhIyEgISIjISEiISAg
ICMhISIhICEiIyEhIyIgISIiISEiISAhIiIiICIhICIhIiEhISIgISIi
ISEhIiAhISIhICIiICEiIiEhIiEgICIjICIhISAhISEhIiEiICEhIiIg
IiIgICIjICAjISAgIiIgIiIiICEhISAiIiIeIiAiICIiIB8hIyIgISIg
HyIhIiAhIiIfISEiISEhIR8hISMgISEhHyAiIiAiIiEfIiAiISEhIh8h
IiIgISIhHyEiIiEgIiIfIiAjICAhIiAhIiIgISIgICAiIyAhIiEgISIi
ISEhIR4jIiEgIiEiHyEiIiAhIiEgISEjICEiICAhIiIhISIhICIhIyAh
IiEgIiIiICIhIh8hIiMgISMgICIiIyEgIiIfISMjISAjIR8iISMgICMh
ICEiIyAhIiEfIiIjICIhISAiIyEhISMhICEiIyEhIyEhISMiICIhISAi
IiMhISIhICIhIiIhIiEhISEjICIjISAhIiMgIiIiICAiIiIgIyEgIiEi
IiEiIiAiISIhISIjICEiIiEhIyAfIiMjISEiIh8iISMhISMiHyEiIiEi
IiEgISIjICEjIh8iISMhISMhICEhIyEhIyEgICIjISAjISAhIiIhICMh
ICIhIiEhIiIgISIiISEjISAhIiMgIiIhICIiISEhIyEfISIjISEiIR8i
ICMhIiEiHyEhIyEhISEgISMjISEjIR8hISMhIiIgHyEiISIiISEgISIj
ISEiICMjISEiIR8hIyMhISEgICAjIyEgIyAgISEjISEiICAhIyMgISIh
HyEjIyEhIh8gIiEjISEjIR8hIiMhISMgICEjIyEgIyEfIiEjIyEhICAi
ISMiISIgICEjIyEhIiAgISMjISEiICAhIyMhISMhHiEjIyEiIiAgISMj
IiEiISAhIyMiISMgHyIjIyIhIiAgISIiIiIhIyAhIiMiISIgISEhJCEh
IyEgISIjISEiISAiIiMiISIhHyEjIyIiIiAgISIjIiIgIh8iIiMiISIg
ICAjIyMhISEgICMiISIiICAhISQhIiEhHyEiJCIgIiEgIiIjIiEhIR8h
IiMhIiIhHyIiIyIhISAgISEjIiIhICAhIiMhIiEgICAjIyEiISEfIiIj
ISEiIB8iISMiIiIhHyAjIyIhISAfISIkIiAhIB8iISQiISAhHyEiIyIi
ISAgISEjISEhIR8hISMhISEgHyIjIyIhIiAfIiEjISEiICAhIyMhICEg
IWUloQEmpQFjYiWmASQiYWRnZCIgiwJoYWZmIyBkYmNoISFhY2ZmIyBiZGZlIg==
IGJjZmYiImFkZmQjIGJkZmQiIWJlZmIhIGNmZGUiH2JkZmQjIWNmZWUi
H2VjZGQjImRjY2QhIGZkY2QjH2VjZGUiH2ZkY2QiIGRjZmUhIGZjY2Qj
IGNlZWYhHmdkY2QiH2RlZGYiHmVjZGYiH2VkYmYgIGZmZGQiIGVjZWQg
HmVlY2YhH2ZkZGUhIGRlZWQiH2RkZmYgHWZlZWQhIGNnZGYeH2VmY2Yh
IGZjZGUhHmZoYmUhH2ZkZmMiIGRlZGQiHmdlYmYhH2ZkY2YgIGdkZGQj
H2ZkZGQhH2VmZGUgH2hkY2QgIGVmZGMhIGZmZGQgH2hkZWIgH2djZGcj
HmVmZGQjH2ZlZGUgHmVkZWYhIGZjZGQiIGZmZGQiH2RjZGYhIWRlY2Yj
IWRkZGQhH2ZmZWIjHmVkZmQjIGZkZGYgH2ZkZGMjIGZiZGQgIGViZmYh
HmVlZmQjHmdkY2YhIGZkYWYiHmdjY2chH2ZkY2UjIGZhZ2UgH2VlZGMj
IGZkY2QhIWRmZGQjImVjZWYiIGZhZWYjH2ZkY2YgIGVkZmUhIGRlZmEj
H2ZkZGQhH2dkZWQjH2ZkZGUjIGRnZGIiIWVjZmQjIGRkZWQjIWRkZmQi
IWRjZmQiIGRlZmMjIWUlHh8iISIiIiMgISIiIiIjISMgIiIjIiMgIiAg
IyMgICEjICIiHyMjIyIeISMjIyAiICEhIiMiISIhHyEiIyIiISEgIiIi
ISMjISAjISIiIiEgISEiISIhIiMiISEgIWWkAWmnAWInogFnpgFmJKIBaKYBYyQg
IyEiICJkIyEjISEiICIhIyIgISIhISIiImRkIyAhICIhI2RjZyEhYyMg
ZiQeI6cBIyGkAWdmIh9kZGhmIB5mZmRmIh5lY2diIyNlY2ZlIh9mY2dkIx8=
ZGRmZCEhY2ZkZiAfZWZlZiIeZmZkYyMgZmJkZiMfZGZjYyMiZWNmZCMg
ZGRmYSQiZWRjYyMhZmZjZCIhZGVmZCEhZWRlYyMgZmRlZCIiZmFnZSIh
Y2NnYiMgZmVmZM0BISIiIiEhISIgIyEjICIgISEjIiIhISEjICEhIyEhIA==
IiEjICMgIiEiICIhIyAgICIhISIjICEgIiAiIyIiICEiISEiIiEgISEh
ISMiISAhISIhIiEhISIhICEhICNkoQFopQFkJqIBZqUBZCihAWalAWYkICAgI6IBJw==
YSUgISEhIiAgISMiICEhICEgIyMgISEgISEjIyAgIx8iISMhIiEiHyEh
IyIhISEgIiEjICAiIiAgICMjISEgICIhIyAhIiMgICEjICEhIyAiISIh
IiEiHyEhIyEhIiEgIiIiISEhISAiIiIiISEhICAhIyIhISEgIiIjISEh
IiAiICMiISIgICEhJCIgIiEgISEjIiIhISAiICMhIiEhICEhIyIgIiAg
IiEjISAhIx4hISMiISEiICAiIiEiIiAgISIiIiEhIiAhISMiISEhHyIh
IiIhIyEfISEjISAjICAhISQhICIhICAiIyMgICIgIiEjISEiIR8iIiIh
IiEhICEiIyAhIiIgISEjISEhIiAhISMhICEiICAiIiEiICMgISIjISEg
IiAiIiIhICEiICIhIyEhISIgIiIjICAiIiAiISMiICAiICMgIiEgIiIg
IiIjISEhIiAiISMiICEiICEhIyEhISIgIiIjICEhIyAhIiMhICEjICIh
IyEgICMgIiEjIiAhISEjISMhIiAiICIhIyEhISIgISMiIiAiISEiISIh
ISIiICEiIyEhISEgISIjISAhIiAiIiIiICEiICIiIyEhICIgIiEjISEi
ISAiIiMgISEiICEiIyIgISIgIiEjIiAhIh8jISMhISIhICIhIiIhISIg
IiEjISAhIiEhISMiICIiICIhIyEhISEgIiEjISIhIiAiISMhICAjICEi
IyIgIiEhIiEjICAhIiAiISQgICEiICEhIyEhISIgIiEiIiAiISEhISMi
ISEhICIhIiIhISEgIiEiIiEhIiAhISMhISAiICEhIyEhISIgIiIiISAh
IiAiICMiICEiICIhIiEgISIgISEjISAhIiAhISMhISIhICIiIiAhISIg
IiAjISAhIiAhISIiICEjICEgIyEhICIhIiAjISEhIyAhISMhISAiICIh
IyIhISEhISIiISAhIyEhISIhICIiICEhIyEgIiIgICIiISEhIiAhIiIi
ISEiICIhIiIgISEgIiEjICAiIiAjISMgISAiICIhIyAhISIgIiEjICEh
IiAiISMhISEhICEiIiEhISEgIiEjISEhISEiICMiICEhICIhIyIgIiMf
IiEiISEhIiAhIiMgISIhICMgIyEgIiIgIiEjISIgIiAiICMhISEiICIh
IyEhICIgIiEiIiEgIiAhISMhICIiICEhIyAhIiEgISEjISEgIyAhISIh
ISEhICEiIiEhIiEgICEjICAiISAiISMhICEiICIgIyAiIiIgISEjISAh
IiEgISMhICEhISAhIyAhISEgISAjISEgIyAiISIiICEiICEgIiEgIiMf
ISEjISAhIiAiISIiICIgISEhIyAhISIgISEjICEhIh8hIiEhISEiICEh
IyAhICIgIiAjICAhIiEhISIhICEiICEhIiEhISIgIyAjIiAhISAiISMh
ISEiICEhIiEhISEgIiAjICAiIiAhISMhISEiICIhIiEhISIfIiAiIiEg
IiAhIiIhISAhICIgIyEhISIgIiAjISEiIh8iISIiICEhICEhIyEgISIg
ISEjIiAhIiAhISMhISEgICIgIyAhISEgIiEjISAiIh8iISMiICEiICEh
IyEgIiIgICAjISEiICAiIiMhISAiHyMiIiIgISEgISIiISAiIR8iIiMh
ICAiHyMhIiIgISIgIiAiIyAhISAhIiMgISEhICEhIyEhISEfIiIiISIh
ICAiIiIhIiAiHyIhIyAgISIhISAjISAhIiAhISMhISEiHyMgIyEhISEg
ISIjICEhIiAiICMhISAjICEhIiIgISIgIiEjISAiIiAhISMiICEiICEh
IyEgISIgIiIjISAhISAhIiIhISEhICEhIyEhICIgIyAjISAhIiAiICQh
ICAiICIhIyIhICEhISEjISAhIyAjICEjICAjHyIhIyEhICMgIiEjICEh
IiEiICMhISAjICEhIyIgISIgIiEjISAhISEiICMiISAjICEiIyEhICMg
ISEjISEhIyAhIiMhICEiICIgJCEhICIgIyIiIiEgIyAiICQgISEiISIi
IiEgIiIgIiIiISEhIiAiISMhISIiICIiIyEgIyEgIyEiISEhIyEiISMi
ISEiISIiIyEhICMhISIiICIgIyAiIyMgISAjISEhIyEgIiMfIyEjISEj
IiAjISMgIiEiISIgIyEhISMgIyEjICEhIiAjIiMgISIiICEiIyEhIiIg
IyEjIiEhIiAiISMgISEjISEhIyEgIiIgIiEjISAiIiEhICQgIiEjICIh
IyEiISIgIiEjISEiISEhISMgISIjICIgIyIhIiEgISEjIiEiIiAiISIi
ICIiICMgIyEhISIgISAjISEiISEhISMhISEiICEgIyIgIiEgIiAkISAi
IiEhISMiICEiISEhIyIgISIhISAjIiEiIiAhICMhISIiICEhIyEiICMh
ISEjIiAiIiAiICMhISIiICIhIiIhISEhISEjISIhIiAhICMhISEiICIh
IyEhISIhICIjISEhISAiICMiIyAjHyIgIiIhISIgISAiIiEhIiAjICMh
ISAjICIhIiEiISIgISEiISIhISAhISMiISEiICEgIyIhISIgIiAiIiEh
IiAhICMhISEiICIhIyIgIiIgISEiISIhIx8iICMhISAjICEhIyIhISIg
ISEjISIgIiAhICQgIiEiICEgIyEiISIgISAjISEhIiAiISIhICIjICAh
IyEhIiIfIiEjISAiIiEgICQhICIhICIgIyIhICMgISEiISAgIyAhICQh
ICEhICMiISAiICEgIyAiICIgISAjISEgISEgIiIhIiEiICEgIyEgISIh
ICEjISEhISEhICMhISEjICEgIiIhISEgIiAjISEhIiAiICIiISEiICEg
IyEhISMgISAiISIiIiEgICIiICEjHyEgIiEhIiEgISAiIiEhIiAhICMh
ICIhISAgIyIgISEgISAiISAiIyAgISIiISEiICAgJCAjISEgIiAiISAh
IyEgICIjICIhICEgIyEhISMgICAjISEhIiAhICMhISIiICEgIiIgIiMg
ICAjIiEiISAhICIiISIiICEhIiEiICMgISAjISEiISAgICIiISIiICEg
IiIiISMgICAjIiEhIiAhICMiICEjICEgIyEiICMgICAiIiIgIx8hICMi
ISAjICAgIyIhISMgICAjIiEhIyAhICIiISIhICEgIyIgISIgIR8jISIh
IiAhICIiISIiICIfIiIhISIhICAjIiEhIyAgICMiIiAjICAgIiIhIiIg
ISAjISEiIyAhHyMhISEiICEgIiEhISMgICAjIiAjIiEgICIiIiAiICEg
IiMhISIgIh8hIyEiIiAgICMiISEjICAgIiIgISIhICAhIyIhIiEgICAj
ISIiISAgIiIhISIhICAiISEhIiEgHyIjISEjISAfIyIhISIhIB8iIiIh
IiIgICIhIyAjICAgIyIhISIgISAiIiEiISEhICEjISEjISEgIiIiIiEh
Ih8iIiIhIyAhHyIjISEgIiEgIiIhISMhIR8iIiIgIyEgISIhISEjISEg
IiIhISMgISAiIiEiIiEgHyMiISEjICEfIiIiISEjICAiISMgISEhICMi
ISAjISEgIiEhIiMgIR8iIiIhIiAhICMiISEjICEgISIhISMhISAhIiEh
IyEgICIiICIjICEgIyEhISMhISAhIiEhIiEiHyIjICEiISIfIiEiICIh
ISAhIiIgIyEhHyEiIiEiICEgISIhISMhISAhISIhIiAgICIhIiAjISAh
ICIhISMhIR8iISEhIiAiICMgISAjISIfICIhICQgISAiISIgIyIgICAi
ISEjISAgIiAiICMhIh8gISIhIiEiHyIgISEjIiAgIiAhIiEhIx8hISIh
IyAhICAiIiAjIiEgICEhISMiICAgISEhIyEiICAhISEjISAfIiEhISMh
ISAgISIhIiEhICAhISEjICIeISIhISMhIh8hICEhIiEhICEhISEjICEg
ICEhISMiIh8hICIhIiIhICAgIiAjICIfISEhISMhIR8iISEgISMhHyEi
ISAiIiEgIiAhISIhIh8gIiEhIyAgICAiISAjISIfICMhICMgIiAhISEh
IyEiHyEhIiAiIiEgISEhICMhISAhICEhISIiICAgISEjIiEgICEhICMi
IR8hISEgIyIhICAhIiAiIiAgISEiISIgIiAgISIgIyEhICAhISAjISIg
ICIhICMgIiAhICEgIyEiICAgIiEiISIgICAhICMiISAgISEgIyAiICEg
IiAiICIgICEgISIiIh4gISIgIyEhICEgIiEhISIfICEhICIiISAgICEg
IiEiICAhIiAiIiEgICEhICIhIR8hISAgIyEhICEgICAiIiEgICEiICMg
ISAgIiIfIiEjHyAhISAiISIhICAhICIhIyAgISIgIiEiICEgIiAiIiIg
ISAiICAiIiAgISAhISEiICAhISAjICIgISEhICIhIyAgISIgIyIiICEh
ISAiIiEgISAiICEjIiAhICEhIiEjICAhIR8iIiIgISEhHyMhIyAhICIg
IiEiICEiISAhIyIgISEhHyMhIyAgICEgIiIiICEhIiAiISMgICEiHyMh
IiEhISIfIyEjISAiISAiISMiISAhHyIiIyAgIiEgIiEiIiAhIiAiISMh
IiAiHyIhIiEgIiEhISIjISAhISAiIiMgICAiICMgIyAhISIgISMiICAh
ISAhIiIhISAiICIiIiEhISIfIiIiIiAgISAiISMgICEiISEiIiAhISEg
ISIhICEhIiAhIiIhISEiHyIiIiEhISAgIiEjISAgIiAhIiMgICEiICIh
IyAgIiEgIiEjICAhIiAhISMgISAjHiMhIyIgICIgIiEiIiAgIh8hIiIh
ISAiHyEiIiAgICMgIyAgIiEfISIjICEiIiAiISMgICEiICEhIiIhICIg
IiEjICEhISAiISMgICIiICEiIyAhICIfIiEjIiAgIiAjISMhICAiISEh
IyAiISAgIiIiISAhIR8jISMgISEgICMhIyEgIiEgISIjICAhISAhIiIh
ICEiICAhIiIhISEgIiEjISEhISAiISMgICAjHyIgIyEhICIgISIiICEi
ISAiICMhISEhICIhIiAhISAfIyEiISEhIR8iISMhISEhICEiIiIgISEg
ISIiISEhICAiISIhISEiICEgIyEhISEeISIjIyAgIh8gISMiISIhHyIg
IiIhIiAgIiEiIiEhICAhISIiISEhICEhIiEhISEfICIjISEgIB8iIiIi
ICAiHiNkJZ4BJaQBZ2ElpQElHmRhZmYfIZ8CZmFjIyFkYWJkIyBmYmJjIyFlYg==
YWQhIGVjYWQjIGNjY2MhIWRkY2IiIGVjZGMiH2JjZGMjIV9kZmQhIGRi
ZGQhH2ZgZWQiIGNhZWQiH2NiZmMhH2NiZmMiIGJiZmMiHmNjZWMiH2Rj
ZWIiH2NkZWMhH2RkZGMhH2RkZGIjHmRkZWEjIGVkZGIiH2ZjZGQhHmVk
ZGIiHmVkZWMiHmZiZGQjHmRkZGMjH2RjZWMjH2RkZWMiIGVkYWQiIGRl
Y2MiHmVjZWQiHGdkZGQiH2NjZmMgHmVjZGMjIGVkYmMjIGRiZGQiH2Zj
Y2IkIGRjYmUhH2ZiZGQiHWVjZWEjHmVkZmMgHmdjZGMiHWZiZGMiH2Vk
ZGEiIGZhY2MiH2hhZGIjIGVhY2QiH2ZiZGIjIGRiZGQjH2VhZWMjH2Vi
ZGIhH2VkY2QiIGRhZGMjHmZhZGQjHmVgZGUhH2RiZGMjH2NiZmUiHmVh
ZGQiH2dhZGQhH2VkY2MiHmRjZGQjH2ZhZGMiH2ZjZGUjHmdgZGMiH2Zk
Y2IkIGRiZWMjH2ZkYmQjIGRiZWIiHmZjZmMhHmdjZWIiHmhjZGIjHmNl
ZGMjH2VlZWEjIGRmZGMiIGRmZGIjIGNkZGQjHmRmZWIjIGRkZmEiImRm
Y2EjIGNmZGIjIGZlY2MiIGYjHx8gIiMhISEgISEiIiIiIB4iIyMhIiAh
ICAgIiEjISAgIiIhIiEiISEgISEiISAhICAiIiIhISEgICEiISIjISAh
ISIgICMhIR8gIiIhIiIhICAhIiIfHyIiISEhImWiAWWlAWUlogFlpgFkJZ8BaKQB
ZCIhIiMgHyFkIiAiICMiICIgISAhIiEjISAeIWRkZGQlHyAiZmJhYyIj
YyMfJGAlXyNkZmJkIR5mY2RlIh9iZGZjIB9mYmZkIhxnYmViIh9jZmVh
IiBjZ2RiIh9kZGViIx5kYmVlIx5jZGdkIh5jZmVkIBxmZGZkIR5kYmRk
IR5lZmZkIRxlY2ZkIh9lZGRjIh9mY2ZjIx9kYWZjIx5kZmZhIR9kZmVk
Ih5lY2dkIB9kYmZmDxUiIiEiISEgIiAjISIgISAiICIgISAiICMgISE=
IyAgHyIhIyAiICIhISAiICIgIR8jISEhIiEhICEgIiEgISAhICEiIiEh
ICAhISAiISEgISEhISAhIyAhIiAhISAiZKEBaKIBZSWjAWOmAWQnnQFpowFmJCAh
HyOiASViIx8gISEjHyAgISEgIiIhICAiICAiIyAgICMhICEjISAfISIgIg==
IiAhICIgICEjICIgIh8hIyIfICAjIyAhIiAiICEgHyMjIB8gIiEgISMh
IR8iICAiIyAhICIhICIjICEfIiEgISMgIR8iISAiIyAhICEgICMjICEg
ISAiISMgICAhISIgIyEgICEhICMjISAfIiEhISMhIB8iISAiIyEgICMh
ICIjICIfISEgIyIgISAhISAhIyEhHyIgISEjICAgISEhISMgIh8iICAh
JCAhICIhICIjISAfISEhIiMgICAhISEhIyEgHyMhICIjISAfIiEhISMg
IB8iISEhIyEgHyMgISEjISAfIiEhIiMhIB8iICEhIyAiHyIhICEjISEf
ISEhISMhICAiISEgJR8gICEiICEkICEfISIgICQgICAiICAhJCEhHyEh
ICEjISAgISIgIiMhIR8hISAiIyAhHyEhISEjICAfIiEgIyMgICAgIiEh
IyEhHyMgISEkICAfIyEgIiMhIR8iISAiIyEgHyMhICIjISEfIiIhISMh
IR8iICAiJCEhHyEiISIjISAgIiAhIiMhISAiISIgIyEiHyEiISEjISIf
IiIhISMhIR8iISEhJCAhHyIiISEjIiAgIiEhISQhIh8iISEiJCEgHyMi
ISEkISEfIiIhICUgIh8iIiAiJCAiHyIiISIjIiEgIiEhISQiIR8iIiAi
IyIhICMhISAkIiEgIiEhIiMiIiAiICEhIyIhHyMhISIkISEfIiEhISQg
Ih8iISEiIyIiHyIhIiEkISEfIiAhIiMiISAhISIiJCIhHyIgIiEjIiEf
IiEhISQhIh8iISEhJCEhICEhISAkIiEeIiAjICUhICAhIiEhIyEhICEi
ICIjISIgISEhICQhIR8hIiEhIyMgICEhISEjISIfISEhIiMhISAhISEg
IyIhHyIiICAkISEfIiEhIiQhICAhISEiIyEhICEhIiEjIiEfIyEgISMh
ISAhISIhIyEhHyIhISIjISIfIiAiICMiIR8iIiIgIyAiICIiISEjICIg
IiEiISMgIiAiISEhIyEhHyMhISAjIiAfIiEiICMiISAjIiAgJCEiHyIi
ISAjISIfIiIiICMiIiAiIiAhIyEiICIiICAjISIgIiEhICMhIiAhIiIh
IyEhICMhISEiIiIfIiIiICMhIx8jIiEhIyEiICIiIiAjISMgIiIhICMi
IR8jISEgIyIiICIiISAjISMfIiEiICMiIiAjIiAgIyMiHyIhIiAjIiIf
IyEiICMhIyAhIiEgIyIjHyEiISEjISMgIiEhICMiISAiIiEfJCEiICIg
ISEjISIgIiEhISMiIh8hIiIgIyIiICIhIiEjISEgIiAiICMhIiAhIiEg
IyIiICIhICAkISIgISAiICMiIh4iISAgIyIiICEhIiAjISIfIiEhICQg
IiAhICIgIyEhICIgISEiISEgISEhICMhIh8gIyEgIyEiICEhIh8jISIg
ISEiICMiISAhIiIgIyEiHyIiICAjIiIfIiIgICMhIh8iISEgIyEjHyEi
ISAiIiIgISEhICIjIh8iIiEfIyEiICEiICAiISEgIiIhICIhISEhISIg
IiIiICIhISAjISIgISEiHyMhIiAiISIgIiMiHyIiIR8jISIgISIhHyMi
IiAiISEgJCEiICIiICAjISMfISMhICMhIyAiICIgIyEjHyMhISEjISEg
IyIgICIiIiAjISEfJCIiICEiIh8jISMgIiEhHyMhIiEiISIfIyIjICEh
ICAjIiIhIiIhHyMiIiEiISEgIiMiICEhIh8iIiMhISIiHyEiIyAjISIf
IyEjICIiISAiISMiICIhHyIiIyEiICIgISMjICIhIh4jISIhIiMgHyMh
IyAiISEfIiIjICMhIB8iIyMhIiIgICIhIyEhIiAfIiIjISEhIh8iIiMg
IiMhHiIjIiEgIyAfIyIiISIhIR8iISMgIiEhHyMhIyEhIiEeIyIjISIh
IR8jICMiISIhHyMiIyAiISEeIyMiISIiIR4jISMgISIhICIjIiAiISEg
IiIjICEiISAiIiMgIiIhHyMiIiEiISEfIyEjICIiISAiISMhIiIhICIh
IyEhISEgIiIjICIiIh8jIiIgIiEiICMhJB8iIiEgIiIjICEjICAjIiEg
IiEhICIiIiAjIiEgIyEjICIiIh8jIiMgIyEhICIiIiEiIyAfIiMjICIi
ICAjISMhISEiHyMhIiEiIiEgIiMiICIiIR8jISQhIiEhHyIjIyAiIiAg
IiEjISIjIR8jISMhISIgICMiIiEjISIfIiEjISIiIR8iIiMgIyEiHiIi
IyEhIiAfISMjISIjIB4iIiMhIyEgHyMhIyEiIiEgICIjISIhIh8hIiMi
ISEhHiIhIyIiIiEeISEjIiIgIR8iISMhIiEhHyIiIiIhIiIeISEjISIh
IR8hISMhISAiICEiIyIhICEfIiEjISAiIR8iISMhICIhICEiIiEhISMf
ISIjISAiIR8hISMhICIhICAhIyAhIiEfIiEjISAiIR8hISMhISAjHyIh
IyIgIiIfIiEiISAhISAhISMhICEiICEhIiEhISIgIiEiICEiIh8hIiMg
ISEiICIgIiEiISIgIiAiISEhIiAiISIgISIjHyEiIiAhISIgISIjICAi
IiAiISIgISIiHyEhIyEgIiIfISIiISEhIh8iIiIgISEiICIiIyAgISIg
IiEiISAhIh8jIiIgISEhHyIiIiAhIiIfIiEjICAiIiAhISMgICIhICIg
IyAhISIgISEjICEhIiAhISIhIiEiHyIhIyAgIiIfIiEjICEhIiAhISMg
ISEhICIhIiAhISMfIiEjISAhISAiICMhICIhICIhIx8hIiMfISEjICEh
Ih4jICMgISIiHyEgIyAgIyEgISIiICEgIx8iIiEhICEiHyIiIiAhIiEg
ISAiISAhIh8gISIhICEjICEhIiAgIiEgIiAiICEgIyAhICIhICEiICIg
IyEgISMfISAjISAiIh8hISIgISEiICEgIiEiISEfISAiISEhIiAhICMg
ICIiICEgIiEgIiIfISAjISEiIh8hISIhISIhICAgJCEgISIfISEjISEg
IiAiICMhISAhICIgIyIhISEgISIjISAhIh8hISMiICEhICAjIyEgISIf
IiEjISIgIR4iICQiICEhHyEiIyEhICEgIiEkICEhISAhIiMgIyAiHyIh
IiMhICEgISIjISEgISAhIiMhISEgICIjIyEiICAfIyIjIiAhIh8hIiMj
ICEhICEhIyIgISEgISIiIyEhISAiIiMhIiAgICEiJCIgISIgISIjISEg
Ih8iIiMhISEiHyIiIyIgISIfIiIjIiAiIB8jISMhISAhICEhJCEiICIf
IiIjIiIgISAhIiMiICEiICEjIiMgISIgISAjISEhIh8iISMiISIhHyIg
JCEhISEgISEkIiEhISAiICMiIiEiICEhJCEhICIfIiEjIiIgIx8hISMi
ICIiHyIhIyEgISIgISEkIiEgIiAhICMiISEiHyAhIyIgIiIfIiAjIiAh
ISEgIiMhIiAiICEhJCEhISMfIiEkISAhISAhICQiICIhICAhIyIgISIg
ISEjIiAhIx8hISMhISAiHyIgIyIiISAgIiIjISAhIiAiISMiICIhICIh
IyIhICIfISEjIiEgIh8hICUhISAiHyIhJCEgISEeIyAkIiAhISAhIiQg
ISEhICEjIyIhISEfIyIiIiEhIh8jICMhISEiHyIiIyEiICMfISEjIiIg
Ih8jISMhISEhHyIhJCEhISIgIiEjIiEgIiAiIiMhIiEhICIhIyEiIiEf
IiEjISEhIB8iIiQiISAiHyIhIyEiICEgIiEkIiEgIh8iIiMiISAiICIi
IyIhICEgIiEjIyEhIh8gIiQhISIhICIhJCEhICIgISEjIiEhIh8iISMj
ISEiHyEiIyEhICIgISIjIiAiIh4hIiMhISAjHyIgIyEhISIfISAkIiEg
ISAgISMiISAiHyIgJCEhISEgISAjIiAiISAhISQhICAjICEhIyIhICIf
ISIjISEhIiAgISQhISAiICEgJCEgICIgISIjISEiICAhICMiICEhICEh
IyIhICEgISEjIiEgIx8iICMiISAhICEhIyIgICEgISAjIiIgICAhICMi
ISEhHiIhIyEhICEeIiEjISAgIh8hIiIhISAhICEiIyEgISEfISEkISEf
Ih8hIyMhISAiHiIhIyEhICEfIiAkIiEgIR8iISMhISEhHyIhIyEhISAg
IiEjISAhIR8iIiMhICIhHyIhIyEhICEgIiIjICIhIR4iIiMgISEhICIh
IyEiICEgIiEjIiEgIh8iISMhIiAhHyIhIyEhISEfIiIjICEhICAhIyMh
ISEgHyIiIiIhICIfISIjISEgISAiISMiISAiICEiIyEhISEfIyAjISEi
IR8jICMiICIhHyEhJCEhISIfIiEkISAgIiAiISIiISEhICEhJCEhISEf
IiEjIiAiICAiICQhISAiICEhJCEhISEfISEjIyEgISAiICMiISAiICAh
IyIgICIfICEjISEgIiAhISMhICEhICEgJCEhISIfISAjISEgIyAhICMh
ISEiHyAiIiIgICIgISIiIiAiICAhISMiICEgICEhIyEhISEgISAjIiEh
IR8hISMiISEhISAgIyEhISEgISEiIyEhIR8jICIiICEiHiIhIyEhISIe
ISEjISIhIR8hISMiIiAiHyEhIyEhISEgICEkISIgIh8hIiMhIiAhICIi
IiEiISAgIiEkISIhICAiISMgIiEhICIhIiIiICIfIiEjISEiIR8hIiMg
ISEhICIhIyEiISIgICMiISIhIR8iISMiISAiHyEiIiIiISIfIiEjISMh
IR8iICQiISIhHiIgJCAhIiIgISIjICIiIh8hIiMhISIhICEhIyEiIiIf
IiAjIiIhIh8hISMhISEjHyEhIyMhISIgIiAjIiIhISAiICQhISMhICEh
IyEiISEgISEiIiIhIh8hISMiISIhHiIhIyEiISIfISAjISMgIh8iICMh
IiEjHyEgIyIiIiEgIh8jIiIiIh8gISMiIiIiHiEhIiIiISIfISEjISIh
IyAgISMhIiEiICEgIyIiISEgISAjISIiIh8hICMhIiEiHyAhIiMhIiIf
ISAjIiEiIh4hICMiISIhICAgIyIiISIgISAiIiIgIiAhICIiIiEhHyIg
IyEiISEfICEjIiIgIh8hISMhISEhHyAiIyEgIiAgIiAjISEhISAgISIi
ISIhHyIgIyEiISIfIiAjISMhIh8hICMiIiIgHyEhIiEhIyEfISAjIiEi
IB8hIiIjISIgHyIiISMhISIfISEjISIiIR8hISIhIiEiHyIhIyEiISIe
IiEiIiIhISAhISIhISEiHyEiIyEhISEeImMnoAElpQFnYSajASUfZGJkZyEi
vgJkY2QhIGZjY2QiH2diYmUiIGVjY2MjIGVkYmUhIGZgZGQjIGRiYmYiIA==
ZmRhZCIeZWVjYyIfZmRkYiIfZmRkZCIeZ2NiZCMeZmRkZCIeZ2NkZCIe
ZmJkZCAgZmJlYiIfZmNkZCEfZmNjZiEfZWJkZSEgZmJjZCIeZ2JkZCIe
ZmNjZiIeZWRkZCEfZmRkZCIeZmNkZCMeZmJkZiIeZmRkZSIeZmJlZSIe
ZGRlZSMeZWNmZCIeZWJnZCIfZWNlZSIfZGRmZSIfZGNmZCIfZmJnYyMf
ZWRnYyIfZGVlZCIfZWNnZCIgZGNoYyEgZWVmYyIeZWRnYyIeZmRnYSMf
ZGVmYiIfZGZlYyIfZWRnYyIeZGRnYiMeZWRmYyEfZWRmYiMeZWVmYiMe
ZmRlYSIfZWVlYiIfZmRlYSQeZWVlYiIgZWZkYiIeZmRlYSMfZmRlYiMe
ZWVlYyEfZGZjYiIfZmRkYiIfZmZkYiIfZWZkYiIeZ2VkYiIeZmVkYiMe
Z2RkYyIeZmZjYiMeaGVkYiIfZ2RlYiIeaGNlYyEeZ2VkYiIeaGVkYyIe
aGRkYiIfZ2VkZCEfaGVkYiMeZ2ZkYyEfaWRlYiEfaWRkYyIfaGRkZCMe
aWRkYyIfaGNkZCIfaGRkZSAfaGViZiEfaGRjZCIfaWNkZCIeaWRkZCIf
aGRkZCIfZ2VkZSEgZ2RkZSIeaGNkZSIfZ2RkZCMeZ2NlZSIeaGNkZiIf
Z2NkZSMeZmNkZSMeaGNkZSMeZ2NkZSIgZGRlZSIgZWJlZiIfZmNkZiMe
ZmJkZSMfZmJmZCMfZWJlZSMeZmNkZiIfZmJkZiIgZmFmZSEfZWJmZSMe
ZWJlZiMeZWNlZSMeZWNlZSEgZWJmZSIfZmJmZSEeZmNmZCIeZWRmZSIf
ZGNnZCIeZmNmZCIeZWRmZCMeZmNmZCIeZmNmZSEfZWNmZCMeZGRmZCIe
ZmJpYyMeZWRmZCIfZGRnYyIeZmRmZCIeZWRnZCEeZmRmZCIfZWVnYyIg
ZWRnYyIfZWRnYyMeZmRmYyIfZWRnYiMeZ2NnYiMfZWZmYyEfZmVmYiEe
ZmZlZCEfZmRmYyMeZ2RmYiIgZWVmYyMgZmNmYyIfZmRlZCIfZmRkYyMg
ZmNlYyMgZmRjZSIfZmNkZCMeZ2FmZCEfZmRjZSEeaGJlZCIeZmNkZCIe
ZmNkZCIfZmRkYyMfZWRkZCIeZmJkZCMeZWJlZCIfZWFmZCIfZmNkZCIf
ZWNjZiEeZWNkZCMfZWFmZCMeZWNkZCIfZmFmZCIeZmJkZSIeZWJkZiIf
ZmFlZSMeZWFmZCMeZWFmZSIfZWFmZSIeZWJmZiIeZWFnZCEeZWNmZSIe
ZmFmZCIfZGNnZCMeZGNmZCMeZGNmZSIgZGNmZCIeZWNnZCMeZGRoZCIf
ZGRoZCIfYmVnZCEfZWRpYyIfZGRoYyMeZGRnZCIgZWRnYyIgZGRnZCIf
ZGRoZCMfY2VnYyIfZGVnYiMfZWVmZCIfZWRnYyMgYmdmYyIgZGRnYiMf
ZGVnYiIfZmVnYiMfZGZmYSMfZWVmYSMfZmVmYSMfZGZmYSMfZGZlYyIf
ZGZlYyIfZGZlYiMeZWZlYiMfZWZkYiMfZmVlYiMfZWVlYyIgZGZkYiIf
ZmVlYiIfZWVkYyMeZWVmYSMfZWVlYSMfZWVkYyMeZWZlYiIeZmZkYiIf
ZmRlYyMfZmVkYyMeZmZkYiMgZWVkYiMfZWVlYiMfZmVkYyIgZmVkYiMe
aGRlYyIeaGRlYyMfZmVkYiMgZGVmYyIfZmZlYiMfZ2VlYyMeZ2VkYyMf
ZmVlYyIfZ2ZjZCMeZ2RkZCMfZ2RkZCMeZ2RkZCIfZmRmYyIgZ2RlZCMe
aGNkZCMfZ2NmYyEgZ2RlZCMfZmVkZCMfZmRlZCIfZWRkZSMfZmRlZCMg
ZWRkZCMgZWNkZiIeZmRkZiIfZWRlZCMeZmNoYyMdZWNnYyMeZmVlZCIg
ZGRmYyMfZmJmYyIfZ2ViZCMgZGRkZCMgY2RmYyIgY2VmYyMgY2RlZCMf
ZGRlZCMgZGRlZCIgZGRkZCMgY2RjZSMfYmVkZSIhkgFhX2vwAWUjH2NiaGI=
Ix9kYmdhIx9kY2ZjIyBjYmhjYw==
====== sampling stopped (index time 0.000ms) ======
