
FDDFluxReader v0.1

available commands:
	bootloader
	start_sampling
	stop_sampling
	help

> start_sampling
====== sampling started ======
2ghhJyFiYmdfJiNhZWVgJyJhZGVhJiJjYWViJSNiZGRgJyNjYmRhJyNjYg==
ZGImI2FkZWEmI2JkZGElImRiZGEmI2NkZGElI2RjZGAnI2FkZGAmJGFk
ZGEmI2NjZGEmI2NkZGAnJGJiZmAnI2RhZmEmI2JjZWEmI2NkZV8nJGNh
ZmEmI2NjZGAnI2NiZmEmJGNiZWEnJGNjZGEnI2NiZWAnI2NiZWEmI2Ji
ZmEnI2NjY2EmJGJjZGAoJGNjZGEnI2NiZGEnI2JjZmAmI2NiZWEmJGRj
ZV8nI2RkYmEoI2JjZGEmI2JkZGEmI2JiZmEmImJkZWAmI2NiZmElI2Jk
ZGMkI2RhZmEmIWViZGEmJGNhZmEmIWNkZGAmI2FkZGEmI2NiZGEkJGFk
ZWEmI2JjZWAlI2NiZGEnI2JjZWElI2FiZmMkImJiZWElI2FkZWAmImJk
ZGElI2NjZGElImJkZGAkJGFkZGElImFkZWElIWNiZGIlImNiZGIkI2Nh
ZmAlI2NhZGMlImNhZWEmImRhZGIkI2JiZmElI2JiZmAmI2FjY2EmI2Ni
ZmElIWRhZGIlImRiZF8nImJmZGEkIl8oICIhISEhISIhIiEhISEhIyEh
ISEhISEiIiIhISEgIiEiISEiICAiISIiICEiICIhISMhICAhIiEjISAi
ISAhIiEiISEgICIhIiIgICIgIiIiIiEgIh8iISIhIiEgI10oYaUBa6ABKl8=
pAFonwErYKQBa58BKB4jICVaLFxpXyUhYWVkYSUiYGVkYCUiYWRkYSUhY2RkYQ==
JCFiZWRgJSNhZWVgJCJiY2ZgJSJgZmRgIyJhZGVhIyJiZGVfJSJkYmRi
JCJhZGVgIyFiZWRgJSJhZWNgJCJhZGRhJSBjYmZgJSJiY2ZfJSFiZGVg
JCJiZWVhIyNiY2RiJSFjZGRhJCNhZGVgJSJjY2ZhJSJiZGZhJSJiZGRh
JSJhZWZhJSFjZGZgJCNiZWVhJSNiZmRhJSJkY2dgJSJiZGZiJSBjZWZh
JCFiZWVhJSNjZWVgJSFjZGZhJiFiZmZgJSFkY2dhJSFjZGRiJSJiZGZh
JSFkZGZhJSFkZGZgJiFiZGViJSFkY2ZhJSJiZGViJiFkZGZiIyNiY2Zj
JSJiZGVjJCFhZWRiJCBjZmVhIyBkJB8iICIhIiEhICIhISEiICAjISEi
ISMgICIhISEiISEgISIhIiEhISEhISMhISEgIiIhIiEiIiAgIyAiICIh
ISAiISEhISEhISIhICEiISEhIiEhIiIgIiEhISEhICRipAFpoAFkKp0BZ6cBYQ==
KZ4BaaIBZiQeIiEiICViIyJeJiAgJV8mHyAhISAhIiEiISAkYWUlHiAjZGE=
JR4iJGWgAWZiaF8pXmZlYyMhYmZkZCQhYWdlYyMhYmZkZCMiYWdlZCIjYQ==
aGRiJCJgZ2VkIyBkZmVjIiNiZ2VkIiNiZWVmIiNkZWRkJCJhZWZlIyFh
ZmVkJCFjZmRkIyJjZWZkIyJjZGVkJCJjZmRkIyNkZGVlIyJiZWZkJCJi
ZWNmJCFjZWRjJSNiZWRkIyNfKB8iISEhIiEiISIgIiAiIiMgIiEiICIi
ISEjIiEhIiEhISIjIiAiISIiISIhISIhIiAjIiEgIiEiIiIiICEiISEi
ISIiICIhISMgIiEiICEhIiIiIh8hISEhIiEiICRhpwFnowFiK50BaKQBYymgAWk=
ogFkJSEjHyedASgdIh4nnAEwmgEnHCadAS+ZASkdKJwBL5cBLBwlnQEvmQEqHiWdATCYASod
J50BLpsBKBsnnQEumgEpHSicAS2cASgdJpwBL5sBKBwlnQEumwEoGymcATCaASobJp4BLJwBKh0=
KJsBLpwBKBsmnAExmwEoHSiZAS+bASkcKJoBLpwBKB4pmQEvnAEqHiiZATCaASoeJ5wBLZ0BKB0=
KZkBMJsBKB8pmgEvnAEpHCmbAS6dASgdKpsBL5wBKRwpnQEtngEoHSiaAS6dASkdKJoBMZsBKh0=
KJsBL54BJx0pmgEvmwEsHiiaATGaASocKJ0BMZsBKR0omQEymwErHSibAS+bASoeJ5wBLpwBKh4=
KJsBL5wBKRwpnQEvnAEpHSiaATCcASkcKJwBLp4BKBwomwEwmwEqHimZATCcASodJ5wBL5wBKhw=
J5oBMJsBKR4onAEvnQEpHSaaATGcASceJ5sBL50BKRsonQEunQEoHCibATCbASgcKZsBL5sBKR0=
Jp0BLZ0BJx4nmwExmwEpHSebAS+cASgdKJwBL5sBKRwomwEtnQEoHSiZAS+eAScdKJsBLpsBKB0=
KJoBL5wBJx0qmgEtmgErHCiaAS+cASgeKJoBMJoBKB4nmQEvnAEqHCiaAS6bASkeKZsBLpsBKh0=
KJwBLpwBKBwomwExmAEqHSibAS+cASgdKJ0BLZ0BKhwonQEtmwEqHSibAS6eASgcKJsBL5oBKh4=
KJoBMJwBKR0omgEwnQEpHSiaAS6eASgeKJoBMJsBKh0pmwEwmwEpHSqcASycASseKJwBL5sBKxw=
J50BL5wBKh0onQEvnQEoGyieAS6dASgbKpsBLp4BKB0onQEvnQEqHiWdAS6dASgeKJ0BLJ0BKR4=
KJsBL54BKRwonQEumwErHSidAS6dASgeKJ0BLZwBKhspmwEvmQErHiibAS2eASgdKJ0BLpwBKh0=
J5sBL50BKB0omwEvnAEpHiicAS+bASodKJsBLp0BKhwmmgExmwEpHSibAS+bASgdKJoBMZsBKR4=
KJwBLZwBKB0nnAEtnAEqHCicAS2fASccJ5wBLpwBKR0omAExnAEoHSiaAS6bASocJ5sBL5wBKhw=
KJsBL5sBKR4lmgEwnQEoHSibAS6dASgbJ50BLpoBKB0nmwEvnQEpHiedAS2cASgeJ5wBL5sBKR0=
KJsBL5sBKh0lngEtmwEoHiicAS2bASocKJkBL50BKRwonAEvnQEoHCedAS+bASceKJ0BLZwBKh0=
KJwBLZ4BKB0mnQEumwErHSibAS+cASoeJ5oBLpsBKh0nnAEunQEpHimbAS2bASkeKJkBMJsBKR4=
KJwBL5oBKR4omgEwnAEpHSibAS+bASoeKJoBL50BKBwomwEvmwEqHCmbAS+bASkeJ5sBLp0BKB4=
KJsBMJoBKR4mnAEvnQEoHiibAS+bASgeKJwBLpwBKhwnmwEtnQEnHimZAS+bASgeJ5sBMJwBKR0=
J5wBL5oBKhwnnAEvnQEnHSidASydASgbJ50BLZ0BKB0omwEunAEoHSibATCZASgcKZwBLZkBKxw=
JpsBLpsBKhwomgEtmgEpHiecAS2dAScdJ5wBLJ8BKBsmnQEvmgEoHCiZAS+ZASkeKJkBL5sBKR4=
KJsBL5sBKR0lnAEtnQEoHCecAS2dASgcJ5sBLpsBKhwmnAEsnQEoHCebAS2cASkdJpsBLpsBKB4=
KJkBLZ4BKB0omwEunQEoHCacAS+aASkeKJsBMJsBKBsonAEumwEpHSmaAS2eASgdKJoBL5wBKRw=
JpsBLp0BKB4omwEvmwEoHiibATCcASgeKJkBMJsBKR8lnQEumwEqHCicAS2bASkdKJwBLpwBKR4=
KJsBLpwBKBwonAEwmwEqHSmcAS6bASgdJ5wBL5sBKR4omwEwmwEpHiadAS+bASkeKJsBL5sBKh0=
KJwBL5wBKh0onAEunQEqHCicAS2eASceKJwBLZ0BKh0omwEumwEqHSeeAS2cASkdKZkBL5wBKhw=
Jp0BL50BKB0onAEvmwEqHiedAS+cASgcJ5sBLp4BKB4nnQEtngEnHSmbAS+ZASoeJ50BL5sBKB4=
KJsBMJsBKB0onQEtnQEpHSadAS6bASkdJ5wBL5sBKhwnnAEunAEqHSabAS+cASkcJ5sBL5wBKRw=
Jp4BLZ0BKB0mmwEvmwEpHSadAS2dASgdKJsBL5sBKB0omwEtnQEnHSWdAS+bASkcKJwBLZsBKB4=
J5sBL5sBKB0nmgEwmwEpHCibAS+dASgdKJsBL5oBKR0nmwEvnAEoHiabAS+dASkcJ50BLpoBKhw=
J50BLZ0BKR0nnQEtnQEqGyidAS2bASkeJ50BLZsBKh0omwEtnAEpHieaAS+cASseJ5wBLp4BKBw=
KJsBLpsBKx4nnAEtngEoHSibAS+eASkcKJwBL54BKB0nmwEvnQEpHyibAS6fASgeKJ0BL50BKB4=
J50BLp0BKR4nnAEunQEpHiicAS+cASkfKJkBMJ0BKh0onQEtnwEoHSidAS+bASweJ50BLp4BJx4=
J50BL5sBKh8nmwEvnQEqHSedAS+bASkeJ54BLpwBKh8mmwEunQEpHiidAS+bASgeKJ0BLp4BKRw=
KJ0BLpsBKh0onQEtnQEoHiibAS+cASodJp8BLpsBKh0omgEvngEoHCefAS2eASgeJ50BLZsBKR0=
KJsBL5wBKR0omwEvnQEoHCecAS+dASceKJwBL5wBKR4mnAEunQEpGyeeAS2dASgdJpwBLZ0BKBw=
KJ0BLpwBKBwomwEumwEpHiiZAS6cASgeKJsBLpwBKh4mmgEvmwEqHSebASycASkeJp0BL5sBKB4=
JZoBL50BKRspmQEvmgEqHSiaAS+aASoeJp0BLZoBLB0mnQEtnAEpHiibAS+aASofJ5sBLZ0BJx0=
J5sBL5sBKR4mngEvnQEnGyidAS6cASkdJ5sBL54BJh4mnAEvnQEoHSmZAS+aASseJp4BLJwBKB0=
J5oBL6ABKB0nnAEunQEpHSebAS6cASkeKJoBL5sBKhwnnAEunAEpHSibAS6aASsdJ50BLpsBKR0=
Jp0BLZwBKh4nnAEumwEoHiibAS6bASoeJ5sBL50BKB4lnQEvnQEpHSadAS2cASoeJ5sBLZwBKB0=
KJsBMJoBKx0mnAEvnQEmHiebAS6dASgcJ54BLJwBKR4nmwEunAEoHiadAS6dAScbJpwBLpwBKR4=
J5sBLZsBKR4nnQEtnQEnHSadAS2eASgbJpsBLpsBKR0nnQEtnQEoHSacAS6cASgdKJkBL5wBJxw=
KZsBLZ0BKBsnnAEvnQEnHSWdATCbASceJ5sBLZ0BKB0omwEunQEnHiebAS6bASkeKJsBLpwBKB0=
KJoBLZ4BKB0mngEsnQEoHSecAS2dASgeKJsBLpwBJx4omwEvnQEoHCWdAS6dASgeJpwBMJsBKBw=
JaABLJ0BKB0nmwEtngEoHyabAS2dASkcJZ0BLZ8BKB0omwEunQEoHSacAS6bASoeJ5wBLpwBKh4=
JpoBL50BJx4omwEvnAEoHimaAS+cASkdKJ0BLZsBKR4omwEtnQEpHCafAS2bASkeJ5wBLpsBKR4=
KJwBL5sBKR0nnAEungEoHieaATCbASkdKJsBL5wBKB0nnQEtnAEqHiScAS6fAScdJZ4BLZ0BKBw=
J5wBLp0BJx4mnQEumgErHyWcAS+cASkdJpsBLZ0BKR4omwEunAEoHiidAS6bASkeJZ0BLpsBKh0=
JpwBLp0BKB4nmwEvmwEpHiadASybASodJ50BLZwBKB0onAEvmwEqHSecAS2cASkeJ50BLJ0BKRw=
J50BLZsBKh0nnQEtnAEoHiiaAS6eASccJ50BL50BKBwmnAEvnAEpHSicAS2dASgcJ5wBL5oBKR4=
KJkBL5wBKR4nnAEtnAEoHiabAS6dASkcKZkBLpwBKh4omwEwmwEoHimbAS6cASgeKZsBLZsBKh4=
KZsBLpsBKh4onQEtmwEoHiiZATGbASkeJ5oBLp4BKR0nnAEunQEoHiibATCbASkeKJoBL50BKBw=
KJwBL5oBKh4mngEtnQEoHSicATCaASoeJpwBLpkBKh8mnAEunAEoHiiYATCbASkfKJwBLZwBKR4=
J5sBL5sBKR0mmwEtnwEoHSibAS2dAScdKJsBL5wBKB8mnQEtmwEoHSecAS2dASgdKJsBLZ4BJx0=
Jp0BLZ4BKB0lnQEvmgEqGyedAS2cASceKJsBLZwBKB0nnQEumwEoHiiaAS6cAScdJpoBL5sBKRw=
KZoBLZwBKh4mmQEvnAEoHSibAS6dAScdJp0BLpoBKB8lnQEtmwEoHSebASydASgcJp0BLp0BJx4=
JpsBLZwBKRwpmwEtmwEqHCadAS2bASgdJ5sBLpsBJx4pmwEsngEoHCWdAS2dASgcJ50BLJsBKBw=
J5oBLpsBKh0omgEvmwEoHiabAS+bASgeJ5sBL5sBKR4mmwEtmwEpHiebAS+aASgfKJgBLZ0BKR0=
JpsBLZsBKR0pmgEunwEmHiabAS2gASccKJsBLpwBKB4qmwEtnQEpHSibAS+bASgeJ5sBLZ8BKB0=
J5wBLpwBKh0nmwEvnQEpHCedAS2dASgdKJoBL5wBKh0nmwEvmwEqHCabAS6cASkeKJwBLJ0BKB0=
Jp4BLp0BKB0nmwEvnQEpHSidAS2dASYeKJoBL5sBKh0nmwEunQEoHiabAS+cASgdJ54BLJkBKh8=
JpwBLZ0BKR0mnAEvmwEqHSeaAS+cASgdKZoBLZ0BKR0mmwEvmwEpHSibASybASkdKJoBL5sBKB4=
KJsBLpsBKB4mnQEtngEnGyebAS6dASgdKJ0BLJ0BJxwnmgEungEoHCeaAS+bASgdKJsBLZsBKB0=
KJwBLZsBKBwomgEvmgEoHSicAS2cASkcJpsBL50BKB0lmgEvngEoHiWcAS6eASceJp0BLZsBKR4=
KJoBLp4BJx0mnQEumwEpHCibAS+aASoeJpwBLJwBKR8lnAEumgEqHimZAS6dASkeJpwBLZsBKR4=
KJwBLpwBKB0pnAEtngEoHSadAS6bASkeKJwBLZsBKR4omgEvngEoHiacAS6cASkfKJwBLZ0BKR0=
KJwBLZ8BKB0nnwEtnAEpHSiaAS+dASkdKpoBL50BKB4pmQEuoAEpHCedAS6dASUeKZwBLpwBKh4=
Jp0BL5wBKRwonAEvnQEoHiifASydASkeJp0BL5oBKR4omgEunQEpHiibAS+eASgcJp0BL54BJx0=
Jp0BLpwBKB4mnwEsngEnHiecAS6cASgeJ5wBL5sBKR0onAEtnQEoHCicAS2bASoeKJoBL5wBKR4=
JpwBLpoBKh0omQEvnAEpHSmbAS6cAScdKJsBL5sBKRwmnAEtnQEoHiibAS+ZASodJ5sBL5sBKBw=
KZoBL5oBKR4nmwEtnAEnHSiaAS+aASkeKJkBLpwBKRwomwEumwEpHiabAS2bASgeJ5wBLZwBKB0=
J50BLZwBKB4nmgEvmgEqHiabAS1ZK1+mAaMBJh8iHyecASxfZGNjIyFhZGViIiJiZWQ=
YyMjYWRkZCMiYmRlYiIhY2VlYyMiYmRkZCMiYWVkYyMjYWNlZCQiYWVk
ZCMhY2RkZCMiYWRmYSQiYWZkZCMhYGZkZSMgY2RkZCMhY2NkYyQiYWVm
YiMiYWNmYyMhYmRmYiMiYWRlYiQgYmRnYSQiYWVkZCMhY2NnYiIhYmRl
ZCMhYGZmYSQgYmVmYSMhYmZkYyMhYWRmYiMhY2RlYyMgYWVmYSMiYmRm
YSMgY2RkYyMiYWRkYyQgY2RlYyMiYWVlYiIjYWRlYiQiX2VkYiUgYWRk
ZCMiYWVjZCIjYGViZCMjYGVjYyMjYWRkYyMiYWRkYyMjYWVhZCQjYGVj
YiQhYmRjYyQhYmNkYyQhYWRlYSUjYWRkYiMiYWViYyMhYWZiZCMhYWVj
YyMkYWVjYSUgYmNkYSQjYWZhYyQjYWViYiMjYmVhYiQjYWViZSMjYWdg
ZCQiYWRmYCUiYmRiYSUjYmRjYyQiYmViYiUjYWRjYyQjY2NjYSUjZGRj
YyMjYmRiYyUjYGZhZCQiYmRiYyUjYWRiYiUkYWRiZCQjYmNjZCQjYmRj
ZCQjY2JkYyUjYWNjYyUjYWRjZCUkYWNkZCQkYWNiZiUiYmNiZCYjYWRi
ZCUjYWJjZCYjYmFjZCUjYmNfZiQjYWhiYyUjXygeIyAgIiEjICEiICEi
ISEiISEhISIgISIhISAhIiIhISAjICAhIiEhISEiICEiIiEhISAhIiIh
IiAiICAiISIiICAhISIhIiEgIiAhISEgIiIhIR8iISIhISIgICAjYaUBZg==
pwFiKpwBaKUBYyiiAWajAWUmHyEhIB8lXyUjXiYfICRfJx4hICAiIiAiIR4kZGI=
JR8iICVeZmWiAWYlHiVfJSSjAacBogFoYiQiYGRnYyMhYmVkYSQiY2VkYiQhYg==
ZGVhJSNgZmRiIyJgZmRiJSJiZGVhJCJhZGRkJSJgZmRkJCFgZmRjJCNj
ZGNjJSFjZWNkIyFjZGRiJCNiZGVjIyJjZGViJSNfZ2NlIyJjZGRkJCFi
ZmRjJSNfZmZjIyNhY2ZkJSJiZWZkIiReJiAjICIhISEhIyEjICEhIiIh
ISAhIiIhIiIhIiIhIiEiICEjISEiISAiIiEiISEgIiIiIiIgIx8hIyEh
IiEhICEjIyEhICEiIiMiICIiISAiICMhISIiISEhIiEgICVhpwFmpQFhK58B
aKMBYimhAWakAWQmICIfJp0BKB8jHyafASycASkdJ6ABK5sBKB4nnwEtmwEnHSidAS6bASke
Jp0BLZsBKh0pmwEumwEoHSidAS6aASkdJp0BLpoBKh0onAEvmgEpHCebAS2dASgdJ5wBLpsBKR4=
J5sBLZ0BKR0nmwEunQEnHCedAS6cASgdJpwBLpsBKh4nmwEtnAEpHiicAS6bASkcJ5oBL50BKB0=
Jp0BK54BJx0nnQEumwEoHiabAS6aASoeJ5sBL5wBJx0nmwEvmwEpHSecAS+aASkeKJsBLZsBKhw=
JZ0BL5sBKB4nmwEvnAEoHSicAS2eASYcKJ0BLpoBKh4omgEtnQEoGyecAS+dASgdKJoBLpwBKR0=
J50BL5sBKR4mnAEvmwEoHyebAS+bASkdKZoBL5sBKR4nnAEumwEpHyebAS+bASgfJ5oBMZoBKR4=
KJ0BLpoBKR4mnQEtngEnHiadAS6dASgdJp4BL5oBKxwomwEunAEqHSedAS6eASgdJp8BLZ0BKR4=
JZ0BL5sBKR4mnQEvnAEpHSibAS6cASoeJp0BLpsBKh4omwEunAErHSWeAS+bASgdKJwBLp0BKB0=
JpwBL5sBKh0onAEtnQEpHiicAS6bASkdJ5wBMJwBKR4nnAEunQEpHSibAS+bASgeKJsBLpwBKh4=
KJwBLpsBKR0omwEvnQEoHimcAS6dASkcKKABK5wBKB4nnAEunwEoHCagAS2bASodJ5sBL5sBKh0=
J5wBL5oBKh4omwEvmwEpHSieAS2bASkeKJsBLJ4BKR4nnAEtnAEpHiicAS6bASkeKZoBLpwBKh0=
J5wBLZwBKR0nnAEwmgEqHiidAS2bASkeKJsBL50BKRwnnQEvnQEoHiibAS+dASkcKJ0BLp0BKB0=
KJsBL50BJx0nnQEvnAEoHyeeASydASocKJsBLp0BKh0omwEwnAEpHSibAS+dASgdJ58BLZ0BKB4=
Jp0BLp0BKh0onAEunQEoHiecAS+bASkfKZoBLp0BKh0omgEwnAEpHCieAS6dASkeKJwBLpsBKh0=
J5sBMJwBKR4mnwEtnQEpHiWdATCcASgeKZsBLp0BKh4nnQEunQEpHSefAS6bASseJ50BLpsBKR4=
Jp8BLZ4BKhsmnQEvnQEpHSieAS6cASkeJ54BLZwBKh4onQEsngEqHCeeAS6bASseKJwBLZwBKh4=
KJ0BLpwBKB4pnAEunQEoHiicAS6dASkeJ54BLZsBKh8nmwEvnQEpHSicAS+dASkdKJwBLZsBKh8=
KJwBL5wBKBwongEtnAEpHiidAS6bASodKJ0BLpoBKh4nnAEtnQEqHCedAS6aASscKJsBL5wBKB0=
KZwBL5sBKB0pnAEtmwErHCibAS6dASgeJ50BL5sBKB4nmwEvmwEqHSebATCcASgeJ5oBLp0BKB4=
J5sBMZoBKh4nnQEtnAEoHSecAS6dASgcJ5wBL50BKRsomwEvmwEpHimcAS6cASgeJZ0BLp0BKR0=
KJsBLpsBKB8omgEwmwEpHSefAS6bASkeKJsBLZ0BKR4omwEsngEoGymbAS2gAScdJp4BLZ4BKR0=
KJwBL5sBKR4omwEunAEqHiecATCbASkeKJ0BLZwBKRwnngEungEoHCmbAS+dASgdJ54BL5wBKR4=
KJsBLpwBKh0pmgEwnAEpHCedAS+bASodJp4BLpwBKhsonQEumwEqHSecAS+cASkcKJwBLZ0BKB4=
J50BLZ0BKB0omwEwmQEqHiecAS2dASgeJ5sBLZ0BKB4lngEumwEpHCidAS6bASkdKJsBLZwBKR4=
JpwBLZ0BKhwlnQEvnAEoHSadAS2dASgeKJwBLZwBKB0nnQEunAEpHCedAS2bASgeKJsBL5sBKB0=
KJwBLpwBKB4mnQEumwEpHSadAS6dASgcJ5wBL50BKB4mmwEvmwEqHSedAS6aASoeJ5wBLZsBKh0=
KJ0BLpoBKh4mnQEtnAEoHSicATCbASkcKJ0BLZsBKxwomwEvnAEqHiicAS6cASodJp0BLpoBKh4=
KJwBLp0BKR4onAEumwEpHimdAS2cASkdKJwBLp0BKR4onAEtnQEqHSmcAS+eASgeJ50BLp0BKx0=
J5wBL50BKR4onAEvnAErHSaeAS6dASoeJqABL5sBKB0pnQEvnQEpHiadAS2fASkdJ54BLp0BKR8=
J50BLp0BKh4nngEtnQEqHiidAS2dASkdKJ0BL5sBKR4pmwEunQEqHyiaAS+dASkdKZ0BLpwBKh4=
J58BLZ8BKB0onAEvmwEqHiedAS6bASoeKJ0BLZ0BKR8onAEvmwEpHimbAS+aASkeKJ0BLpsBKR4=
KJ0BL5sBKhwonQEvmgEpHiecAS2dASgeJ50BLpoBKB4omwEumwEpHCieAS2dASgcJp0BL5oBKR4=
J50BLpoBKh4nngEtmgEnHymaAS2cASgeKJwBLpoBKR0onQEumQEqHSeeAS2ZASoeKJoBLpsBKR4=
KJsBLZoBKR4onAEtnQEoHiaeASucASoeKJoBLp0BKR0onAEtnQEoHiicAS2cASkeJ50BLpsBKR4=
KJwBLZwBKh4omwEvnQEoHiaeAS6cASgdKJsBL5sBKB4onAEvnQEpHSicAS2dASkfJp8BLZwBKB0=
KJ0BLZ0BKB8onAEunAEqHyicAS6bASseKJ0BLJ4BKh4nnAEtnAEpICecAS2cASoeJ6ABLZwBKh4=
Jp0BLZ0BKh4pnQEtngEoHiedAS6bASsfJ54BLZwBKR0onAEvnAEpHCicATCcASgeJ54BLpoBKh4=
Jp8BLZsBKR0nnQEvmwEoHieeAS2bASkeJp4BLpsBKR4nmwEvmwEpHiWgASycASgdJqABLZsBKR0=
J50BK5sBKR4omwEwmgEqHSWdAS+aASkdJpsBLpoBKh0nngEtmgEqHiacAS2bASgcJp0BLZ0BKBw=
J5wBLZwBKBwonAEtnQEoHSebAS+bASkcJZ8BLZoBKB4lngEtmwEqHCebASybASkeJ5wBLZ0BKB4=
Jp0BLZgBKx0lnQEtmwEqHSiZAS+aASodJ50BK5sBKR4mnAEvmwEpGyidAS2bASkeJ5sBL50BKB0=
Jp4BLJ0BKB4onQEtmwEpHCefAS2bASoeJp0BLZkBKh4onAEsnAEqHiadAS6bASocJ5wBLpkBKx4=
KZsBL5sBKB4nngEvmwEqHiefAS2bASoeJZ4BLp0BKB4mnQEvmgEqHiefAS2bASofJ5sBL5sBKR8=
JpwBLp0BKR4pmwEtmwEqHyibAS6bASseKJ0BLZsBKR8mngEtmwEqHiecAS6cASkdKJ0BLpwBKh0=
KJsBL50BKB0onQEtnAEpHiibAS6bASsdKJ0BLZoBKh0onQEumwEpHCedAS2dASgfJ5wBLpsBKh4=
KJsBLpsBKB4nnAEumgEqHiicAS6aASgdJ50BLZwBKBwonQEumgEqHSedAS2bASobKJ0BLZsBKh0=
JZ4BLpsBKBwomwEumwEpHiafASyaASoeKJkBLZwBKB4pmwEtmwEqHiebAS2bASgeKJwBLpsBKR0=
Jp4BLZsBKR4onAEtmgEqHiecAS2cASkdKJ0BLZsBKR4nnQEumgEqHSicAS6bASkeKJsBLpoBKh4=
J5wBL5sBKB4onQEvmQEpHyiZAS+dASgcKJ0BLZ0BKB4onAEtmwEpHiibAS+aASoeJp0BL5sBKR0=
KJ0BLZkBKh4onAEvmwErHSibAS+ZASweKJwBL5kBKh4mnQEunAEpHiiaATCbASoeJ50BL5sBKB8=
J50BLZsBKh4nnQEunQEpHiieAS2bASoeJp8BLZ0BKRwomwEvnQEoHiicAS6dASocJ5sBMJwBKxw=
J54BLJ0BKBwpnQEvmwErHSadAS2dASgeJp0BLp0BKB8nnQEvmgEqHSadAS2bASkeKpoBLZwBKh4=
KJsBLpwBKh4mnAEumgEqHCmcAS+YASsdJ50BLpsBKh0nmwEvmQErHCecAS+ZASkeKJ0BLZsBKx0=
JZ0BLpoBKh0mnQEumgEqICeZAS2dAScdKZwBLZ0BKBwonQEtmwEoHiedAS+bASgdJpsBLp0BKB0=
Jp0BLpwBKB0nnAEtmwEqGyicAS+cASgdJpwBL5kBKR0nmwEvmQEqHiibAS2ZASoeKJwBLZoBKh0=
J5wBLpoBKh4onAEtnAEoHiibAS2cASgeJaABLJoBKh4nmwEunQEpHiedAS2bASkfKJoBL5oBKhw=
J58BLZoBKh4pnQEtmwErHiebAS+bASoeJ5wBL5oBKx4nnAEtnAEqHiaeAS2cASkeJZ4BLpsBKR4=
KJsBLZsBKh8onQEumwEpHSadAS2cASodJ50BL5sBKh4mnAEvnQEpHSaeAS2cASgfKJ0BLpsBKR0=
J50BLZsBKh4nnQEumwEpHSaeAS2dASgdJ50BLZwBKB4omwEumwEpHCibAS6bASkdKJ0BLZwBKB0=
KJsBLpsBKR0onQEtmwEoHSadAS2dASgbKJ0BLJ4BJh4mnAEtnAEoHSeeASydASkcJpsBLpwBJx0=
J5wBL5gBKh4mnAEsmwEpHiebAS2cASgdJ5wBLZkBKB8mmQEvmwEoHiedASqdASgdJp0BLJkBKh4=
J5oBLpgBKh4nnQEtmAEqHiiZAS6ZASofJp0BLJoBKR0omwEsmwEqHiebAS+aASgdJ50BLJsBKR0=
J5wBLpcBKx4nmgEumwEpHiebAS6YASseKJsBLZsBKB4mnQEtmwEoHCidAS6aASodJp0BLZsBKR4=
Jp0BLpsBKhwnnAEvmwEoHiicAS6ZASseKJ0BLJwBKh0mngEsmwEqHiadAS2cASkcKJwBL5kBKR8=
J50BL5oBKR4onAEvmgErHSedAS2cASoeJp0BL5oBKh8mngEtmwEpHiaeAS2cASkeJ5wBLpsBKR4=
KJ0BLZsBKh0onAEvmQEqHiidAS6bASkdJp0BL5oBKh4nnAEungEnHiicAS2dASgeJ5wBL5oBKh4=
JZ0BLZwBJx4mnQEtnQEnHiadAS6cASgdKZsBL5sBKB4mmwEumwEpHSibAS6bASgdJ50BLJ0BJx4=
J5wBLpsBKB4nmwEunAEpHSWdAS6aASgdKJsBLZsBKR0lnQEtmwEpHyWbAS2aASocJ5sBLpsBKB8=
JZwBLZkBKh4nmwEtmgEoHiedAS2bASgeKJoBLZoBKB4nnAEtmQEpHieaAS+aASgeJ5wBLJoBKR4=
J5sBLZoBKR4lnAEumgEpHSecAS2bASkeJp0BLJsBKB0mngEsmwEpHiacAS2bASgdJ50BLZwBKB4=
J5wBLZsBKR4mnQEsmwEpHiebAS2cASkeJp0BLZwBKB4nnQEtngEnHyaeASyaASkeJp0BLZwBJx8=
J50BLpsBKB8onQEsnQEoHiibAS2cASgeJ50BLZwBKR4mngEtnAEoHieeASybASgeJ50BLpoBKR4=
KJwBLpsBKB8nngEtmQEpHieeAS2aASgeKJ0BLZoBKR4nngEtmQEqHiedAS2aASodKJwBL5oBKB4=
J5wBLpoBKR4omwEumwEpHiecAS2bASgdJ54BLFgrYKUBpAEoHiIfJZ0BKl5mYmMjJGFkYw==
YiQhYWRhZCQjYWVhZCMhYGViYiQiYmVhYiUiX2RjYyMiYWRjYyMjX2Vk
YSUiYGNkYyMjYGRkYCQiYWZiYSQiX2ZiYSIjX2diYSMhYGdiYSMhYWZi
YSMhYWZiYSMhYGdhYyMhYWZiYyMgYWZiYyEiYWViYiQhYGZjYyIhYmVj
YiMiYWRkYSMiYmRiZCMhYWZkYyMhYGZiZCQgYWVjZCMgYmRkYSUiYWZi
YiUhYWVkYiUhYmVjYyQiYGZjYiUiYmRjYyQiYGRkYyMjYWRmYSQiYGZk
YiMjY2RhYyMiY2RjZCMhYmRkYyMiYmRiZCMiYWViZCMjYWRiZCMiYmRi
ZCMiYmNkYyQhYWRjYyMhYWZiZCMhYGViZSMhYWRkZCMhYGViZCQiYmRi
YyIiYWRhZCQiYWRjYiMjYmVhYSUjYmRhYiMiYWRkYSQjYWVhYiQiYWVi
YSIhYWVhYiMjYGZgYyMjX2ViYyMhYWdfZCMhY2RhYyQgYGRjYyMiYWZh
YyMjYGVhYyMiYGZjYSMiYmVjYSIjYWNjYyQjYWRjYyIjYmRiZCMhYmRk
YyMjYmRhYyQiYWZhZCMjYGVkYSQjYGZkYyMjYmRjZCQjYmRkYyMgZGZh
ZCMiYWdiYyMjYmVkYiMiZGRjZCQiYWZiYyQjYmVjYiUjXiYgISAhIiEj
IiAgIiEiISEhICEhIyAgIyAhISIhICIiIh8gIiMhICEgISIiISAhIiIf
ICMhICMiISAhICEjISEgICEiISIhISAiIiAgIyIhIiAgISIiICEiICAi
ISEkYqIBaKIBYyydAWikAWIoowFmoQFiJiEhICEfI18lI18jHyElXyUeISEhIR8g
IiIgJV4nXiUeICRhZF8rWSlbK6ABYSVgYChgZV8kIWJiZl8lIWBkZGEkIQ==
YWRkYCQjYmJlYCMiYmRkYCUiYGFlYSMjYWJkXyUhYWNlYSUjYWFlYSMi
YWJlYCYhYmRkXyUiYGNlYCUiYmJkYSUhYWJlYSUhYmJmXyUiYWNlXyYh
ZGFmYSQhYmFlYSUjY2JkYSQhY2FmYCYiY2FmYSMjXyYeICMhICIhHiIh
IiMgICMiISAiICEiIiEhICEhIiEiISAgICIiIyEgICAjISEgICIhICEj
ISEgISEgIiAiICIgIiMgICMgICAiISMgICEgIiMgICAhICEiIiAiIR4j
ZKQBZqIBZCmfAWekAWAqnwFqngFlJSAjHiaeAScdISAmngEtmwEoHSicASybASceKJ0BLJkBKQ==
HiWeASuaASkcJ50BK5sBKB0lnQEtmwEoHCadAS2aASkcJp0BLJoBKB0mnQErmwEoHSabAS2dASg=
GyWdAS2aASkdJpsBLJ0BJh4nmgEsmwEpHSabAS2aASgcKJwBKp0BKBwomwErmwEnHiadASucASU=
HSacASycASccJ5sBLJsBKB0mnAErmwEoHiWcASycASgdJ5sBK50BJhwnmwEsnQEnHiebAS2cASc=
HiabAS2bASgcJp0BLJwBKB0nmwErnQEoHSedASycAScdKJoBLpwBKB0omwEtnAEoHSacASyaASk=
HiedASydASccJpsBLpwBKBwmnQEtnAEoHiebAS6cASgbJ50BLZsBKB0lnwErnQEnHCadAS2aASg=
HSebASydASgdJ5wBLZsBKR4lnQEtmwEpHSadASydASgbKJ0BLJ0BJx4mnQEsmwEpHSabAS6bASc=
HSibASycASkdJp0BLZ0BJh0nmwEsngEnHSecAS2cAScbJ50BLJsBKB4mnQEqmwEpHiibASydASY=
HCecAS2cAScdJ5oBLZsBJx4omgEtnAEoHSabASycASgeJpsBK5wBKBsmnQErnQEmHSadASybASg=
HSWbASycASgdJpsBLZsBKB0nmgEsnAEoHCacASudASgcJ5wBLZoBKB0lnQEsnQEnHCacASycASc=
HSabAS2bASgcJ5wBK5wBJx0nmgEtmwEoHiebAS2bASccJp0BKpwBJx0mnAErnAEpHCebASydASg=
HSacAS2bASgcJpwBLZwBKBwmnAEtnAEnHSibAS2dASYeKJoBLp0BKBsmnQEsoAElGyeeASudASc=
HSebASycASgdJpwBLpsBKhsmngEsnQEoGyedAS2dAScdJ5sBLZ4BJx0nnAEtngEnHSedASybASg=
HSecAS2dASgcJZ4BLZ4BJhwnmwEtnQEnHSedAS6dASUdJ54BLJ4BJx0nmwEtnAEoHCebAS2eASc=
GyicASycASkcJ54BLJ0BKBwnnQEsmwEpHSaeASycASkcJZ0BLZ0BJx0mngEqngEnHCecAS+bASg=
HCicASucASccJp0BLZsBKB4knQEsnAEoGyebASybASkcJp0BK50BJx0knwErngElHCecASycASc=
HCibASybASkbJpwBLJsBJx4nmwEsnAEoHCedASqdASccJpsBLZoBKRwmnAErnAEoHCebASudASg=
GiebAS2dASYcJ5sBLJ0BJxsmnAErngEmHSabASybASgcJ5sBLZsBKBsnmgEumwEnHiiaASydASc=
HSWbASybAScdJpsBK50BJx0mnAEsnAEoHiaaASydASccJp0BKp0BKB4mnAErmwEoHSebASydASU=
HiibAS2dASYcJp0BK5wBKR0lnAEsnQEoHSSeASydAScdJ50BK50BJxwnnQErngEmHCedASyeASg=
GyecAS6bASccJ5wBLZ0BKB0nnAEsmwEoHSicASyeASgdJ5kBLp0BKB0nnQEtnAEoHSebAS6aASk=
HiecASycASgdJZsBLp0BJh0mmwEumwEpHSebASycASgeJ5wBLJsBKRsonQEtmwEpGyedAS2aASk=
HSebAS+bASgeJ5wBLZsBKB0omQEvmwEoHSebAS2bASgcKJ0BKp0BKBsmnQEsngEnHSecASybASc=
HCecASyeAScbJ50BK5sBKBwnnQEsmwEoHSWdASudASgcJpsBLJ4BJxwnnQEtmwEnHCacAS2cASY=
HCadASudAScdJpoBLZsBKB0nnAEsmwEoHSecAS6aASgdJpsBLZsBKhwmnAEtmwEoHCebAS2dASc=
HiebAS2dASYdJ50BLJ0BKB0mnQErnQEmHSicASudASkcJp0BLJ0BKB0nmwEsnQEnHSibAS2cASg=
HSadASydASgcJ50BLJwBKR0mnQEsnQEnHCedAS2bASkbJ54BK50BKRwmnAEtngEmHSmbAS2dASg=
GyidASydASgdJ50BLZsBKBwonAEunAEnHiabAS6cASgbJ50BL5sBKB0nmwEunQEoGyicAS2eASY=
HSecAS2dASgcKJsBLpwBJx4nmwEtnwEoGyWfASydASgcKJsBLZwBKRsonAEsngEnHCecAS2dASo=
GyadAS2bASgcKJ0BLZoBKh4mmwEtmwEoHSeaAS6bASkcKZoBLpsBKB0mnAEtnQEpHCWaAS6bASo=
GyecASudAScdJpsBLZoBKB0omwEsmwEpHCebAS2cAScdJJ4BLZoBKhwlmwEsnAEnHCecAS2bASk=
HCWbAS6aASgcJp0BLJsBKR0omAEumgEqHSWbAS2bASkbJ5wBK50BKBonmwEtnAEnHiibAS2cASg=
HCebAS2aASkcKZcBL5sBKRwnnAEtmwEpHSebASydASgbJ5sBLZsBKhwonAEumwEqHCaZATCbASg=
HCibAS6aASocKJsBL5oBKRwrmQEumQEqHiiaAS6aASsdKJoBLpwBKB4pmwEumwEoHCidAS2dASg=
HiibAS+bASobKJoBL5sBKR0qmwEumwEpHCqbAS+aASoeKJkBL5sBKR0pnAEtmgEqHSicAS2bASo=
HCidAS6ZASsdKJsBMJsBKB0qmAExmwEoHSibAS6aASodKJsBL5oBKhsomwEvmgEpGymbAS2bASo=
HCiaAS6dASoZKJsBLpoBKRwpmwEumwEoHCecAS6bASkcJ5oBLpoBKhwomgEumwEpHSmYAS6bASg=
HCecAS6aASgbKpgBL5oBJx0pmgEtmwEoHCmYAS+ZASgdKJkBLpsBKRwnmwEsmgEpHCiZAS+aASo=
HCeaAS2bASgcKpoBLZkBKhwnmwEtmwEoHSeZAS6cAScdJpsBLZsBKR0mmwEvlwEqHSibAS2aASk=
HSiZAS6cASgdJ5sBLZ0BKB0omgEtnQEpHCedAS6bASgdJ5wBLZsBKBwonQEtmgEpHSicAS6cASg=
HCibAS2dASgdKJsBLaABJxsonQEtnQEoHiedAS2dASgdJ5wBLZ8BKB0nmwEsngEpHSeeAS2fASc=
GyieAS2eASkdJp4BLZ0BKR4nnQEtnQEpHiedAS2dASkeJp0BLJ8BKRwonAEunQEoHiibAS2fASc=
HiieAS2bASodKZwBLZ0BKR0nnQEtnQEoHiieAS2cASoeJ5wBL5sBKB4onQEsnQEoHCafAS2eASc=
HSeeASydASgdJ54BLZsBKhwmnQEtnAEoHyadAS2cASgeKJsBLpsBKB4nnAEtnwEnHiacAS2dASg=
HSedAS6aASkdJp4BLJ0BKB0onAEsnQEoHiebAS2cASkcJpwBLZsBKB4nnAEumwEoHSibAS2ZASg=
HSedASqdAScdKJ0BLJsBKhwmnAEtmwEoHSadAS2ZASodKJoBLpoBKBwonAEtmwEqHCeaAS2cASg=
HSecAS2bASgdJpwBLJ0BKBwomgEvnAEpGyedAS2aASkcJZwBLpsBKB4nmwEtnAEpHiecASudASg=
GyaeASufASgbJ50BLZsBKR0omQEvmwEoHiibAS2bASkdKJsBLZ0BKB0nnAEvmwEqHCidASyeASg=
GyefASydASgdKJ0BK54BKB0nnQEtngEoHCidAS2fASgcKJwBLp0BKB4onQEumgEqHieeAS2cASk=
HiefAS2cASgeKJwBLpsBKR4nnwEsnQEpHSafASyeASgeKJ0BLZwBKB8onQEtnAEoHiidAS2bASo=
HCmcAS6bASoeJp0BLJ4BKBwnnQEunAEoHSibAS6aASseKJwBLZwBKB4nnAEtnQEoHCeeAS2bASg=
HSedASydAScdKJsBLZ0BJhwpmwEsnAEoHiWdAS2cAScdJ5wBLZoBKR4nmwEtnAEpHSedASuaASo=
HyaaAS2bASgcKJwBLZsBKB4mmwEvmQEqHCibAS2cASgdKZgBL5kBKR4onQErmwEoHCadAS2bASk=
HCebAS6bAScdJp0BLJkBKR0onAEsmwEoHCmcAS2aASgdJ5sBLpoBKBwnnAEtnQEoGyiaAS+bASY=
HCibAS2bASocJp0BLZwBKB4nmwEtmgEqHCibAS2cASgcKJwBLJ0BJh0onAEtmgEpHCibAS2eASc=
HCecAS2cASoeJZ4BLZsBKR0nnAEumwEoGyieAS2bASgdJpwBLp0BKBwonQEsnQEnHCqbAS2cASo=
HSadAS+bASgcKJ0BKp0BKRsnnQEtmwEpHSiaAS6dASgdKJoBL5sBJxspnQEsnQEoHiacASyeASc=
HSecASudASgdJ5sBLp0BKBwomgEumwEoHiadASycASgcJ50BLZsBKhwomwEtmwEpHCacAS+cASg=
HSiZAS6dASgcKJwBLZwBKB4mnQEtnAEnHSWdASybASkdJp0BLpoBKBwonQEsmwEpHiebAS6aASo=
GyiaAS2cASgbKJsBLJ0BKRwlnQEtnQEmGyedAS6bASgcJZ0BLpkBKR0lnAEsmgEpHSedASubASg=
HCebAS2bAScdJZ4BK5sBKBwnmwEtmwEoHCWfASuaASocJ5wBLJwBJxwnmwErnQEpGyeaAS6dASg=
GyadAS2cASgdJpsBLZsBKB0nnAEtnQEmHCedASydASgcJ5sBLZ0BJxsomwEtmwEoHCiaAS2dASc=
HCibAS2dASceKJsBLZoBKhwomwEtmgEpHCebAS6cASgcKJ0BLZoBKhwpnAEtnQEoGyicAS2dASg=
HCidASycASgdKJsBLpsBKRwonQEumwEpHSibAS6cASkcJ5sBL5sBKR0omwEvnQEoHCmbAS6dASg=
HSibAS6cASgdKZoBL5wBKB0qmwEtnQEpHSmaAS6cASgeKJoBL50BKRsomwEunAEpHSmbAS2cASk=
HCibAS6cASkdKJwBLZwBKRwomwEtngEnHCibAS2dASgdKJkBLZ0BKRwomgEvmwEoHSibAS2dASg=
HCicAS2cASgcKJoBL50BJx0nnAEtnAEoHSecAS2cASgcJ54BK50BKB0nnAEtnQEoHCidAS2dASc=
HCeeASydAScbKJ0BLZ0BKBwnngEtnAEoHCedASycASgdKJ0BLZsBKR0nnQEtnQEoHCidASyfASc=
HCadASydASgcKJ4BLZ0BKRwmnAEtnwEoHSadAS2eASgeJ5sBLaABKB0nmwEtoAEnHCidAS2dASg=
HiecAS2gASYdJ5wBLZ8BKB0ongEtnQEoHiiaAS+dASkdKJ0BLZ0BJh8onAEumwEpHiidAS+cASg=
HSqcAS6bASgeKJsBL50BJx4onAEunQEoHCidAS6cASgeKJsBL5wBKB0onQEtmwEpHSadAS2dASg=
HSibAS2eAScdKJsBLp0BJxwonAEunQEoHiebAS+dASgcKZsBLp0BKBwnnAEunAEqGyebAS6eASg=
GyebAS+cASgcJ50BLZ0BJx0mnQEunAEpGyecAS6cASgcJp4BLJwBKRwnnAEtnQEoHSebAS2cASg=
HCibAS2dASgcJ5sBLZ4BKBwmnAEtnAEoHSecASydASgdJ5sBLF0pX6QBpQEnHiEeJ50BKl9k
ZV8mIGFkZGEkIWJkY2ElImJjZmAjI19kZWAlIWJkZ14kIWFkZWEkImFj
Zl8lImBjaF8lI2BjZWAmImBkZV8lImBjZmAlI2FiZl8lI19jZmAlIWFj
Z2AjImFlZWEjI2BlZ18mIWFiZmEjImFjZmEkImFjZmAlImFmZWAjImJh
Z2ElImBlZmElIl9kZmAlImJiZ2ElImFjZl8lImFmZmAkImJjZGEkI2Bj
ZmIkI2FiaGAlImJkZGIlI2FkZWAnI19jaF8mI2BjZl8lIGRkZ18mImJi
ZmEjI2FjZ2ElImJkZl8lIWJkaF8lImBkZ2AmIWFkZmAlI2BjZ18lJGFj
ZmElImNjZGIjImNiZWEjI2JjZWIjIWFjZmEkImFiZmElI19jZmAlI2Fj
ZWElI2JhZl8lI2JiZWElImFjZGIjImRhZl8kImJjZGIjImBkZmAlIWJk
ZV8lIWFkZl8lI2FjZWAnIWFkZV8kImFlYmMkImBiZmElIGFjZl8lI2Jh
ZmAmI2BiZmEmI2FkZV8mImBhZ2AkImNhZmElI19kZWImIWFiZmElJGFj
ZWEkI2JkZmElImNkZGElImJjZmIlI2NiZmIjImJkZWIlIWNkZmAlIWRj
ZmIjImFkZWMkI2JkZmEmIGFkaWAmImJjZmEkI2JhaGAlJWFiZ2ElIl8n
HiAiIyAhIiEgIiEgICIjICIhIiAiIiEgICIgISEhISIhIiEiICAhISEi
ISEiISAhICAiIiEiISAgICEjISIhICEgIiEfISMiIiAiICAhISIgIyAh
HyAiIyEgISEfJWSiAWmgAWQongFnpQFhK54BZqEBZSUgIiEgHyRfJSFfJR0gJF8l
ICIfISIhICEfJGNhIx8iIiAkYaEBJR8iJKEBpQEtmgFmYCqdAWlfJSNgYmhfJCA=
YmRkYSQfYWZnXyQiYmFmYiUhYWNmXyQhYWZlXyQiYWRlYSQhYWRlYSUg
YWRkYCYjYWJmYiMjYmJlYSMhYmVkYCYiYGZnXyMgY2FnYyMiY2JlYSUh
ZGFmYCMgZGJmYSUjYmFmYiMiZGNjYiUiYmNmXyQgY2JoYSMiXyYgICAi
ISAiIiAiICIgICEhISIhIiEhICIiISEhICIhICAiICIgICIgIiEgISAg
ISAjIiEfISEgIyAiICEgISEhIiIgICIiISAgIiIhISEgICIfIiMgHyAi
IiAgISAlZaABaaABZimdAWmjAWAqngFsngFmJB4hHyaeASgfIB4nnAEvmQEoHCecASybASg=
HSibAS2ZASgdJp0BLpoBKRwmngEsmwEoHCaeAS2bASgcJZ0BLZwBKBwomwEumgEpHSabAS6bASg=
GyecASudASccKJsBLZgBKRspmQEumwEpHCadASucASgbJpwBLJwBKRwomQErnQEnHCabAS2dASg=
HCabAS+cASgbJp0BLJwBKBwnmwEtmwEpHiaaASudASkdJpwBLZoBKB0omgEsngEoGyebAS6bASg=
HCebAS6bASgdJp0BLZsBKRwomgEumwEoGyibAS2cAScdJ5wBLJwBKB0onQErnQEnHCibAS2eASc=
HCidAS2bASkdJZ0BLJ4BJxwloAErnQEoHiicASufASgcJp4BK50BJx4nnQErnQEpHCadAS2dASk=
HSacAS6bASocJ5sBLp4BKBsmnQEtnwEoGyedAS2fASccJpwBLp4BKB0nnQEsngEoHCicAS2cASs=
HSadAS2cASgdKJ0BLZwBKB4nnQEsmwEoHiedAS6dASgeJ5sBLp0BJx4onQErnQEoHieeASyaASg=
HCmbAS6aASoeKJsBLZ0BKB4mnAEtmwEpHiedAS2bASodJp4BLJ8BJx0nngEtmgEpHiicAS2cASc=
HiWdAS2bASocJ50BLZ0BJx0onAEsnAEoHyadAS2aASkeJ50BLJ0BJx0omwEsnQEnHSmcASybASg=
HCibAS2bASceJJ8BLJsBKRwnnAEumgEoHSedASqdASccJ50BLJsBKB0nmwEunAEoHSadAS2bASk=
HCibASycASccJ5sBLJ0BKh4lnQEsnAEoHSabAS2gASYbKJ0BLZoBKh0nnAEsnQEpGyaeAS6aASg=
HSadAS2dASgbJ5sBLp4BJhsonAEsoAElHSicASydASgcKJ4BK50BKBwomgEvnAEpHSicASyeASY=
HCecAS6bASkeJ5oBL5wBKBspnAEtnQEoHSaeAS2bASkdJ50BLZwBKR4mnQEtnQEoHSecAS6dASc=
HCafASucASodJp0BLZwBJx4onAErnwEnHSmcAS2dASceKJ0BLZsBKh4mnAEvmgEpHiWdAS2cASc=
HiedAS2aASsfJpsBL5wBKR0nngErnAEoHSicAS2bASgdKJwBLZsBKR4nnAEvmQEoHyadAS2aASk=
HieeASqdASgeJ50BK5wBKBwnnQEtmgEpHiebAS2bASkfJpsBK5wBKB4nmwEumgEpHyacASydASg=
HSacAS2ZASkeJ5wBLJsBKB4nnQErnAEmHiiaAS+aASgeJ5sBLpoBKBsnnQErnQElHCedASycASc=
HSebAS6aASkcJ5wBLZoBKB4lnAEsmwEpHiWeAS2aASkbJ5wBLJ0BKBwnnAEsmwEoHSicASuaASs=
HSWdASueAScbKJ0BLZsBJx0omwEtmwEoHSiaAS2dAScdKJoBLZ0BJxsomwEsngEoHCacASyeASY=
HiibAS2eASgcJp0BLZwBJx0nmwEtnQEnHSeaAS6dASgbKJwBLZ4BJxwnmwEunAEnHSecAS2bASk=
HiacAS2aASkeJZwBLZwBKBwomwEunAEpGyecAS2dASgdJ5wBLZ0BKB0nnQErnwEnGyadAS2cASg=
HSaeASqdASgdJp4BLZ0BJx0lnQEsnQEoHSeeASucASccKJwBLp0BJh0onAEtngEnHCaeAS6cASc=
HiadASudASgeJ5wBL5gBKh4nnAEsmwEpHCWdASudASkdKJoBLZsBKh4onAErnQEoHSacASydASc=
HCadASybASgcKJ0BLZsBJx0nnQEsmwEnHSecAS2eASYcJp0BLZ0BKBsonAEsnAEpHCeeASydASY=
HCeeASubASgdJ5sBLJ0BKBwnnQEsnAEoHCecASyeASgdJp0BLZoBKBwomwEtmwEoHSacASybASk=
HSadASyeASgdJpwBK50BKh0nnQErnQEnHCeeASudASgdJp4BLJwBJhwonQEqnwEnHSecAS2bASk=
HSWdAS2eASgcJZ0BLZsBKR0nnQEtnQEnHyaaAS6dAScdJ5sBLpwBKB0lnQEtnQEnHCaeASybASk=
HSWdAS2dASceJZ0BLZ0BJx0mngEqnAEoHiadAS2bASgcKJ0BLZsBKB0nnQEqngEoHCaeAS6YASk=
HiibAS6bASkdJ50BLJwBJiAnnAErnQEpHCecAS2dASkcJ5sBLZsBKB4nnQEsngEmHSicAS2aASg=
HiicAS2cASgdJZ8BKpwBKR0mmwEunQEnHCadAS2dASceJ54BKp0BKB4onAEsnAEpHSibASycASg=
HCedAS2eASccJp8BLJwBKB4nnAEtmgEpHSibAS2cASgcJpwBLZwBKB0nmwEunAEoHiWdAS2bASg=
HCicASydASgbJ54BK50BJx4nnAErmwEqHSecASyeASYeJZ0BLZkBKRwnnQEsnAEoHSibAS2aASo=
HSWdASybASocJpsBLZsBKB0mnQEsnQEnHCibAS2ZASkeJ5sBLZsBKB0omgEtmwEqHiacASubASg=
HiecAS2bAScbKJ0BLJsBKRwonAErngEoHCWcASybASkeJ5sBL5sBJxwmngErnAEoHCecAS2cASg=
GyecASycASgcJ5wBLJ4BJRwpmgEumwEoHyWbAS2cASgdJ50BLZoBKB0omwEtmwEoHyabASydASg=
HSadASydASccJp4BLJsBKB0lnAEumwEoHSadASybASgeJ5oBLpoBKh4lnQEqnQEnHSidAS2bASY=
HCedASybASgeJpwBLZsBKB4mmwErnAEoHCiaAS2cASgdJpsBLZwBKB4mnQEtmgEoHiadAS2aASk=
HSWcASycASceJ5sBLpkBKh4mmwEsnAEoHiacAS2aASkdJp0BK5sBKRwnnQEsmwEoHSiaASybASo=
HiadASubASkdJZ0BK5wBKB4mnAEsnAEnHieaAS2bASgdJp0BK5oBKR0mnQEsmwEnHiadASybASg=
HiabASybASkcKJwBLJsBKB0lngEsmwEoHCadAS2ZASgdKJsBLJoBKR8lnAEtmwEnHSiaAS6ZASg=
HiiaAS2aASkdJp8BK50BKB0nmwEtmgEpHSedASydAScdJpwBLZsBJx8nmgEunAEnHSicAS2ZASg=
HSafASqdAScdJ5sBLZwBKB4omwEtnQEnHCebASyeAScdKJ0BLZsBKBwnmwEtnAEnHCedAS2cASk=
HSWeASqgASYcJp4BLJsBKB4nmwEumwEoHSecAS2dASceKJoBLp0BKB0nnQEsnAEnHiecAS2dASg=
GyaeAS2bASgeJp4BK5wBKRwnnwEtmwEoHSadAS2bASkeJpwBLZ0BKB0onAEtmgEqHiadASydASg=
HiaeASueASYcKJsBLpwBKBwnnQEumQEqHiaeASybASkdJ5sBLZkBKx4nnAEtnAEnHSedAS2cASg=
HCaeAS2aASgeJp0BLZsBKB0onQErnQEnHiibAS2aASkdKJsBLZoBKh0nnAEtnAEnHSecAS2bASk=
HSadAS2bASkdJpsBLZ0BKR0nmwEsnAEoHiecAS2cASkcJp4BLJsBKBsomwEvnAEoHiibAS2bASk=
HCagASudAScdJ50BLZsBKB0omwEtnwEnHCedASybASceKJsBLZ0BKB0nnQEqnQEnHiidASydASg=
HiaeASycASgdKJwBLZwBKB4omgEunAEoHiidAS2bASgdJ5wBL5wBJh4omwEtnAEpHyadAS2bASk=
HiedAS2cASgdKJ4BLJ0BJx0pmwEunAEoHSidAS6cASkeJZ0BL5oBKB4nnQEtmQEpHiieASudASg=
HSecAS+bASoeJpwBLpsBKB0onQEsnQEnHSidAS2bASgfJ5wBLpsBKB0nnQEsnQEoHSeeASqeASg=
HCaeAS2aASodKJsBLZwBKR0onQEtnAEoHCadASybASodJZ0BLZwBKB0omwEumwEoHiedASydASU=
HSeeASucASgdJ54BLZoBKB0omwEtnQEoHiWdAS2bASgeKJsBLZwBKBwnmwErnQEoHSWdAS2bASg=
HiacAS2cASgdJ50BLJsBKBwmngEqnQEoGyibAS2bASodJ5wBK50BKB0nnQEsmgEpHSiaAS2bASk=
HSiaASycASgdKZsBLZ0BJx4nmwEtmwEoHiibAS2bASgdKZsBK5wBKB0onAEsmwEoHiedASqbASo=
HSedASydASYeKJsBLZsBKR0nnQEsnAEpHSedASudASceKJwBK54BJx0mnQEqnQEoHCidASudASg=
HiedASybASgdJ50BK50BKBwmngEqnQEnHSedAS2dASYcKJ0BK54BJhwongEsnAEoHSedASycASg=
HCmdAS2cASYdJ50BLZsBKRsonQEsnAEoHCieASycAScdJ58BKp0BKBwnngEtmwEoHCeeASydASc=
GyidAS2cASccJp4BLZsBKBwonQEtmwEnHCedAS2cASgcKJ0BK5sBKR0nnQEtmwEoHCedAS2aASk=
HCedAS2bASgdKJwBLpoBKB0nngEsmAEpHCedAS6XASodJ5wBLZkBKR0nngEsmQEoHSicAS2ZASk=
HSedAS2YASkdJ50BLpgBKR0onAEtmwEoHSecAS2bASocJZwBLpsBKB0pnAEtmgEpHSadAS2dASg=
HSebAS+cASceKJsBLJ0BKR0nmwEtnAEoHSicAS2bASocJp4BLpkBKR4omwEumgEoHiadAS2bASg=
HSicAS+aASkeKJwBLZsBKB4nnQEtmwEoHSidAS2dASgcKJ4BLJwBKB4onAEtnAEoHSaeASueASc=
HiibAS2dASkcJ54BLJ0BKB4onAEtnAEoHSidAS2bASkdKJsBLZ0BKR0onQErnQEoHiacAS2dASk=
HCidASydASgdKJwBLZ0BKB0nnQEtngEoHSidASydASgdKJ0BLJ0BKBwongErnQEnHSeeAS2bASk=
HiWcAS6bASgeJ5wBLJ0BKBwonAEumwEoHiedASydASgeJpwBLZwBKh0mnAEtnAEoHSaeASucASg=
HSibAS2dASgdJ50BLZsBKRwnmwEtnAEqHCacAS6cASgcKJwBLJ0BKBwmnAEtnQEmHSicAS6aASs=
HSiaAS2dASccKZsBLZwBKB0nnAEtnAEpHSebAS6bASkeJpsBLp0BKB0nnQEqnwEoHSeaAS6dASc=
HSebAS+dASgcJ5wBLJ0BKR0mnQEtngEoHCicASyeASgcJp0BLpsBKB0onAEtmgEqHSicASycASg=
GyibAS2dASgeKJsBLpwBJx4nnAEtmwEoHiibASydASgdKJ0BLJ0BKBwonQEunAEmHiicASydASk=
HSibAS6bASkeJp0BLpsBKB4nmwEtnAEoHiadAS2cASgeKJsBLpoBKh0mngEtnAEnHiidASubASk=
HSicAS2bASkcJZ0BLZsBKB0nnQEtmgEpHSicAS6aASocJ5wBLp0BJhwonAEtmwEqHCibAS6bASg=
HSidAS2cASgcJp0BLJsBKR0mnQEtnQEnHCecAS2bASkcJp0BLJ0BJxoonQErWilgpAGjASgeIQ==
HyWdAStfZGZgJSFhY2ZfJCJiY2RhJR9iZGZeIyBiYmdfJSBjYWdfJCJjYQ==
ZmAkIWNhaF4lIWFjZF8lI15kZV8mI19iaF4lI2FhZmAmIWJkZGEjImFh
aF8kImFhZ2EjImFiZWEjImFkZWElIWJjZl8mImJhZ18lImRhZmEkIWNi
ZWAlImNiZmAlIWFlZ14lI2FkZF8lImJjaV0lImBjZ2AlI2NgZ2AlImJk
ZmAlI19jZ18lIGNiZmAlImNiaF8kImJhaV4lI2JjZWAlI2FkZGEmIWJj
Zl8jI2JiZmEkImNjZV8lI2RgZ18mIWJiZV8lIWFjaGEjIWNjZ18jI2Nh
aF4lImJlZl4lImFhZ18lIWVhZl8lIWNkZGAmI2BkZWElIWFiaV8lImBk
Z18kImRiaF8iImRhZmIjIGRjZ2AkIWJjZmEkImJkZmAlIWBlZWElIWJg
aGElImNgaV4lI2FhaV4lI2NkZF8mI2JiZmAmImBjaF8kI2JkZGElIWFk
Z14lIWJjZ18lI2JjaF8lI2BjaGAkI2JiZmElIWFjZmElImNiaGAkI2Bl
ZWElImRhZmElImRkZF8nImFjZWElIWRhZmAlImFkZmIlIWRiZ14lI2Fj
Z2ElImJiZ2EkI2FkZmAlImNgZmEmI2FiaF8mImJiZmAlIWNhZmMkImFh
aGEjI2AlHyEgISEhIyEfISEiISEhICEhICEhIyEhISAgIyEhICEgISIg
IiMhIB8iISIiICEhISIiISEiICEgIyIgICAgIiEiISAhISEhIiAhICAi
ISEiISEhISAfISMhIiIfI2SiAWigAWMsnAFnpQFgLZwBaaIBZiMfISEgICNgJCNf
JR8gJGEjICIhIiAgISMfImSiAWckISAjY50BLF1mZmEmHSRbLGBkZGFhJiU=
YGRmXiQiYmRlXyYjYGRnXSciYWNlXyUhY2NmYCUhYmRmYCQhYWNlYyUh
ZGFmYCUjZGBmXyYjYmFnXyUiYmFmYSQhYmFnYCUjYGNmYSYjY2FkYSUh
YWJkYSYiYWJnXyUhYWJnXyUjY2FmYSMiYWJmYSQiZF9mXyYgZGVjXyUj
XyUeISEgICMgICIiHyAjICIgICEhHyAiIyAiISIgIB8jHyEhIiEiICEg
IiAiICAgIyEhHyEgISAiISAhISEjHyEfISEjICAiICAhICMhIh4gIiEh
ISEiICEgISEhISEiYqMBaqIBYiieAWamAV8qngFpogFiJSAgHieeASgfIB8nnAEtmwEn
HiecASybASgfJ5sBLpoBKRwnnAEtmwEpGyicAS2cASgcKJsBLZwBJxwpmgEumwEpGyidAS2cASg=
HSecAS2bASgdKJ0BK5sBKR4mmwEumwEqHSecAS6YASgfKJwBLZsBKR0nnQEsmwEoHCidASudASg=
HiaeASudASceKJsBL5oBKB8nmwEsnQEoHSedAS2bASkdJ5oBL5wBKRwomwEtnAEpHSibAS6cASg=
HSibAS6ZASoeKZkBLpsBKCAnmwEtnAEoHiabAS2aASodJ5sBLpwBKB0nnQEsmwEoHiacAS+bASg=
HSecASydASgdJ50BLZsBKRsmnwErnQEpGiedASydASgdKJ0BLZsBKBwnnAErnQEnHiecAS2cASg=
HCiaATCbASgdKJwBLJ0BKBwnnQEtnQEmHSibAS2bASkbJp0BL5sBKBwnnAEumgEqHCecASybASk=
HyebAS+ZASkcJp0BLJsBKB4omwErnAEpHCecAS2dASYdJ5sBLZ0BKB4omwEtnAEoHSibAS2bASk=
HSedAS6cASYdJpsBLpsBKh0nnQEtnAEpHCecAS6cAScdKJsBLJ0BKB0nnAEunQEmHCidAS2cASg=
HSicAS6dASgdKJwBLJ0BKBsonQEunAEoHiecAS2bASofJp0BLZsBKR8nmgEvmwEpHSicAS+ZASo=
HiiaAS6cASoeJp0BLZwBKB0mnAEtnAEqHiadAS2dASgdJ50BLZsBKR0nnAEtnAEpHiedAS2cASc=
HiiaAS6cASkeJ5sBLZ0BKBwnnQEtmwEqHSibAS2cASgcKJsBLJ0BKRwonAEtnAEpHSecAS6aASg=
HiiYAS6eASgaKpsBLZwBKR0pmwEtnQEoHCibAS2bASgdKZwBLZwBKR4lngEqnQEpHSadAS2bASg=
HCebAS6dASccJ50BLJ0BKBwnnQErnQEpHCacAS2cASgeJ5sBLZ0BJxwmmwEtnQEnHSecAS+dASc=
GymbASudASkcJp0BLJ4BJxwomwEsnAEoHSibAS2bASkdJp0BKp4BKB0lngErnQEoHSacAS2bASg=
HSibAS6ZASoeJp0BLZkBKh4lnAEtmwEoHiiaAS2dASgcKJsBLpsBKR4omwEtmQEqHiecASybASk=
HSecAS2cASgcKJwBLZwBKBwomgEsnAEnHimaAS2cASgbKJsBLZoBKR8omgEtmwEoHiebAS2bASg=
HSecASybASodKJwBLJoBKR0omwEtnAEnHieaAS2dASgcJ5sBLZoBKB0omwEvmwEpHSacAS6YASo=
HCibAS2cASgdJp0BK50BJxsnnQEtmwEpHSacAS2aASodJ5wBLJsBKBwnmwEtmwEoHSacASybASo=
HCebAS2aASgdKJsBLJ0BKB0lnQEsmwEoHSibAS2aASgbJ50BLJwBKB0mnQErnwElGyibAS2dASc=
GyicAS2bASgdJZ0BLJsBJx8mmgEtnQEnHCiZAS2cASgeJ5kBLpoBKh4nmQEtnAEoHiacAS2aASg=
HSacAS2cASkdJ5sBLZgBKh4lmwEtmwEoHSeaAS6dASgdJpsBL5oBJx4pmAEtnQEnHSaeASudASY=
HSacAS2cASkcJp0BLZsBKBwnnQEtmwEoHiedAS2aASkdJpwBLJwBKRwlnQEtmgEoHSeeASqcASg=
HCedASycASgcKJ0BLJwBJx0loAErmwEoHiacAS2aASgeJ5sBLpoBKR8mmwEtmgEpHieaAS2bASk=
HCebAS6bASkdJ5sBLZwBJx0pmQEunQEoHSacAS6YASkeJ5sBLZwBKBsqmgEtnAEoHiebAS2aASs=
HCebAS2bASkeJpwBLpsBKB0omwEtnAEoHCafASubASgcJp4BLJ0BKB0nmwEsmwEpHieZAS6aASo=
HiebASudAScdKZoBLZwBKB0omwEsnQEoHSiaAS2cASgcJ50BK50BJx0mnAEtngEoHCWeASucASc=
HCqZAS2dASgcKJoBLZ4BJxwnnAErnAEoHiibASucASgeJ5wBLZsBKBspnAEtmwEpHSecASycASc=
HimaASudASgdKJsBLZoBKh4nmQEumwEpHSecAS6bAScdKJsBLpoBKR4omwEtnAEnHSeeASyaASo=
HSibAS2dASgbJ50BLJwBKB0pmgEtnAEpHiicAS2bASgcKJwBLpsBKBsnnQEtmwEoHiibASydASc=
HiibAS2eASUcKJwBLZ0BJx4nnAEunAEnHiabAS6bASkdKJ0BLJ0BKB4nnAEtmwEoHCeeASqeASc=
HiebAS2dASgcJZwBLZsBKh4nnAEtmwEnHiibAS2aASkeJ50BLZoBKB4nmwEumgEpICacAS2bASg=
HiibAS2cASgeJ5wBLZoBKR0pmwEtmwEoHiWcASydASgcJ58BKp0BKR0omgEtnQEoHCacAS2cASg=
HSecAS+aASgdJ5wBLJwBKB0omwEtmwEpHCWeASybASodJ50BLJoBKR0mmwEtnQEoHCecASucASk=
HSacAS2bAScdKJsBLpoBKR0nmwEtmwEoHCicAS+cASccJZ0BLZwBKB0nmwEtmwEqHCedASqcASg=
HSmbASydAScdJ5wBLZoBKR4omgEsnAEnHiibAS2dAScdJpwBLZoBKh4nmQEvmwEpHCadASycASc=
HSedASucASgeKJoBLZsBKB4nnAEtnAEoHCedAS2dASccJpsBLZ0BJxwonAEtmwEoHiebAS6bASg=
HSedAS2aASkcKJsBLZsBKB8nmwEtmgEoHiibAS2bASocJZ4BKpwBKRwonAEsnQEnHCqbASybASk=
HSiaAS2bASceKJwBLJsBKB4nmwEunQEoHCebAS2dASYdJ5wBLZ0BKBsnnAEtmgErHSWdAS2ZASo=
HiiZAS6aASkdJ5sBLZsBKh0mnQEsmwEqHSebAS2cASgdJpwBLZsBKB0nmwEtnAEpHSecAS6ZASg=
HiedASycASYcKJsBLJwBKB4omwEtmwEoHSibASycASgeKJsBLZwBKB0onAEtmwEpHCadAS2dASg=
HSiaAS6bASgeKJoBLZwBKB4nnAEsmgEpHiibAS6bASkeJ5sBL5sBKR0omwEumgEoHSmbAS6bASg=
HiidAS2aASkfJ5sBLZsBKR4nnQEsnQEoHCibAS6bASkeJ5wBLZsBKB4nmwEtmgEpHiiaAS6cASg=
HCedASyeASgeJ50BLZwBKB0nnAEumgErHCWdAS2cASkdKJwBLZ0BKB4nnAEumgEqHiaeAS2aASo=
HSecASueAScdJ5sBL5wBKB4mnQEtmwEqHiecASycASgcKJ0BLJwBKh0omwEunQEnHCicASybASk=
HyicASqcASkdJ50BLZsBKR4onQEtmQEqHSiZAS6cASgdKJsBLZ0BKBwnngEqnAEoHiedAS2dASc=
HCidASqcASgeKJsBLZwBKR0onAEtmwEpHSebAS2cASgcKJsBLpkBKx0omwEvmwEpGyidAS2bASg=
HiecAS2bASkeJpwBLZ0BKR4mnAEtmwEqHSWfASyaASoeKZkBLpwBKB4omwEumgEoHyibAS6bASg=
HSeeAS2bASgdKJwBLpwBKBwnnQEsnwEoGyidAS6dASgcJqABK50BKBwnnQEtnAEpHSaeAS2cASg=
HSidAS2bASkdJ50BLpwBKB0mnQEumwEpHCedAS6cASkcJ5wBLpwBKRwonQEumgEpHSibAS6bASk=
HCedAS2dAScdJp8BLZ0BJx0nnQEtmwEpHCedAS6cAScdJp8BLZwBKBwnnQEumwEpHSWdAS6cASg=
HCadAS2cASgdJaABK5wBKRwlngEtmwEoHSWeAS2dASYdJ54BK5wBKB0mnQEtnAEoHSWdAS6bASg=
HSWdAS2bASgeJp0BLZsBKRwmnQEunAEnHSWdAS6cASgdJp0BLZoBKR0lnQEsnQEnHiecAS6bASg=
HiadAS2bASkdJpsBL5sBKBwongErmwEnHyadAS2bASgdJ50BLZoBKB0onQEtmQEqHiedASubASk=
HiedASyaASodJ5wBLpoBKhwonAEsmwEoHiicAS2bASgdJ5wBLpsBKB0nnQEtmwEoHieeASycASc=
HSedAS2bASgeKJwBLZsBKB0mmwEunAEoHiebAS2bASgeKJ0BKp0BKB4nmwEtnQEoHiiaAS2cASk=
HiecASyeASYeKJoBLZ0BKR0omwEtnQEnHSibAS2dAScdJ50BLJwBKBwomwEtngEoHCidASqeASc=
HiidASudASgcKJ0BLZsBKR0onQEsnAEnHCieASydASYeKJwBLJwBKBwonQErnQEoHCidASydASY=
HSeeAS2bASkdJ50BLpsBJxwonQEtnAEoHSedAS2dASgcJ54BLZsBKBwonQEsngEoHCefASqdASg=
HCefASudAScdJp0BLZ0BJxwongErnQEoHSefASucASkcJ54BK50BJx0nnwErmwEoHiefASqdASg=
HSedAS2bASgdJp8BLJsBKB4moAErmwEpHiWdAS2bASkeJ54BLJsBKR0onQEsnQEoHiidASydASg=
HiecAS2cASocJ50BLp0BKB0nngEsmwEpHiidASydASkbJ50BLpsBKR8nnAEtnAEoHiecAS+bASo=
HiibAS2cASocKJwBLp0BKh0mnQEtnAEoHSmcAS6dASgeKJ0BLZsBKB4pmwEvmgEqHiecAS+aASo=
HiefASucASgeKJ8BK5wBKR4ongEsmwEpHSicAS+cASgeJ54BLZsBKR8lngErnAEqHiidASybASo=
HiebAS+bASgeJ5sBLpwBKR4onAEtnQEoHCicAS+aASkeKJsBLZwBKR4nnwEsnQEnHiecAS2cASk=
HiibAS6cASgeKJ0BLJsBKR4nnQEtnQEpHSedAS2bASodKJsBLp0BKB4onQEtnQEnHSafASydASg=
HSibAS2cASgeJ54BLZ0BKR4nmwEumwEqHyedASueASkcKJwBLZ0BJx0ongEtnAEoHiedAS2dASk=
HSedAS2dASgdKJ0BLZwBKR4mnQEtnwEnHiadAS2cASkdKJsBLpsBKR4qnAEsnAEpHSmbAS6bASk=
HimcASycASgfJ50BLZwBKR4onQEtmwEoHiidASucASkeKZsBLpsBKCAnnAEtnAEpHSicAS2bASg=
HiidASybASodKJ0BLZsBKh4onQEumgEpHiicASybASoeKZwBLZsBKB4omwEvmwEpHiadAS2bASk=
HSicAS+cASgfKJsBL5sBKR4onQEtnAEpHiWeAS2cASoeJ5wBLZ0BKB8onAEtnAEqHiiZAS+bASk=
HiidASudASodKJ0BLJwBKR8omgEvmwEpHiebAS6dASgdJqABLZsBKB0pnAEtmwEpICecAS2dASg=
HiWfAS2dASgdKJwBLpwBKh0omwEunAEpHiibAS2cASgdJ50BLp0BKB0nngEunAEpHSWdAS+aASo=
HSaeAS2bASkeKJ0BK54BKB0nnQEtmQEqHiadAS6bASkgJpsBL5wBKB4mnAEtnQEpHiafAStaKw==
YaMBowEoHiMgJpwBK19kZWIkI2JkZGEkI2RiZGIlI2BlZWElI2NiZmAlIWJi
ZWEmImFkZGAmImNiZmAlImNkZV8nI2NjZWAlImJjZmElImNhZ2ElImFj
ZWImI2BkZWEmImNkZGAmImRjZWEjI2FkZmEmI19kZmEmImNjaF8oI2Ji
Zl4mI2RiZWEmJGFkZ18lI2JiZmElImRjZWElI2JjaGAlI2FkZmElImNj
ZGImImJkZGEmI2JkZWElJGFkZ18lI2JkZWAmImJkZWEmI2JkZmAmI2Fi
Z18nI2JkaWAlI2FkZmIjImRkZl8lJGFmZl8mI2FkZGIlJGJkZGAmI2Fl
ZWIkI2JkZGMkImRjZGIlI2RlZGAmIWJlZGEmImNkZmAlImNkZmEkI2Rh
Z18nI2FkZWAlJGFjZ2AkImRjZmEmIWNkZWEkImRkZV8lI2JjZmElImNh
Z2AmI2FiZl8nI2FjZmAlI2JjZmAlI2JjZWElImRkZl8lI2JkZWElImFl
ZGIlImNkZl0nI19lZmAmI2FkZmElIWRhaGAlIWRiZmEkImFlZ18lImRj
Z18lI2BjaGEkIWNiZmMlImRhZmIlI2NjZ2AmIWFhaGElI2FjZ2EnJWBj
Z2EmIGRhZmIlIWRjZmEkI2JkZmAmI2RgaV8lI2FjaV8kI2JkZl8nImJk
aF8kI2JkZ2EkIWEmHiAjICMhISAiIiEhIyEiISIhISEiISMgIiAhIiEh
IyEhISIhIiEhIiEiISAiISIjICAhIiMgISIhISEhISIhISEiISAiIiAh
IiAiICIgIiEhIiIiICAgISMjIh8gI2SjAWmjAWMqnQFnpQFjKqABa6ABZSUgISEi
HyNhJCRdJSAfJmEkHyAiICIhIiEgJV8oXSYhIR8kZJ8BaGElJGJkoAEpXCo=
YaMBaGEkI2JiZGImIWFjZmElIGRiZl8mImJjZmEkIWNjZmEkImFlZmAlIg==
YGRoYSMhYmRjYiUgY2JnYSQiYWRmYiQhY2NkZCMiYmBnYSUiY2FmYSUi
YmJmYSYhYmRjYyQhYWJnYiQiYmJmYiUhYWRmYCYiYGRlZCQgZGJlYiUi
Y2FnYCMjYSYgICEhISMgICAiIiAgISMjICEhISEgIyIhIiEgIiEiICEg
IyIfICEiISMiHyMgICEhISQhICAjIiAgISEjISAiISMhICIhISAiIyEh
ISAhICIjIyIgICEiISEiIiAjZKIBa6MBZCieAWujAWAsnQFqoQFlJSAjHyafASgeIw==
ICecAS2cAScfJ50BLJ8BKBwnngErngEoHiiaAS6dASgdJ58BK5wBKB4mngEsnAEoHCefAS2cASk=
HSedAS2cASgdJZ0BLZwBKR4mnQEtnAEoHiWcAS+dASccKJ0BLpwBKB4onQEtmwEpHiabAS6bASg=
HiibAS2cASgdKJ0BK58BKB0mngEsnAEpHiacASufAScdJ6ABKp8BKBwmnQEtnQEpHCecAS2eASc=
HSeeASufASgcJ54BKqABJx0mnQEtnAEoHiedASyeASceKJ0BLZ0BJx8onAEqoAEnHiecASyfASg=
HCicAS2dASgeKJsBLZ0BKB0onQEunAEqHiadASygASgdJp4BLZ4BKB4nnQEtmwEqHSidAS2dASg=
HiecAS+dASceJ5wBLZwBKx8nnAEunQEpHSidASyfASgeJ54BLJ8BJx4nngEsnQEoHiaeAS6dASk=
HiafASydASkeJ5sBLJ4BKR0pnAEtoAEnHiadAS2fAScfJ5wBLKABKB4nngEtnAEpHieeASudASg=
HiidAS2cASgeKZ0BLZ4BKB0onQEsnQEpHyidASydASgeKJ0BLJwBKR4mnQEtnQEpHSedAS2dASg=
HSidAS6cAScfKZsBLZ0BJx4pmwEsnQEqHSebAS2eAScfJ54BLJ0BKB4onQErnAEoHiicAS2dASg=
HiidASyeAScbKpoBLpsBKR0onQEtmwEpHSebAS+eASgdKJ0BLZwBKB4nngEtnAEoHiadAS2bASo=
HiicAS2bASkeKpoBLZwBKR4omwEunQEoHiecAS+bASgeKJoBLZ4BKB4omwEtnQEnHiibAS6eASg=
HiibAS+eASgcJ50BLZ4BJyAnnAEtnAEqHSeeAS2aASkfKJwBLZ4BJx4lnwEsmwEpHymaAS+bASg=
HiedASueASkdKJwBLp0BJxwonQEtmwErHSidASueASgdKJ4BLpsBKR0qmwEvmwEpHiedAS+dASY=
HiidAS2eASgcKJsBLZ4BKRwonAEvmwEoICibAS+bASkeJ54BLZwBJx4mnQEsnwEnHiadAS2dASk=
HiicAS2dASgeKJwBLZsBKB8nnQErngEoHCicAS2dASceJpwBLZ4BJx4nnQEtnAEoHiibAS2bASk=
HiieASqeAScdKJ0BLJ0BKB4nmgEtnQEqHSicASydASgdKJwBLZ4BJx4mmwEtnQEoHiadAS6aASk=
HCacAS+bASkeKJoBL5sBKR4mnQEsnQEpHSadAS2aASgdKZwBLZoBKR0pnAEtmgEpHieaATCZASg=
HimYAS6bASgeKJsBLZsBKB0onAEtmQEqGyidASydASYcKJ0BK54BJx4nnAErmQErHiicAS2aASo=
HSiZAS6bASgeJpwBLpwBKB0onQEsnQEnHiecAS2dASgdKZsBLJ0BKB0nnQEtnQEoHyibAS2dASc=
HSicAS2bASggJpwBLpsBKB4mnQEroAEoHSWfASqcASgeKJwBLZsBKh4nnQEtmgEqHyicAS2cASg=
HiibAS6bASkeKJsBL5sBKB4omwEtnQEoHSicAS6dASgeKJwBK54BKB0onQEsnAEpHimbAS6bASk=
HiicAS6bASgeKZwBLpwBKB4pnQEtmwEpHieeAS6bASkeKJoBL5sBKR4nnAEumwEqHiicAS+cASk=
HSicAS2cASkdKZsBLZ0BJx4omwEvnQEoHiibAS6ZASoeKJ0BLZ0BJxwqmwEvmwEoHiibAS6dASg=
HiedAS2bASkfKJwBLZwBKB4nnQEsnAEoHiebAS2dASoeJ5wBLZsBKR4omwEumwEoHSadAS2dASg=
HiebAS2bASkdJ5sBL5wBKBwnnQEsnAEoHiibAS6bASgeKJsBLZsBKR0omgEtmwEoHSicAS6bASg=
HSicAS2cASgdKJsBLpoBKB4mngEsmwEpHiecAS2YASseJpsBLpsBKB0omwEtnQEnHieeASqeASk=
GiedAS6aASoeKZsBLZwBJx4omgEtnQEoHCicAS+bASgeJ5sBLpkBKx4lngErmwEoHiibAS2bASo=
HSedASydAScdKJ0BLZsBKB8nmwEtnAEnHimZAS6cASkeKJsBL5sBKB0pnAEumwEoHSidASucASk=
HSmcAS2bASgfKZoBLpwBJx4onAEtnAEpHSeeASudASgeJ50BLZwBKR4nnAEumwEnHyicASydASk=
HiabAS+aASggJpwBLJwBKR4pnAEsnQEpHCidAS2ZASofKJsBLZsBKh0nmwEtnQEpHiecASudASg=
HiacAS6cASceKJsBK50BKhwonAEumwEoHCidAS2bASkdKJsBLpwBKRwnnAEumwEpHSadAS6aASg=
HiiaAS6bASgeJ5sBLZsBKh4nmwErnQEmHyiaAS6cASceKJ0BLJsBKB4nnAEtnQEmHSmbASydASg=
HCibAS2dAScdKJsBLJ0BJh0pmgEunAEpHCebAS6bASoeJZwBLZ0BJh0onAEsmwEoHiadASybASk=
HiaZAS2cASkeKJsBLJwBKB0omwEtmwEoHyiZAS+aASkdJ5oBLZwBKB0omwEtnQEnHiibASybASg=
HiicAS6aASkdJ5wBLZoBKR4omwEtmwEpHSicAS2bASkdJpwBLpwBJh4omwEtmwEoHiebAS2cASg=
HyebAS6YASoeKJsBLpkBKR8omQEtnAEoHSedAS2ZASoeKJkBLpoBKx8onAErmwEoHiibAS+bASk=
HSebAS+bASkeJZ0BLJsBKSAmmwEsmwEqHiiaAS6aASofJ5sBLZwBKBwonQEtnAEoHiebASudASo=
HiadAS2eASYdJ50BLJsBKR4omgEtmwEpHSicAS6cAScdKZsBLZwBKh0omwEtnAEpHCicASycASg=
HyadASubASkeJ5sBLJ0BKB4pmwEtmgEqHiiaAS2cASkfJpsBLZ0BKB0onAEumwEpHiiaAS+aASo=
HiedASybASkdKJoBLZ0BKB4nmwEumwEoHyiaAS6dASgdKJ0BKp4BKB4nmwEtnQEqGyidASybASk=
HyabAS2eASceKJsBLJwBKR4pmQEunAEoHyicASyeASgdKJwBLZ0BKB0omwEunQEoHSmbAS6cASg=
HSebAS6fASccKJsBL5wBKB0mnAEunQEpHSebAS6dASocKJsBLZ0BKR0mnQEtnwEnHCebAS+dASg=
HCebAS+cASkeKJsBLZ4BKB0mnAEunQEoHiebAS6dASgcKJsBLpwBKB4nnQEsnwEoHCedAS2eASc=
HSedAS2dASgcKJ0BLZ8BJx0omwEtnwEnHiedASyeASgdJp0BLZ0BKB4nnAEtngEoHCedAS2dASg=
HSicASyeASkdJp0BLp0BKB4onAEtnAEpHiedAS2eASgdJp0BLZwBKhwonAEtnQEpHSadAS6dASc=
HiedAS2bASkdJ50BLZ0BKB0nnQEunAEpHSecAS6dASgdJp0BLp0BKB0nnQEtngEnHSidAS2dASg=
HSicAS2dASgeJ5wBLZ0BJx4onQEtnQEoHSebAS+cASgeJ50BLJwBKB4onQEtnQEnHiidAS2cASk=
HCmdAS2cASceKJsBLZ0BKB0nnQEumwEoHiedAS2dASgcKJ0BLZsBKR4onAEtnQEoHCibAS+bASg=
HiedAS2cASceKJwBLZsBKh0nmwEvmwEoHiibAS2bASgdKJwBLZ0BJx4onAEumwEoHSidASycASg=
HCmcAS2dAScdJ5wBLZwBJx4mnQEunQEoHCidASydASgcKZsBLpsBKBwqnAEtnAEpHCecAS2dASY=
HiibAS6bASkcKJ0BLZwBKB0nnQEtnQEoHCidAS2cAScdJ5wBLZ4BKB0onAEtmwEoHSadAS6bASg=
HCmbAS6bASkdKJ0BLZ0BJx0omwEvmwEoHSidAS2dASgcJ50BLZ0BJx0nngEsnQEoHCibAS6dASc=
HSicAS2cASkdKJsBLJ4BKB4omgEunQEoHSecAS2eAScdKZkBLpwBKB0omwEtngEoHSibASyeASg=
HSibAS2dASceKJsBLZ4BJh4nnQEsnQEoHSiaAS2dASgeKJoBLZwBKB4nmwEtnQEoHSicASydASg=
HSWdAS2cASkdKZsBLpwBKB4lnAEtmwEqHCidASycAScfJZ4BLJsBKR0nnAEunAEoHSebAS2bASg=
HiebAS2aASkeJ58BLZwBJxwomwEtnQEpHCadAS2dASgdJ50BK5wBKR8nnAEtmgEpHimaAS2dASg=
HSiZAS2dASgdKJsBLZ4BJR4omwEvmgEoICiZAS2bASkeJ5wBLJwBKB4omQEtnQEpHSibAS2dASg=
HiecAS2cASgeJp0BLZwBKB4omgEtnAEpHSibAS2cASgdKZsBLZwBKR8lnQEsnAEpHiedASydASg=
HiiaAS6bASkdKJ0BLZwBKB0mnwErmwEpHyibAS2dASgdKJsBLZoBKh4qmgEtnAEqHiWdAS6dASg=
HCiaAS+dASceKJsBLJ0BKB4omgEvnAEqHyiaAS6dASgbKZoBLp0BJx0pnQEtnAEpHSidAS2bASg=
HSebASycASkfJp8BKpwBJx4nnAEtnQEnHimbAS+ZASgeKJwBLZwBKB4nmwEtnAEpHiidAS2ZASg=
HiibAS2cASceJ5sBL5oBKh4onAEsmgEpHiibAS2bASkdJp0BLZ0BJx4onQEsnQEoHSibASyeASg=
HSibAS6cASgdJpwBLp0BKB4omwEtnQEnHSebAS2dASgeKJoBLpsBKB8nmwEtnQEoHyebAS6bASg=
HimbASybASodKJ0BLJ4BJx4omwEumQEpHiibAS6cASgeJ50BLZsBKB4qnAEtmwEoHiidAS2cASg=
HiidAS2cASgeJ5sBL50BKB4onAEsmwEqHiicAS2dASkcJ50BLZ0BKB4nnQEsnAEpHiicAS2dASk=
HSecASucASkeKZwBLZ8BJh4omwEumwEpHimbAS6aASoeKJ0BLZoBKh4onAEsnQEnHSqaAS6dASg=
HSibAS+cASgeJ5sBLp0BJx4pnAEtnAEpHiecASycASgfKZwBLJwBKR0nnAEtmwEpHiibAS2bASk=
HimaAS6bASkeKJoBLpsBKSAomwEtmwEqHiedASydASceJ54BLJsBKRwpmwErnQEoHSWcAS+aASk=
HiecAS2aASkeJ50BLZsBKR4lnQEunAEnHSidAS2cAScdKJwBLJsBKB8mnAEumwEoHSibASybASg=
HiidASycAScdJ5sBLZwBKB4nnQErmQEpHiiZAS6ZASoeKJoBLZoBKB0nmwEumgEnHyicAS2bASc=
HCicAS2bASgcJp4BLZoBKB4nmgEsmwEpHCedAS2dASYcKJwBLJsBKB0pmgEtnQEoHCibAS+aASo=
HCibAS2bASgeJpwBLZ0BJxwomwEtmwEoHSibAS+bASgeJ5oBLpkBKR4pmgEtmwEoHiabAS2dASg=
HiibAS2ZASoeJp4BKpsBKB8nnAEumgEqHiadASudASgdKJ0BLZsBKB0nnAEsmwEpHiebASyeASg=
HSacAStcKWSiAaUBKBwiICadASpfZGRhJSJiY2ZeJCJfZGZgJiNgYmdfJSNhZA==
ZV8mIWJiZWEkImRgZl8kIWJkZGAmIWFkZWEjI2FkZ18jIWJjZmElIGFj
ZmAjIGNjZmEkImBlZl8jI2BkZGEkI2FjZ2EjImFkY2ElI2NiZGIkImBl
ZGEjImJhZGElImFkZWElI2FhZmElImFiZWElI2FkZF8nImFjZWEjImRh
ZmEjIWJkZWEkImFkZl8lImJhZGAmImFjZWEkImBlZWElImNhZGElImJj
ZGIlIWFiZ2AlImFkZ18lI19iZmIjImJkY2ImImFkZWEmImJjZV8lImBk
ZmElJGFhZWEkImFkZmMlIWJiZWQlImFkZmEkImFjZmElImJjZWEmIWBl
Z2EkIWNkZWEkJGNhZmEjI2JiZWMlImJiZGMlIWFkZWIlIWJkZ2AmI19j
ZmEkI2NjZmElIWFkZmElI2BkZmIjIWJjZ2EkImFlZGAlImNiZmEkI19k
ZWIlI2FiZmElI2NhZmAlIWJjZl8lI2FiZ2EjI2FkZmIiI2JkZGAkIWRi
ZWAlImBkZGIkI2FiZmEjIWNkZmAlImJhZGMlImFjZmIkImNhZl8lJGBh
ZmEmIWBkZGQjIWJiZGQkI2FhZmElImJgZmElImJjZmElImFhZmElI2Fh
ZmEkI2BjZWIlJGNiZV8lI18mHyMfISAjISIgICEhHyIiISMiISAjISAh
ISMgICEiIyAgICMiISEgISEiIyEfISEhISEiIiEfIiEhIiEhISEkIB8h
IyEgIiEgISMgISEiIh8iIiEiISIhISAiISIhI2OjAWilAWMooAFoogFjKpwBaqQB
ZCUgICAhICVgIiBgJyAgI18mICAhICIiICEfJF8lI2ElHx8jZKIBpwGlASYf
ICVhJR0hIx4kYWViIyFhZGVgJSJhZGNkJCBiY2RjIyFhY2RgJiNhZGRh
JSJiZGFiJSJhY2dgIyFhZGRhJSNhZGZhIiJgY2ZiJCJgZGdfJSJjYGVh
IyNjYWZhIiJhYmZfJSRhYGVjIyNhYWdhJCNgY2RhJCNhYGdgJSJfZGVj
JCFgYmVhJSRjYmNhJCJgJR8iICIfIiIgICIgICEhISIiIiAiICAgISIi
ISAgIiAgISIhIiEgISAhIyEhICEiICIjICAhIiEgISIiHyAiIyIgISEg
IiIhISEiICAiIiIiIiEgICEiISEiIiAhICVhowFroAFkKp0BaKYBYimdAWqlAWQk
ICEfJp4BKCAjHSafAS2cASccJqEBK54BKBsonQEtnQEnHSaeAS2fAScdJp0BLZ8BJx0lnwEs
mwEqHiadAS2dASgcJ54BLJ8BJxwpmwEtngEoHiebAS6dASceKJwBK5wBKh0nnwEqngEnHSaeAS4=
ngEnGyidAS2bASkeJpwBLZ0BKB0mngEsnwEnHiafASucASgeKJ0BK58BJxwnngEtmwEqHyacAS0=
mwEpHCedASyeASgbKZsBLp0BKBwomwEtngEoHimcASydASgdKJoBLZ0BKR0pmwEtngEnHyecAS0=
ngEnHCmbAS2dASkdKJoBLZwBKh4nnAEsngEpHCibAS2dASgeJ50BLZsBKR4nnQEtnwElHCmbASw=
nwEoHSibAS2eASgdKZkBLpwBKh8omgEtnAEqHiibAS2cASkeKJsBLpwBKhwnngEtnQEqGyedAS0=
nQEqHiWdASycASkeJ5sBLZ8BJx0nnAEunQEpHiedAS2cASkfJ5wBLpwBKh0mngEtnAEpHSibAS4=
mwEpHiidASueASgcJp0BLZ8BKBwpnAEtnQEoHCmdASqfASkcJ54BLZ8BKBwnnQEunQEpHSicAS4=
nQEoHSebAS6eASgcJ5sBLZ0BKB4onQEtnQEoHCidAS6cASkdKJ0BLZoBKh0onAEtnQEpHSibAS0=
nQEnHSecAS2fASgcKJsBLZ8BJxwnnQEtnQEoHiedASugASgbJ50BLZ4BJx4nnAEtnQEqGSidAS0=
oAElGyibAS2eAScdKJ0BLZsBKh4mmwEunQEmHSibAS2eASgcJ5wBLZ8BKBwmnQEvnAEpHSedASw=
nQEnHSicASudASgdKZwBLJ8BJhsonAEtnwEnHSafASqfAScaKJwBLZ4BKBsnnQEunQEoHSadASw=
nQEoHSebAS2eAScdJpsBLZ8BKBwlnQEtngEmHSiaAS6dASgcKJwBLJ4BKB0mmgEvnQEoHCibASw=
nwEoHSeaAS6bASoeJ5wBLJ4BJxsomwEvmwEoHiiZAS2eASgcJ5sBLJwBKR0onQEsnQEnGyqaAS4=
nAEoHiibASydASgeJ5oBLZwBKR4nmwEtngEoHCebAS6bASkeJpwBLpoBKR0omwEunQEnHCecAS0=
nQEpHCeaAS6dASccJpwBLpwBKBwnnAEvnQEmHSicAS2dASgcJp0BK50BKhwomgEunAEmHSedASw=
ngEmHSicAS2dASccJ54BK58BJh0nnQEsnAEnGyicAS2dASgcJpwBLZ8BKBwonQErnQEoHCWdAS0=
nAEoHiecASyeAScbJ5sBLZwBKBwpmwEsnQEoGyebAS2dASgdJpwBK5sBKh4onAEtnQEnHCicASs=
nAEoHSidASycASgcKJoBLZ0BKB0nnQErnwEnHCibASyfAScbJ50BK54BKBwqmQEtnAEqHSaaAS8=
mwEqHSSdASugASYcKJwBLZ4BJh4mnAEsnQEoHiadASqfASgcJ50BLJ0BKR4omQEunAEoHSmbAS0=
nQEoHSicAS2bASodKJoBLZ0BKB0omwEtnAEpHiibAS2cASkdJ50BK5wBKB8pmgEtmwEqHiidAS0=
mwEpHiWeASyeASceKJwBLZ0BKR0onAErnAEpHiebAS6dASgdKpsBLZ4BKR0pnQEtnAEoHSidAS0=
mwEpHSidASugAScdKJwBLZ0BKR4omwEtnQEnHiidASyfASgdJ54BLZwBKR4omgEtnwEoHCmaAS4=
oAEoHSiaAS2dASkdKpwBLZ0BJx4onQEsngEoGyidAS2eASgfJp4BK50BKh4nnQEtnAEpHSeaAS8=
oAEmHSicAS2hASYcKJwBLZ8BKBwomwEtngEpHCecAS2dASgeKJoBL50BKB4onQEqoAEoHCibAS4=
nAEqHSmdASueASgdJ5sBL58BJx4onAEunAEnHiecASugASkcJp4BLZ0BKB0onQEtmwEqHiibAS0=
ngEoHCidAS2eASceKJsBLaABJx0pmwEsnwEpHCWgASqgASgbJ5wBLp8BKRoonwErnQEoHimbAS0=
ngEoHSieAS2dASkcJ50BLZ0BKB0mngEsngEnHiidASydASkdKJ0BLZ0BKR4onQEsmwEqHSmaAS8=
nQEoHiadAS2fASgcJZ4BLaABJx4omwEsnwEnGyeeASyfASgeJ54BLZ0BKB0onQEtngEmHCmbAS0=
ngEoHiidASyfASgbJ50BLp0BKB0onQEtnQEpHSmbAS6cASgdJp4BLZ0BKh4nmwEtnQEpHSeeAS0=
nQErHCedAS2dASggJp0BLZwBKB0mnAEunQEoHiidAS2dASgdJ50BLJ4BKB4nnAEtngEnGyidAS0=
nQEpHCicAS6eAScdJp0BLZ4BKB0mmwEunwEnHSeeASueASgeKJ0BLJ0BJxwomwEtngEoHiqbAS0=
mwEpHiicAS6dASgcKJsBLZ0BKRwomwEunQEoHCidAS2dASkcJ50BLZ8BKBwnngEsnQEqGyidAS0=
nAEoHiicASydASgdKJ4BK58BJx4nnQEtngEoHCedASqfAScdKJwBLJ8BKBwnngEtnQEoHCidAS0=
nQEoGyidAS6dASccKJwBLZ8BKBsomQEvngEpGyibAS2eASobKJsBLZ8BKBwomgEtngEpHSicAS0=
ngEoGymbAS2eASkcJ50BLZ4BKhwmmwEuoAEoHCecAS2fASgdKZsBLZ8BKRsnmwEtoAEoHCadAS0=
ngEoHCafASyfAScbKJ0BLZ0BKB4mnAEtnwEoHCibAS2dASodJ5wBLZ8BJx0omwEtnwEoHSibAS0=
nwEoHCedASyeASkbJ50BLJ8BKBwomwEtngEoHSibAS6fASkbJp0BLZ4BKRwnmwEsoAEoGyicASw=
nwEoHCibAS2eASgcJ50BLKABKBwomwEtngEoGyedAS2gASccJ50BLJ4BKRwonQEroAEnHCidASs=
ngEpHCebAS2fASgdJ5wBLaABJh0omwEtngEpHCebASyfASgdJ50BLJ0BKB0pmwEtngEpHSibASw=
nQEqHSecAS2eASceKJsBLJ8BKB4omwEtnAEoHSibAS2fASgdJ5wBLZ4BJx4nnAEsnwEoHiiaAS0=
oAEnHiecAS2eASgdKJsBLZ8BJxwomwEunwEoHCidAS2dASYeKJsBLp0BKh0mnAEtnwEpHCibAS0=
nQEoHSibAS6cASkdKJ4BKp8BKR4omwEunAEpHiibAS6dASkdJ50BLKABJx0onQErnwEpHSadAS0=
nwEoHSebASyfASgeJ50BLJ8BKR0onAErnQEqHSacAS6eASgcJp0BLZ4BKR0onAEtnQEqHCibASs=
oAEpHCaeASyfASgdKJwBK6ABKBwnngEsmwEqHSadAS6dASgdJpwBLJ4BKR0omwEroAEnHSicASw=
nwEoHSaeASudASgcKJsBLJ8BKB0lngEsnQEoHCidASueASgdJ5wBLJ4BKB0nnAEtnAEqHCibAS0=
nQEoHCicAS2eASgbJ5wBLaABJhwnnQEsoAEnHCibAS2dASgdKJoBLZ4BKBwomgEtngEoHCecASw=
oAEnHCeaAS2fASgcJpsBLZ8BKBsomwEtngEoHCiaAS2gAScbKJsBLZ8BKBsomwEtngEmHiibAS0=
nQEpHCecAS2dASceKZoBLZ0BKhsmngEtnQEnHCadASueASgeKJsBLZwBKB4nmwEunQEnHiicASw=
nQEoHCecAS2dASkbJ50BLJ0BKhsnnAErnQEoHSicASufAScdKJwBK50BKBwpmQEtnQEpHSecASs=
nwEmHimaAS6dASgbKJsBLJ0BKB0omwErngEnHSecASydASobJp0BLZ4BKBwmnAEtnAEnHSmcAS0=
mwEpHCidASudASgeJpwBLZ0BJh4omAEunAEnHSicASufASgbJ50BK54BJhwonQEsmwEoHiWeASo=
nQEqHCibAS2cASccKJsBLZ0BKBspmgEvnQEoGyedASydASgdJ50BK50BKRwmnQEsnQEoGyebASw=
nQEoHCebAS2dASgcKJsBLZ8BJxsmnAEsngEnHSeaAS6cASUfJ5wBLJwBKRspmwEtnAEoHSebAS0=
nAEpHCibASydASgdJZsBLZ4BJxwomwEtngEmHCqYAS6dASgdKJoBK54BJxwpmwEtmwEoHiiaAS0=
nQEnHSebASyfASYdJp4BK50BKB0omgEtnQEoHCiZAS2dASgdJ5sBLZ0BKB4omgErnQEnHSibAS0=
nQEmHSicAS6bASkdJpwBLZ4BKBsonAEumwEpHSabAS2dASgeKJ0BK50BJx4omwEsngEpHSibAS0=
ngEoHCaeASugASccJ54BK6ABJR0nnAEtmwEpHiaeASydASgdJ5sBLZsBKh0nnAEunwEmGyieASw=
nQEpHSeeASucASgeKJsBLZ0BKBsongEsmwEpHSacAS2eASgcJp0BLZ4BKB0mnQEsnwEnGyicAS0=
nQEpHSibAS2cASocKJ0BK50BKB0omwEvnAEpHCebAS2dASgeJpsBL50BKRwmnQEsnQEoGyidAS4=
nAEoHiibASufASgdKJoBLZ0BKB0pmQEunQEqHCagASqeASceJ5wBLZsBKB8nmwEsnQEoHSmbASw=
ngEoHSidASycASoeJpsBLp0BKBwonAEtnQEoHSibASyeASgdKZoBLZ4BKB0omgEtnQEpHiebAS8=
ngEoHCacASyfASgdKJwBLZ4BKR0lngErnwEoHCibAS2eASgcKJwBLZ4BKBsonAEtnQEqHiebAS4=
nQEoHCicAS2gAScdKJ0BLZwBKB0omwEtngEoHiibAS2bASoeKJsBLZ0BKB0omwEsngEpHSecAS0=
ngEpHiibAS2eASgdKJ0BK50BKhwnngEsnQEoHiicAS6aASoeJZwBLZ0BKB0nnAEunQEoHimcAS4=
mwEpHyicASyeASccKJwBLZ4BKB0nnQEsmwEpHSidAS2dASgeKpoBLpsBKRwpmwEtmwErHSecASw=
nQEpHSibAS2bASceKZsBLZsBKB8omwEvmgEoHSiaAS2dASoeJ5wBLJwBKR0nnAEsnQEoHyecAS0=
mwEpHSabAS+cASgdKJwBLZsBKR4omwEtnQEoHyabAS+bASkdJZ0BLZsBKR4onAEtmgEqHiebASo=
nQEqHCedAS2cASodJp0BK5wBKB4nnQEtnAEoHiiZATCZASseKJ0BKp0BKRslnQEsnQEoHiibAS0=
nAEpHiadASyeASgdJ5wBLKABJh0omwEtnAEoHieeASycASkeKJ0BK50BKBwomQEunQEpHiiaAS8=
mwEqHiibAS2bASgeJ5sBLJ0BKB4omwEtnAEpHCiaAS6cASoeKZgBL5wBKB0nnQEtngEoHCidASw=
nAEpHiedAS6aASgdKJoBLpsBKh0omQEtnAEqHieaAS+dASgcJ50BLp0BKB0nnAEsnAEpHiiaAS0=
nQEoHSmaAS6bASkeKJsBLZ0BKRsnnAEtmwEpHyecASudAScdJp0BLJwBKB4omwEumwEnHiebAS0=
nAEoHSadASyeASceKZsBK1ooY6QBpQEnHSEgKJsBLF1jZWImIGFjZmElIWFiZl8nIQ==
YmNmYCUhYGVnXiUiYWRmXyUgYWNlZCMgYmRlXyYiYWRmYCQgYmNmYyQh
YmNmYSUiYWJlYSUiYWJmYyMhY2JlYCUjYWNkYiUhYmRlXyUiY2NmYCYj
YGRlYSQjY2NiYSQjYmRmYSQhY2RlYCUkYGNmXyUjY2NkYSYiYmNmXych
YWVmYSUjY2NmXScjYWNnYiQiY2RkYSgjX2RmYiUhZGNmYSUjYmJmXych
YWVoYSMhY2ZlYCUjYmJmYSYjYmNoXyUjX2RmYyQiYmRnYSMjYmNlYiQi
Y2FnYSYjYWRmXyUjYWJmXyYjYWFlYyUhYWZmXyUjYGVkYSYjYmNmYSUh
YWRmYSUiYWVkYCUkYWJmYiMiYWRnYCUjY2FmYSQiYWVlYSUjYWFoYCUh
YmNkYyQjY2NlYCYjYmFnYCYiYWRjYiUgYWRlYSUjYGRmXyUiZGFmXyUj
YGNpXyQjY2FnYiMiYWVkYyUjYWNmYSUjYmJmYSMjYWJnYSQjYmNnXyYh
Y2JmYSUiYWRmYSYjYWVlYSYiYmRnYCUiYWZnYSUjY2JjYicjYWRmYSUj
YmNmYyUiZGFmYSciYmRmYSUjYWFoYyUiZGJnYSUjYWNmYyUiYWJnYCUj
YmRkYSYjYmBnYyUhY2FmYCckYmNlXyYkYSUeIyEgIiMgICIjISEgICMi
IiAhISEhIiEiISAgIiIiISEiIyAiICEhISEhISAjIiAhISMhICEiIiIg
ICAhIiEiICMiIR8hISAlIiEgICAjICIjIh8gIiEiICAiIx8jYqUBaKQBZCY=
nwFpowFhK54Ba6ABZCYgIiAfICVgJCNeJSEeI2AlHyEhIyEfICAkYWMkICIjIQ==
ICNjpQGjASYgIiEeJqABKR0gJWJgZV4pImJjZWAlI2BiZmIlI2NhZ18lIWRh
ZV8nI2FlZ14jI2BmZl8lI2FiZGElImFjZ2AnImFkZWEmI2FiaGAjIGVj
ZWAmI2JhZ2AnIWNiY2MmI2FjZWAlI2JgZmIlI2FhaWEmImFiZ2AlI2Fi
ZWMlIWJkZmMlI2FiZ18mJGJjaV4lJF8lICMgIB8jIiEhISEjISAiIyEg
IyEiISAhISMjIiEhICAhJCEhICIiISEgIiEhISIiIiMhISEhISIgIyIg
ICIiICEiIiEgICIhIyEhIiIgISAgIyIiICAiICEjIiMgI2OjAWugAWQqnwFk
qAFhKp8BaaIBZyYgICAmnQEoHyMgKJ0BLZsBKR4nmgEvnAEoHyecAS6aASkeKJ0BLJwBKR0o
nAEtnAEqHiicASydAScdKJ4BLZsBJx8omwEunAEoHiacAS+aASkfKJwBLZwBKB4onAEunQEoHSY=
nAEunQEnHiqcAS2dASgdJp0BL5sBKh4lnQEtnQEpHCicASydASkeJ54BLJsBKR4omwEtngEoHig=
nQEsnAEqHiafASudASgeKJsBLp0BKB0onQEsngEoHyiaAS+dASgeKJoBL5sBKB4pnQEtnQEoHSk=
ngEsngEoHSicAS6dASgeKJ0BLpwBKCAomwEtnQEoHiWfAS+aASoeKJoBLp0BKh4pnAEsnQEqHig=
nAEtoAEoHCicAS2eASkeKKABK5wBKR4pnQEtnQEoHymaAS+dASkeKJwBLZwBKR4onQEunwEpHic=
nQEtmwEoHiqbAS6dASgcKJ0BLp0BKB8pngEtngEmHimcATCbAScgKJwBL50BKB4pmwEvmgEqHyc=
mwEvnQEoHiibAS+eAScdKJ0BLZ0BKB4omwEuoAEoHiibAS6dASkeKJwBLZ0BKB4pmgEvnQEoHyg=
mwEtngEoHiidAS6bASgdKZwBLpsBKB8mnQEtnQEoHiidAS6bASkeJ50BLZwBKR8onAEtmwEqHig=
mwEumwEoHyibAS6dASgdKJwBLZwBKB8omwEvmAEqHyidAS6YASkfKJsBLJ0BKB8nnAEtnQEnHig=
nAEtnQEpHiebAS6bASkfJ5wBLZsBKh4onAEsnAEoHyecAS+aASofKZwBLJwBKB8lnAEtngEoHyg=
mQEvmwEqHyiaAS+aASoeKJ0BLJ0BKB0onAEumwEqICmbAS2cASgdKZsBLZ4BKB0onAEtnQEoHig=
nAEsngEoHyiaAS2fASceJp0BLp8BJh4nnAEsoAEnHiacAS2cASsfKJwBLZ4BJh0omwEtnQEpHic=
nAEsnwEpHiedAS2cASkeJ54BLJ0BKB8onQEtnAEoHSieASqfASceKJwBL5kBKR4qmwEunAEoHSo=
nQEsngEnHCmcAS6eASgbJ54BLJ0BKB0qmwEtnAEoHimZAS+dASgeKJ4BLZsBKh4onAEtmwEqHiU=
oAErnwEoHiidAS2bASggJ5wBLZgBKx8nmwEtnQEoHyaeAS2aASodKJsBLpsBKh4mnAEtnQEnHSo=
mwEunQEoHSibAS6bASoeJZwBL5sBKR4omwEunAEpHSaeASydASgcKZwBLJwBJx8omwEtngEnHic=
nQEsnAEoHCieASydASgeJ5wBLpwBKB0onQEunAEoHiecASybASoeJpsBLZwBKB8nnAEunAEoHig=
mwEtnQEoHiidASycASkeJ5wBLZwBJx4nmwEunQEoHyibAS2dASgeJ5sBLZ4BKB4nnQEvnAEoHSg=
nAEtmwEoICmcAS2cASgdKZ0BLZ0BKB4onQEsmgEqICacAS+eASgeJ54BLpsBKh0ongEtnQEnHSg=
nAEtnQEoHyicAS6dASgeJ5sBLp0BKh8omwEvmwEoICedAS6bASoeKJ0BLZ0BKB4onQEsnQEoHyg=
nwEsnQEoHieeASydASodJ50BLZ0BKB4mnQEtnQEqHiibAS6dASkdJ58BLZwBKB8nnAEumwEqHig=
ngEsnQEqHiefAS2cAScgJ5wBL54BKB4nnwEumwEoHiidAS2bASkeJ54BLZwBKR4pnAEtnAEpHyY=
nAEtnQEoHiieAS2dASgeKZwBLZwBKB4pmwEungEoHiidAS2aASodJ5wBLpsBKx4mnQEtnAEoHyg=
nQEtnAEnHSeeAS2eASgdKpsBLZ4BJh4onAEtnAEpHyacAS2fASceJ50BK50BKR4onQEtnAEpHic=
mwEtnwEnICedAS2dASceKJwBLJ4BJx4pnAEtngEnHCidAS6cASkfKJ0BLJwBKB4omwEumwEpHyc=
nQEtmwEqHimdAS2bASkgJ5wBLZwBKh8nnQEtnQEoHiicAS2dASkeKJ0BLJ0BKh4nnQEunQEoHig=
nAEtngEoHiadAS6eASceJ50BLZ0BKSAmnAEtnQEoHiiaATCcASoeKJsBL54BKB4onQEungEpHCg=
nAEtmwEpHiidAS2dAScfKJ0BLZ0BKB4pnAEtngEoHiieASyeASgeKJwBLp0BKB4pnQEtnQEoHig=
ngEtngEnHiidAS2bASoeKJ0BLp0BKB4pmwEtnwEmHCmcAS2dASgeKJ4BLJwBKB4nngErnwEoHCg=
nAEtnwEnHiidAS2bASoeKJ4BK50BKR4onAEtmwEqHiidAS2cASgeKJ0BLZ0BKB4onQEtnAEoHik=
mwEumwEpHiieAS2bASgeJ5wBLpsBKB4onQEtnAEnHyidAS2bASkfKJsBLZwBKR4nngErmwEpHig=
nAEtmwEpHiicAS2cASgeKJwBLJ0BKB4omwEunAEoHiibAS2bASgdKJ0BLJwBKB4onQEtmwEoHik=
mwEtmwEoHimbAS2aASodKZsBLpwBKB4omwEumwEpHimaAS6cASkfKJsBLpsBKR4omwEsnAEpHik=
nAEtnAEoHiibAS6dASkeKJsBLZ0BKR8omwEunQEoHiicAS2cASoeKpkBL50BKR0pmwEtngEoHig=
mQEvnQEpHiqbAS2eASgdKpkBL50BKB4onAEtnQEmHyidAS2cASodKJsBLpwBKR4nnQEtmwEpHig=
ngEumgErHSicAS6bASgeKpsBLZwBKh4mnQEtnQEpHSidAS6dASkeKZsBLZwBKB4onAEumwEpHig=
nAEtnQEoHimbAS6bASgeKZsBLpwBKB4pnAEtmwEpHimcAS2cASkeJ5sBLZ0BKB0onQEtnQEoHik=
mgEvmwEpHSmdASydASYeKJwBLpsBKh4nnAEtnAEoHyidASydASgcKZsBLZ0BKB0qmwEsngEoHig=
mwEunQEoHiidAS6dASYeKJsBL5wBKB4pmgEtnQEqHSmaAS+bASgfKJoBLZ0BKB4nmwEtnwEnHig=
mwEsnwEoHiebAS6fASceKJsBLZ4BKB4onAEsoAEoHiebAS2fASgdKZsBLZ8BKB4pmwEtngEoHSc=
ngEsngEoHSibAS2dASkdKJsBLp8BKB0omwEunwEnHiicAS+cASoeJp0BLpsBKR4pmwEtnQEoHyY=
ngEtngEoHimbAS+cASggJZ0BLZ8BKB0nnQEwmwEoHymbAS2gASceKJsBL50BJx8pmwEunAEpICY=
nQEtnwEoHimdAS2cASgfKJ4BLJwBKR8nnQEunQEpHiedAS6aASofKJ0BLpsBKB4onQEtnQEqHiY=
nQEtnAEoHyaeAS6cASofJ50BLZ0BKB4onQEsngEoHSeeAS2bASggKJ0BLZwBJx0qnQEsnQEpHig=
nQEtnQEpHiefASycASgeKJsBL5wBKh4mnQEunQEoHCifAS2dASceKJsBLZ0BKh4omgEvnQEoHCc=
ngEtnQEoHiidASydASgeKJ0BLZ0BJx8qmwEsnQEqHiibAS2fASkdJKABLp0BJx4nnAEtoAEoHCc=
nwEsnwEnHSidAS6cASgeKZsBLZwBKh8omwEtnAEqHiaeAS2bASgeKJwBLJ0BKh0mnQEsnQEpHig=
nQEvmwEqHiidAS2cASggKJsBL5oBKx4loAErngEpHiWeAS2cASkdJ50BL5wBKB4onAEtngEmHSc=
nwEsnwEoHiidASybASkgJ58BLJ0BKBsmnwEtnAEoHiidAS2bASgeKJwBLZ0BKR4onAEunAEnHig=
nQEtnQEqHiadASyeASgeJp0BLpsBKh4mnQEunQEoHiadASybASkfKJwBLp0BKB0ongEsmwEpHic=
nQEtnQEpHiecASybASofJpwBLZsBKR4omwEunAEoHyedASydASgcJ54BLZ4BKB0nngEtmQErHig=
nAErnQEnHSeeASydASkeJpsBLZ4BKB0onQEtmwEpHiecAS+eASgfJpwBLZ0BKB8nmwEtngEoHSo=
mwEsnQEoHyidAS2cASkdKJsBLZ0BKB0pnQErnwEnHiibAS2dASgfJ50BK58BKR4loAEsmwEpHig=
nAEtnQEnHSmdASueASceKJ0BK6ABJx0nngEtnAEpHyedAS2dASkeJpwBLpsBKh4nnQEtnAEpHig=
nAEtnQEoHiefASyfASYeKJ4BLZsBKh4nnwEtnQEoHiebAS2fASceKJ8BK58BKB4mngEtnQEnHiY=
ngEungEnHiacAS2eASgeJ54BK54BKB0onAEtnwEoHyebAS6cASgeKJwBLZ0BKR4mngEtnAEpHiY=
nQEvnQEoHSWdAS2fASgeKJ0BLZ4BKBwnnAEtnAEpHiicAS2dASkfJ50BK6ABJx0onQEtmwEpHyY=
nQEsmwEqHiecAS2bASogJ50BLZwBKBwnngEtngEnHSicAS+dASgeJ50BLJ0BKB4omwEtngEoICY=
nQEtngEnHiagASqeASgcJ50BLZ8BJx4omwEumwEpHimcASydASodKJwBLJ4BKR0mnwErnQEoHSg=
mwEvngEoHSidAS2cASkeJp0BLp8BJxwnnAEtnQEoHymcASucASoeJ50BLZwBKR4mnAEunwEnHCg=
nwEqoAEoHCeeAS2dASocJ50BLZwBKB4pnQEsnAEoHyicAS6bASkeKJwBLJ4BKR0ongErnQEpHiY=
nQEsnQEpHyidAS2dAScfKJoBLZ4BKR8omwEtnQEoHimaAS+dASoeJp8BK6ABKB0lngEvnAEpHCg=
nAEtngEpHimbAS6gASgdKJwBLJwBKSEnnQErnQEpHiicAS6dASkdJ54BLZ0BJh8ongErnAEqHic=
nQEtnQEpHSacAS2dASkeJ54BK50BKB8onAEsngEoHSibASyfASceJ5wBLZ4BKB8nnQErnwEmHic=
nwEsngEnHiedAS6cASYdKJ8BLZ0BKB0lnQEunQEoHSmcAS2aASofJ5wBLZsBKB4onQEroAEoHSU=
nwEsmgEqHiieASyeASgcKJsBK58BKBwnnQEtnQEpHCicASydASgdKJsBLpwBKR8omwEtnAEpHCg=
nQEsnQEoHCidAS2cASceKJoBLZ4BKB0nnQEtmwEqHiieASyeAScdJp0BLJ0BKB4onAEtmwEpHiY=
nAEtnwEnHiacASydASgfJp0BLZsBKh0omgEunQEoHiibAS2eASYdJp8BLZwBKRwonAEtnQEmHiY=
nQEtmwEpHiacAS2fAScdJZ0BK58BKB4nnQEtngEnHiicAS2bASkeJp4BK50BKB4omwEvmwEoHiY=
nwEqnwEoHCWeAS2cASceKJsBLZ0BKR4nnQEtmwEqHSecAS6bASgcKJsBLZ0BKB8mmwEtnwEnHSc=
ngErnQEnHSebAS6cASkeKJsBLp0BKB0mnQEsnQEpHCicASycASkeJp0BK50BKB4omQEtngEoHSY=
nQEsnQEnHSecAS2dASgeJ5sBLpsBKR4nnAEsngEnHCibAS2cASceKJsBLJ0BKR4omwEsngEoHCg=
mwEtngEpHCafASydASgdJ50BK6EBJhsonwEpWyphpQGlASYfIh4lngEpYGRmYyQhYWJlZA==
JCJhZmJjJiFhZGRkJCFhZGZgJSNiZGRiJCFkYmVhJSFhYmViJiFhZGZh
JSJjY2RhJiFjZGRhJSFiZWRhJiJfZGZhJiBhZ2NhJSFhY2hgJCRgZGRj
JSBhZGVhJiFhZmVhIyJiZGZhJSNhZGRhJSFhZGZjIyNiZGRhJSNiY2Zh
IyJjY2ZhJiFjY2ZgJSJhZGZhJSNhY2VkIyJjZWRiJSNhZGdhJCJhZGRj
JSFgZWZgJyNiZGdhIyJhZ2RiJCJhZmRjJSFiYWZiJSNiZGRjJSNiZGVh
JiJhZWVgJSNgZWViJSRhY2hgIyJkYmZhJCJjZmZfJSFhZWdiJCJjZmRh
JCJhZGdhJSJjZWRgJyFjY2RhJyJiZGZhJCFhZmVhJSJgZGdjIyNjYmdh
JSJhZGRjJSNiYmZhJiFiZGZhJCFkZGRjJSFhZmRhJiNhY2ZjJCFiZGZj
JSJhZGZhJiJjYmZiJSJhZmVhJCFiZGZhJSNjY2RgJiNjYmZhJiNiZGdi
JCJhYmViJSBjZGZiJCNiY2ZgJSNhY2RjJCNiY2ViJiJhZWZhJCNiZGVi
JSFkYmZiJCNiYmZhJiJiYmdgJiJhZGRjJSRgZGZjIyJiZGZjJCFhZGRj
JSNhZGNkJSFiZGViJCNgZWZiJCNhY2ZiJSJkZGdeJSFhJSAjHyIiIiIh
IiEgISEhIiEhIiIhISEiICIiIiEhISAhISMjHyMgICMjIiIgICMiISEj
ISAgIyIhISMgHyMgIiEiIyEgIiEhISEjIyAgISIfJCIiHiAhIyMhISAh
ICNkpQFnpgFjKZ4BZqcBYCueAWqiAWUlISEhIh8lYSMjXSYfICZgJR8fISIhISMe
JWBmY2IlHiAlYqcBYShbKl1pYCpcJh4logFnYSUhY2VkYCYhYWVkYSUgY2Q=
ZmAlIWNjZmAlI2BkZmElImFjZWEjJWFjZWIlIWFkZmElI2JgZmElI2Bi
ZmEkI2JgZ2IlImFlZWIkI2FhaGEjI2NhZ2ElImFjZmMjImRfZ2IkI2Fk
Z2AjI2JjZmAlImJjZ2EkImJjZmIkI19kaGIjImAnHiEhIiAhISMgISEi
ICIhICIjISEhICAhJCIhIh8hISIhIyAhIiEhISAiIyIfICMgICMiIiEi
HyIjISEhHyEhJCAiISEgISEjISMhISAgISEjIiAiIyIgISEiIiEgI2OlAQ==
aqABZCqdAWimAWEqoAFpnwFoJSAhICifASUgIyAloAEsnAEoHCWhASycASgdJ6ABLJ0BKR0l
oQEsnQEoHCWgASyfASgdJZ8BLp0BKBwonQEvmgEpHiidAS+bASkfKJ4BLJoBKR4onQEtnQEqHig=
mgEtngEoHSidAS2eASgeKJwBLZ0BKR0nnQEtnQEqHiacAS2eASgcKJ4BLJ8BKB0onQEtnQEoHig=
ngEsngEoHimbASydASocJ54BLZ4BKR4mnQEtnQEpHiiaATCdAScdKZ0BLJ4BJx4onQEtnwEnHic=
nQErnAErHiecASyfASgcKpwBLZ0BKR4nnQErnQEqHiibAS2dASkfJ5sBLZ4BJh4nnwEsnQEoHik=
mwEtngEoHCeeASudASgdJ54BLKABJx4nnQEumwEoHiibAS6dASgcKJ0BKqEBJh0onAEtnwEnHic=
ngEsngEmHSigASqdASgdKJ0BLpwBKB0nngEqnwEoHSadAS2eASgcJ6ABKp8BJx0onAEtnQEmHig=
nAEunAEoHiWeAS2gAScbJ50BLZ4BKBwonQEsnQEpHiedAS6cASgcJp4BK54BKB4mngEsnwEoHSc=
ngErnwEoHSibAS2dASkdKJwBLJ4BKR4omwEtngEoHCefASycASkdKJsBLZ4BKB0nmwEvnQEqHic=
nQEtnAEpHSidASydASkeKJwBKqABKB4omwEtnwEoHimbAS6dASkdKJwBLpsBKh0nnQEvnQEnHSg=
ngEtngEnHSidAS2bASkeKJsBLZ0BKR4qmgEtoAEoHiicAS6cASkeKJsBLp0BKB4nngEsoAEnHCg=
nwEsngEoHCibAS2eASocJ50BLJwBKh4onQEsnwEoHiWfASufASgcJ58BLJ8BKBsongEsnwEpGyg=
ngEtnQEmHyibASydASodKJwBL50BKBwpmwEvnAEoHCedAS2eASgeJ54BKaABJx0qmgEtoAEmHSg=
nQEtnQEoHSidAS2bASgdKJ4BLZ0BKB0omwEunQEnHCagASueASkcJp0BLp0BKB0nnQEsnAEoHSk=
nAEunAEpHSaeASybASkcKJoBLp0BKB0mngEtmQEqHiebAS2dASoeJZsBLZ4BKR4onAEsngEnHSg=
nAEunAEpHCidASydASkdJ5wBLJ4BKB4nnQEsnwEoHCaeASufASkcJ5wBLp0BJx8nmwEtnQEqHig=
mQEunwEnHyidASqgASYeKZwBLZwBKR4onQEtmwEpHiibAS2cASodKJ0BLp8BKB0nnQEtngEoHSc=
nAEunwEoHSieASyeASgeKJsBLaABJx0onAEsoAEoHiicAS+bASgeKJ0BLZ4BKR4onQEtnQEnHig=
nAEtogEnHSidAS2fASgeJ50BLZwBKh8onAEunAEqHiicAS6bASoeJ50BLZ0BKhwnnwEvnAEqHSg=
nQEsnwEqHiecAS2dASoeKJsBLp8BKB4nnQEungEpHSieASyeASkeJ58BLJ4BKB4nngEsnwEoHSg=
nAEungEoHSagASyeASgdKZwBL5wBKRsonQEtnwEoHyedASueASkdKJ0BLZ4BKBwnmwEvngEpHiU=
nQEtoAEoHiadAS2eASgeJ58BLZ0BKB8mnQEtnQEpHSWeASygASceJ50BLp4BKRsonQEtngEoHSk=
mwEuoAEnHiicAS6dASgdKJwBLp0BKh4pmwEtoAEoHCicASygASgeKJ0BLZ4BKh0omwEvnQEpHik=
mwEvngEpHSibAS6eASkdKJ0BLp0BKRwonQEsogEoHSibAS2fASkcKJ0BLp8BKB4nnQEtoAEoHSc=
nQEuoAEnHCidAS6gASkcKJ0BLqABKBwnnQEuoQEoHCicAS+fASkcKJ4BLaABKB0pnAEuoQEoHCg=
ngEsoAEpHSieAS2gASgcKJ0BLaABKB0mnwEtngEqHCefAS6fASgeJ54BLZ8BKRwonQEtoAEpGyg=
nwEsoQEoHCafAS2gASgcJ58BLaABKR0moAEsnwEpGyigASygASgcKJ8BLZ4BKR0loAEsngEpHCc=
oQEsngEpHiadAS2fASgeJp0BLp0BKR0nngEtngEoHSidAS2gASgeJp0BLp8BKB4nnAEunQEqHSc=
ngEtngEoHSicAS6eASgdJp0BLp4BKR0nnAEungEpHSedAS2fASkdJ5wBLp0BKR0lngEtmwErHyY=
ngEsnQEoHSadAS6dASkdKJ4BLZwBKR0nnQEtngEnHiieAS2bASodJ54BLZwBKB4onQEtnAEpHyY=
nQEtnQEoHSicAS+aASkeKJ4BLJsBKh4mnwEsnQEoHieeASycASkeKZwBLZsBKR4nnQEtnQEoHic=
nQEsnQEqHyidASudASgeKJwBL5sBKh4pmwEtnAEoHyibAS6cASoeJ54BLZsBKh8nmwEvmwEqHig=
nAEtnQEpHimbASudASofJ50BLJ4BKB4onQEtmwEqHiidASqdASoeKJ0BLJ0BKB4nnwEsngEoHig=
nQEsnAEoHiidASydASgeKJ0BLZ0BKR0mnwEtngEpHSedASyfASkcKJ0BLZ8BJx4nnQEsngEoHiY=
nQEsoAEoHCedASyfASgdKJwBLaABJxwonQEsngEoHiedASyeASgcKJwBLZ4BKRwnngErnwEoHCg=
nQEsnwEnHiedAS2dASkdJ6ABLJ0BJhsonwEsnAEqHieeAS2cASgdKJwBLp0BKh0omwEsngEnHig=
nQEsngEoHiidASyeASkdKJwBLZwBKR4omwEsnAEqHiibAS2eASceJ5wBLZ0BKR4nnAEunQEpHCk=
mwEvnAEoHiibAS2eASkdJ50BLZ0BKB4nnAEwmwEoHSidAS2dASodKJsBL5sBKB4nnAEunQEoHSc=
nQEtmwErHiadAS2dASgeJp8BLJ0BKRwnmwEvmwEpHiidASyeASgeKJ0BLZwBKR0nngEvmgEqHig=
ngEsnQEoHiacATCdASgcJ54BL50BJx0ongEvmgEqHiidAS2dASgeKZwBLp0BKB4noAEsmwEpHic=
nQEtnQEoHiecAS+fASgeKZ0BLZsBKh0mnQEungEoHiqdAS2cASkfJ5wBL5wBKB8ongEtngEoHic=
mwEungEpHSidAS6dASgfKJ0BLpwBKR4pmwEtngEqHSibAS+dASkeKpkBLZ8BJh4pnQEtnAEpHSk=
nQEumgEqHyecAS6dASceJ54BK54BKx4mnAEtnQEqHyibAS6dASkeJ50BLZwBKR4moAErnQEoHig=
nAEtmwEqHimbAS2cASgeKZwBLZ0BJx4pnQEsnQEqHyecAS2fASceJ54BLJ0BKR4nnAEunQEoHig=
mgEtngEpHiedAS2dASgeKJ0BLJwBKB4onAEunAEpHiecASudASgfKZoBLp0BKh0mngEunQEoHCc=
nQEtnQEoHCmdAS2dASkcJ50BLZ0BKh0pnQEtnAEqHieaAS+bASkeKJsBLpwBKh4omwEtnQEpHic=
nQEtnQEqHiaeASueASceJ50BLJ8BKB4onAEtnwEoHiefASydASobKJ0BLpwBKR4nnQEtnQEoHCk=
nwErnwEoHCmdAS2cASoeJ50BLZ4BKB0ongEtmwEpHiieASycASofJ50BLJ0BKh0nnQEtngEoHCk=
nAEtnwEnHiieASydASkdJ54BLZwBKB4pnAEtngEnHSmdASycASoeKJ0BLpsBKR0pnQEumwEpHSg=
ngEsngEoHCedAS2dASgeKJsBL5kBKB4pnQEsnAEpHSmcAS2eASgeKJsBLZoBKiAnnAEtmwEqHSo=
mgEumwEpHSidAS2dASgdJp0BLpkBKh4qnQEsmgEoICedAS2bAScdKJ0BK54BKR0nngEsmwEoHyY=
nQEsmwEpHSicAS6bASkeJp0BLZsBKR0nnQEtngEnHCmeASydASgdJ54BLJ0BJx4omwEtnAEpHSg=
mwEunQEoHCieASueASgeKJwBLJ0BKRwonQEtmQErHyWbAS6cASkdJ50BLZ0BKB4onQErnQEoHSg=
nQEvnAEoHimcASydASgdJ54BLp0BJh0nnQEtngEqHCebAS6cASkgJ50BLZsBKR4omgEvnQEpHyg=
mwEtnQEoHCieASufASgeKZwBLZ0BKh0nnQEvmwEqHiidAS+dASgeKJ0BLZoBKh4onQEunQEpHic=
nQEtnAEqHiecAS6bASofKJ0BL5sBKR4ongEumwEoHimcAS6dASkdKJ0BL5oBKh4qmwEungEoHig=
nAEvnQEqHSicAS+bASoeJ54BL5oBKh4omwEvnAEpHiecATGcASceKJwBLZ0BKB8qnAEsnwEoHSk=
ngEtmwErHiecAS2cASkeKZsBL50BKB4onQEsngEoHiicAS2eASgdKZ0BLZ4BKB4onQEumQEqHik=
nAEvnAEoHiidAS2dASodKJ0BLJ0BKR0pnAEumwEqHiebATCbASoeKJsBLZ4BKR4onAEtnAEqHiY=
ngEtnQEpHCifASydASgeKJ4BLpsBKhwonQEunAEpHSidAS+cASkeJ50BLpwBKB8omwEtnQEoHyg=
mwEunQEpHimeASydASkeJ54BLZ0BKh4onQEtmwEqHSifAS6bASkeKJ4BL50BKB0onQEvnAEqHio=
nAEumwEqHiidAS6bASkfKZ0BLZ0BKR4pnAEvnQEoHiidAS2eASgeKZ8BLJwBKx4onQEvmwEpHyk=
nQEunAEpHSieAS2dASkdKJ8BLZwBKR4nnQEvnQEoHyedAS+cASkeKJsBL50BKCApnQEtmgEqICg=
nAEtnQEpHiidAS2dASgeKJ0BLZ0BKB4ongEumgErHyWeASyfASceJ54BLp0BKRwongEunQEoHSk=
mwEumwEqHiidAS2dASkeKJ0BLpkBKx4nnAEtnwEmHSidAS6cASkeKJ0BLJwBKR8omgEtnAEpHio=
mgEvnAEoHSifASycASkeKJwBLpwBKB4onAEtmwEqHiicAS6bASkeKJ8BLJsBKh0nmwEunAEqHyc=
nQEtnAEoHSadAS6eAScdJp0BL50BKB0nnAEvnQEoHiidAS2eASceJp4BLJ0BKB4onAEumwEoHik=
mwEunQEoHCmbATGaASkeKZkBL5wBKh4mnQEvmgEoHimcAS2eAScdKJoBL5oBKiAomwEtnQEoHSg=
ngEtnAEoHSibAS2eASgdKZwBLZ0BKR4onQEumwEpHiidAS2dASgdJ54BK6ABJx0onQEunAEoHik=
nAEvmwEoHiedAS+bASkdKZ4BLJ0BKB8omwEumgErHieeAS2dASgeJ50BLJ0BJyAonQEunQEoHic=
nQEsngEoHiaeASydASgeKJ0BLp0BJx4nnAEtnQEoHiadAS6bASodKJ0BLpwBJyAmnQEsnAEoHic=
ngEsnQEoHiaeAS6cASceKJ0BK50BKR4nngEtmwEpHiedAS2eASceJ5wBLZsBKh8omgEvmwEpHig=
mgEvnAEpGyeeAS2dASgbKJwBLp0BKh0mnQEumwEoHCmcAS2cASgeJp4BLJwBKB4mngEtnQEpHCg=
mwEtngEpHSedAS2cASkeJ5wBLpwBKB0nnAEtngEoHSedASxbKmKlAacBJh4hIiecASphZGZh
JSJkY2RiJiJhY2lfJSFjZ2RfJiNkY2ZgJiFjY2VgJiNiY2VhJSNhZGhh
JCNgZWZhJCNjZGdiJSJiZWdfJyBkYGdjJSRkZGZgJSNhZWViJiJkY2df
JSNjZGZhJSNjY2ZhJiNjZGhhJSFjZGZjIyJkYmhfJyRjYmZhJiFkZGZh
JSNjZGZfJyNjY2ZiJSJkYWZhJSJiZmZhJiFiYmdhJiNjY2ZhIyRkYWdf
JiJlYmRgKCJgZGdiJSJkYWlfJSJjY2ZgJiNhY2dfJiJiY2hgJSBlY2hf
JCJjZWdfJSFhZGVfJiNjYmZfJyFjYWRjJiJhZGZhJiJhY2dgJSJgZ2Rh
JiNgYmZhJiNhZGZgJiNfZGZgJSRhZGVhJiNhZGZgJSNiYGhfJiNhY2hh
JSJhZGlfJSNkYWhgJiNhYmldJSNiZGZhJyJiYmZhJiJlYWViJyFkYmVh
JSNjYGdgJiRhY2hgJSNjZGZgJyNiY2ZiJSJjY2ZhJiJkY2dfJiRiYmhf
JiJkY2dgJiNjYmdfJiNjY2hfJiJhZWVfJyJjZWVfJyNjY2deJSRiZWVd
KCNgZGZhJyJiZGZgJSNkYWVhJSFiZWZfJiJkY2dfJSJjZGVhJCNkYmRg
JyJiY2VgKCFjYmhhJCJhY2ZfJiJhZWZfJiJjYmdgJSFiZGRhJCFjY2Zf
JyFiYWdgJSFjY2ZfJSFjZGZgJSBgZmdfJyFiYmZgJSBjY2VhJSJgYmlf
JSFjY2dfJSFkZGZeJSJjY2VfJSNhYWlfJCRhYWdgJCJjZGRgJSJhZGRg
JiNhY2RhJSJiZGdeJSNjYWhhJSRgY2dfJiBiY2RjJSFiZGRhJSJiY2df
JyNhYWhfJiNhY2ZgJSJhZmZhJSFjY2hcJyNjY2VfJiRjYWZfKCJhZWZe
JiNiZGRgJSNhY2lgJSFkZGdfJSJiZGdgJSNkYWhfJSJhYmdfKCNjZGZh
JSJiYmhfJiFlYmRgJyNjZGZgJSNkY2RhJiNiZGdfJiNiY2ZfJSNjYmZh
JSNhZGZgJiNhZGZfJCJkZGVhJSJjZGRgJyFjZGZfJyFiY2dfJSNjZGZf
JCNkZGhfJCNhY2ZfJSNhZWZfJiBkY2VgJiNiYmdgJSFkZGZeJSNfZWdf
JSBjZWVfJCJkZGRhJSNhZGVgJiNjYWdhJCJiY2hfJiNiZWVgJSJhYmhg
JSJhY2ViJSNkYmdeKCFiZGViJiFkY2ZgJSFiZGdeJiNiY2ZhJSNjYmdg
JCJkY2VgKCBiY2hhJSNjYmVhJiNgZGdhJSNjY2deJiRkY2ZhJiJhZWZi
JCNjZGZfJSRkYWlfJyNiZGZhJSJjZGZeKCNiYmdfJyJjZGZgJiNjY2hf
JiJjYWlhJiJjZGhhJCFjYmlgJiJkYWZfKCNhZGdfJyNiYWlhJCBkY2Zh
JSJjYmlgJiJhY2lfJSRiYWZfJiJjZGZfJiNiYWhgJSNhZGheJiNhZGZf
JiJiY2ZfJSNiZGVgJiNhY2hgJSNiYWhfJyRhYWdhJSJiZWdeJiJhZGde
JSNhY2hfJSFjZGleJCNhZGVfJSRjYGZhJiNhYmdgJSRhY2ZhJSJiYWdh
JCNhZGZgJSJiZGdfJSJiY2VhJSFjY2ZgJCJhY2dgJiNhYWdfJyNhYmdf
JyNgZGdeJyNhY2ZfJSViY2VhJSNjY2ZgJiNhYWZiJSNgZWRiJCFkY2Zg
JSNhZWdeJiNhY2ZgJyFjYWZhJSJjYmZjIyNiY2dhJSBkYmZhJSNhZGRh
JiNhY2hfJSNjY2ZhJiJhZGdfJCJkYWlfJSJjY2ZgJiNiY2ldJyJhZGRg
JiNhYmdgJSNhY2VfJSFkYmhgJSFhY2ZfJSNiZGVhJSFiY2VfJSNiZGZg
JSFhY2hfJSBmYGlfJyBiZGRgKCFhZGdeJSJkY2VhJSBjZGdfIyJjYWde
JiJhZmZfJSJjY2RhJSNhZWZfJSJiZGZfJiNhYWZiJSNiY2ZfJSJjYmZf
JiJhY2ZgJSNiYWdeJiJjYmZhJSJkYWVhJSNjYWVhJSNiYmdgJSJjY2Zh
JCJjZGZgJSNjZGVhJSNjYWVgJiNjYmZhJSJkYmZhJSNhZGVhJSJjY2di
IySDASdkZ18nIGRhZ2EmIQ==
====== sampling stopped ======
