
FDDFluxReader v0.1

available commands:
	bootloader
	start_sampling
	stop_sampling
	help

> start_sampling
====== sampling started ======
k9ABHmNjZ2MkH2RjZ2MjH2RhZ2QiIGJkZWYiIGRjZmQjIGRkZmMkIGVjZmQ=
IiFkZGZjJCBkZGVjIyBlY2ZiIyBkZGVkJCBiZWZjJCBjZWdiIyFkZGRk
IyBjZGZkIiFkZWVjIyBlZGViJCBkZGVjJCBjZWVjJB9lZGZjJCBkZWZk
IyBkZGRlIiFkZmNkJCBkZWRlIiBkZWVkIiBkZWRkIyBlZGRkIiBlZGRl
IiBkZWRjIyBlZGVkIiBlZWNlIiBkZGVkIiBkZWRkIyBlY2RkIiBmY2Vj
Ih9lZWNkIyBlZGRkISBlZGVkISBmZGRkIiBlZGNkIyBlZWNkIiBlZWRk
Ih9mY2ZiIx9lZGVkIyBmZGRkIiBlZGRiIyBlY2ZjIyBmY2ZiIyBlZWVj
IiFlZGZiIiBmZGZiIyBmYmZjJCBmYmZjIyBlZGZhIyBmZGZiIyBnYmdi
IyBnZGZhIyBnYmhhIyBmZGZiIyBmY2dhIyBnY2ZiIyBmZGdiIyBmZGZh
IyFmY2ZiIyBmZGdgJCBlZWVhIyJjZmZhIyFmZWVhIyBlZmRhJCJkZWVi
IyFlZmVhIyFkZmRiIyFlZmRjIyFkZmViIyFkZWVhIiJmJB8gIiIhIiEi
ISAhIyEiIiEhISEiIiEgIyIiICIiIyIhICEhIiEhISMiISEgIyEiISEh
ISMiIiEhICEhIyEjISEgICEjISMhICEhICMiISIiICEhIyIhISIhISEi
ICRjJ2KkAWalASVgqAFkqQElYacBZqUBJB4jISNhJWFlYiMgZGZlYyIgZGZlYyIg
ZGVlZCIgZmRkZCEgZGZkYyMhY2ZlZCIgY2VkZSIhZGRmZCIgYmZkZSMh
ZGZkZCIgZWVkZSEgZmVkZSMgZGZkZSEgZWVkZiIfZmZkZCIgZmRkZSIg
ZGZlZiIfZWVkZiEgZGRmZSEgZWZkZCIgZmRlZCIgZmRmZSEfZmRmZCMf
ZmRmZSEgZGRlZSIgZGRmZiIfZWRnZSEgZGRmZSEfZmNmZSEfZWRmZiEe
Z2RkZiEfZmNmZSEfZWRmZiEeZmRlZSEeZWNmZSEeZmNnZCEfZmRlZSEe
ZmJnZSAeZWRmZSAeZmRmZCAfZWNmZCEeZGRmZCEfZWRmZCEeZWRmZCEe
ZWRmZCEeZWRmZCAfZWNnZCAgZWRmZCEeZGVlZCAfZSUfICEjIiEhISAi
ICIhISEiICEhIiEiISIgISEiICEhISAiICMhIiEhICAhIyIhISIgISAj
ISIgISEhICMjISAhICEiIiEiISEgIiEhIyIgISAiISMfISEiISAiIiAj
ZKYBZqUBZSWiAWihAWcmogFmpQFnIx8gISMfI2ElHyMgIyEiICIhIyAhICIhIiIi
ISAhZGYiICEhZKcBJmFlpgFmYyalASQcJaIBaGQkH2RlZGciH2RlZGUkH2VjZg==
ZiIeZGVmZyEgY2RmZiIfY2RmZiIfZGRlZSIgZWRjZiMgZWVkZSMeZWVl
ZSIfZWRlZSIfZmRkZCMfZWVkZCQgZGVkYyQfZGZlYyMgZWVkYyQfZGRk
ZCMgZGZkYyMfZWViZSMfZWRkZSIgZGViZisvISIiIiAjISMgIyAjICMg
IiEiICIiIiEjICIgIyAiISIhIiAjICMhIiAiICIhIyEhISIhIyEjICIh
ISIhIiIhICIhISEiIiEhIiEhISIiIiEhICEiISEiISIgIiEhZ6MBZ6YBZCU=
ogFnpAFnJKEBZ6cBZSMeISAjpwEkICAipAGoASVhZCMeImRoY2NkIx8gImQlYSIfIw==
ZGQjIGYkogGpASMfIiKlAWUjIGNjZCNgJWFmZmFlY2iiAWRmZSIeY2kgH2ImXw==
JCAjIiEhICAhISAkZGMjHyMgImRlIh8jICAjZGYhHiEhIiIjICAhICNh
Z2MjIGQjICMhISAhISAjYiWjAWchICMjICEfIWWnASQgISAjowFmIyAiIWdk
Ix4iISAiIiIiISNgaGZkIh4hISIhIyEiICAhZ2QiHiMhIiIhISIhIiEj
ISEgISIjHyEhIyEiICEhISIhIiEgIiEhISEiIiIhIiIgISEhIyEhISIh
IiEiISAhIyIhICIjISEhISMgIiIgIiIhIiEhICIhIiEgImakAWhkIxskpQE=
Jh4iZCMgZiEiYiUfImOmASdhYSehASZhZmZlISFkYmVmIiAjYmRlIyAhIWY=
ZGIiIGRmZCEeI2OpAWVhJaUBpQFhJGOlAWdmYyIfISEiZmMjICIeIWZkIh8jIA==
ImRlIB8hIGNlJGElX2VlIx8jZKcBpwGjAWcgIGQlYSVfZmIkYWZhJWJkIR8i
ICJlZCEfIiAiZmMiHyAgIGUkYWUiHyJjZmJhJGEjYSMipAElpAFjI2QloAEk
HSRkZiIfIR4hZCRhIx4kowElXyZhpQEkZCMgICJjJB4jqQEiHCKqAaMBJR4jZCM=
HyIhISAhHyFkJWAlYagBpwEhIKUBJWIjHyEhIyAjISAgZCIfI2RmpQGlASVhIiA=
ZKcBJWFmpwGmAaUBJqQBIx8iICFjZ2EjZGYhICEhZqMBJWMiY2RmpwEjHyMfImYjHw==
ISEgICFlZCJjZGanAWZiIB9kIyAiICNlpQGkASViI2JjIiBmpQEkHyIgIiAjZQ==
ZCIgImJkIiGlAWZjZCMgIh8hZCViIx9mIh8hHyOlASQfI6UBZSIeISMiISFk
IyAgImNkI2EkYSVhZmEkZKQBJB4iISEfIWYhHiJlIx4jZGYhIGQiH2VkYg==
IR9kI2FmZmQiYSMgICOlAWZjZSEfI2JlImSmASMeI2MjHSJjI2JkIWRlIR4=
I6QBaCAgZCQeIyAiZCIfICEgImMkYSMfJGMjHyAjpwGkASZgZSIhpgFmYiJjYg==
JaYBpAFmISFkZSRgIyFjJGMjHyAhZCRhJWNkImIkZCEhpQElYSUeI2IkHiNi
JWGqAWRmpQGmASMfIyEiIh8hZCNiIyGlAacBaCAfJGMkowFoIx8jICNjJWBnpAFnIg==
HyEgI2amAWQjZGYiH2anAaQBJWMjHyIhI2elAWUiICEgI2MkYSIhZCRhJGNnIg==
HiNlIiBkZSMgISOlASahAWhiJGRmIB4kZGNoYyMeIiIiISJlIx4gImYjpAEn
oAEmZCEfZSQgICOjASZgJGOnAWZkYyRhJGIgIGVlICJkZGIjYSVjJR4kpQEkIA==
owElYWQjYyMgZqIBJmIjHiIfIWIlpAFmIWEjZCEgZiIgZiIeIWZkZSOjAagBpQEj
ZCEgZCMeImQjHiEhI2IloQFlI2IjYiMeJWQhIWQhHmZiZSIdIqgBYiVfJV8=
JmSkASSlASIfpQElYiIfZmMjY6UBJGEiHiNlYiRhZWSoAWQiXyWlASQfIh8jZGRj
I19nZKcBpwGlASSkASQfIiEhI6UBqAEiH2UjICNkZSEfISEhIiEiIiAgZCIeJKUBIw==
HyMgImViJaMBZSNkpAEnoQGqASMeImYhHiNkpgEkYiMgISFlIh8iZiAhYSWiAWhk
YyNjIh4kpwEjHyEiISJmZCNhIx4iISFmpAFkI2MkpQEkHyMgImQiHiNmYyVh
pgFmZSEgpwElHiEgHyFmZCRjIh9lJKIBJR4jICNjIx8hIiAiICEgICBnIB8j
ICOjAWciHyBmpAFmIx4iISIgICJkpQEiH2RkZSJkIiAgI2QjYyIeZyAeImWjAQ==
JaQBqQEhH6YBZyEeIWakASIgpwEkYiIeImSkASRhI2FmIB9kpwEhIKkBIx4gI6MBJaMBJQ==
YSIgZCMfICKmASMgICFmZCAgowFmYiRiZSJkIB5kqgEgIKcBZiAfZCIeIqkBpQFj
ZiEgZGYgIKQBZiIgICFkZmEjYSUdIWQkHiNiJGQiHmRlZiEfIB8iZiAhpgE=
JB8iIR8jpQElogEjHmZmpgEjHmVkIx8hICOmAagBIx4ipwEjIKYBIh8hISIgI2QkHw==
ImQhIKUBJKUBJGMhH2UjHyIjowGqASMeJKUBIyClAWZmIh8jpQElHyEiZGYhICEgIA==
JKYBJB4hI6QBJqUBpgEkY2ZlYSNhJR8hIyEgI2UjHiMfIWUhIWWnAaYBJV9nZGQj
YiIgZGUiISEfIWggIKcBZyAfHyFkJWElYGZjZCEgZCMhpQFlIh4gZGVlIiA=
pwElogFmIR8hIWYhH6oBpgEiH6YBJGEjHiNkIh9lISAjISAiZCNhZSOiAWUiYmYg
IGUhIKcBpwEjHiAiqAEjHiEjpAEjHiIjpgFkIh8jZGRlIiEgIacBIx0ipwGnASIfICA=
ZmMjpQGmASMfICKoAWcfHyEgHyJmJR8gIagBIxwiqQGmASMeICFnIB9kIyBlYyOlAQ==
ZCJkowEjY2alASMeImUiHmYjHyEjowElX2YipQFjI2QjHiJkJR4hZWVhJWFkJA==
pgFkJV8kZGMjpQEjHyEipQFmIh8hIWWmASQfICKlASVhJGSmASWkASMeISGnAWQjYyQ=
pAGoAWQjYSWkAagBZCNkpgEjHyEgIyAipwFlImSiAWdiY2UiIGQjICRhJKQBIx8hIaYB
JR8hICFkIx9kZCMgISBkI6QBYyRgJaUBJB4hICJiJR8jY2ZhJKQBqQGjASWkASQe
ICEhI6UBowElYSVhZSIfImRkZCEhpQFkI2ElYiEfZGQiHyAiICEgIWQjIWRk
ogEnoQGpASMeISAjpAGmAWQiICMhHyAjIR8gICEhZGZkICBjIyAhISEgICEgHyI=
ZaYBZmFkZKUBZCIfISAgICFkI2BmpAFlYiagASSkAaUBZSMfIiAfIWahASalAaMBZiEg
ZWQiIGNjZWAlXyViJGKjASSlAWQlXyRhIiBjJGEjZKIBZyNiZCNhZGEjYiMg
IiFlogEkYWehASWmAWdjY2RiI2EjY2QjHSOlAWZkpwEjHiOnASMfICEgI6UBJaMBZmI=
YyNiIx8gI6cBIx4jICAhpQEjYWZkIR9mpQFlICBkIyAhIWRkpwGlASQeI6MBJR+mAQ==
IiClASViIh5lJaQBpQFjI2OoAaUBIx0hZGWnAWQjYqUBpgEjIaQBZCRgJGMjHiEiYiRi
YiNjIR8jISAiY2UiHiBnpgGkASRiYCRiZaQBIiBkIyAiICAiICFkZCEeISFl
pgFjIyAhIR8gZCMfISAiYiMeIiAhY2QiHiFjIyJiZCIhpQGjAWUjHyNhY2WjAQ==
JaIBZCJjZCEgZaQBZSJmogEkHiEgJKABZWZjImSlAWRipQGmASVeJWFmZGVhI2FjIw==
pgFkIWFoYSSiASRhIh9lpgEjYSIeZqQBJCFkYWUiHyJmpQFlY2MjICEgImUgIKkB
pwFlIB4hIyFkpgFmISBkZCEgIiAiYyWlAaQBJB8lYyMeIGemASWiAWhhZmGpASEgqAE=
qgGlASQgpAElICAgZSMfZCRkIx4gImQlYSRiJGEkHiMiISEhIGRkZmZkISBl
IR5lJKQBZiAgZ6MBZ2JmYmVkpgElowEkIGRmHyGnASRfaSNjIiBlpAEnogElYiNhJQ==
pQFlZaIBJWNmYiIgZGUiHx8hZiAfZWQjpAEjHiBmZaQBIx5lZCSjASMgpgFlIWIk
YWWmAaUBJaMBJaQBZmNlICAgImEkYmViJl8moQFlYqcBIiBiZSOlASSlAaUBIx8hISIg
Ih8hZSIfZCOkAWUgH2alAWNkZSJiYiVgJaMBZGSkASQfZGQkoAElowGoASNhZWUiHQ==
ICJkZGRjZWJmpQEkHiOlAWVjJB4iZGZjIyAgIWMjY2alAacBIx5lZGZiIR9mZA==
ZmElpAEjHCOmASMeZmSlASQgIiAhHyJmIh9iJaIBZyIhY6UBZWakAWdiZmElYWajAQ==
qQEjIGQjHiJjJaIBJWAmXyZhIx9mowElYSRgJaIBJmFlowFlZGQjICAhZCIfpwFl
JGAkpAFmISBhJWJlowFmZWQhICEjYSRgZ2IlXyahAWZjpQEjIGNjJqMBJaMBpgElYg==
Y6UBJWIjHWVkIx8gIGQjYSMeZaUBJaMBIx9kYyNfZGYhIGVjIx8gIWUhH6cBYg==
JGAjowFmIB9jI19opQGkASSiASMgYSVhZSEgICFkIR9kIR0jZSAfY2ZiYyNhZA==
pgGlASMfZGMloQEiIGRjJGFmYyIfHiJhJGEjIGagASeiASMfY2UjHSJkYmVkZCI=
HyAhZCOlAaMBJaMBJWFipAGnASMeIGJmZSAgYiSkAWUgHmWnAWYhHyAhICEiISEgIg==
IR8hHyJjZGRjZqMBZmMiHyRjZGMjHyIgIWRkIh4hICNiZSMfICAjY2YhIA==
ICAiYmYjHiAhImViJB8gIWSnAWVhJKYBpAEkYmaiAacBZmMjpQFkYyOlAaYBpAFmYSSnAQ==
ZCNiYSNhZmUiHSKoAaUBZGQkYmZiIiAhICJkZCIeIiAhZmUhHyAiZKUBZWIl
ogGlASViZqMBpgFmYyWiASQfISIhIWQiHiEhImNkIx8hICAgImViIx8iYiWjASMf
pAElYSMfIiEfIiEhIB8hZSAfpgElYSMfICNhJGFiImBlI6MBpgFmIh4iISEgIQ==
ZCAgowFmZGRjIiCjASQeISAhISEgImMjHiAgISAiISEfICEgICFlowGpAaQBJaIB
pQGnAWQjYGMjYCUeI6IBKJ8BJ6IBZmEhIL8CKSFiY2NkJSBlYGRkIyJiZGRiJCBi
Y2VjIyFjYmRkIyFjYmNkIyFkY2JjIyBjY2RkIyFjY2FkIyBkY2NkJCBl
Y2NjIyBkY2JlIx9kY2NkIyBkZGJkIiBkY2NkIyBkY2RkIyBjY2JkIyBk
Y2RkIiBjZGNlIh9lZGFlIh9kZWJkIh9lZGJkIh9kZmJkIR5kZWNkIR9k
ZWJkIR9kZGNkIB9kZmNjIh5lZWJlIB5kZmFlIR1kZmNkIB5lZGNjIh5l
ZWRkIR1mZmNkIR5lZWNkIR1lZmNkIR5mZGRkIh1mZmNjIh1lZmNkIh5k
ZmVjIh5lZGRkIR5kZGZjIh5lZWRkIh9jZWRjIx5lY2RkIh5lZGZiIR9k
ZGRkIR9lZWRkIR9lZGRjISBkZGNkIR5kZWRiIh9mZGFmIR5kZGRiIR9m
ZGRjIR9mZGRiIR9lZWRhIh9lZWRiIx5kY2VkIh5kZWJjIR5mZGNkISBj
ZGNkISBkY2NkIh9jZGNjIx5lZGNjIiBjY2NlIh9kY2NkIh5lY2NjIiBi
ZWJkIiBjZGNkIR9kZGJjIh9jZGJkISBkZGNkIh9kZGNjIh9jZGRjIiBi
ZGNjIx9jZWRgIyBhZWRiIyBiZWRiIx9iZWRhIx9jZWRiIx5iZ2NjIiBi
ZWNjIiBjZWVjIR9jZmJkICBkJB8gICIiISAhICEgISIgISEhICIhISAi
ICAgISIjICEgISEgISEhIiAgISEgISEhISAgISIhISEgISAhIiEgIiAh
ICAiIiEhISIgIiEiICAhICEjICAfIyMgHyIfIyJkpQFlpgFiJ6MBY6QBZSWiAWQ=
pgFmISAgICAhImQlHyAiICEhISEiICAgICEjICMgISJjZCMfIiAjYakBY2M=
IyAgIWFmJR4iYiVfZGQjIGRjY2QhIGRlYmUiH2NkZmMiIGFmZWMjIWRi
Y2UkHmRfZmUiIGRjZGQiH2FlZWQjIGFkZWQiIGNkZWQjHmZiZWIjHmNk
ZWMiIGJkZmEjIGJkZGQiIGRkY2MjH2VlZGMjHmZjZWEhIGRlZGQiH2Vl
Y2MjH2NlZWQhH2JkZmQiIWMjHiEgIiMhHyEiIiEgISIhISAhICMhISAh
ISEiIyAhICIfIiEiISEhISAiICIiISEjICEfIiEiIiEhIB8jISEhISAg
ISMiIiEjICEhIiAhISEgIiEhISMhIiAiIiEgI2SjAWSoAWMkpAFmpgFmJZ8BaKUB
ZCUfIyAjowElISEfI6IBJqYBJB4jogElpwEjHiSjASWnASMeJKIBKKQBJB0jowElpwEkHSM=
ogEnpQEjHiOlASehASUeI6QBJaYBJBwjpAEnogElHiOiASalASUdI6MBKKABJh0jpQEmowElHiM=
ogEmowElHSOmASWjASUbIaYBJ6EBJR4jpQEnoAEmHiOjASihASUfJKMBJ6ABJh0jpgEloQElHSM=
pAEnogElHiOlASaiASQdI6YBJ6ABJRwjpQEmogEjHiOkASajASUcI6QBJqMBJRwlogEoogEkHiM=
ogEooQEmHSOkASajASUcJKIBJ6IBJR4kogEoogElHCKmASaiASUcI6MBJ6QBIx4jpQElpAElHSI=
pAElpQEkHSKlASaiASYcI6UBJ6IBJRwjpwEmogElHCOlASWlASUbIqcBJaMBJRwjpQEnogEkHSM=
pgEkpQEkGyOnASegASUdI6UBJqIBJR4ipAEoowEkGyWkASakASUeIqMBJqUBJRsjpgElogElHSM=
pQEmowElHSOkASalASQcI6YBJKMBJh4jpQEmoQElHCOlASWkASUdIqUBJaIBJhwjpAEmpAElHiE=
pgElowElHSGlASakASMeJKIBKKIBJRwjpQEmoQEmHSOkASaiASUdIqYBJaMBJR0jpAEmowEkHSE=
pQElowEkHiKkASalASUdIqMBJqIBJR4jowEnogElHSKjASWlASUbI6IBJqIBJRwjowEnogElGyM=
owElpQElHCOiASWkASQbIqQBJqUBJRsipQElowElGyKjASiiASUaIqUBJ6IBJB0jpAEnowEkHSI=
owEnowElGyClASajASMeJKIBJqQBJR0iowEmogEmHSClASaiAScbIqUBJqEBJRsjpwElowEjHCQ=
pgEkogEkHiOkASeiASUdI6QBJaIBJx4gpwElogEmGyKmASegASUcI6QBJaMBJR4hpwElogElHiM=
owEnpAElHSOjASijASUbI6YBJKUBJB0jpQElowEkHSOmASWiASUeI6MBJqMBJhwkowEmpAElHiM=
pAEoogEmHSOjASejASUcJaQBKKIBJh0jogEpoQElHiOjASajASYeI6IBKKQBJB4jogEpoQElHiU=
ogEoogEnHCKlASehASYeIqUBJ6IBJhwhpwEnoAElHSSlASehASUdJaIBJqQBJB4kogEnogEmHiM=
ogEmpAEmHSKkASigAScdIqUBJqIBJB4jogEoogElHiKkASehASYdI6QBJ58BJR0jpQEmogElHiI=
pAEnoAEmHSOiASekASUcI6IBKKQBJRsjpQElogEmHSKkASaiASUcI6IBKKQBJRsjpQEmoAEnHSI=
pQEmogElHCOiASajASYcI6UBJqABJx0hpAEmpAEkHSKlASajASMdJKMBJqUBIxwjpwEmoAElHSI=
pwEmoQEmHSKlASeiASUcJKMBKKEBJR0jpgEnoAEmHSKlASeiASQeI6UBJaQBJhwjpAEmpQEkHSQ=
pAEnoAElHySiASajASUdI6QBKKEBJh4ipQEmpAElHSSiASikASUdI6IBJ6IBJh0logEnpAEmHSM=
pAEnogElHSSmASegASUdJaQBJ6QBJR0hpQEnowElHSOlASWkASYcI6UBKKIBJB0lowEnowElHiM=
ogEoogEkHyOjASeiASYdIqcBJ6ABJR4jpQEmowEmHCKmASakASQeIqMBJ6QBJR0jogEoogEjHiU=
oQEnogElHSOlASehASUeJKIBJqMBJB0kowEnogElHiKlASahASUeI6MBJqQBIxwkowEnogEmHSM=
ogEmowElHiKiASegASUeI6IBJqEBJR4iowEnoAElHSKlASaiASUcIqQBJqQBIxwlogEnoQElHSM=
ogEnoAElHiOiASihASMdIqQBJ6EBJR0iogEnogEkHiSjASahASMeI6UBJaEBJB0ipQElowEjHCQ=
ogEmowEkHCWhASalASUcI6MBJqABJh0jpAEmoAElHiOiASajASUcJKMBJ6ABJh4jogEonwElHSQ=
pAEmogElHCOkASifASYeI6IBJ6QBJRwjogEnowElHSKlASWiASUeJKEBKKABJx4kogEmpAElHiM=
pAEloAEmHyOjASakASUeIqIBKaABJR4jpQEmoQEmHCOjASajASQdJaUBJ6ABJR4kpAEmogEkHSQ=
owEoowElHiOhASalASUdIaQBJ6IBKB0ipAEoogEjHSOkASihASUdJaQBJ6IBIx0loQEnowEmHiM=
oQEoowEjHSSjASiiASQdI6QBKKIBJR4iogEnpAElHCOjASmiASQdI6MBJ6EBJRwjpQEmoAEmHiQ=
oQEpoQElHiOiASigASYcJKQBJqIBJhsjpQEmowElGySkASegASYdIqQBJ6IBJh0iogEooQEmHiI=
pAEmogEmHCOhASeiASQdI6MBKKEBJR0ipAEnowElHCSjASWiASQcI6QBKKMBJBwjpAEooAElHSM=
pQEmogElHSKkASekASMcI6UBJqIBJR0jpQEnogEjHCOlASeiASYcIqUBKKEBJR0jpQEnowEkHCM=
pQEmoQElHSSkASajASUeI6IBJqUBIx0jpQEmogElHiKlASaiASUdI6UBJaMBJh0jpQEnowElHSE=
pwEmogElHSOnASWjASUcI6YBKKIBIxwlpAEnpAEkHiOiASiiASUdI6UBJqQBJR0ipgEooQEkHiQ=
pAEnogEmHCSkASeiASUeIaUBKKEBJR4jpAEnogElHSOlASejASUdI6YBJ6ABJR4jpQEnowElHSE=
pwEmogEmHSKmASegASUeI6UBJ6MBJR4ipAEooQEmHCWiASejASUdI6MBJ6MBJR0logEooQEnHSM=
owEnogElHSSkASehASUdIaUBJqMBJB0jpQEnoAEmHCOlASWjASUcJKQBKKIBJBwipwEmoAElHCM=
pQEmogElHCOkASeiASQdI6YBJaIBJRwipwElpAEkGySlASWkASMdJKQBJqMBJRwjpAEooAElHyM=
pQEmoQElHSOmASaiASQdI6MBJ6MBJB4jowEoogElHCOmASahASUdI6QBJ6MBIx4jpAEnogElHCM=
owEmpQElHSGlASigASUeI6cBJaQBIxsjpwEmoQElHSOjASiiASQeI6QBJqMBJR0jpQEnogElHiM=
owEoogElHSWlASigASYdIqMBJqUBJRsjpQElpAElHSKlASeiASUdIqcBJaIBJB4jpQEoowEjHSU=
owEnowElHCOlASejASUeIqUBJ6EBJh0hpgElogElHSOlASehASUeI6UBJ6ABJh4jpAEmoQElHSM=
pgEnoAElHSSkASegASYeIqUBJaQBJB4jowEmpAEkHSOjASWlASQcIqYBJqQBJB0jowEoogEkHSM=
pQEnnwEnHSOlASahASUeIqUBJ6IBJB0ipQElpQEjHCSlASWiASUcI6YBJaIBJB0ipgElowEkHCM=
pQEmogEkHSOkASWjASQdI6YBJaEBJR4jpAEnoQEkHSOkASaiASQdIqQBJaQBIxwjpgEloAElHCM=
pQEmoQElHSOkASWiASUbI6UBJqEBJBwjpgEmoQEkHSOmASahASQdJKQBJaQBJBskowEmowEkHCM=
pAElpAEjHSOlASakASMcI6UBJ6MBJRwjpAEmowEjHSSkASWlASMbI6UBJaQBJRsjpAEnowEjHCQ=
owEnpAElGyOnASSkASQdI6MBJqUBJB0hpQEnogElHiOjASalASQcI6YBJqIBJR0hpgEmogElHCM=
pQElogElHSOlASakASUdIaYBJqIBJhwjpQEmogElHCKnASWjASUeI6QBJaIBJR0lpAEmowEkHSM=
pQEmoQElHSOlASeiASUeIqUBJqMBJB0jpQEnogElHCGnASeiASUdI6UBJqMBJB4jpAEnogEkHSI=
pQEnogEkHiOjASehASUeI6UBJqIBJR0koQEnowEkHiSiASajASUeI6IBJ6QBJB4jogEmpAElHiM=
owElpQEkHiKiASalASUeI6IBJ6MBJR0jogEmpAElHSOhASekASQeI6IBJ6IBJR4jogEmowElHiM=
owEmogElHSOjASaiASUdI6QBJqIBJB0jpQEmoQElHSOlASaiASQdI6YBJqABJR0jpgEmoAElHSM=
pQEnoAElHSOmASahASQeI6YBJ58BJR0jpgEloAElHiOmASaiASUcI6UBJ6EBJR0jpAEnogEkHSM=
pAEnogElHiOjASakASQeI6IBJ6UBIx0jowEmpAElHCOjASakASUeI6IBJ6QBJB0jogEnowElHiM=
pAElpQElHSSiASajASUeI6QBJqMBJR4jpAEmowElHiOlASaiASUeI6UBJqIBJR4kpAEnoQElHSU=
pAEooAElHiOlASegASUdJKUBJqABJR4jpgEnoAEmHSOlASahASUeI6UBJqEBJR0kpAEooQElHiM=
owEnogElHiOjASeiASUeI6QBJaQBJB4jowEmpAElHiKiASekASUdI6MBJqMBJh0jogEnowElHSM=
owEmpAElHSOiASaiASYeIqMBJqQBJB0jowEmogElHSOkASaiASYcI6QBJqEBJR0jpAEmoAElHSM=
pQEmoAElHSKmASagASUcI6YBJqABJR0hpgEnoAEkHiKmASWgASQdI6UBJqEBJB0jpgEloAElHSI=
pgEloQEkHSKlASaiASUcI6UBJaEBJB0ipQElogEkHSKkASejASMdIqMBJ6MBJR0iowEmogElHSM=
owElowElHSOjASWkASUdIqIBJqUBJB0jogEmowEkHSKjASejASQdIqMBJqMBJB0kogEnogElHiM=
owElogElHSSjASaiASUcI6QBJ6EBJB0jpQEmoAElHSOlASahASQeIqYBJaABJB4jpQEmnwElHiM=
pQEmoQEkHSOlASahASQeI6UBJqABJR0jpAEmoQElHSOkASWiASUeIaQBJqIBJR0iowEmogElHSM=
pAEmoQEkHiGmASaiASUbI6UBJaIBJB0jpQEkpAEkHCKmASWiASMeI6QBJaIBJR4ipAEooQEkGyI=
pQEmowElHCGlASegASYcI6QBJqEBJRwjpAEnnwElHiOjASegASUdI6MBJ58BJR0jogEooAEkHiM=
oQEpoAEmHCShASigASQdJKMBJ6ABJRwjowEnoAElHCSiASehASUdIqQBJ6ABJB4jowEooAElHCM=
ogEnogElHSOiASigASUcJKMBJqEBJR0jowEooQEkHSOiASigASUdI6MBKKEBJRwipQEooAElHCM=
pAElogElHCOkASaiASUcIqQBJ6IBJRwjpAEooQElHSOkASaiASUcIqQBKKIBJRwjowEnogElGyM=
pQEmogElHCKkASejASUcI6QBJ6MBJRsjpQElpAElGyKlASajASUbIqUBJaQBJBsipQEmpAElHCI=
pQElowElHSKlASakASUcIaUBJaQBJRwipQEmogElHSKlASajASQdIqUBJqIBJR0jowEnoQElHSI=
pAEmowElHSKlASWkASUdIqQBJmEkYqYBpwEkHiIfIqMBJWJkZmIhHmZkZmIhH2VkZmE=
Ih9lZGdhIR9mZGRkIR9jZWdhISBlY2RjIR9mYmZhIiBlZGVhIh9kZGZh
Ih9kZGZjIR5lZWRiIiBjZGZkIh1kZGRiIiBjZGVjIh9kY2VkIR9lYmZi
IiBjY2VkIiBjZGRjIh9kY2ZkIR5lY2VjISBkZGVjISBlZGZjIR9kZGZi
Ih9kZGRkIB9kZGRkIh9lZGVkIB9lY2RlIB9lZGVkICBlZGVjIR9lZGVk
ICBkZGVkIB5mZGRkIR9lZGVkIR5lZWVkIR9kZGRjIR9lZGViIR9lZGVj
Ih9kZGViIh9mY2VjIR9mZGVjIR5mYWZkIB9mY2ZkIB9kY2VkIR9lYmZk
IR9lYmZkIh5lYWZkIh5kZGRkIyBkY2VkIB5kZGZjIyBkY2VjIx5jZmNk
Ih9lZWNkIh9kZWRkIh9kZGRkIh9mY2JkIh9lZGNjIx9mY2NkIiBkZGNj
Ix5mY2NkIx9lYmRlIh9kYmNmIR9mYmRkIh9kYmRkISBkYWRlIh5lYmVk
Ih9kYmVkIh9kYmVkIR9kY2RjIx9jY2ZiIh9jZGRjIh9jZGRkIh9iZGZi
Ih9jY2ZiIh5kZGRjISBhZWRiISBiZWVhISBkZGRiIiBjZWVhIh9kZWNj
ISBiZmRiIh9kZmNhIiBjZmNiISBjZmRhISBkIx8hISIgISAhICEhIiAi
ICEhISAiICIhICAhICIiICAiISEhIiAiISEhISEgISEgISEgISEhISEh
ICAhISIiISAhICEhISIjICAhISEiIiEgICIhISEhISIgISEhICFkowFmpQE=
ZSSiAWakAWQlogFmpQFmIx8gICIfI2IkHyEhISEhISIhISEhICIhIiAhHyJjIw==
YyMgISFkpQGnAaUBJWIjHyAiYSWiAaYBZGciHmRkYmchH2VjYWciH2RjZGYhIGI=
ZGRmIh9iZGVmISBhY2VmISBhY2VlIR9jZGRmIx9iZGRlIiBhZGVlIh5j
ZGRlIh5jZWRiIiBiZWRjIh5jZWRjISBiZmRjIiBiZmNjIx9hZ2RjISBh
aGRiIx9hZmRiISBjZmNjIR9kZ2JiIh9kJB4iICEhISEgISAhISEhICAh
ISIhISEhIiAhICEjISAhICAhISAhISEgICEiISAhICIgISEiISAhICEh
ISIhISAgICIgIiIgIiAgISEiICIgICIhISEhIiAgISEiICJkpAFlpQFkJKIB
ZqYBZCWhAWWmAWQjISEgIqQBJR8hICOlASaiASQdI6UBJ6IBIx4jpQEmogEkHSSjASiiASQe
I6QBJ6MBJR4kowEmpQEkHSKlASiiASUdJKMBKKMBJB0jowEnowElHSOjASekASQeI6MBJ6MBJR0=
I6IBKKMBJR4jogEnpAElHSOjASalASQeI6IBJ6QBJR0jowEmpAElHSKjASakASUdI6QBJaMBJR4=
IqQBJqIBJR0ipAEmogEmHSOjASajASUdI6QBJaMBIx4jpAEmogElHSOlASWiASQcIqYBJaABJB0=
IqUBJqABJR0hpgEmoAElGyOmASWgASUdIqUBJaEBJB0ipQEmoAEkHSKmASegASQcIaYBJqABJRw=
IqUBJqEBIx0ipgEmnwElHCGnASWhASQcIqUBJqIBJBwhpQEmogEkGyKlASahASMcIaYBJqIBJBw=
IqUBJqEBJBwipAEmogEkHCKlASSjASQcI6IBJqIBJRwhpQEmogEkHCKjASWjASQcIqQBJqMBJRs=
I6QBJqIBJB0ipAElpAEkHSKkASejASQcI6IBJqQBJBwipAEmowEjHCOkASajASUcI6MBJqQBJB0=
I6QBJaMBJB4jpAEmowElHSOlASaiASUdI6QBJqIBJB0jpAEmogElHSKlASehASUdIqUBJqIBJB0=
I6QBJqEBJR0jpQEooAElHSOlASahASQeIqUBJ6ABJR0jpQEloQElHCOmASegASUcJKUBJqABJR0=
IqYBJqABJR0ipQEnoAEmHCOmASagASUeIqQBJ6IBJBwkpAEmogEkHSKkASaiASQdIaUBJaIBJB0=
I6MBJqMBJBwjpAElpAEjHSKkASWkASMcIqMBJaMBJRwjogEnowEkHCOiASajASQcIqMBJaMBJRw=
I6IBJqUBIxwiogElpAEkHCOiASWkASQcIqQBJaQBIx0jogElpAElHCOiASWkASUcIqQBJ6IBJB0=
IqMBJaMBJRwiowElowElHCGkASeiASQcI6UBJaQBJBsjpQElowEkHCOlASeiASQcIqYBJqIBJRw=
I6UBJaMBJRwjpgEmogEkHCOmASaiASQdI6YBJaIBJB0jpwEmoQEkHSOnASehASQcI6cBJaIBJB0=
IqcBJqEBJR4jpgEooAElHSOnASahASUdI6cBKKABJB4jpwEnoQElHSKnASehASUdI6UBJ6IBJB0=
I6YBJqMBJB0jpgEmpAElHSOkASekASQdI6QBJ6QBJB4jpQEmowElHSOkASakASUeIqMBJ6QBJR0=
I6QBJqQBJR0jpAElpQEkHiOkASekASQdI6MBJ6QBJR0jpAEmowElHiKlASajASUcI6QBJaQBJR0=
IqUBJaMBJR0jpAEmowElHSOlASaiASQdI6UBJaIBJB4ipQEmogEkHSOlASahASUdJKUBJqEBJR0=
IqYBJqEBJB0jpQEmoQElHSOlASWiASQdI6UBJqABJB4jpgElogEjHiKmASahASUdIqYBJqIBIx0=
I6YBJaIBJB0jpQEmogEkHSOlASWiASUdIqYBJqIBJRwjpQEmogElHSKkASajASUdIqUBJqMBIx0=
I6QBJqQBJRwipQEmpQEkHCSjASakASUcI6QBJqQBJB0ipAEmpQElHSOkASakASUdI6MBJqUBJR4=
I6IBJqUBJR0jpAEnowElHSOkASelASQeI6MBJ6MBJR0jpQEmowElHSSlASaiASUeI6UBJ6IBJR4=
I6UBJ6IBJR4kpQEnogElHSOmASehASUdJKYBJqEBJR4jpgEmoQElHiOnASehASUdI6UBJ6EBJR4=
IqYBJ6EBJR4jpgEnoQEkHiKlASegASYeI6UBJ6EBJR4jowEoogElHiOiASiiASUdJKIBKKMBJR4=
IqIBJ6IBJR0jowEmowElHiKjASehASYdI6IBJqQBJB0iogEnowElHiOgASekASQeI6IBJ6IBJR0=
IqMBJqMBJB0joQEnowEkHSKiASaiASUdI6EBJ6IBJR0iowElowElHCOiASWjASUcI6MBJaMBJB4=
IaMBJqIBJB0jowElogElHCOiASWjASUdI6IBJqIBJB0ipQElowElHSKjASajASQcI6UBJaIBJB0=
I6MBJqMBJBwipQEmogEkHSOlASWiASUcI6UBJaIBJR0jpQEmoQEkHSOlASahASUdI6UBJ6IBJRw=
I6UBJ6IBJR0jpQEnoQElHiOlASahASUdI6YBJqIBJR0jpgEmogEkHSKmASehASQeJKUBJqEBJB4=
I6UBJ6EBJR0jpQEnoQElHiOlASehASUdI6UBKKEBJhwjpQEnoQElHiOkASiiASQeI6QBKKEBJR0=
I6QBJ6IBJR0jpAEoogElHiOjASeiASQfIqMBJ6IBJR4iowEnogEmHiOiASekASQeI6IBJqQBJR4=
I6EBKKMBJR0jogEmowElHSOiASejASUeI6IBKKIBJR0iogEnogElHCOjASajASQdIqQBJqIBJRw=
I6IBJqMBJB0jowEmowElHCOjASaiASUdIqUBJqEBJR0jpQElogElHSOkASahASUdIqUBJqEBJR4=
I6UBJqEBJB0jpQEmoQElHiKmASagASQdI6YBJqEBIx0jpgEmoAElHSKnASWhASQdIqcBJaEBJRw=
I6cBJqABJR0ipwElogEjHiKnASahASUdIqcBJaIBIx0ipwElogEkHSKnASWiASQeIqcBJqIBJR4=
IqYBJqMBJB4jpQEmpAEkHSKlASekASQdIqUBJqMBJR0jpAElpQEkHiOkASWlASUcI6QBJqQBJR4=
I6MBJqUBJB4ipAEmpAElHSOkASalASUdI6QBJqQBJB4ipAEnpAEkHSOkASajASUeI6IBJ6QBJR0=
I6UBJaQBJB4jpQEmpAEkHiOkASejASUdI6UBJqIBJR4ipQEmowElHSSlASWiASUeI6UBJqIBJR0=
I6UBJqEBJR4ipgEmoQEjHiKmASaiASQdJKUBJ6ABJB0jpQEmogEkHiOlASagASUdI6UBJ6EBJB0=
I6UBJ6ABJB4jpgEloQEkHSOmASahASQeIqYBJ6EBIx4jpQEmoQEkHiOlASahASQeIqUBJqIBIx0=
I6UBJqIBJB0ipgEmogEjHiOlASWjASMdI6YBJaIBJB0ipQElogEkHSKlASWkASQcI6QBJqMBJBw=
I6UBJaQBJB0iowEoogElHSKlASWkASUdIqQBJqMBJB0jowEmpAElHSOkASajASQdIqMBKKIBJR0=
IqQBJqQBJB4jowEmpQEkHSOjASakASQdI6MBJqUBJB0iowEnpAElHSOjASalASQdI6QBJqQBJR0=
IqUBJqQBJB4jowEnpAEkHiOjASakASQdI6MBJqMBJB4jpAEmogElHSKkASajASUeI6QBJaQBJB0=
I6UBJaMBJB4ipAEmogElHSOkASaiASQeI6QBJaIBIx4jpQEmoQEkHiOlASagASUdI6QBJaEBJB0=
JKUBJaEBJB4ipQEmoAEkHSOlASagASQeIqYBJp4BJR0ipgEmnwElHSOkASegASQdI6UBJqABJRw=
IqUBJ6ABJRwjpQEmoQEkHSKkASegASQdIqQBJ6EBJBwipQEnoQEjHiKkASaiASQdIqMBJ6IBJR0=
IqIBJ6QBJB0howEmowElHSKjASakASQeIqIBJqQBJB4jogEnpQEkHiKjASalASQdIqQBJqIBJR4=
I6MBJqMBJR4ipQElpQEkHSOlASeiASUdI6UBJaMBJR0jpQEmogEkHiOmASeiASQeI6YBJqIBJR0=
I6YBJ6EBJR0jpQEooQElHSOmASejASUdIqYBJ6MBJR0jpQEnowElHiOlASijASUeI6UBJqQBJR0=
JKMBJ6UBJR4jogEopQElHiKkASelASUeI6IBJ6UBJh0jogEnpQElHSSiASalASUdJKIBJ6MBJh4=
I6IBJ6QBJR0jowEnogElHiOjASaiASUeI6UBJqIBJR4jpAEnoQElHCOmASegASYdIqUBJ6EBJR4=
IqUBJqEBJR0jpQEooAElHSOmASWhASQeIqUBJ6ABJR0jpAEooAElHSOlASehASMeIqUBJ6EBJR0=
I6UBJqEBJRwipQEooAElHSKjASiiASQdI6QBJ6IBJR0ipQEmpAEkHCOkASajASQeI6QBJqMBJB4=
I6MBJqQBJR0jowEmpAEkHiKkASakASUdIqQBJaUBJR0jpAEmpQElHCOkASalASQeIqUBJaUBIx4=
I6UBJqQBJR0jpQEmowElHSOlASalASQdI6UBJ6QBJR0jpgEmowElHiKnASeiASUeI6cBJ6EBJR0=
JKcBJqIBJR0jqAEnogElHSOmASeiASQeI6cBJ6IBJR4jpgEnowEkHyKmASijASUeI6UBJ6MBJR4=
I6UBJqMBJR4jpQEnowEmHiOiASilASUdI6IBKKUBJR0kogEopQElHiOiASalASYeI6IBKKQBJR4=
I6IBKKMBJR4jogEnogEmHiShASijASUdI6MBJ6IBJh4jpAEmoQElHiSiASigASceIqQBKKIBJR0=
I6MBJ6IBJR4jowEnoAEmHiKiASajASMeI6IBJ6EBJh0koQEmogElHiOjASehASQeJKIBJ6IBJB4=
I6MBJqEBJR4iowEooAElHSOjASeiASQeI6MBJ6EBJR4iowEooQElHSOjASaiASUcI6UBJ6IBJR0=
I6MBJ6IBJR0jpQElowEkHSKkASiiASUdIqUBJ6IBJRwipQEmpAEkHSKlASajASQcI6UBJ6EBJR0=
IqUBJqQBJB0ipQElpQEjHSOlASakASQdIqUBJ6QBJRsjpQEmowElHSGmASamASMcI6UBKKQBJB0=
IqYBJaQBJR0hpwElpAElHCKmASWlASQdIqYBJaUBJR0ipQElpgElHCOlASWmASUdIqUBJqUBJB4=
IqcBJaUBJRwipQElpQElHSKlASWlASUdI6YBJaUBJR0hpgElpAElHiKlASSlASUeIaYBJaMBJh0=
I6IBJ6QBJR4jogEnpAEkHyKjASWlASUeI6QBJaUBJR0jogEmowEmHSOjASWkASUeIqIBJqMBJR0=
I6QBJaQBJB4jogEnowEkHiKjASajASUeI6IBJqMBJR0jpAElogEmHSGjASWiASUeJKMBJ6IBJRw=
IaUBJaIBJR0jpQEmoQElHSOkASaiASUeIqUBJaIBJRwjpQElogElHiKkASaiASUeI6QBKKIBJR0=
IqUBJ6EBJRwipQEmpQEjHSKlASakASQcIqYBJqUBJRsipgEmpAElHSKlASekASQcIqUBJqUBJB0=
IqYBJqQBJB0ipgEmpQEkHCKnASWlASUcIacBJ6QBJBwipwEmpQEkHiCnASakASUeIacBJqQBJR4=
IqcBJaUBJR4hpwElpAElHSKnASakASQdIqcBJqQBJR4hpgEmowEmHSKmASekASUdIqYBJqQBJR4=
IqYBJqMBJR8ipAEmogElHiOmASeiASUdI6UBJqQBJB4jpQEnogElHiOmASajASQeI6UBJqIBJR0=
IqYBJqMBJR0jpgEmogElHSOlASaiASUeIqcBJWEkYKcBpgElHyEgI6QBJWBlZmMiIGRkZQ==
ZSAfZGRmYyMgZGRkZCEfZGRkZSIfZmRkZCIgYmRkZiIfY2RkZSMeY2Rk
ZSMeYWRlZSMgYmRkZSIfY2RkZiEfY2RlZSIfY2VkZSIfY2ZkZCIfY2Vl
ZCEgY2ZkZSEfY2djZCIfY2hiZCEfZGZjZSIeZmZiZCIfZmZhZSIgZWZj
ZCIeZmZjZCIfaGRhZyEgZWViZyIfZmRjZyEfZmRkZiEgZWRkZiIgZGRk
ZiMeZWRlZiIgZGRkZiIgY2RmZiIfY2ZkZiIfYmZlZiIfZGRlZSIgY2Zl
ZSIgZGZjZSEgZGZkZCEgZGdlZCEfZGdjYyIfZWZjZCIeZWZkZCEfZGdi
ZSAgZGZkZCEgZWZjZCIfZGZiZCEgZmRkZCIfZWVhZSIeZWZhZiEeZmRj
ZSIeZGVjZSEfZWRjZiEeZWRiZiIeZGNjZiEfZWJkZiEeZWJkZiIfY2Nk
ZiEeZGRkZSEfY2RkZSIeY2RlZSEfY2RlZCIfYmNmZSEfYmVkZCEeY2Vk
ZCIfYmZkZCEgYmZkZCIeY2ZkZCEfZGVkZCEfZGVkZCEgZGZkYyIgYmdj
ZCEfZGVkZCIfZGdjZCIfZWhiYyIgY2dlYiMfZWRkZCIgY2ZkZCMgZGdi
ZCIfZGZkZCIgZGZkZSIgZGVjZSMgZWVkZSMeZGZkZCMgZCQfISIhIyEh
ISAhIyAiISIhICIhIiEhIyAhICIiIiEgISIgIiEiISIhISAhIiIiISEg
ISEhIyEhISEgIiEiISEiISAiIiIiIiEhICIhIyIgISEhISEiISEgIiEi
ISIhZKQBZqgBYiWkAWWkAWckoAFmqAFkIyAgICIgImIkICEhIiEhISAiISEhISEh
ISMgIWViIx8gIiAiYWUjYiWiAaYBJWBiJaQBZWJmZCIgYmNnZCEgY2RmZCMg
Y2RmYyIgYWVnYyMfZGNmZCMgYmRmZCEgZGZkYiIfZGZmYiIgY2dkYyIg
ZmVkYyIgZWZjYyIgZGRmYyIgZWZkYyIgZGZkZCEhZWVkZCIhY2ZlZCIg
Y2ZjZCIgZWRkZCMgZGRkZSMgY2ZkZiIgZGZkZCMgZCQfIiIhIiEiIiEh
ISIhIiEiIiEhIiIhIiIgISEiIiEhISIhIiIgIiIiIiEhIiIhISEgIyAj
IiIhISEiICIiIiEhISEgIyEiIiEgISAjISIgIyEhICMhISIhIiEgIiAj
ZaUBZqcBYySlAWiiAWYloAFmqAFjIyAhICSnASUeIx8joQEmpQElHSSgASelASUeI6ABJqUBJQ==
HiOhASelASUcJaABJ6UBJB0koAEnpQElHCOhASiiASYdI6IBJ6IBJR0jowEmogElHiOkASWjASU=
HSSiASiiASQeI6MBJ6IBJRwjpQEmogElHSOkASeiASUcI6UBJqIBJB0jpgEmogElHSSlASehASU=
HSOmASahASUdI6cBJqEBJR4jpwElogEkHSOmASeiASUdI6YBJ6ABJR0jpQEnogElHSOnASaiASU=
HSOlASeiASQeI6UBJ6IBJR4jpQEnpAElHCSkASejASUeI6MBJ6UBJR0kowEnpAElHiSiASilASU=
HCSjASelASYdI6QBJ6MBJR4jowEnpAElHiSiASiiASYdI6MBJ6QBJR0jowEoogEmHiOlASejASU=
HiSlASehASYdJKUBJ6EBJh0kpQEnogElHSOmASifASUeJKYBJ6ABJR0jpQEooAElHiOlASehASY=
HSOkASegASYdI6UBJ6ABJhwjpgEnoAElHSSkASigASUdI6UBJ6ABJR0jpAEoogEjHSSkASehASU=
HSOkASahASUeI6MBKKEBJRwjpAEnogElHCOjASigASYcJKMBKKEBJRwjpAEnogElHCOjASeiASU=
HCSiASeiASQdJKMBKKIBJB0jpAEmowElHSOjASakASUdI6IBJ6QBJB0jowEmowElHSOiASelASU=
HSOjASelASQeI6IBJ6MBJR4jowEmpQElHSOiASelASUdI6IBJqUBJR4kowElpQElHSWjASakASY=
HCOkASejASYeI6QBJ6QBJR4jpQElowElHiSlASeiASUeI6YBJqIBJR0jpwElogElHiSnASaiASU=
HiOmASihASUeJKcBJqEBJR4kpwEmoQElHSSlASiiASUeI6cBKKABJh0kpQEooQElHiOmASehASY=
HiOlASehASYdJaMBJ6IBJh4jowEoowElHSOjASiiASYcI6QBKKIBJR0kogEoowElHiOiASijASY=
HSOiASijASYcJKIBJ6QBJR4jowEmowElHSOiASekASUdI6IBJ6QBJRwkogEoowElHCSjASakASU=
HSOkASWkASUdI6MBJqQBJR0jpAEnogElHSOlASaiASUeI6QBJqMBJR4jpQEmowEkHiOlASaiASU=
HSOlASaiASQdI6YBJqIBJR4jpQEmogElHSSlASeiASQeI6UBKKEBJR0jpgEnogEkHSOmASaiASQ=
HSOmASaiASUdI6cBJqIBJR4jpgEnogElHCSlASihASYeI6UBJ6IBJR4jpQEnowElHiSkASiiASY=
HiOkASejASUeI6QBJ6UBJR4jowEnpQEmHSSiASikASYeI6IBJ6YBJR0jowEnpQElHiSiASelASU=
HiSiASamASUfI6MBJqQBJh4jogEopAEnHiSjASakASYeI6QBKKIBJR4jpgEmowElHiOlASihASc=
HSOlASihASYeI6YBKKEBJR4jpQEnoQElHiSmASaiASUeI6YBJ6EBJR0lpgEnoQElHiOlASehASU=
HiOnASahASYeI6YBJ6EBJB4jpgEmogElHiOlASaiASUdIqYBJqMBJR0jowEoogEmHSOjASakASU=
HiOkASWjASUeJKIBKKMBJR0jogEoowElHSOkASajASUeI6EBJ6QBJR4jogEnpAElHSOjASejASU=
HSOjASakASUdI6MBJ6MBJR0kowEmowElHSKkASajASYdI6QBJ6IBJh0jpAEmowElHSSkASehASU=
HiOmASehASUdI6YBJ6ABJR4ipwEnoQEkHSOnASegASUeI6UBJ6EBJR0jpgEnoQElHiOnASaiASQ=
HiOmASigASUeJKQBKKIBJR0jpQEnogElHiSkASeiASUeI6UBJ6IBJR4jowEoogElHSSkASiiASY=
HSSiASiiASYeI6MBJ6MBJR4jogEnpAElHiSiASilASUeI6IBKKMBJR4jogEoowElHiOjASejASY=
HSOhASijASYdJKIBJqQBJh0koQEopAEmHiOiASikASUdJKEBKKQBJR4jogEopAElHiOiASakASU=
HiOiASekASYdI6IBJ6QBJR0jogEnpQElHiOhASikASYcJaEBJqQBJR0logEnowElHiOiASeiASY=
HCOjASeiASUdJKMBKKIBJB4kpAEnoAEmHSSkASehASYdI6UBJ6IBJB4jpQEnoQElHiSkASehASU=
HSOmASegASYdI6YBJqIBJRwjpwEmoQEmHiOlASigAScdI6UBJ6IBJR4jpQEnogElHiKlASiiASU=
HiKlASejASYeI6QBJ6MBJx0jowEoowEmHiOjASikASUeI6IBKKQBJh4jogEnpQElHiSjASekASY=
HiOjASikASUfI6IBKKIBJh4jpAEoowEmHiOkASiiASYeJKQBJqMBJx0lpAEnogEmHiSkASihASU=
HiOlASihASYeI6UBKKABJh4jpgEooAEmHiSlASigASUeJKUBJ6EBJR8jpQEooAElHiKnASegASU=
HiSlASigASUeI6cBJqEBJR4jpgEnoQElHiOnASefASceIqcBJ6ABJh0jpwEooQElHiOmASihASU=
HiOlASeiASUcI6YBKKEBJR0jpQEmogEmHSOmASigASUeJKQBKKEBJR0jpQEoogElHSOlASeiASU=
HSOlASijASUdI6UBJ6QBJB4jpQEnpAElHSOkASijASUdI6UBKKMBJR4jpAEnpAElHSOkASikASU=
HSOjASelASUdI6QBJqUBJh0jowEopAEmHiSiASikASYeI6MBJ6UBJR8ipAEnpAElHiSlASalASU=
HiWkASejASUeI6YBJ6IBJh4jpgEnogEmHiSlASiiASUeI6YBJ6MBJR4kpQEnoQEmHiOlASihASU=
HiWlASajASYeJKUBKaEBJR4kpAEoogEmHiOkASiiASYeI6IBKKQBJh0kowEnpAEmHiOiASilASY=
HiOiASekASYeI6MBJ6UBJh4jogEopAElHiOhASikASUeI6IBJ6QBJh0logEnowEmHSShASikASY=
HCSiASiiASYeI6MBJ6IBJx4kogEoogEmHiOjASiiASYcJKMBJ6MBJR0logEnoQEmHiOkASehASY=
HiOkASihASUdJKUBJqEBJh0jpQEmoQElHSOlASehASUdI6UBJ6EBJR4jpQEnoQElHiOlASegASY=
HSOlASihASQeI6UBJ6EBJR0jpgEnoAEmHSOmASifASUdI6gBJqABJR0jpwEnoAEmHSOnASihASU=
HiOmASehASUeIqcBKKEBJR4jpgEnogElHiOlASiiASUdI6YBJqIBJR4kowEoowElHiOkASelASU=
HiOkASejASUdJKQBJ6QBJR4jowEnpAElHiOjASikASYeI6QBJ6UBJR0kpAEoowElHiSjASelASQ=
HiSkASekASUdI6MBKKMBJR4kowEoowElHiSjASejASUdJKQBJ6IBJh4jpAEnogEmHiSkASejASU=
HSSlASeiASYdJKQBKKEBJR4kpAEnogElHiOkASeiASUeI6QBKKEBJh0kpQEnoQElHiSlASihASU=
HiOlASigASYeI6UBJ6IBJR0jpgEnogEkHiWlASegASUeI6UBJ6IBJR0jpQEnoQEmHSSmASegASY=
HSOlASeiASUdI6UBKKEBJh0jpQEooAEnHSKmASeiASUeIqUBJ6IBJR0kpQEnogElHiKmASajASY=
HCOlASijASUdI6QBJ6QBJR4jpAEnpQElHiOkASikASUdJKQBJ6UBJR0jpAEopQElHiOiASekASY=
HiSiASemASUdI6MBJ6UBJR4jpAEnpQElHiSjASilASUeI6QBKKQBJB4kpQEoowElHiOlASekASU=
HSSmASajASUeI6YBJ6IBJR4jpwEnogElHiSmASihASUeI6YBKKIBJR0kpgEooQEmHiOmASeiASU=
HiSkASiiASYdJKUBKKIBJR0kpgEmowEmICSkASegAScfJaMBKJ8BJx4jowEopQElHCKnASWkASU=
HCSkASiiASgcJKQBJqEBJh4jogEooQEnHiSkASehASYfI6IBKKIBJh4ipAEoogElHiSjASeiASU=
HiOjASeiASYeI6QBJ6MBJB0kpAEmogElHSSkASajASQdI6UBJ6IBJR4jpAEmowEkHSOlASakASQ=
HiOkASeiASUdI6UBJqQBJB0jpQEnowElHCOmASakASMdJKYBJaMBJB4jpQEmpAEkHSSkASalASQ=
HSOlASajASQeI6UBJaQBJRwjpgEmowEkHSWlASWkASMeI6UBJ6QBJB4jpQElpAElHSSmASakASQ=
HSSlASakASQeJKcBJqQBJB0lpQEmpAElHSSlASalASQeI6UBJqMBJR4lpAEmpAElHiSlASakASU=
HiWjASekASUcJqQBJ6MBJR0kpAEnpAElHiOkASigASUeJaQBKKABJh0lpQEnogElHiSkASihASU=
HSSlASiiASYeJKQBJ6IBJhwkpAEoogElHiOkASeiASUeJKQBJ6IBJh0kowEoogElHiOkASeiASU=
HSOjASiiASYdI6QBJqIBJR4logEpoQEnGyOlASWiASUeJKIBJqUBJBwkogEoogElHCOkASajASQ=
HSSiASejASQdI6QBJ6IBJRsjpQEmogElHSOkASWiASUfIqUBJ6IBJB0jpAEnoQElHCWjASeiASU=
HCOkASeiASQdJKQBJ6EBJR0kowEnogElHCOmASaiASQdI6UBJ6IBJRwlowEnogEkHSSlASejASM=
HiSjASehASYdI6QBKKIBJR0lpAEooQEkHSSjASiiASQdJaMBJ6QBJBwlowEoowElHCWjASiiASU=
HSWiASiiASUdJaQBKKIBJBwmowEoogElHiSjASmiASUdJaMBKKIBJR0mowEmpAElHSSmASeiASU=
HiKnASejASUdJKUBKKIBJh0jpQEoogElHiSjASikASUeI6MBKKUBJR4jowEopQElHiOiASalASY=
HiShASelASUcJKIBKKUBJR4kogEnpAEmHSOiASiiAScfIqUBKKIBJB0logEnogEnHiKlASifASU=
HiWiASikASUcI6YBJ58BJh4jpgEooQElHiOnASehASUdJaIBKaEBJR4jpQEooAElHSSnASegASU=
HiSkASajASYdI6IBJ6QBJhwkogEmpAElHSOjASihASUdI6UBKKEBJR0jpgEmoAEmHySiASmjASQ=
HSOlASWjASUeI6QBJ6QBJRskpQEpoAElHiSlASaiASQdJKUBJqQBJR0ipQEooQEkHiOnASehASU=
HiOmASeiASUdJKMBKKQBJR4kogEnpQElHiOkASmiASUfI6QBJ6IBJh4jpAEnpAElHiOjASqhASY=
HSWjASaiASYdJKUBJ6IBJSAkoQEopAElHSOlASelASUdI6IBKKUBJhwipwEmowElHiOmASeiASU=
HiOmASihASUfJaIBKKEBJh8kowEqoQEmHSOmASeiASQeJaIBKGAnYqgBpgEmHiIgI6QBJmNk
Z2ElIGRlZmEjIWRlZmEjIGRjZmUhIGZjZ2EiIGZlZmEjIGNjaWMgIGZj
ZmIiH2hkY2QjHmRjaWQgH2ZmY2MjIGZkZGMjH2VjaWMgHWVkZmMjIGNk
ZmMiH2VlZGIjHmdkZmEkH2RiZ2YhH2ZjZmMgHmZlZGMjHmZmZGIiH2Rk
ZmIkIWVjY2UjHmhkZWMiHmVkZWMjIGdjZWQiH2djZWUiHmVmZmIjIGdj
ZmMiIGRmZmIjIGRjZmIkH2VkZWQjH2ZlZWMjIGRhZ2UhIWVkZmIiIGZk
ZWQiIGRkZ2MjImZiZ2IjH2RkaGMjHmZlY2YiH2RjZmUiH2ZjZWQhIGRk
Z2UiHWhiZWUiIGRjZmUhIGVjZmUhH2ZkZGMiH2VkZGMjH2ZkZWUhH2Rm
ZmMiIGRkZWQjH2ViZWIjHmVmZGMiH2RlZmQhIGVjZGMjIGRlY2IiH2Zk
ZmMjHmZjY2QiH2RlZGQiHmZhZGYhHWVkZWMiIGVlYmQiH2diZmIjIGZj
ZGMiH2VkZ2IiHmVkZmMjHmVkZGQjHmZkZGchH2RjZWMjIGZkZ2EiH2Vj
ZmUjH2NkZWQiH2ZlZGQiH2RlZ2MjH2RjZmQiIGRmZmQhIGVkZGQiIGRm
ZmIgH2ZlY2QjIWVjZmQjH2RlZ2MhHmVlZmIkIWNkZ2QjIGNmZWMiHmYl
IB8gJSIhICEhIiEiIyEhICEjIiAgIyMgISEiICIhISIgIiMhISIgJCIg
HyMkICEfICIhIyIfIiEhICIiIiEgIiMgICIkISAhHyEgIiMhICEgISIh
ISIiIh4hIyEeI2aiAWijAWQlpgFkpAFmJaABZaUBZiMfISAiICFmIx4iICIhICAg
ICIiISIhICEgISNlpAFkIyAgI2FkJCAgIGMlogGkAaYBpwEmpAFkZCEgZGVlYyMe
Y2FlZCEhZGVkYiIfZmFmYyAgZGVnYCMfZGRmYyIfZGZlYSQdZGRnYyEg
ZWZjYiIfZmNlZSAgaWFkYyIfZ2RlYyEgZWRmZCAgZGZmZSAgZmVkZCIe
ZmVmZSAgZWlkYiIhYmhmYSEjYmRpYyIhYmRnZCMhZGhkYiIjZCMiISEj
ICAhIiMiHyIjIiEhICIgIyAiISEjICAjICEjIh8iISIiIiEiICEhIiQh
ICMfIiEhIyIgIiIgISMhIyEhICEhIiEiIR8hISEiJCMgIh4hIyIhIiIh
ICEgIyAjZqIBZaUBZCWlAWWjAWgkoAFnpgFiJR4iICOmASUeIx8hogEpnwEnHSWgASmjASU=
HCSeASmhASYdJKABKaEBJh0joAEqogElHSSfASqfASYcJKIBKZ8BJxwknwEoogEkHSSgASmgASc=
HCSfASmhASUdIqQBKKABJRslogEmoAEmGyOlASidASUcJaIBJqEBJhsjpAEoowEkHCOiASiiASU=
HSOiASihASQdI6QBJqIBJBkjpgEnoAElGySlASWiASUbJKUBKKIBIxwkpAEnogElGiOmASaiASU=
GySkASekASUbI6UBJ6MBJBojqAElpAElGyOnASifASUdI6cBJ6ABJR4lowEnoAEnHiOkASihASY=
HSOiASilASYbIacBKKMBJRskpwElpAElHSSlASihASUeJaMBKKMBJSAkpAElpAEmHSOiASijASU=
GyWlASejASQgI6MBJ6QBJh0kogEopAElGyOmASakASUbI6cBJaIBJh4jpAEonwEmHiafASqgASY=
HyWgASiiASceI6IBKKABJR4lnwEoogEmHSagASmiASYdJKABKKEBJB0moAEoogEnHCOkASieASY=
HCSkASigAScdIKIBKKIBJRwjogEooQElGyOlASifASgcIKMBKKEBJB0jpQEmoAElHCShASijASU=
GyOjASihASQaIqQBJ6IBJRwjogEonwEnHiGiASehASUdI6QBJ6ABJBwkogEooQEjGyWiASihASQ=
GySiASWjASUdI6ABJ6EBJx4iogEmogEmHSOiASakASUdI6EBJ6EBJh4jowElowEjHSSlASWjASU=
HSSiASahAScfJKIBJaMBJh4ipQEnogElHiSiASijASUeJKMBKKABJh8kpAEnoAEkHiSmASaiASY=
HiOlASekASUeJKQBKaABJR8kpAEoogEmHiWiASmkASQcJaIBKKQBJh4kogEoogEnHiaiASqgASY=
HSWlASihASceI6MBKKIBJx4mowEnogEmHyWjASihASYeJKQBKKMBJRwlpAEopAElHiOnASigASc=
HSSkASejASUcJaQBKKIBJR4logEooQEmHiOlASeiAScbJKUBKJ8BKB0lowEooAEmHiSiASigASY=
HiOlASehAScbJKQBJ6ABJR0jowEooQEmHSOkASaiASQdI6QBKKABJR0jpQEmogEmGySiASahASc=
HiSgASiiASYdJKEBKKABJR4jogEnowEkHSOlASegASYdI6QBJqMBJRsipQEmpAEjHCWkASaiASU=
HCOiASmgASYdJKUBJqABJh0jpAEnogElHSOjASeiASUdJKQBJ6IBJR0jpwEmoAElHSSkASiiASU=
HCOlASakASUdI6MBKKQBJR0hpwElogEnHCKoASajASUdIacBKKABJR0jpQEoowElHCSmASeiASc=
HSOlASajASYfI6UBJ6ABKR0hpQEoowEmHiOmASiiASUeJKUBJ6EBJx4ipQEooAEmHiSlASigASY=
HyOlASeiASYeJKQBKKIBJh4jogEoogEnHCSkASijASUeIaYBJqMBJR4kowEnowEnHiOkASihASY=
HiOjASegAScdJKMBKKIBJx4jowEnoQElHSSgASmiASYdI6IBJ6QBJB0jpAEnoQElHSOiASigASc=
HCOiASejASQdJKMBKKABJhwjpQEmoQElHCOiASaiASUbI6QBJ6ABJxwgowEooQElHCOlASefASY=
GyOkASeiASQcI6YBJaABJRwjpQEmogEkHiKkASahASUbIaYBJKMBJRwipAEnoQElGyKlASeiASQ=
HiOjASWkASUcI6IBJ6IBJhwhpgEnogElGyOlASajASUdIaQBJ6IBJRwhpgEnogElHSOjASeiASQ=
HSOlASegASYdIqcBJ6IBJR0jpAEnogEkHSKnASehASYdI6MBKKMBJB0jpQEopQEkHiOjASijASU=
HiOlASekASUcIqcBJqUBJh0jpAEnpQElHSKkASiiASYcI6YBJ6MBJh0jpAEoowEmHSKkASeiASU=
HSKlASijASYeIaQBKKEBJh0jpQEpoAEnHSOkASekASUdI6MBKKIBJh0ipAEnoQEnHSOkASejASY=
HSKjASijASUdIqMBJ6MBJRwipQEooQEnHCOlASaiASYdI6QBJqIBJhsipQEooQEmHCKlASegASY=
HCOlASehASYbIKcBJqEBJhwipQEmoAElHCOlASaiAScbI6QBJqIBJh4ipAEnoQEkHCOnASahASU=
HiKjASakASMcIqUBJ6MBJR0iowEooAElHyKjASegASgcI6QBJqIBJRwjpgElowElHSKkASaiASU=
HSSjASijASUdIqUBJ6IBJR0kogEoogEmHCOkASelASQcJKQBKKIBJRwjpwEnogElHSKlASiiASY=
HSOkASekASUcIqYBKKMBJR4jpAEoogEmHSOlASajASUdIqUBKKIBJB4kpAEoogElHSOmASeiASU=
HSSkASikASUeJKIBKKQBJh0ipAEoowEnHiOjASejAScdI6QBJ6QBJR0jowEmpQElHSSiASelASU=
HSOkASekASUdI6UBKKIBJhwkpQEmogEmHSOlASehASYcJKQBKKEBJx0jpAEooAEmHCOlASihASY=
HCOmASigASYcI6cBJ6ABJhwjpgEooAElHSOmASifASYcI6cBJ6ABJhsjpQEnogElHCKmASeiASQ=
HSKmASaiASUdIqUBJ6EBJR0jpQEnogEkHSOkASaiASUdI6QBKKIBJRwkogEoogElHCKkASejASY=
GyKlASaiASYcJKMBJ6MBJRwiowEopAEkHCSiASejASYdIqMBJ6QBJR0jpAElpQElHSKkASamASU=
HCSiASikASUdI6IBJ6QBJR4jpAEoowElHSOlASejASUcI6UBJaQBJR0jpQEmogEmHCSlASeiASU=
HiKlASiiASUdI6YBJ6EBJh0jpQEooQElHiOnASehASUdI6cBJqEBJhwjpgEnoAEmHiOlASehASY=
HSOmASeiASUdI6UBJ6IBJhwjowEoowEmHSOkASijASUdI6QBJqUBJRwjowEnowEmHSOiASijASU=
HiKiASekASUeIqQBJqMBJh0iowEnpAEmHSGkASajASYcIqUBJqIBJR0ipAEnoQElHiKkASajASU=
HCKlASeiASMdI6UBJ6ABJR0ipQEnoAElHiKmASegASUdIqYBJqEBJR0jpwEmoAElHCOmASehASU=
HSKnASagASUcI6YBJ6ABJR0ipwEnoAElHSKmASahASUcIqcBJ6EBJRwipgEmowElHCOlASeiASU=
HCOkASakASQdIqUBJ6IBJh0jpAEnpQElHSKjASekASQdIqQBJqUBJR0jpAEnpAElHiKlASakASU=
HCOkASekASUeIqUBJ6IBJR0kpQEmogEmHiKlASehASYdI6UBJ6IBJh0jpQEooAEmHSKmASigASY=
HSKnASegASUeIqcBJ6EBJh0jpQEooAEmHSOlASiiASUdI6YBKKABJhwjpQEopAElGyOlASaiASY=
HiSjASeiASceI6IBKKQBJhwjowEmpQElHSCmASWkASQeI6MBKKIBKBwjpQEnoQEnHSOmASWhASg=
HCKlASejASQdI6UBJ6IBJRwjpQEmogElHSOmASeiASUcI6UBKKIBJRwkpQEmowEkHSOmASejASQ=
HSOlASaiASUcJKUBJqQBJB0ipwEmowEjHSOmASaiASUdI6QBJ6MBJB0jpQEnowEkHSOmASakASQ=
HSOkASekASQdJKUBJ6IBJR0jpgEmpAEjHiOnASWkASUdI6cBJqIBJhwkpgEmpAElHCSmASajASU=
HSOnASeiASUdI6YBJ6MBJR0lpQEoowElHSOmASakASQeI6cBJ6IBJh0jpgEoogEmHSSlASeiASU=
HiSlASekASUdI6UBJ6IBJh4jpQEoogElHSSlASiiASYeJaQBKKIBJR0lowEoowElHiSkASijASU=
HiOlASigASgcJKQBKKIBJR4jpAEoowElHSWjASiiASYdI6QBKKMBJh0jowEoowEmHiSjASejASU=
HiSjASijASYdI6UBKKIBJh4jogEpowElHiOkASejASYeI6IBKKMBJR4kowEnogElHiWiASqhASg=
HSOlASekASQeJaMBKKIBJR4loQEoowEmHCSjASijASUeJKMBJ6IBJh0jpQEnogEmHSWkASiiASU=
HCOlASiiASUdJKUBJqMBJh4ipQEnogEnHSKkASiiASYdI6UBJaQBJh0jpQEnogEnHiGmASajASY=
HSOlASakASUdI6YBJaQBJh4jpAEmpAElHiKlASejAScdI6UBJ6QBJR4ipAEnpAElHiOmASWjASc=
HiKlASeiASceI6UBKKIBJx4jpAEnpAElHiOlASeiASYeI6QBKKMBJh0kpAEnogEnHiOlASeiASU=
HiOkASakASYeI6MBJ6MBJh4jpAEooQEmHiSkASigASUeJKUBJ6ABJR4jpgEooQElHSOnASahASU=
HiOmASigASUeI6cBJqABJh0kpgEonwEnHSOlASihASUeJKQBKKEBJR4kpAEnogElHiOjASiiASU=
HSSlASWlASMeJaMBKKIBJx4hpwElogEkHSakASajASYdI6UBKKABJR4jpQEooAElHSOmASegASU=
HSOnASaiASUdI6UBKKIBJB0jpQEmowElHSOlASejASUdI6MBKaIBJRwjpAEmpQElHCOkASikASU=
HSSiASikASUeI6QBJ6QBJR0jpQElpQElHiOjASakASUcJKQBJ6MBJR0kpAEmpAElHSSlASeiASU=
HSOmASeiASUdI6YBJ6IBJR0kpgEmowEkHSOnASaiASUdI6cBJqIBJR0jpwEmoQElHSOnASeiASQ=
HSSmASeiASUdI6cBKKEBJR0ipwEoogElHCSmASekASQdI6YBJaQBJhwipgElpAEnHSKkASilASU=
HCOlASelASUdI6QBJ6UBJR0jpAEnpQElHSSiASilASUdI6QBKKQBJR0kowEmpAEmHSOkASalASU=
HSOlASalASUcJKYBJ6QBJB0jpgEnogElHCSmASajASUdI6cBJ6IBJR0jpwEnogEmHSOnASiiASU=
HiOmASiiASQdI6cBJ6IBJR4jpwEooAElHiOmASihASYeIqYBKKIBJR4jpQEnpAElHiOlASilASU=
HiOlASikASUeI6IBJ6YBJR0kowEnpQEmHiOkASikASUeJKMBJqUBJR4jpAEnpQEmHSOlASalASU=
HiSlASejASYdJKUBKKIBJR4jpwEnogElHSSnASeiASYeI6cBKKIBJR4kpgEooQEmHiOnASeiASY=
HiSlASmhASYeI6UBKKIBJR0lpAEpogElHiSlASijASYeJKMBKKMBJh0kogEopQEnHSOiASikASc=
HSSiASekASYeI6QBKKQBJh4jpAEoowEmHyOjASiiASYeJaQBJ6IBKB4jpQEnogEmHiOlASihASc=
HiKnASigAScdI6cBKKABJx0jpwEnogElHiOnASaiASYeIqYBKKIBJh0kpQEmYSVjpgGoASUfIw==
ICOkASVkZWZhIyBlZWZhIyBnZGVjIyBmZGZiIiBnY2ZkIiBmY2ZjIyBmYw==
ZmQjIGZiZWUjIGZjZWYjH2RkZWYjIGRjZmUiH2VjZmQjIGRlZmUiH2Vk
ZmQhIGVjZ2QiH2VlZmMjHmVlZ2IiH2ZlZ2IiIGZlZGMjH2ZlZWMjIGZk
ZWQiIGZkZGUiH2dkZGUiIGZjZGUjIGZjZWYiIGViZmUjH2VjZ2QjIGVi
ZWYjHmVjZmQjIGVjZ2QiIGVkZmUiIGRkZmQjIGRlZmMjIGNlZmIjIGVl
ZmIjH2ZlZWMiH2dlZGMjH2dkZWIjH2ZlZWMjH2dkZGUhH2ZjZGUjH2dj
ZGUjH2ZjZWQjIGZiZWUiH2ZhZmYhIGRkZWQjH2RjZmQjH2RjZmUiIGRk
ZmQjIGRjZmQjH2RjZ2MiIGRmZmIjHmRmZGQjH2RlZmIiH2ZlZGIjH2Vl
Y2QiIGVlZGQiH2ZkZGQjHmhkZGMiIGZkZGQiH2hjZGQjHmhiZGQjHmZi
ZWYhIGRjZWYiHmZiZGYjHmZjZWYjH2ViZmYiIGRkZmUiH2RkZWYjHmVj
ZmUjH2RkZmYiHmRlZmUiH2RkZ2QjHmVlZmQiH2ZkZmQiIGRmZWQiIGRn
ZWIjH2RmZmMjH2RmZGQjH2ZlZmMiH2VmZWMjH2ZmZGQiIGZlZGQjIGZk
ZGMjIGcjHyIiISMgISIiISEjISIhIiEhIiEiIyEhIiAhIiIiISIgIiIh
IyIhIiAiIiIhIyEiISEgIyIiISIgISIiIiEiIiEiIiIiIiIiISEhIyIi
ISAhIiIiISEhIiIhICMgI2ajAWmmAWQmowFmpQFnJaEBaaUBZiMgISEhISRkJSAi
IyAiIiEiISIhISIhISIiISJjJmEkICIhImRlZaUBZmUjICMhIiFlIiBkZA==
ZiMgZGdjZiEfZ2ViZyIfZmVjZiIgZWRkaCAhZGRkaSEfZWRjaSIgZGRl
ZiEgZGRkaCIhY2RjaSEgZGZkZyAgZGVmZiEfZGVmZCIgY2ZmZCIgYWll
ZCIgYmhmZCEgZGhkZCIfZmdlZCIfZmZkZCMfZmZkZSIhZGRlZiEgZ2Vj
ZiXAASMiIiIgIyEiISMhIyAjICIhIyEiICMhIiEiISMhIiAjIiMgIiEiIQ==
IyAiIiEhIiEjISMgIyEiISIhJSEgISAiISIiIiIhISIhIiIiIiAhIiEi
IyEjISMgISIiIiAhZqMBaaIBaCSkAWelAWYlnwFrowFnJB8hISKmASdfJSAhIyEgIQ==
ISIjISMiICAiIiEiISMgISEjISIiIiEgISMhISIiICEhIyIhIiIgISEj
IyAhIyEhICIiIyIgHyMiIiIgIiMiICEjIiAiIyAiIiIhISEiISEiIyEi
IiIgICIjIyAiISAiISIjISMhISEgJCMgIiIhICIjIiAhIyAiISMjISEj
ICIhIiMgIiMhISEjIiEiIyEhICMiISEjICEiIiMgIiIhICIjIiAiIiEh
IiIiISEiIiAiIyIgIiMhISEjIiAhIyEhISMhICMiICIhIyEgIiMhIiAj
ISIhIyAiISIhISIiISEiIiIgIiMhISIjISEgIyEiISIiICIjICAhIyIh
ISMhIiEjICAiIyEhICMiISEjISIgIyAhISMhISEjISEiIyAhISIiICIj
ISAhIiIgIiIhICEjISEhIyEhICMiICEjISIhISIgIiIhISAjISAiIiAi
ICMhISIjICEhIiIgIiMgISEjISEiIiIgICQgISEjICEhIiIgIiIgIiAj
IiAhIiIgISMiICIjICEhIyIhIiIgISEjISEiISAhIiMiICEiICIgIyIg
IiIgIiAjIiEhISEhISMhIiEhICEhIyIhIiIgISEjIiEiISAhISIiISMh
ICEhIyIhIiEgICMjISEhIiAhISQhISIiICEiIyIhIyEgISIjIiIiIiAg
IiMhISMhHyIhJCMgIiIgISEjIiEiIiAhISMiIiEiICEiIyIiIiEgISEj
IiEjISAiISMiIiEhICIhIyMiISIgICIjIyAiIiAhIiMjISIhISAjIiMi
ISEgISAkIiIiISAiIiIjISEiISEhIyIiISMgISIjISEiIiAgIiMiIiAi
ISEiIyIiISEgISIjISIiISAiISMiIyEhISAgJCIhIiIgISEjIiIhISAi
ICQiISEhISAiIyMhIiEgISEjIyEhIiAhICMiIiEiICEjIiIjISEgISIj
IiIiISAgIiIiIiIgICEhIiQgISIfIiEjIyEhIiAhISMjISEhICAhIiEi
IiEgISEjIiEiIR8hISMiIiEiICEhIyIiISEgISEjIiIhIiAgIiIiIiIh
ICIhIyIhIiEgISEjIyEhISAhISMiISEgICEiIyMhIiIfIiEjISIhIh8g
ISMjIiEhHyEiIyMhISAhICIjIyEhISAhIiMiISMhICEhIyIgIiEgIiEj
IiEiICAiISMiIiEhICEhJCMhIiAgISEjIyEiISAhIiMjISEiICIhIyIh
IiIgISEjIyIhISAiICMjISEjICAiIyIhIiIgISEjIyEiISAgIiMiISIh
ISAiIyIiISIgISEjIyEiIiAhISMiISIhICEhJCIhISEgISEjIyEiISEg
ISMjISEhICIgIyIhIyIgISEhIiMhISAgICQhISIiICAhIyMhIiEhICIi
IyAiIh8iHyQiISIjICAhIyEiISIgICAjIyAhIR8iICIiIiEiICAhIiIg
IiEgIiAiIiEhIh8gISMiISEhISAhIiIhIiEgISEjISEgISAgIiIiICEh
ICAjISEiIiEgISAiIiAhIiAgICIiISEhICEgIiIhISIfISAjICEiIiAh
ICMhIiEhHyAiIiEhISIgISAjISEhIh8hICIhIiEhICAhIiEgIyEgICAj
ICEjICEgISIiICMhHyAhIyEgIiIfICEjISEiIh8gISEjICIhICAhIiEi
IiEgICEhIiEiIh8hICIiISIiICAhISEgIyEgICEiICEjISAhISIhICIi
ICEhIiAhIiIgICAjICEjIiAgICIhIiIhICAhISIhIiIgICAiIiAjISAh
ICEiISIjICAhISIhIiIfICAiISEjIiAgICEjICIjIR8hISIiIiMgICAi
ISIiISAgISIhISIiICAgIiEhIiIgICAhISAjIx8hHyMhICMiHyAgIiEi
IiIgICAiIiEhIyAgICEiICMiICAgISIgIiMgHyAiISAiIiAgISAhISIi
ICAgISEhISMgICAiICEjIiAgICIhISIiICAiICIgIiMgHyAiISEjIiAg
ICEhISIiICAhISIgIiIgICAiIiAiIiAhICIgISMhICAgIiIgISMgICEi
ISAiIiAhICIgIiIhICAhIiEhIiIgICEhIiEiIyAgICMhICIjICAhIiEg
IyIgICEiISEiIiAgICMiICIiICEhIiEhIiIgICEjISEiIh8hICMiICIj
HyIgIiIgIiMgISEiISEhIiAgICIiISEjICEhIiIhIiMgICEiISEiIiEh
ICIhISIiICEgIyEhISMgICEiIiEiIiAhICMhISMiICAhIyAhIyIgISEi
ISAiIiAhICIjIyAhISEiISIjICEgIiIgIyEiICEiIiEhIyAgICMiICEk
ICAiIiIgISMgICEjISEiIiEhISIiICEiICEgIyEhIiMgICAjIiIhIyEg
ICMhISIiICEgIyEgIiMhICIiISAhIyAgIiIiICIjICAhIyIgISMhICIj
ICEgIyEhICIjICIiICIgIyIhISIhISAiISEiIiAhISMgISEiICEhIiEg
IiMhICAjIiAiIyAhISIhIiEiISAhIyAgISMhICAjIiAjIiAgICMgISAi
ISAiIyEgISMhICEjIiAgIyAhISMhICEjICEgIyEgISIhISIiISEhIiAg
ISIhISEjICIhIiEgISEhISAjIiAhIiAhISIhICAjICIiISIgIiIhISEj
ISAhIiEgIiIiICEjICAhIyAgISMhICIiISEhIiAhISIhICEjICEhIiIh
ICMgICEjISAhIyAhISIhISAjICEhIiIgISQgICEhIiAiIiEgIiEiICEj
ICEgIiIgIiIgISEjISAhIiEiICMhICEjICEhIyAhISMgISAjISEgIyEg
ISMhICEjHyEiIiEgIiIhICEjISAhIyIgISIiICIiICEhIyIfISIhISAj
Ih8hIyAhISIiICAjICEgIyAgISMgISAjISEgIyAhISIhICIiICEgIiEh
ISMgICEjISAhIyAhISIgICMiISAhIiAhIiEhICEiICAhIiEgISIiICEi
ICEhIiIgIiMgISAjISAhIyEgISIhISAiISAhIiEhICMgICEiISAhIyAg
ISMhICEjICAhIiEgISMgISAjISAgIiEgISMhICIjICAgIiEgIiIgICIi
ISAiIiAhICIiICEiICEgIyEgISMgICEiIiAhIyAhICEiICIhICEgIiIg
ISMgICEjISAhIyAgIiIhICMhICIgIyEgICMgICEjIiEgIx8iICMhICIh
ICEhIiMgISIhICAjISAiIiAgIiMhISEjICAhIiIgISMgICEjISEgIyAg
ISMiICEjICAgJCAhISIgICIjIiAhIyAhICMhISEiICEhIyEgISIhISEi
IiEgIyAgIiMiICEiISAhIyIgISIhICEjISAhIyAhICMiICEjICEiIiIg
ICMgICIjISAhIyAhISIiICEiICEhIiIhISIgISAkIiAhIiAhICMiICEi
ISEhIyEgISMgICEjIiAiISAhICMiHyIiICEhISMgICEgIiEjIiAhIx8h
IiEiICIhISEhIiIhICIgISEiIiAhIiAgIyIgICEiICEhIyEgISEgISEi
ISAiISEhICIiISAiICEhIyEgIiEgIiEiIiAhIiEgIiIjICAiICEhIiIh
ISEgICAjIyAiIiAhICMiIiAhICEhIyEhIiIgICEiIiAiIyEgISIhISEi
ICEhIyEhISMgICEjIiAiIiAhISIhISEiICEgIiMgISIhISAiIyAiIiAg
IiMhICEiICEgIyIgIiMgICEjISEhIiEgISMhIiEiICEgIyIgISIhICEj
ISAiISEgIiMhISEiICAhIyIgIiIgISEiIiAiIyAiICMhISIiICEhIyEh
IiMfICIjISEiIiAhISIjICMiICAgIyMgIiIgICEjIiAiIiAhISIjIiEi
ICAhIyIhISIfISEjIyEhIh8gIiMiIiEiICAiIiEhIiIgICAkIiEiISAg
ISIiICIiICAgIyMgISIgICAkISEhISAiICMhISIiICAhIyIhIiMfICAi
IiEiISAgISMjISMgICAgIyIiISEfICEjIyIhISAgISMjISIhHyEhIyIi
ISIfICIjIiEhIiAgISMiIiEhHyEgIyMgISIfICEjIiIhIiAgICMjICEj
HiAhIyMhISIfICEjIiAiISAgISMjIiEhICAhIiIhISIgICEjISIhISAg
ICQiISEhICAhIyEjISEgICEjIiEhIiAgICMjICMhHyAhIyIhIiEgICEj
IiMhICAgISIiIiAiHyEhIiIhISEfICEjIiEiIR8hICMiICIhICAhIyIg
IiIfICAjIiIhICAgISMjICIhICAhIyIhISEfICEiIyAiIR8hISMhIiEh
ICAhIyIhIiEeISEjIyEgIiAhISIiISIhHyAhIiIhIiAgICMjISAiISAh
ISMiICEhICAhIyIhISEgICIjISAhIh8hISMiICEgICEhIyIgISIfICIj
ISAhICAhIiMiICIhICAiIyEgISEgISIjISAgISAhISMhICEhICEhIyIg
ISEgISEjIiAgIiAgIiMhISEhICEgIyEgISIgISIiISAiIR8hIiMiICEi
ICAhIyEhISIfISEjIiEiICAgISMiICIiHyEhIyEhISEhICAjIiEiISAg
ICMiISAiHyAiIiIiISEgICEjIiAhIh8gISMiIiAiICAhIyIiISIfICIj
IiEiICAgISMiICIhICAiIyEhISIfIiAjIiAhIh8gISMjISEiIB8iIyIh
ISEgICEjIiEiISAgISMjISIiHyEhIyMhISIfIiAjIiAjIiAhICMjIiEi
ICAhIyIhIyIgICAkIiIgIh8hISMiISEiICAiIiIhIyEfISEkIiEhIR8g
IiMjISIiICAiIiMhIiAgISEiIyEhIR8hIiMiISIhICEhIyIiISEfISEj
IiEiISAgISMjICIhICAiIyIiISIfISEjIiEiIR8hIiMiICIiICEhIyEi
ISEgIiIjIiAhIiAhIiMiISIgHyEiJCEhIiEfIiEjISIhIiAgIyMhISEi
ICAjIyEgIiIgISMjISEiICAiIiMhICIiICIjIyEgISIgICMiIiAhISAj
IiMgISIhICEiIiMgIiEgISIjISEiIh8jISMiICIiICAiIyAiIiEgISIj
ISIhIyAgIyIiISEjICEiIyIgIiIgISAjIyAiIiAgISMiISMgICAjIyIg
IiIfIiEiIyEiISAhISMiISIiICAhIyIhIiEgICIjIiIiISAgISQiISIh
ICAiIyIhIiEfISEiIyIjIR8gIiQiIiEgICEgJCMgISAgISIjIiEiICAh
IiMiISIiHyAhIyIiISIfISEjIiIiICAgISMiIiEiHyAhIyIhISIgISIj
IiEiICBkJaIBJaUBZmElpAElIWJjZWYjIOMBbmJjZiMgZWNjZyIgZGRiaCIgZA==
ZGJoIyBkY2RnIyBlYmRoISBkYmRmIyBjZmRmISBjY2dkIiBjZGZmIiBk
ZWZkIyBjZGZlIiBjZGZjIyBkZWVlISBjZWZjIyBkZGVkIyBkZmVjIx9l
ZWRkISBkZmVjIiFjZ2RjIiBlZmNkIiBnZGNjIyBlZmNlIiBkZmJkIh9m
ZWJkIiBmZWJlISBmZGJmIh9mZGNlIh5nY2RkIiBmZGJlIh5nZGRlISBm
ZGJmIR9mZGFoIR5mY2RlIR9mY2RmIR5mY2NmIh9kZGNnIB9lY2VkIh9l
Y2VlIR9lZGRmIB9lZGRkIx9kZWRkIR9kZGVlIR9kZGZkIB9lZGVkIh5m
ZGZiIh5kZmRkIR9lZWRkIR9lZGZkIR5kZGZiISBkZWVkIB9lZGVkIh9k
ZWZkIR5lZmZkIB9lZmRlIB9mZGRkIiBlZWRkIR9lZWVkIB5mZWRlIR5m
ZmRjIh5lZmRjIh5mZmNkISBlZWVjIh9lZWRkIB9mZWRlIB5nZWRjIh9m
ZmNkISFlZWRkIiBmZWNlIR5nZGRkICBnZGRkIR5oZWNlISBnZGRlISBm
ZWJlISBmZGRkIh9nZGJlISBmZWNlISBmZWJkIyBmY2NlIh9mZWNlIiBm
ZGRkIx9lZGRlISBlZmNlIB5mJB8hISEiIiEhISEiIiIhISEgISMiISEi
ICEhICIkISAgISIiIiIhISEgIiEhIiEhISAgIiIjISIgICIhIiIiISEg
ICIiIiIhISIgIyIiISMgISAhISIhIiAiISIhICFnowFmqQFhJaUBZ6IBZySfAWY=
qQFkIx8iIiEgImMjICEiISMgIiIgIiEiIiEhICIgImYjIGMkICAiYmhlIw==
YSQeIWIkZGZjY6kBZGQiIGZlY2YjH2NmZGYhH2ZlYWYiIGdkZGUhIGVmYg==
ZiIgZWZjZiIgY2ZkZyIgY2VkZiIgY2NkZyIhY2VlZyAfZWVkZiIfZGVl
ZCIgY2ZmZCIgZGVmZCIgY2ZmZCMfZGZlZCIgZGdkZCIfZGhkZCIeZWdl
YiIgZGlkYSQfZGlkYiNoJSIgIyAiISIgIx8jICMhIiAjICEhIyEiICIg
IyEiICIhIiAhISIiIiEiICIgIyAiIiEhISIiISIeIyIgIiEjISIhICEi
IiIiIiEgIiEhIyIhICMhIiAiIiIhISAjZaYBaKQBZiSiAWemAWYkoQFopgFmIR4h
ISOmASZhJR4jISEgISIjICIhISAhIiMgISIhICAiIyEiISEfIyEjICEiIg==
ICEiIiIhISEgISIjISAhIiAhICMhIiMgHiIjIyEgISEhICIiISEiISAi
IyIhISEhICAiIyAhIyAgICEjIiAjIB8hIiMhISIhICAiIyEhISEfIiIj
ISEhIh8hIiMgISIgHyIhIyEgIiAgIiEjICEiICAhISQgIiEiICAiIiIh
ISEgISEjISIhICAhIiMhISEgISAhIyEhIiAgISIjIh8iIh8hISQhISEh
ICIhIyIgIiAgISIjISEhICAhIiMhICIgICIgIyEhIiAgISIjISEhICAh
ISMhISEhICEhIyIgIyAgISIjICIiICAhISMiISEgICIhIiIhISEgISIi
IiEiISAhISMhISIhHyIhIyEhIiEgISIjISEhIh8hISMiIyEgICIhIyEi
ISIfISIjIiEiICAiISMhIiIgISAiIyEhIiAfIiEjIiEhIh8hISQhIiIg
HyEiIyEiISEgIiAjIiIiIR8hIiMhIyEhICEhIyIhIiEfISIjIiIhISAg
IyMhIiIiHyEhIyIhIiEfIiIjISIiICAgIiMhIiMgICEiIyIhIiEgISIj
ISIhIB8iISMiISIgICEiIyEiIiEgISIjIiEhIh8iISMhIyEhICIhIyEh
ISEeIyEjISEiISAiISMhISIhHyIiIiMhISEfIiEkICIhISAhIiMiISIh
ICEiIyIgIiEgIiIjIiEhISAiISQhISMhICEiIyAhIiAgISIkISIgIiAh
IyMgISMgICAjIyEgISEgISMjISEiICAhIiIiISEhICIiIyIgIiEhISEj
IiAiISAhIyMgIiIhICEiIyEhIiEgIiEjIiIiICAiISQgIiIgICEhIyEi
ISEgISMjISEhIiAiISQhISIgICEiIyIhIiAgICIkIiEhISAhIiMhISIg
ICEiIyIgIiEgISIjIiEiISAhIiMiIiEhICIiIyIgIyEgISEjIiEiICAi
IiMiISIgISEhIyIhIiEgISEjIiIhIR8iIiMhIiEhICIhJCEiISEgISIj
ISIiISAgIiMiIiIhHyIiJCEiIiEgICIjIiEjIR8hIiMhISIgICIiIiIi
IiEgIiEjIiEiIh8hIyMhISIhISAjIiEhIiEgISMjIiAhISAiIiMhISIi
HyIiIyEhIyAgIiAkISIhISAhIyMhIiEhICIjIiEhIiEfIiIjISEiICAi
IiIiICIiHyIjIyAhIiAgIyIjISAhISAiIiMhICMgICEiIyEhIiEgISIj
ISEhIh8hIyIiISEgICIhIyEgIyAgISIjIiAhISAhIiMiICIiICIiIyAh
IiEgIiIiICIiISAhIyMgISEhICIiIyAhIiEgIiIjISAiISAhIiMhISEh
ICEiIiEhIiEgIiEjIiIhICAhIiMiISEhICIgIyMhIiEgISIjIiEiISAh
ISMiISIgHyEiIyEhIiEgISIjIiEiIiAhIiMiICIgICIhIiIiIiAgIiEj
IiEhIR8iIiMiISIgHyIiIyEhIiEgIiAjIyAiICAhISQhIiEhISEhJCEi
ISAgIiIjIiIhICAjISMiISIgICEiIyEiISAgISIjIiEiISAhIiIiISEg
ISAhIyIgIyEgISIjICIiISAgIiQhISIhHyIhJCEhISIfISIjISEgIR8h
IyMhISEhHyIiIyEhISEgISEjIiEiICAiIiMhICIhICEhIyEhISEgIiIi
ISEhIiAhIiMgISIhICIiIiIgIiEgIiIiISEhISAhIiMgISEhICEiIyIg
ISEfIyIjISAhISAhIyMgISAhISEiIyAhISEgIiIjISAhIiAiIiMhICMg
ICIhIyEhISIfIiIiIiAgISEiIyIhICIhICEjIyAgISIgIiIkICEhICEh
IiMhISMgISEiIiEhISEhIiIiISIhISAiIiMhISIgICIgIyIgIyEgIiEk
ISEiISAgIyMiICIiICEiIiIgIiEgIiEjISIhICEhIiIiISEiICEhIyIh
IiAgISIjIiEhIiAgIiMiISIiICIgJCEiIiIfISIjISEiISAhISMhIiIg
ICEjIyEhIiEgISEkISEiICAhIiMhISIiICEjIyIgISIgICMjISEiISAi
IiMhISEhICIiIyEhIiAgISIjIiAiISAiIiMhISEgISEjIyEhISIgISIj
ISAiIR8iIyMhICIgICEjIyAhIiAgIiMjICEhISAiISMhICIgICIiIyAg
ISEgIiIjISAiISAhIiQgICEiICIjIyEgIiAgISMjISAiICAiISMhICEg
ISIiIyEgIiAgIiIjICAiISAhIiMgICIgICIiIyAhISEgIiMiISAhISAj
IyMgICIhICIiIyEhICEgIiMjISAhIiAiIyMhICIhICMjIyAgISEgIiMi
ISAiIR8jIiMgICEhICIjIyAgISEgIiMjISAhISAiIyMgISEgICEkIyEg
ISEgIiMjISEiISAiIyMhICIiICEjIyAhISIgIiMiISEhIiAhIiMhICEi
ICMiIyAgIiIfIiMjICAiISAiIiMhICMgISIiIyEgIiEgIiMjIiAhISIh
IiMhICIiICEjIiAgIiEgISIjISAhIiAiISMgISMhICIiIyEhISAgIiIj
ISAiIh8jIiMgICMiHyMiIyEgISIfIiMjISAhIh8jIyIgISEhICIjIiIg
IiAgISMjIiEhICAiIiMhICEhICMhIyEgISEgISMjICAiIiAiISQgISIh
HyIiIyEgIiAgISIjIR8jIh8iISMhICIhICIiIyAgIiIgISIjICEiISAh
IiMhICEiHyIiIiAhISEgIiIjICEhISAiIiMgISEiHyIiIyAhISEgISEj
ICAiICAiIiMgISEiICIgIyEgISEgISEjISAhIiAiISMgISEhHyEjIiEh
ISIgISEkISAhIiAhIiIhICIhHyIiIyAhISIfISIjICIhICAiIyIhICIh
ICEiJCAgISIgICMjICAhIh8iIiMhHyIiHyIiIyAgISIfIiIjICAiIR8h
IyMgICEiICEiJCAgIyAgIiIjICAiISAhIyMgICIhHyIiIyEgISEgIiIj
ICEhICAhIyMgIiAiICEiIyEgICMgISIjICAhISAhIiMgICEhICIiIyEg
ISEgISMjICAgIh8hIiMgICEgICIiIiEgISEfIiIjISAiIR8hIyMgICEh
ICEiIyAgISEfISMjICEhISAhIyMgICEhHyIhIyEgISEgISEjISAhISAi
ICMgICIiHyEjIiAhISAgICIiISAhICAgIyIgICIhICEiIyEgISAfIiIi
ISAhISAhIiIgICIhICIhIiAhISEfIiIiICAjIR8iISIgISIgICEiIiEh
ISEgIiEiISEiIh8gIiIgISEhHyEjIiAhIiAhICIjICAiISAiISIgIiIh
ICEhIyAhIyEfIiIiICEiIiAgIiIhISIiICIiIiEhIiEfIyEiISEiISAh
IyIhIiEiHyEhIyEhIyEgISIiICIhISEhICMgISIhHyIiIyAhIyEgISIj
ISEjISAiISMgISMgICEhIyEhIiEgISMiICIiIiAhIiIiISIhICEhJCEh
ISIgIiEjICEiIiAiIiEhIiIiHyIiIyAhIiIgISIiIyAjISAiISMhISIh
ICEiIyEiIiEgIiIiICEjISAiIiMgISIhISAjIyEgIiIgISEjICEiIyAh
ISMgIiEiICEhIyIgISMfISEjISIhIiAgIiEiICMhICEiIyAhIyAhICIj
ICEiIiAhICMgISMiICAiIiAiIyEgICIiISAiIh8jISIgIiMhHyEhIyAh
IyEfIiEiISEjISAhIiIgISMgICEhIyAiIiEfISIiISEiIiAgIiIgISMg
HyIgIyAhIyIfIiEjISEiISAhIiIhISIhICIgIyEhIyAgICIiISEjIR8i
ISIiISEhHyIiIiAhIiIgISAkISAjIiAhISMgIiIhHyIgIyEhIiIgISEj
ISAiIiAgISMgICMiICIhIyAhIyEgISEiICIjIR8hIiIhISMiHyAiIyAi
IyEfISIjISEiIiAiISMhISIhICEiIiEhIiIfIiIjISAjIh8gIyIhIiIg
ISEiIyEgIiEgISEjISEiIiAiIiMhISEiICAjIiEiIiIfISMiIiAiIiAh
IiMgISMhICAiIyEhIiIgISEjISAiIh8hIiMhICMhICEjIiEgIiIgISIi
ISEhISAiIiIgISEiICEiIyEhIiEgISEiICIjICAhIiIiICEiICAiIyAi
ISEgISEiICIiIh8hIiEhISIiICAjIiAhIyEfISIhISEjIh8hISIgIiIh
HyEhIiAhIiEgISMiICEiISAhISIgICIiICAiISEhISEgICEjICEhIR8h
IiEgIiMgICIgIiEgIiIeISEiICEhISAgIiIgISIhHyEgIyAgIiEfIiEi
ISEhICAgICAjISAhIiIgISIhICEhIyAgIyEgISEkICEiISAgIyMgISMh
HyIhIyEhISIgISIiISEjIR8iIiMhIiEiICEjISEhIiIgISIjISAjISAh
IiIhIiIhICAiIyEhIiIgIiIiIiAiIiAhIiMhISMhICEjISEiIyIgICEj
IiEjIh8iIiIhISIiICIhIiAiIiIfISIjISEjIR8hIyIhISIiHyEiIiEh
IiIfIiIiISIjIiAiISMgIiIiICEiIiIhIiIgISEjISAjIiAhIiMhISIh
HyEiIyEiIiIgISIiISEiIiAgIiMhICIhICEhIyEhIiEfIiEiICEjISAg
IyIhISIiHyEgIyEhIiIfISEjISEhIR8hIiMgIiIhHyEhIyAiISIeISIj
ISEiISAhIiMgISMgHyEiIyEhIiEgISIiISIiICAhIiMhISIhICEiIiIh
IiAgIiIiISEjICAhISMiICIgICEiIiIgIiEgICMjICIhICEgIyMiISEh
HyIhIyIhIiEgISIkICEiIR8iIyMhISMgICEiIyIhIiEeIiIjISEjIB8i
IiMhISMhHyEiIiIiISEgISIiIyEiICAiIiMhISMgICEjIyEiIiAgISIj
ICIiIh8hIyMhISIhICAjIyEhIyEfIiMiIiIiIR8iIyIiIiIgICEjIiIh
ISIgISIjIiAiICEhISMiISIhHyEiIyEiIiEgIiIjIiIiIh4iIiMiISMg
ICAiIyEjISIfIiIiIiEiISAgIyMiISEhICEiIyEiIyAfIiEkISIiIB8h
IiMiISEiICEiIyIhISEfIiEkISIhISAhIyIiIiEgICEiIyEiISAgISIj
ISIhICAhIiMiIiEgHyIhIyIhISAfIiIjIiIhIh4hIiQjICEgHyEiJCIg
ICEfISIjIiEgIR8hIiMiISIhHiIhJCEhISEfISEjISEhISAhIyMhISIg
ICEiIyAiISAgIiMjICEgICFkJaIBJaUBZGIlpgElIWJkZ2QhIYsCZ2FlZyMgZA==
YmNpISBhZGZnIx9jZGVkIyBhY2ZmIiFiY2ZlIyBhY2ZmISBiZmZiIh9j
ZmRmIiBhZGZkIyFjZWVlIiBkYmVkIyJkZGNkIiBmZGRjIyBmY2RkIiBm
ZGJkISBkY2VlIiBmY2RkIyBjZGZmIB5nY2RkIh5lZWRnIR9lY2RmISBk
ZGNmIB9mZmRkIiBmY2VlIB1mZWNmISBmZGJlIiBkZWRkISBkY2RnIR1l
ZmVkISBjZ2RmHh5mZmNmIR9mY2RmIB5laGNkIR9mZGZkIh9kZGRlIR5m
ZWNlIR9mZWNlIR9nY2ZjIyBmZWNkIR9kZmVkIR5oZGRjIR9mZmNkICBm
ZmRlHx9nZWRjIB9mY2VnIh5kZ2RlIh5mZWRlIB5lZGVmIh5nZGRkIiBm
Z2NlISBkY2VmISFkZWNmIyBlY2RlISBkZ2RjIh9kZGZkIyBnZGRmIR9l
ZmNjJCBmY2RlIB9lZGZmIB5mZGZlIh9mZGNlIiFlZGNlIh9nY2NnIh5m
ZGJmIiBmYWhlIB5lZmRkIx9mZGNkISFkZWRkIiJlY2VmISBlY2RmIiBm
ZGRlIR9lZWVkIiBkZWZiIiBmZWNlIR5nZGRlIx9mZWNmIiBkZmRjIiFk
Y2ZkIyBkZWRjIyFkY2ZkIiFkZGZkIiBkZWZkIyFlJR8fIiEiIiIiICAi
IiIiIiAjISIiIyIiISIgISMiHyEiIyAiIh8iIyMiHiEjIyIgIyAhIiEj
IiEhIh8hIyIiIiEgISIhIyEiIyIgIyEjIiIhISEiISIhIiIjIiIhICJl
pAFppwFhJ6IBZ6cBZiSiAWimAWQkISIiIiAjYyQhIyEgIiAhISMhISEhIiIiISJk
ZSMgISAiICNjZGYiIWMjIGUkHiOnASQhpAFmZiIfZGRoZSAeZmVkZiMeZGQ=
Z2IjImVkZmUiIGViZ2UjH2RkZmQiIGNmZGQhH2VnZWQjH2ZlZGQjIGVi
ZGYjH2RmY2MjIWVjZmMjIGRkZWIjI2VjZGMiImZlZGQjIGRlZmQiIWVk
ZWMjIGZkZWUiIWZhZ2UjIGRiZ2IjIGZlZWQPEiIhIyIhISEiICMhIyE=
ISAiIiIiIiEgISMgISEjIiAfIyEjISIgIiEiICMiIyAhICIhIiIjISAg
IiAhIyIhICEhIiEiIiAhISEhISMiISAhISIiISEhISMgISIhICNkogFnpQE=
ZCWiAWalAWUooQFmpQFlJCAgICOiASdhJR8iISEiICEgIyEhISIgISEjISAiISA=
ISEjIiAhIiAhISEiISMhHyMgIyEhIiAgIiIjICAiIiAgICMjISEgICMh
IyAgIyMfHyIjISAiIiEiISIiISEhICEhIyIhISIgISEiISEhISAiISMh
IiEgISAiIyEhISEgIiEjIiEgIh8iICMhIiIhICEhIyIhISEgISEiIiIg
IR8iISMiIiEhICEhIyEgIiAgIiEkISEhIh8hISMiISEiHiEhIyIiISAg
IiEjISEhIiAhICMiISEhHiIhIyEhIiEfISEiISEiICAhISMiICIhICAi
IyIgISIfIiEiIiEhICAhIiMhISIhICEiIiIhISIgIiEiISIhISAiICMh
ICIhICAiIyEhICMgISEjISEgIiAiIiIhICEiICIhIyEgISIgISIjICIh
IiAhISMiICEiICMgIyEgIiEgIyEjICEhIiAhICQhISEiICEhIyEiISIf
IiEjICEhIiAhISMhICEhICEhIyIgICMgIyEiIiAhISAiIiMhISEiISEh
IyIhICIgISIiIiEhIiEiISMhICIiICEiIiIgISIgIiEjIiAhIiAiIiMi
ICEiISIiIiEhISEgIiEjICEiISEhISMhISIhICIjIiEhISIgIiIjIiAh
IyAjICMiISIhICIhIyEhISIgISEjISAhIiEhISMiICIhICIhIiEhISIf
IiEjICIhISEiISMhICEhISEiIyEgIiEgIiEiIiAhIiAiIiMgICEhICIi
IiIgICMfIiEiIiEhISEhISIiICEhICEiIiIhISEhIiEiIiAiIiAhISMh
ISEiICIgJCAiISEhISEiISEhIiEhICQgICIiICEiIiEgISIgISEjISAi
IiAhISMhISIiICEhIyAhICMgISEjISEhIiAhIiMhISAjICIgIyEgISIg
IiAjIiAhIyAhISMgISEhICEiIyEgISIgIiIiISAgIiIhISIhISEiISIg
IyEhIiIfIyEiISEhIh8iISMhISEiICIhIiEgIiEhIiEjICAhIiAiIiIh
ICAjICIhIiEgIiMfIiEjISEhISAiISMgIiIhICEhIyEhIiEgIiAiIiAh
IiAhISMhISEiICEiIyEgISIgIiIiISEhIiAhIyEhICEiISIgIyEgIiIg
IiEjISEhISAiICMhISAiICEhIyIhICIgIiIiISIgIh8iISMhICIhISAi
IyAhISIgIiAjIiAhIiAhISIiICEhISIgIyEgIyEgISEiISAiIiAiISMh
ICIhICIgIiEhIiIfIiAjIiAhISAhISMhICIgICIgIyAhISIgISEiISIg
IyAiISEhICIhICEhIiIgISIfISIiISAhIiAhIiIhICIhICEgIyAhISIg
ISEjISAgIiAiIiEhISEiICAiIiAhICEgIiAjICEhISAhICMhISEiICEh
IyAgISEhISAjISEgISAiICQhICIiICEgIyEgICMgIiAiICAhIiAhISMh
ICEiICEhIiIgISMeIiAjISEgIiEhISMhISEhICEhIyEhISIgIiAjISEh
IiAhISIhICEgICIhIyEgISIgISEjISAhIh8iICIiISEhISEhIyEhISIg
IiEiIiAiISAhISMiICEiICIgIyEhISEgISIjISAiICAiIiMgICEiICIh
IyEhISIgISEjIiAiIR8iISMhICAiICMhISIhISEgISAjISAhISAhIiMg
ISIhICEhIyIgIiAgIiEiISEhISAiISMhISAiICEhIyAgISMgISAjISAh
IiAhISMhIiAiICIgIyIgISEgISEjISAiISAiISMgISEjICIhIyIgICEh
ISIiISAiISAhISMiICEjICEgIyEhISIfIiEiIiAhISEgISMhISEhICEh
IiIgICMgIyAjISEgIx8iISMhISAiICIhIyEhISEgISEjISAhIiAiISIi
ICAjICIhIyAhICIhISIjICAhIiEiISIiISAiICIhIyEhICIgIiEjISEg
IiAhICMiICEjHyEiIyEhISIgIiEjISEhIiAiICMgICEjISEhIyEhISIg
IyEjIiAhIiEiICMgISEiIiEiIyEgIiIgISIjISEgIyAiISMiISIhICMj
IiIfIyEgIiIjICEhIiEiISIiICIiICMhIiIgISIhIiIiICEgIyAiIyIg
ISEiISIhIiEhISMfIyEjISEjIiAjISMgIiEiISIhIyEgISMgIiEkICIg
IiEiIiMgISEiICMhIyEgIiIgIyAjISEhIiAjICMhISEjICEgJCEhIyIg
IiAkICEiIyAiICMhIiAjICIhIiEiICMgIiAjIiEhIiAhISIhISIjICIh
IiIhIyEgISEjIiEiIh8iISIhISEiICIhIyEgIiIgISAkISAiIiAhISMh
ISEjHyIgIyIgIiEgIiAkICEiISEhISMiISEjICEhIyIhICIhICIiIyAi
IiAgICMgISIiICIhIyIiICIgIiEiIiEhIyAjICIhISEiICIhIyEhISIg
ISEjISEiIiEhICMhISIiHyIgIyEhISIhICEjISEhIiAiISIiIiEiICIg
IyIgIiIgISEjISEhIiAjICQhISAkICEhIyEiISIgISEjIiEhIiEiICMi
ICIiICIgIyIhISIgISEjIiEgIyAhISMhICIiICIhIiIgISMgISAiIiIh
Ix8iISMhISAjICIgIyIgIiIgISEjISEhIyAhISMhISEiISAhIyEiISIg
ISEjISEhIiAiICMhISEjICEgIyIhISIgISAkICEhIyAhICMiICIiICIh
IyIhISMfISEjISAhIyAhICQhISEhICIgIyEhICMgISEiIiEgIyAhICMh
ICIhICIhIiEiICIhISEiISEgIiAhICMhISAjICEgIyEiICMgISAjISEg
IyAiICMgIiEhICEhIiIhISIgISEjICEgIiEgICMhICIhICEgIiMgISMg
ISAiIiEgIx8iICIiISEiICEgIyEhIiIgISAjISEhIh8iICIiISEiICEg
ISIgIiMgICAjISIhIiAhICIiISEiICEgIyEhIiEhISAiIiEhISAgISIh
ISIiICAgIiIhIiIgICAkISEhISEhISIiISEiISAgIiIgIiEhISAjIiEh
IiAhICMiISEiICIgIyEhISIgISAiIiEiIyAhICMhIiEiICIgIiEhISMg
IiAiIiIgIiAiICIiICIiICAgIyIhIiEhIR8jIiEhIiAgICIjISEiICEg
IyEhISMgICAjISIgIyAgISIiIiAjICAgIiMhISMgICAjIiAhIyAhICMi
ISEiICEgIiIhISEhIiAiIiEhIyAhHyMhISIiICEfIiIiICMgIh8iIiEh
IiEhICMiISIiISAgIyEiICMgICAiIiEiIiAhICMhICMjICIfIiIhISIh
ISAiISEiIiAhHyMiICIjICAfIyEhIiIgICAiIiIhIiEhICEjISEjICAg
IiEiISMhICAjIiAiIiEhICEiIiEjICEgICMiICMhICAiISIhIiEhICIi
ISIiICEgIiIiISMhIB8iIiEhIyAhHyMiISEiIiAgIiEiISIhICAkISAi
IiEhICIhIiIiISEgIiIhIiIhIR8jIiIgIiEhICIiISEjICEgIiMhISEi
IR8iIyAhIyEiHyIhIiEiIiAhIiEhISMhIR8hIyEhIiEgICIiISEjISAg
IyIiICMhISAiISMhIyEhICEiIiAiISAhIyEhICMhISAiISEiIyAhHyIj
ISEiISEgIiMhICMhICAiIiIhIiEhICEhIyAjISIgIiIgIiMgIh8jISEh
IiEhICIiISEiISIfIiIhIiIgIh8iIiEhIiEhICEiISEjISEfIiIiIiMg
IR8iIiIgIyIhICEiICIiISAgIiIhICMhICAhIiEgIyEhICIiICEiICIg
IyEhICMiISAgIiAhJCEgICEhIiAjIiAgICIhISMhICAiICEiIyEiICAi
IiEiIiIfICAiISMgIiAiICAiIiEjHyEhISEjISEgISEhICMiISAgISIh
IyEhICAhISAjISEgISEhISMhIR8hISEhIyEhICAgISEiIiAgICEiICMi
IR8gIiEhIyAiHiEhIiEiISIfISEhISMhISAhIiEhIyEiHyAhISAjIiEg
ISEhISMhIx8gIiEiIyAhHyIhISAjIiIfISIgISIiIh8hICEgIyEiHyAh
ISEjISEgISIgISIiISAgIiAhIiAiICEhISEiIiIfISEhISIhISAgIiEh
IyEhICEhISAiIiIfICAiICMiISAhICEhIyEiHyEhISAiIiIgICEhICMh
IR8hISEhIiIiHyAhIiAiIiIgICIhICMhIiAgISIgIyEhHyEhICEjIiEg
ICAiISMhISAgISEgIiEiICAgIiAiISIgISAiICIhIiAgIiAhIyEjHiEh
ISAjISEgICEiICIhIR8hISIgIiIhICEgISAiISIgICEiICIiISAgICAh
IyAiICAhISAjISEgIiEgICIhIiAgISIgIiEhICAiIiAiISIfISIhICIg
IiAhISAgIiIjICAhISAhISIgISAjHyIiIiAhICIgISIjICEhICAhIiEg
ISEhHyMhIiAgIiEgIyEjICAgISAjIiIgISEhICIiIiAgISIgIiIiICAg
ISEiIiMgISAhICIiIiEgISEfIyEjISAhIiAhIiMgISIhICEjIiAhISEg
IyEjICAhISAjISMgICIhICIhIyAhICMgISMiISEhISAiIiMgICIhICIh
IyIgICEfIiIjICAhIiAiISMhICEiICIiIiEhICEgISIiISAiISAiISMh
ISEhICIhIyEgISIgIyAjICEgISAjISIhICEiICIhIiAiISEgIiEiICEh
Ih8jISMhISAhHyMhIyAgISIgIiIiICAhIiAiIiIfISEiICAjIiEgISIf
IiIjISEgIiAiICMhISEiHyIiIyEgISEgIiEjICAhIR8jISMhICEhICIh
IyEgISIgIiAjISAhISAiIiMhISAiICAjIyAhICIgISEjICEhIiAgIiMg
ISAhICIhIyAhISEgISEjISAhISAiISMgISEhICIiIiIgISIgIiEiISEg
ISAiISMgISEiICEiIyAhIiEgIiIiISAhISAhIiIiISAiICEiIyEgISEg
ISEjICAiISAiISMhICEhICIhIyEgICEgIyEjISAhISAiIiIgIiEhICMh
IiEhISIgIiIjICEgIR8jISIhICEhICEiIiEgISEgISIjISAhIiAhISMh
ISEiICEhIyEhISEgIiEjIiAhIiAhICMhICAiICIhIiEgIiAgISEiIiAi
ISAiICMhICIgICIhIyEhISEgISIjIiAhISAhIiMhICIhHyIhIiEhISEf
IyEiICEhIyAhICMiISEgHiEiIyIhISEfISEjIiEhIh8iISIiIiEhHyEi
ISIhISEfISAjIiEhISAhISMhISAiHyAhIyEiISAfIiIjICEhIR4iZCaeAQ==
JaUBZ2ElpQElHmRiZmYfIZ8CZmFkISFkYWNkIiBmY2JiIyFlY2FjISBlZGJk
IyBkY2JkIiBkZGJjIiBkZGNjISBiY2RjIyBhYmVlISBkY2RkIB9mYWVk
IiBkYWZkIh9kYWZkISBjYmVkIiBjYWZjISBjY2ZiIx9jY2ViIyBiZGVk
IR9kZGRjIh9kZGRiIh9lZGZhIiBkZGRiIh9lZGNkIR5lZGRiIx5lZGVi
Ih9lYmRkIx5kZGRkIiBkYmZjIh9kY2VjIiBlY2JkIiBlZGNjIR5mYmVk
IR1mY2VlIh9kYmZkIB9lYmRkIx9lZGJjIyBjY2RkIh9mY2NjJCBjZGJk
Ih9mYmRkIh5mY2RiIx5lZWVjIB5nZGRiIx1lYmRjIiBlY2RiIiBlYmNj
Ih9oYWRiIyBmYWJkIh9lYmRiIyBkYmRjIx5mYWRjIyBlYmNjIh9kZGNk
IiBkYWRjIh5mYWRkIh9kYWRmIh9kYWRjIx9kYWZlIR5lYWRjIh9nYWRj
Ih9lY2NkIR5kY2VkIx9mYWRjIh9mY2RlIh5mYWRjIh9mZGRiIyBlYWRj
Ix9mY2NjIyBkY2ViIh5mY2ZkIR5nY2ViIx5nZGRjIx5lZGVjIx9kZWVh
IyBiZmRiIiFkZWViIyBjZWRjIx9kZWViIiFjZWVhIyFkZWRhIyBjZmRi
IiFmZGRjIh9mIx8gICMiISIgICEhIiIiIiAeISMiISIgISEgICMhIiEg
ICIiISIhIiEhICEiISIgICAgISIiISEhICAiISIhIiEhICEiICEhIiAg
ICIiISEiISAfISIiIB8hIyEiISJlowFkpQFkJaIBZaUBZCWfAWikAWQhICMiICAh
YyMfIiEiISEhISAgICIhIyAgHiNjZGRjJR8gI2VjYWIjImMjHyRgJF8j
Y2diZCAeZ2NkZSIfYmRlYyAeZmNmZCMdZ2JlYiEfY2VmYSIfZGdkYSIg
ZGVkYiMeZGJmZCIeZGRnZCIdZGZlZCAcZmVlZSEeZGJkZCIeZWZmZCEd
ZGRlZCEgZGVkYyIfZWRmYyIgYmNmYyIgY2dmYSAgZGZlZCIeZWJnZCAg
ZGFmZg8UIiIgIiEgICIgIiEhICEgIyAjICEgISAjICEgIyAgHyIhIyE=
ISAiICMfIiEiICEgIiAiICIgIh8hISIiICEgISAiISIgISAgISEhIiEh
HyEhISEgISIhICEgISEgImShAWijAWQlpAFjpQFkJp4BaaMBZSQhIB8jogEmYSMfIQ==
ICIjICAgIiEhISIhICAiICEhIiAgICMiHyEiICEfIiIgISEgICEjICAg
IyAhISIfISMjHyAgIyMgISIgIiAiHyAiJCAfICIhICIjISEeIyAgIiMg
ISAiISAhIiEhHyIhISEjICEgIiAgISQgICAhICAjIiAhICIgISIiICEg
IiEhISMgICAhISAiIyEgICIgISEjISAgIiAgIiMgICAiIiAhJCAhICEh
ICIjICEfIiEgIiMgICAhISEhJCAgHyEiICIjICIfISAhISQgICAhISEh
IyEgHyIhISEjICEfIiEhISMhIB8jICEiIyAhHyEhISEjICEeIiEgIyMg
IB8jICEgJCEgHyIhICEjISAfIiEgIiMgIR8jICAhIyEgHyEhICEjISEe
IyEgISQgICAhISAhIyEhHyEiISEjICAgIiAgISQhIB8iISAhIyEgHyIh
ICIiISEfISEgISMgICAhISAhIyAhHiMhICIjISAgISEhISMgISAiICEh
JCEgHyMiICIjIiEfIyAhIiMgIB8jISEhIyEgHyIiICEjISEfIiEgIiQh
IB8iISIhIyEgICEhISEkICAgIiEiISMgIh8iIiIhIyEhHyIiISEkISEe
IyIgISUgIR8iIiEhIyIgICEiIiAkISEfIiEhISMhISAiIiIgJSAhHyIj
ICElICIfIyEhISMhIh8iIiIhIyIhICIhIiAlIiAfIiEhISMhIh8iISIg
IyIhICIhIiEjIiEgIiEhICUhIiAiISIhJCAiHyEhISIjISEgIiEhIiIi
IiAhISIhJCEiHyIgISEkISEfIiAiISQiIR8iICIhIyIiHyIgISIjISIf
IiAhIiMjICAiISEgJCIhHyEgIyEkIiEfISIgIiQgISAhISEhIyEhICEh
IiEkIiAfISIgISQiICAhISEhIyEiHyEhIiEiIiIgISIhICMiISAhIiEg
JCEiHyEiICIkICAgISEhISMiISAiISEhIyEiHiMiICEjISEfIiIhICMh
IR8jISEhJCEiHiEiISEjISIgISIiISMhIh8jISEgJCEgICEiIiEjIiEf
IiEgIiMhIh8iIiAhIyIhHyIhIiAjISEgIiIhICMiIh4iIiEgIyEhICIi
IiAjIiEgIiIhICMhIiAiIiEgIyEhICMhISEjIiEgIiEiISMhIh8iIiEg
IyIiHyMhIiAjISIgIiIhICMhIiAiISIgISMiICIiISAkISIgIiIgISMi
Ih8iIyAgIyIjHyIhIiAjISIgIiIhICMjIh8iIiIgIyEiICIhISAjIiIg
IiIgISMiIx8hIiEhIyEiICEhISAjIiIgIiIiHyMiIh8iISEgIyEiICIh
ISAjIiIgISIhICMiIh8iISIgIyEiICEgISAjIiIgISAiICMhIh8iIiAh
IyEiHyIgIyAiIyMeIiEgICMiISAiIiEgIyEhICIhISAkISIgISAiHyMh
ISAiICIgIyEiICEhISAjIiEfISIgICMiISAhIiIfIyEiICEhIiAjISEg
ISIhICMhIh8jISEgJCEiICEhISAjISIfIiIgICMgIx8jISAgIiMiICEh
ISAjIiIgIiMgICMhISEiIiAgIyEiICIiISAjISEgIiIhICIiIiAiISEg
IyEjICIhIR8jIiIfIiIhHyMiIx4iIiEgIyEiICEiIh8jIiIgIiAiICQi
ISAhIiEgIyEiHyEjIR8kISIgIiEiICIiIh8jIiIgIiEhICMiISAiIiIh
ISIhICMiIiAhIiEgIiEjICIhIR8kISIgIiEiICIiIiAhISEgIyEjICIi
IB8jIiIhIiEhICIjIiAiIiEfIyEjICIiIiAhIiMfIiIiHiMiIyAiISEf
IiEkISEiIB8jIiIgIyEiHyEjIiIhIiEfIiIiISMiIB4jIiMhIiIhHyMi
IiEjISEfIiIjICIhIR8jISMgIiEiHyIhIyEhISEgIiIiISEjIB4iIyIg
ISMgHyMiIyEiISIfISIjISIhICAiISMhISIgHyMiIyAjISIeIyIiIiEi
ISAiISQgISIgICIiIiEhIiEeIyEjICEhIR8jIiIhISIhHyMhIyEhIiIg
ISIjICIiIR8iIiMhIiEhHyMgIyAhIyAgIiIjISEhICEiIiIhISIhHyIj
IyAiIiIeIyIiICEiIR8jIiMgISMgISIiIyAhISEfIyIhISIiISAhIiMg
IiIiHyMhIyAiIiEgISMiICIhISAjISIhIiIhHyIiIyAiIiAgIiIjISEi
IiAiIiIhIyEhICIjIiAjIiEfIyEjISIhIR8iIyMgIyIgICIiIiEiIyEe
IyMiISIiIB8jIiMhIyEgICIiIyEhIiEgISMjICMiIR8iIiMiIiEhHyEi
IyAjIiAfIiIjISMgIR8iIiMhIiEhICEiIyEhIyAfIiEjIiIhIB4jISMi
IiEhHiIiIyIiISAfIiEjISEiIR4jISIiIiIhHyEhIyEiICEgISEjIiEg
Ih4iISMiISAiHyEhIyEgIiIfIiEjIiEhIh8hISMhISIiHyEiIyEgIiEf
IiEjISAiIiAhIiIgISIhHyIiIyEgISEgISEjISEgIiAhISMgISIiICIg
IyAhICIfIyEjICAhIiAhIiIhICEiICIhIyAgIiIfIiIjICAiISAiISIh
ISIhICIhIiAhISIfIiEjICEiIh8hISIgISEiICIiIyEfIiIgIiEiICEi
Ix4iICMiICIhICIiIiAgIiIgISIiICIgIiAhIiMgICEjICIhIiEhISIf
IyEjICAhIh8iIiIgISEjHyMgIyAgIiEgIiAjICEjICAjICMgICEiICAh
IiEhISIgIiEjICEhIiAhICMgIiEhICIhIyAhIiEgISIjICEhISAhISIg
ISEiHyIhIyAgISIgIiEjICEgISAjISIgISEjHiEhIyAhIiIgISAjISAi
IR8hISMgICMhICEiIiAgISMfIiEiICAhIx8hIiIhISEhICEhIiAgISIg
ISEiISAhIx8hIiEhICEiICEgIiEhICIgISAiISAiIiAgISMgISAjHyEh
IiEgIiIfISEiICEhIiAhICIhIiAiICEgIiEhISIfISAiISAiIh8hISIg
ICIiHyEgIyAhIiEfISEiISEhIh8hICMhICIhICAhIyIhICEgISAjIiAh
ISAhICMhISEgICEiIyAhISIfISEjIiEgICAhIyMhICIhICEhIyIgISIe
ISEkISEhIR8hIiMgIiEgICIgJCAhISAgIiIjISEgIh8hIiMhIiAhHyIh
JCIgICEgIiEjISEhICAiIiMhIiAgHyMiIyEhICIfIiEjIiAhISAhIiMi
ICEhHyEjIyIhISEgIiIjISIgIR8hIiQhISEhICEiIyEhICIfIiIjISIg
IiAiIiMiICIhHyIiIyIgIiAfIyEjISAgIiEhISUhISAiICIhIyMiICIg
ISMiIiAiISAhIiMiICEiICEhJCEgIiEgIiAjISEiIR8jISMhISEjHyEh
JCEhICEgIiAjIiEhIh8iICQhISEhHyIhIyIhICMeISEjIyEhIh8hIiMh
ISEiICEhIyIgISEgISAkISEhIiAgIiMiICIhHyIhIiMgIiIgISEiIiAi
ISEgISMhISEhICEhIyEhISEgIiAkISAhISAgICQiICEiICEhJCEhICMe
ISIiIiEgIiAiICQhIiEhHyIhIyEgIiEgISIjISAiISAhISMiICIiHiIh
IyIhICIfIiElICEgISAhIiQiICIiHiIhIyEhISIfIiIjISEhISAhIiQi
ISAiHiMiIyIhISIgIyAjISEhIx8hIiMhISAiICEhIyIiICIfIiEjISEh
IR8iISQgISIiICEhIyIhICMgIiEjISEhIiAiISMhIiEiHyIhIyIhISEf
IiMkIiEgIiAhISMiIiEhHyEiIyIhISAgIiIjISEgIh8iIiMhISEhHyIh
IyIhISIfISIjIiAiIR8iICMiISAiICEhIyEhISEfISIjIyAhIh8hISMh
ISEhICEiIyIgISMfICIjISEgIiAiISIiISAiHyEhIyEhISEgISAkIiEg
Ih8hICMiICAiICAhIiIhICEgISEjISAgIiAgISQhIR8iICEhIyEhICIg
IiEjISEgIiAhICQhICEhICEhIyEhISEgISAjIiAhIiAhISMhISAiHyAh
IyIiICIgICIjIiEgISAiICMhISAhICEgJCIhICEgISAkISEgIh4iISMi
ICEhHyIgIyIgISEgIiEjISAgIh8iISMhICEhICEgIyIhHyEgISEjISEg
IR8iISMhISAhHiMhIyIhICAgISIiIiEhIR4iISMiISEgICIiIyIhICEf
IiIiISEhIR8iISQhICAhICEiIyEhICAfIiIjISEhIR8iISMhISEhICIh
IyIiICIgISElICIgIB8iIiQgISEhHiEjIyAhICAgIiIjISEgIR8iIiMh
ISAhHyEiIyEhICEfIyEjISIgIyAgISMhISEhICMgIyEhISIfIiAjIiAh
ISAgISQhISEhICIhJCAgICMgISEiIyEhIh8hICQiICEhHyEhIyEhISEg
ISEjIiIgISAhISMjICEiHiEhIyIhICIgISAkISIgIiAgISQiICEhICEg
IyIgISIgISAjIiAhISAhISMhISIhICEgIiIgISIgISAjISEhIh8hISIj
ICAiICAiIyAiISEgISAjIiAiICAhICMiISIhHyEgIyIhISEfISAjIyEg
ISAgISMhISEhICEhIiIhISEfIiAjISEiIR8jICMhISEhHyIhIiEjISEf
ISEiIiEhIx8gISMiISEhHyIhIyEhISEfISIjISEhISAiISIiIyAhICIg
IyEiISAfIiEjISMgIh8iISMhIiAiHyMgIyEiIiIeISEkICIhISAhIiMh
ICEiISAiIyEiIiAgISEjISEhIh8iISMiIiEhICIhIyEjISEfIiAjIiIh
IR4iISMhIiEiHyEiIyAiISIfISIjISIhISAhIiMiISIiHyMgIiIjISIf
ISEjISEhIh8hIiMjIiAjICEgIyEjISEfIiAkISIjIR8iISMhIiEiHyEh
IyEiISIfISEjIiIiIR8iICMiISIiICAgJCAiIiIfISEjIiEiIx8hICIi
ISIiHyEgIiIhIyIeICEiIiMiIh8hICMiIiEiHyIgIyEiISMgICAjISMh
ISAgICIiIiIgICIgIiIiISIfISAjIiIhIh8hICMiISEiICEgIyIhIiIf
ISEiIiEiISAgICIjISIhICAhIiIiICIfISEiISIhIh8iICIhIiIgISAh
IyIiICIfISEiIiEhIh8gISMiICIhHyIgIyEhIiEgISAjIiEhIR8hICMh
IyEhICEgIyEjIiEfICEjIiIiIB8hIiIiISMhHyEgIyMgIiEfISEiIyEi
IB8hIiEjISEhICAiIiEiIiAgISEiIiIhIh8iICMgIiIhICAhIiIiISEg
ICEjIiEhIh8hISQhIiEhHiJkJ58BJqUBZ18npAElHmRiZWYiIr0CZGRkIiBmYg==
Y2UhIGZiYmQjIGZiY2MjH2ZjYWYiIGZhZGQiIWVhY2UiIGZkYWUhHmRl
ZGEiH2ZjZWEiH2ZkZGQhH2djY2MiHmZkY2QhHmdjZGQhHmdiY2QhH2di
ZGMiH2ZjY2UiHmZiZGYhHmViZGYhH2ZiY2UhHmdiZGQjHmZjZGUhH2Zj
ZWQhH2ZjZGUiHmZjZGUiHmZiZGYiHmVkZWUiHmZhZmQiHmVkZWUiH2Vj
ZmQiHmVjZ2MjH2ViZmQiH2VkZWUiH2RjZmQiHmZjZ2MjH2RkZ2MiHmVk
ZmQjHmVjZ2MjH2ViaGMiH2VlZmIiH2VjaGIiHmZkZmIiHmZkZmIjHmVl
ZWQiH2VkZmMiH2RjaGIjH2VkZWQiHmVkZmIjHmZkZWIjH2ZkZmEiH2Vl
ZWMhH2ZkZWEjHmVlZWIjHmVmZGIiHmVlZGIjH2ZlZGIiH2VmZWEiIGVm
ZGIiH2ZkZGMiH2VlZWEiH2VmZGIiHmdmZGIhH2ZmZGIjHmdkZGMiHmZm
Y2IjHmdmY2IiHmdkZGIiH2djZWMiH2dlZGIhH2dlZWIiHmlkZGIhH2hk
ZGQhH2hkZGMiH2dlZGMiH2hkZWMhH2lkZGMiH2dkZGQiHmlkY2QiH2hk
ZGQiH2lkZGQhHmlkY2UhH2dkZGQjHmliZWQjHmlkZGQiHmhkZGQiIGdk
ZGUhH2liZGQiH2ljZGUiHmhjZGQiIGZjZWYhHmdkZGUjH2ZkZGUjHmdk
ZGYiHmdjZGUiHmdjZGUjH2RkZGUjH2ZiZWYiH2ZjZGYiH2ZiZWUiH2Vi
ZmYhH2ZhZmUjHmVjZWUiH2ZiZGUjH2VhZmUhH2VjZmUjHmZhZmUiHmZj
ZGYjHmViZmYhH2VhZmUiH2ZhZ2QjHmZiZmUhHmVjZmQjHmRjZmUjHmZj
ZWQiH2ViZ2QjHmZjZmUiHmVjZmUhH2RkZ2QiHmRkZ2QhH2VjaGMjHmVk
ZmMjHmVjZ2MiHmVkZ2QjHmRkZ2QhHmZlZmMiH2VkZ2MiIGRlZmIiH2Vk
Z2MiHmZlZ2IiH2VkZ2MiHmZkZ2IiH2VmZmMiH2VlZmIiHmZlZWQhH2Zk
ZWQiH2ZkZmIjH2ZkZmEjIGZkZWQiH2ZlZGMjHmZkZWMjIGZkZWIjH2Zk
ZGQjHmZkY2QjH2ZiZmQiHmdkY2UhH2dhZWQjHmZkZGMjHmZkZGUhH2Zj
ZWMjH2VjZGQjHmVjZGQiHmZiZGQiIGZhZWQiHmZiZGUjHmZiZGYiH2Vj
ZGQjHmViZmQiHmZiY2UjH2VhZmQjHmZiZGUiHmVjZGUiHmZhZWQjHmZh
ZmQjHmRiZWUiHmVhZmUjHmVhZmUjHmZhZ2QjHmVkZWUiHmZhZmQiHmVk
ZmQiH2RiaGQjH2RkZmUiH2RiZ2QiHmRkZ2QjHmRjaGQiHmRkaGMjH2Nk
Z2QiH2RkaGMjH2VjaGMjH2RkZ2QiH2VkZ2MiIGRlZ2QiH2RkaGMjH2Rl
Z2MiIGVkaGIjH2VlZmQiH2VkZmMjIGNmZmIjH2RkZ2IkH2RlZmMjH2Zl
ZmEjH2RmZmEjH2VlZmEjH2VmZmEjH2ZkZmIjH2RmZWIiH2RmZmMiIGRl
ZmEkHmZkZWIjH2VmZGEjH2ZmZWIiH2VmZWIiH2RmZWMjHmZlZWIjH2Vl
ZGMjHmVlZWIjH2ZlZWEjH2VlZGMjH2VlZGMiHmdlY2MjH2ZkZWMjHmZl
ZGMiH2ZlZGIjIGVlZWIjHmVlZWIjH2VmZGIjH2ZlZmIiHmhkZWIiH2dl
Y2MjIGZkZmIjH2VmZmIjHmdkZWIjH2ZmZGMjHmdlZWMjHmhlZWMiH2dl
Y2QjH2dlZGQjH2dkZGMkH2dkZGQiH2ZkZWMjIGZkZWMjH2dkZWQjH2dk
ZWQiH2djZWQjH2ZlZGQjH2dkZmQiH2ZkZWUjHmdjZWQjIGVkZGUjH2Zj
ZWUjHmZkZGYjHmVkZWUiHmZkaGIkHWVjZ2MiHmZmZGQiIGVjZmQjH2Zi
ZmMiH2ZlZGQjH2VkZGQiIGRkZmQiIGNlZmMjIGRjZWQjIGNkZWQjIGRkIw==
ZWQjH2RkZGQkIGJkZGQkH2JlZGUiIZIBYl9r8AFkJB9kYmdjIx5lYmdhIx8j
ZGRmYyMgZGEk
====== sampling stopped (index time 0.000ms) ======
