
FDDFluxReader v0.1

available commands:
	bootloader
	start_sampling
	stop_sampling
	help

> start_sampling
====== sampling started ======
YmZhJSBjYmZiJCFkYWhhIyJjY2ViIyFkZGRjIyJkY2ZiIyJkZGRlIyA=

Error: Buffer Overflow
ZGRlYyMiY2WQtQEqngEpHSOfASqfASYeJKABKaABJh0koQEooQEmHiOgASmfASceI6EBKp8BJg==
HiOhASigASccI6IBKKABJB0jogEpngEmHSOfASiiASMeI6ABKKABJR0joAEooQEjHCOhASeiASQ=
HCKhASmISyWfASqfASgeI6ABKaABKB4joAEqnwEoHiOIRyYdI58BKKIBIx4joAEooAElHSOgASg=
oQEjHCOhASeiASQcIqEBKZ4BJhwjnwEooQEjGyOgASegASUdIqEBKp0BJQ==
====== sampling stopped (index time 0.000ms) ======
start_sampling
====== sampling started ======
piJiZmElIGRhZmIjImRhZ2EjImJkZWIjIWRiZmMjImRjZWMjIWRjZWQjIg==
YmRlYyMiY2RmYyMhZGNmYiQhZGRmYyQhZGRmYyMiY2VkZCMhZGRmZCMi
ZGNmYyUhY2RmYyQiY2RmYyQiZGRlZCQiZGNmYyQjY2NmZCQiY2RmYyUj
YmRnYyUiZGNlZCUjY2RmYyUjZGJnYiUjYWZmYyUjY2RmZCQkYmRmYyQk
YmRnYiUjY2RmZCQjYmRmYyQjYmVmYiUjYmRnYiMjYmVmYyQjYmRmYiQj
YWZkYiQjYmRmYSMjYmZlYiQjYmRmYiQjY2RmYyMjYWRmYSQjYmVlYSQi
YWVkYiMiYmRlYiMiYmRmYiMjYmRmYSMiYWVlYiIjYmRlYiMiYmVmYCQh
YmVkYSMhY2RlYiMiY2NmYSMiYmRkYyMhY2RlYSMjYmNmYSMhY2RmYSMi
YmRmYSMiYmRmYiMjYmRmYSMiYmRlYiQiY2RlYiMjYmNlYyQjYWRmYSQi
Y2RlYyQjYWRmYiUiY2NmYiQjY2NmYiQjZGNmZCMjYmZkYyMjY2RlZCQj
YmVlZCQiY2RmZCQiY2RmYyUjYmVkZCQiY2RlZSQjYichIyAhICEjIiMh
ISEiISMhIyIhISMhISIjISIgIiIiIiIhIiAiISIiIiMhISEhIyEiIyEg
ISEiIiMiIiAhISMiIiMhICEhIiEjICIgISAjICMhIiEhISEhIyIiICAj
YSdhpAFoowEoYaQBZqQBKF+jAWmjASYeIiAlXidgZWEjIGJlZWMhIGJlZWMhIGFl
ZWIjIGBmZWQhIGFlZWIiH2FkZmMiHmNkZmIiH2BlZWIiIWFkZmEjHmJj
ZGQhIWNjZWIhIGFkZmMiIGFkZWMhIGNkZGIjIGFlZGMiIGNjZWMjIWFl
ZGIjIWFlZGQiIGNjZmIjIGJkZWQiIGNkZWMkIGNjZmMjIWJkZmQjIGNk
ZmQjIWFmZWQjIWJkZ2QjIWNkZmQjIWRjZ2QjIWNlZmQjImNkZmQkImNk
ZmUjIWRjZ2UjImJlZ2UiIWRkZ2YiIWRkZ2YjIGRkZ2QjIWNlZmUjImRl
ZmYjIWNkZ2YiIGViZmYjIWRkZ2YiIGRjZ2YiIGNjZ2YiIGNkZ2QjIGNk
Z2UiIGNkZ2UiIGJkZ2QiIGJiaWQiH2NkZmQiIGElISAhISIgIiAiISEg
IiEhICEgIiEiICEgIiAiICEgIiAhICEgIiAhICEgIiEhISEgISAiICEg
ISAhICIgISAhHyIgIiAhICEeIiAgISEhIR8hICIgISEhHyEgISAgImOfAQ==
aaUBZCWhAWaiAWQnnAFnpQFmIR8gIyIfImIkHyJhZGRhJR4jICEgISEhICIgI2I=
YyMgICRgYyVgIiFhZWEoXSdfJSNiYmMkImFlZWQiI2FmZGYgI2JkZGYk
I2FmZGUiImJkZWgjI2FmZGYjJGBmZmcjImNlZGciI2JmZmciI2FmZmYi
ImJmZGgjI2FnZWckImFmZmcjI2BmZmgjI2FmZWckI2FlaGYkI19mZmgj
I2BlZmckIWFlZmckImFlZmckImFlZmcjImEmISMgISEjISIjIyAiICEi
IyEiISEhIiEjIyIgISAiISIiIx8iICIhIyIiICIgISEiIiIhIiAhISMh
IyAhICEgIyEiICAiISAhIiAhISEhICEhICAiISAgISEiICEfImGlAWegAWM=
KKABaKMBZCibAWqiAWEmICAdJKQBJR4iHySdASqgASUcJZ0BKaEBJx0lnAEqoAEoHCWdASqgAQ==
Jx0lnQErnQEnHiWdASyeASYeJ5wBKp4BKB0nnAEqnwEnHiadASudASkdJpwBK58BJx4lnQErnQE=
KB4mngEroAEnHiWdASqfASgdJp8BK54BKB8mnwEroAEnHyacAS2dASgfJp0BLZ4BKR4onQEtnQE=
KSAmnwEqoAEoHiWgASqhASgeJp8BLZ0BKR8onQEsnwEpHyeeASugASkfJp8BKqEBKR0mnwEtogE=
Jh4onwEroAEoHyeeASygASkfJp0BK6IBKR4loAErogEoHiWgASyeASkgJp4BLJ8BKB4nngEroAE=
KSAnnQEtnwEnHyafASqgASgeJaABKqEBKR0loAEqoQEnHiWfASqiASYeJaABKqEBKBwlnwEroAE=
KB0jogEpoQElHiicASudASgdJpwBLJ4BKB0loAErnQEoHCSgASmfASgdJJ8BK54BJRwonQEpngE=
KB4kngErngEoGySgASmfASUcJpwBLZwBJh0nnQEonwEnHCWfASidASgdJZ4BKZ4BJhsnnQEpnAE=
KR4kngEqnQEnHiWdASyeASYdJKABKZ8BJRwmnAEsnwEnGyadASufASYbJ58BKZ4BJx0lngErngE=
KB4lmwEsngEoHiWfASqdASgeKJwBKqABKB0loAEooQEoHCadASuiAScdJaABKp8BJiAnnQEqogE=
Jx0mngEsoAEoHyedASuhASkeJ54BKqABKh4nnwEpoQEoHiidAS2dASkgKJ0BLKIBJx8mngEsnwE=
Kh8nnwEsnwEpHyidASuiASgdJp8BLaEBKB8onAEtoQEoHyeeASqhASgfJaABKqIBKB4moAEroAE=
KB4nnQEtnwEqHiefASqiASceJqABK6ABKB4mnQEsoQEmHiagASugAScfJ50BK6ABKB8mnQEqoAE=
Jx8lngEsngEoHiWeASqhASYcJaABKqABKBwloAErnQEnHiWeASqgASYeJZ0BLJ8BJxwlngEqoAE=
JxslngErngEmHSagASqdASkdJZwBK58BJh0moAEqnQEoHCadASqeASYbJZ8BK5wBKB0lnAEqnwE=
JxwlngEpnwEmHSadASqgASccJZ8BKp4BJR0mnQErnAEpHCSfASihASUcJp4BKqABJxsmngEsmwE=
KB4lnQEtnQEmHiebASueASceJ54BKaEBJR0mnwEqoAElHiWfASqgASceJpwBLKABJR8nnAEsnQE=
KCAlnQErnwEoHyieASqfASgfJp8BKp8BKR4knwErnwEoHyefASqeASkgJZ8BK6ABKR4onQEtnwE=
KB8nnQEsogEoHiaeASyiASYdJ58BLKABKB8mngEsoAEoHiWgASuiASYfJZ8BK6EBKB4loAErnwE=
KB8mngEroAEpHieeASugAScgJ50BK50BKh8lnQEsoAEnHiWgASugASgeJKABK58BKB4lnwErnwE=
KB4lnQEtnQEnHiadASugAScdJaABKaABJx0koAEpoQEmHSSgASqfASYcJ50BK58BJx0loAEpnQE=
KBwmnQErnQEnHCedASqeASccJp0BK50BJhwlnwErmwEpHSSeASucASYcJpwBK5wBKB4knQEqnQE=
KB4lngEpnAEoHCacASycASgdJZ4BKp0BJx4lnQEqnwElHCWdASudAScdJZ4BKp0BKB4lnAEsngE=
JxsmngEqnwEnGyWeASqfASccKJsBKp0BKB8lnAErnQEnHiadASqeASkfJZ0BLJwBKB4mngErnwE=
Jx0mnQEroAEoHSafASqfASceKJ0BK50BJx4ongErnwEoHyWeASqgASkeJJ4BLJ8BKCAlngEroAE=
KB8lnwEsoAEnHiagASmhASgdJ6ABKaABKCAmnQErogEoHiWgASufASggJ5wBK6IBKB4loAEroAE=
Jh8onAEsogEoHyecAS2fASggJ50BK6EBJh4noAEqogEnHiadASygASgeJaABK6ABJx8moAEqngE=
KB0loAEroAEoHCefASqhASceJaABKqABJh4koQEqoAElHSWgASufAScbJaABKp8BKBwjnwErnwE=
Jx0mngErnQEoHCafASqdASccJqABKp4BJhsloAErngEoHCWeASudASceI6ABKp4BJx0mnQEqnwE=
JxsloAEqnwEmHCadASufASYdJaABKZ4BJx4lnQEqoAEnGyWfASqgASgcJKABK58BJx4joAErnwE=
KBsmoAEqnwEoHSSgASyeASgdJZ8BK58BJxwlnwEsngEoHiWgASugASgdJ50BK6ABJx4lngEsnwE=
KB8moAEqnwEoHSifASqeASgeKJ8BKp4BKB8nngEroAEoHSahASqfASggJp8BLKABKB4knwEsogE=
Jx8mnwEqoAEoHyWgASuhASgeJp8BKqMBJx4loQEqoQEoHySfASuiASYfJ6ABK6ABJx8nngEroQE=
KB0moAErnwEoHyWfASuiAScdJ58BKqIBJx4lnwEqogEoHiShASugASgeJaEBKqABKB0logEqoAE=
Jx4loQEpogElHiafASugASgfJaABKqEBJx4koQEsnQEoHieeASyfASccKJ8BKp4BJx4mngEqngE=
KB4mnwEqoAEnHSWeASyeASgeJZ8BK50BKB0loAEqoAEmHCahASmfAScbJZ4BLJ0BKR4mnQErngE=
Jh4lnQEsnQEoHSWgASmfAScdI6EBKqABJR0koQEqnwEmHSOhASqeAScdJKEBKp0BJx0mnQErngE=
Jx4lngEpoAEnHiWfASqgASgdJZ8BKp4BJh4lngEqogEnHSSgASmeASgdJ54BK6ABKB4lnwEqnwE=
Jx4mngEqoAEoHiafASqgASYeJ58BKqABJx4moAErogElHyWgASygASkeJaABLJ4BKCAnngEqoAE=
KB8mnwErnwEoICaeASugASgfJp8BKqEBKB8nnwEtoAEnHiafASygASkeJp0BK6ABKR4lnwEroAE=
KB4mnwEsoAEoHiWgASuhASYdJ6ABK6ABJx4mngEqoAEnHiegASqgASgdJKABK6ABJx0loAEroAE=
KBwlogEpoQEoGyWgASqgAScdJaABKqABJxwloQEqngEoHSSgASueAScbJaABKp8BJh0mngEqnQE=
KBwloQEqngEoHCSgASqeAScdJJ8BKp8BJh4knwEqnwEoHCSgASqeAScdJaABKp4BJh0koAEooAE=
JhwlnwErnwEnGyWgASigASUcJKABKZ8BJh4kngEpngEmHSWeASmeASgdJKABK50BKBwmnwEqnQE=
KBwlnwEooQElHCSiASigASQdJqABKKABJhwlnwEqoAEmHCWgASmhASYcJZ8BLJ4BKB4mnQEsngE=
Jx4lngEqngEoHSWgASqhAScbJqABKp8BKR0loQEpoAEnHSWgASqgASceI6EBKqIBKBwjoAEqogE=
Jx0loQEpogEnHSWgASueASgeJ58BKp4BKB8nnQErnwEoHiahASmhASgeJZ4BK6ABJx4moQEpogE=
Jx4mnQEsoAEoHiagASugASgdJp4BK6ABJx8nnwEqoAEnHyaeASufASgdJaABKaEBJx4lnwEqoAE=
KB4mnwEqoQEnHSWgASqgASgeJaABKqEBKBwkoAEqoAEmHSShASmgASYdI6EBKaABJx4mngEsnAE=
KB0mnwEsnQEoHiWcAS6dASYeJp0BKp4BKRwjoAErnQEmHSSeASueASgdJp4BKp0BKB4knwEqnwE=
JhwkoQEpnwEnHSOgASydAScdJJ8BKqABJhwlnwEqnwEnGyWhASmgAScdJp8BKJ8BKBwmnQEsnQE=
KB8lngErnQEnHiWeASueAScdJZ8BKqEBJxwloAEpnwEnHSWgASmhASgbJKABKp4BKB8lnQEqoQE=
JxwloQEqoAEoGyWgASqgASgdJ54BKqEBJh0koAEqoQEoHCShASqfASgbJaIBKqABKB4koAEqngE=
KB4lnwEqoQEmHiWgASugASgeJqABKqABKB8koAEqoAEnHiagASmgASceJaABKaABKB0loAEqoAE=
KB0loAEqogEnHSWiASmgASgdJaEBKqEBJx0lnwEqoAEoHSSiASqfASceJaEBKaEBJxwloQEroAE=
KB0koAEsngEoHiagASqfASkdJZ8BKp8BKB4loAEpoAEoHiSgASqgAScdJqABKp8BKB4jnwEroAE=
JxwloQErnQEpHiSgASmhASUdJaEBKp4BKB8kngEqoAEnGyaeASqgAScdJaABKaABJx0kngEqoAE=
Jx4lnQErngEnHSWeASueASceJZ4BKp8BKB0knwEqngEoHSWeASudASceJZ4BKp8BJh0lngEqnwE=
JxwmngEqnwEnHCafASqfASceJZ8BKp8BKBsloAErnQEoHSSfASycAScfJJ4BK50BJx4knQErnwE=
Jx0kngEqoAEnHiWfASihASYcJKABKqABJxwlnwErngEnHiWfASmhASUeJaEBKaEBJxwkoAEqnwE=
KRwloAEpoQEnGyafASqgASceJZ0BLZ8BJx4loQEqoQElHiWgASqeASkeJKIBKaEBJx4knwEroQE=
Jh0nnwEqoQEmHiWiASqgASgdJKEBK6ABJx4lnwEsnwEnHiWeASuiASYdJp8BK6ABJx4loAEqoQE=
Jx0lnwEroAEoHiWgASqhASccJp8BKp8BKR4lngEroAEnHCafASufASgeJKABK50BKB8lngEqnwE=
KB4mngErnwEoHyaeASufASgeJZ8BK54BJx0lnwErnQEoHiSfASqgASceJaABKp4BKB0koAEqoAE=
Jx0lngEqnwEmHiWdASqhASUeJp0BKZ8BKB4lnQEqngEoHSSgASmhASYcJaABKqABJhwkoAEqngE=
JxwkoQEpoAEnHCShASmfASUeJZ0BKqEBJx0koAEooQEnHiOgASufAScdJKABKaABJhwnnQEqnwE=
KB0nngEpogEnHSSgASqgAScdJZ0BK50BKBwlngEtoQEnGyaeASuhASccJaABKp8BKCAlngEqoAE=
KBwloQEqogEmHiWgASqgASgdJaABK58BKB4nnQEroQEnHiadASyiASgcJaABK6EBJx0nnwEqoAE=
KB8moAEroAEnHSeeASqhASgdJaABKqIBKB4mnwEqogEoHiWfAS2hAScfJp4BK6ABKB0loQEroAE=
KB4nnAErogEoHSWhASqfAScfJp0BKqIBKB0loQErnwEoHiWfASugASceJp4BKqEBJx4mnQEqoQE=
Jx4lnwEroAEnHiWeAS2fASYeJZ8BKqEBJh0koAEtnwEoHSWgASufASccJKABKqABJxwloAEqoAE=
Jx0lnwErngEoHCSeASugASYbJaABKqABJhsmnQEroQEmGyWfASqgASceJZ4BKp8BJxsmnwEroAE=
JxsknwEroQEmHCSiASmgASUbJaABKqABJRwkoAEqogEmGieeASugAScdJZ4BKp8BJx4lnwEqngE=
KBwloAErnQEnHiWgASugASUbJaIBKqEBJR0loAEpXShfqAGnASUdIiAmnwEqXWdlYyIiYQ==
ZGRlIyJhZWVkIyNhZWVkIyNjY2ZkIyNiZWVkIiJjZmVkIiNiZmVkIyJj
ZWRlIyJjZGdkJCFiZmZkIyJiZWZkIyJiZGVlIyJiZGZlIyJhZmZkIyJi
ZmRlIyJiZWZkIiFjZmRkIyJhZ2RkIyJhZ2VkIiJhZWVkIiJhZ2RkIiJh
ZmVkIiNgZmRkIiJhZWRmICJhZmRlICNgZmRkISNgZWRkIiNgZWVjICNh
ZmRkISJhZmRkICNhZGVkISJhZWRkISFhZWRjISNgZGRkICJhZWRkICFh
ZmNkICFhZWRkICJgZWNkISJfZGRlISJfZWNlISJhY2RmISBgZGRlICBh
Y2VlISBhZGNmISFhZGNmISBhZGNmISFiY2NmIyBhZGNmISBhZGNmIiFg
ZGRoISFiZGNiJCNiZWRkIiBkY2RkIyJhZmRlIyJjY2RkIyNiY2RlJCNg
ZWNmIyBkZWRkIyJjZGVlIiFjZWNlJCJjZWRlIyNjZGVjIyNhZmVkIiNh
ZmRkIyRiZmRkIyRhZGZkIiNhZmZiIyNhZGRmIyRhZWVjIyNiZmZjIiNh
ZmVkIyNhZWVkIiNhZWZlIiJhZGdkIiNhZWVkIyNhZGRlIiNhZWVjIyJh
ZWZkIiJhZGZjIiJhZGZjIyJhY2ZlISFhZGZkISNfZWRmIiJhJCAgISIi
ICAhIiEhIiAiICEgICEjICEgISEhICIiISAhICEgIyEhICEiISAiISIf
ISAhIiIiISAiICIhISEhISEhICEiISIgIiEiISIhISAiICEhIiIiIiIf
IiAjICJkpAFmpQFkJ6IBaKYBZCafAWmkAWUkICMiIiAjYyUeImJnZWQkHiMiIyIi
IiAgICRjZCUhIyAiY2djJ6ABKF8pYWRlpQEoogFnYyUiZGRmYyYhY2RoYiQj
ZGJpYyQiZGNnZCUhY2RpYyMiZGJpYiQhYmZlZCQiYmZmZSMjYmZlZSMh
Y2ZnZiMhY2ZlZyMgZGZkZyMgYmZkZiQhZGRlYyUhY2JmZCUjYmNmZSMi
Y2JmZiQiYmJnZSQhYWRmZCUgY2JmZSMhYGRnZCIhYSUhICEhIyEhICMg
ISEjISAiIiEhISEfIiIhICEgIyIgICEgISEjIiEhISAgICMhICEhICIg
IiEhISIhICEiICEfISEjIiIgIR4jICIhIiAfISEgIiAiISAhIiIgHyAj
Y6QBaaIBYyejAWWjAWQnoAFqnwFlIyAjICOkASUfIh4kngEppQElHSOgASilASQeJJ8BKKIBJw==
HSOgASmjASYeJKABKKMBJR4joAEpogEnHiSeASqiASUeJaEBKKIBJx4loAEpoAEnHyWhASiiASc=
HiSiASmhASYeJaABKqIBKBwkogEpowElHiagASilASYfJaABK58BKB4kogEpowEoHyWfASqgASY=
HyWhASmjAScfJp4BK6IBJyAloQEoowEoHiSjASqiASceI6MBKKQBJSAmnQErogEnHyWfASqkASU=
HiWiASiiASgeJp8BKaIBJx8koQEqoQEmHyWfASuhASceJaEBKKABKR4logEnogEnHiWiASiiASg=
HiWdASufASkeJaABKZ8BKB4mngEqoAEmICWdASyfAScgJJ4BKqABJR8knwEqoQEkHiWeASqgASc=
HiOgASmhASUeI6EBKZ8BJh8joQEpogElHiOgASqfASgdJZ4BKZ8BJx4knwEpoAEmHiSgASqgASc=
HCOfASmhASUdJKIBKKABJh8koAEqnQEoHiSeASueASgdJKEBKZ8BJh4koAEpoAElHiOhASqhASU=
HSSgASmiASQeJaABKKIBKB0lnwEopAEnHCOiASmhASceJKEBKaEBJx4koAEroAEnHyWfASmgASg=
HyShASmiASYeJaABKqIBJx4loQEqogEmHiehASigASkeJaABKqIBKB4mnwEqowEnHiWiASmiASc=
ICShASqiAScgJqABKaMBJh8jogEqpQEnHyShASqjASceJ6ABKaUBJx4moQEopAEnHiahASmlASc=
ICWgASqjASgeJaEBK6MBJx4moQErogEnHiWhASuiASUgJqABKqABKR4logEqoQEnHiaeASqgASg=
HiSiASqiAScfJKABKKIBKB4jowEpogEnHiWdASyjASUeJKIBKqMBJR4koQEpoQEnHiOiASmgASg=
HiKiASmgASgeJKABKqEBJx0jnwErogEmHiSgASqiASYeJKABKqABJx4lnwEpoQEmHiWfASqfASk=
HiOgASmiASYeI6ABKqEBJh4joQEoowElHCafASufAScdJaIBKaABJh8knwEqogEnHiSgASqgASY=
HiWeASuiASceJKABKaIBJR4lnwEqogEmHiWgASqgASgfJaABKqIBJx4loAEpogEnHiWgASqhASY=
ICWhASiiASgdJaIBKqIBJh4logEopAEmHyagASmiASYfJqABKqIBJyAnoAEqoAEoICWgASqkASY=
HiegASqkASgeJaABKqQBJx8loQEqogEpICWfASujASgfI6MBKqEBKR8koQErogEoHyWgASqkASc=
HyWhASqiASceJaEBKqIBKCAlnwErowEnHiWkASmjASgdJKQBKaIBJx8kogEqogEpHSWiASmiASk=
HiSiASqiASceJaEBKaMBKB4logEopAElHiWhASqkASYeJaEBKqIBJh0logEopAElHiWgASqjASc=
HSSiASqgASgfI6ABKqABKB4joAEoogEoHCSgASqgASgeJZ8BKaABKB8lnQErnwEoHSWgASyeASY=
HiaeASmkAScdJKABKZ8BJx8knwEpoQEnHSOhASmhASUeJaEBKKABJx0koQEnoQEmHiOfASqhASY=
HiWhASmfASgeJKEBKZ4BJx4lnwErnQEoHiWgASqdAScfJaABKaABJx4lnwErnwEnHiadASygASg=
HiWhASqeASggJKABKaQBJR4loQEpoQEoHiadASuhASgfJZ8BKqABKCAloAEqoQEoHyWgASqhASg=
HyahASqgASggJaEBKaIBKB8lnwEqowEmICWjASqiASgeJaEBKqQBJh4logEqogEoHyShASqlASY=
HySiASuiAScgJaABKqIBKB8noAEroQEnICagASmlASYdJqEBKqIBJh8loQEqoQEoHySiASmiASg=
HSOjASqiASgeJaABKaMBJx0jowEpoQEoHyOjASmhASgeJKEBKqABKB4kogEoowEnHSSiASiiASg=
HiSiASiiAScfI58BK6IBJR4loAEqogEmHSWfASmkASUdJaABKaIBJRwloAEpoQElHyWdASuhASY=
HiWgASmgASUeJKABKKIBJh4joAEqoQElHiShASmfAScfJZ4BKaABJx4loAEpnwEnICWdASqdASg=
HiWfASmiASUeIqIBKaABKB0loAEqoAEoHiOhASijASUeJ54BKqABJx4mnQEroQEnHiafASufASc=
HyafASqhASYfJaEBKqEBJh4kogEpoAEpHySgASqiAScfJaEBKqEBKCAloQEqogElHiagASmiASg=
HiWiASujASYeJaIBKaMBKB4logEppAEnHiWiASqlASUfJaMBKaIBJyEloQEroQEnICahASmlASc=
HiWjASmiASkeJaMBKqIBKR8mogEpogEpICSiASmjASgeJaMBKqQBJiAlogEqpAEmHyahASilASY=
HiWiASqiASkeJqABK6EBKR8loAEqoQEoHyWgASuhAScgJaABKqEBKB4moAEqoQEoHiWhASmhASY=
ICafASqhASceJ54BKqIBJx4loQEpoAEnHiWgASugASgfJZ8BKqABJh4loAEqnwEnHiOgASmhASY=
HiWgASqgASUeJKEBKaEBJh4jnwEqnwEnHySeASueASceJJ8BKqABJx4joAEoogElHiOgASqeASc=
HiSeASqdASceJp0BKqABKB4knwEqoAElHiWfASigAScdJZ8BKp8BJh4lngEpoAElHiWdASqhASY=
HiaeASmhASYeJZ4BK6ABJR4moAEqnwEnHiadASqgASceJaABK58BKB4lngEqoQElHiegASqgASc=
ICadASqhASceJZ8BK6EBKB4loQEooQEnHyWhASqhASYgJqABKqEBJx4logEroAEoHiShASqhASc=
HiShASqjASUfJqABKqEBJx8loQEqogElICWgASmkASceJaEBKqMBJh8moQEqogEnICWgASmgASc=
ICWgASmjAScfJaABKaIBJiAloQEoogEnISSgASmiASceJaEBKKQBJx0lowEooQEnHiWiASqhASU=
HyOgASmhASYeJZ8BKqABKB8koAEqoAEoHiSgASqgASccI6EBKqEBJh0koAEqoAElHSSgASqfASU=
HiWfASqgASUeJZ8BKqABJhwjoAEpnwEmHSSgASihASQdJaABKKEBJR4kngErnQElHyWcASqdASg=
HiWdASqeASYdJp0BKp8BJh0lnwEqnwElHiSfASqdASgfI58BKZ8BJh4kngEqngEmHiSfASqdASg=
HiSgASqeASUeJZwBLJ4BJh4lngEpoQElHiibASmgASgfI6ABKqABJR4mnwEooAEoHyOhASmgASY=
HiWfASqhASceJJ8BKqABJyAlnwEqnwEnHyadAS2gAScfJp4BLKABJxwnoQEqogEmHiagASqhASc=
HyahASqgAScfJJ8BKqEBJyAmngErogEnICieAS2gASgfJZ4BLKEBJyAnngEsowElHyWhASqkASU=
HyagASqkASceJqEBKqABKCAmnwEqogEnHyagASmjASceJqABK6IBJx8mngErogEnHyefASuhASc=
HyegASqiASceJZ8BK6ABJx8lnwEqogEmHyafASqjASUeJaABKqIBJh4loQEroQEmHiWgASmjASU=
HiSgASqhASYeI6IBKKIBJh0mnwEqngEoHiWgASqgASUeJaABKqEBJR4lnwEqnwEnHiSgASqfASg=
HiSdASqfASgdJZ4BKaEBJx0knQEtngEmHiWgASmgAScdJZ0BKaABJR4logEpnwEnHSWdASqgASY=
HiShASqfASceJZ0BKqABJR8mnQEqoQEmHSWfASuhASUeJZ8BLJ0BKB4lngEqnwEmHiadASyfASc=
HyaeASuhASYfJp0BKqABKB8mnwErngEpHyWeASygASUgJp0BK6EBJiEmngEroQElHyahASugASg=
HyafASuiASYgJqABK6IBJx4loQEqoQEoHyWgASugASkfJqABK6EBKB8loAEsoAEpICSjASmkASc=
HiWjASqjASYfJqABK6EBKB8nogEqogEnHyWhASqiASYgJqEBKqQBJh4mogEqogEnHyWhASqjASY=
HSWhASujASYfJqEBK58BKB8mnwEroAEoHiifASyfASkeI6IBK6ABJR4noAEqoQEnHyaeASugASc=
HyWeASufAScfJKABKqIBJR4koAEroQElHiKhASqgASgeI6ABKqABJR4joQEqnwEnHiOhASqgASU=
HiWgASmfASceJKABKqABJR0koAEpnwEmHSWeASqfASUeJZ4BKqABJh0lnQEqnwEnHyWdASydASg=
HiWdASqgASUdJaABKaABJx0loAEooQEmHSSgASmgAScdI6ABKqABJx0mngEooQElHyWfASmgASY=
HiWeASmhASgfJZ4BKqEBJh4lnwEqoAEnHiWhASigAScdJaEBKaIBJh4kogEpogElHiWgASqhASU=
ICSgASikASgfJaEBKaABKB8loQEqoQEoHiefASqhASQfJ58BKqQBJh8logEqoQEoHyagASygASg=
ICagASqjASgeJaEBKqMBJh4logEqowEnHyWfASqhASghJaABKqIBKB8logEqoAEoHyWiASqiASY=
HyagASmjASYfJaABK6MBJh8kogEroAEoHiWgASqjASUeJ58BKKQBJh8logEpogEnHiWgASmiASc=
HySgASuiASYeJZ8BKaMBJxwloAEpoQEmHiagASqhASgdJJ8BK58BJx4koQEqoQEmHiSeASugASY=
HiWhASqfASgeJZwBKqABJR4mngEpogEkHiadASudASYgJZwBLZwBKB4lngErngEnHSSfASqdASg=
HiSgASqdASgeJJ4BK5wBKB4lnwEooQEmHiOgASigASccI6IBKp8BJh4knwEqngEnHiWeASugASQ=
HiafASqfAScfJZ8BKp4BKB8loAEpoQEmHiWeASqgASceJ50BKqEBJx8loAEqoQEmHiaeASmiASc=
HyaeASmlASUeJaEBKaIBJx4mogEpogEnHyWgASmlASYeJKIBKaQBJx8loQEqpQEmHyWiASmjASc=
ICSiASqiASgfJaABKqMBKB8loQEqowEnICWhASqiAScgJaIBKqIBKCAlogEqoQEoICahASqhASg=
ICegASugASgfJqEBK6ABKB8moQEroAEoICagASqiASYgJaEBKqIBJyAloAEqoAEnICWfASuhASY=
ICafASugASgfJZ8BK6EBJiAloAEqoAEnHyWgASqfASYfJaABKqABJR4lnwErnwEnHiafASufASU=
HyWeASufASYfJZ4BK58BJh4lngEqnwEmHiWfASqeASUeJZ4BK58BJh4lnwEpoAEmHiWfASqfASU=
HiWfASmfASYeJaABKZ8BJh4lnwEqngEnHiSgASqeASYeJaABKp4BJh4lnwEqnQEoHiSgASmgASY=
HSOhASqhASYeI6IBKaABJh4kogEpnwEnHiSgASugASceI6IBKl4mYKgBpAEmICIgI6IBKWBk
ZmMiI2JlZWQjI2NjaGMjI2JkZWUjI2NiZGYkI2NjZ2IjImVkZWUkI2Rk
ZWMkI2NkZ2UjImNkZmYlI2JkZmUkI2JjZmYkI2NkZmUkI2NlZmQkJGFl
ZmUlI19lZmUlI2FkaGQkI2BlZ2QmI2BlZmQlImFnZmQlImBlZ2QlImFm
Z2QjImBmZmQlI2BkZmQkI2FlZWQkIGFnZWMkImBmZGQkImFkZmMjI2Bk
ZmMjIWNkZGMjImFkZGMjImFkZGMjIWNkY2MjIWFkZWIjIWFkZWMiImFk
ZGEkIGJlZWIjIGNkY2QjIGNjZGQiIGNjZGQiIGNiZGQjIWJiZmMjIGJk
ZGQiIGNiZWMjIGNiZWQiImFjZWQiIGJiZWUiIGFkZWQjIGJjZWMlImRj
ZWQiIGJjaGIkI2NkZWMjImJjZmQkI2FmZWQjIWNmZmMjIWJkZmQkI2Jl
ZmMjI2NkZmQkImJmZWUjI2RkZmQjI2RkZWYkImJnZGcjImJnZWUjI2Nk
Z2QlI2NkZmUlI2FlZ2MmJGBlaGQjI2RlZmImImFmaGMkIWRkZmYjImJm
ZmUjImNlZmYjI2JmZ2IlImFmZmYkI2NlZWQjIWVkZWUkImFjZWYkImNi
Z2QkImFkZmQjI2FlZWQjI2JkZmQjIWJkZGUkIWNkZGQjI2FkZWUjIGEl
ICIhISMiISAhISIgIyMgISAhIyMhHyEhIyAgICMiIyAgICIgIiAjIiEf
IiAiIiIhISAgIiMhISMgICEjISIhICEfISIjISEfIiEjIiIgISEhISEi
IiEiISEjISEfIGalAWekAWQooAFmpwFlJqIBaaEBZiMgIiMhICNkJB8jYWJnZSQf
ISIjISMhIiAhJGAnYSUgISRgaWOlASUiIiWiASgdJaQBaWRkYiQjY2VmZCMj
ZGNlZCQiZGRmZCMiZGNmZCUjYmZmZiMiZGRlZiQhZGZlZyMiZGRnYSQj
Y2ZnZSQjY2RmZCQiY2VpZCQjY2RmZyMgZWZmZCUiZGVkZCYjYmRmZSQj
Y2ZmZiMhZWVnZSQhZGRnZSQhZWRlZyMgZGRnZCUiYmRnZiMiYSUiIiIi
IiEjISEiISEjISMhIiAhIiIhIyMiISIhIiEiICMhIiIiHyMjIyAiIiIf
ISIjISMhIyAgISIhJSAiICEhIyAjICMhICEiICMiIyAgICQiIh8iISIh
IyEiHyEhZKIBa6ABZieiAWSmAWQmogFpoAFmJSAhHiOnASMgISElngEqoQEnHiadASqiASc=
HyOhASiiASYeJZ8BKqIBJh4lnwEqoQEnHiaeASqiASYdJaABKaIBJx4loAEopAEmHSWgASqiASY=
HySgASqiASYfJKEBKqMBJiAkoAEqogEmICWgASmhAScgJZ8BKqMBJx8loAEroAEoICWfASqjASg=
HiWiASikASYeJKEBKqIBKCAkoQEqoQEpHiOjASqhASgfJaEBKaIBKB8loQEqogElHyagASqlASU=
HiWiASuiASYfJ6ABKqIBJx8loQEqoAEoHyWgASqgASgfJ54BKqMBKB4loAEsoQEnHyafASyhASc=
HyefASuhASYgJZ4BK6ABKB8nnQEroQEoICSgASuiASgeJKABLKIBJh4loQEpogEnHiadASuiASg=
HiWfASqkASUdJaEBKqABJx0loAEqogEmHSSiASugAScdJaEBKaIBJh0logEpogElHSShASqiASY=
HiSfASqfASgfJZ4BKqABJx4koAEqoAEmHyShASqgASUeJaABKaABJx4knwEqogEmHiafASijASY=
HyOgASqgASceJKEBKaABJx8loAEroAEmHiWgASiiASYfJJ8BKqEBKB4loAEoogEnHiOiASqiASY=
HiWgASmiASYeJZ4BK6MBJR4mnwEpogEnHiWiASijASYeJJ8BKqEBJx8kpAEqogEmHiWgASijASc=
HySiASqiASUfJKABKaQBJR8koQEpogEnHiWgASujASceJaEBKaMBJx4koQEppQElHiaiASijASg=
HiOjASmjASUeJqABLKABKB8mnwEqoAEoHiagASygAScfJ54BLKIBJh8mnwEqpAEoHyWiASqkASc=
HiahASuiASYeJaABKqABKCAnnwEqoQEoHyefASugASgfJaABLKEBKB8nngEqogEnHyahASuiASg=
HiWiASmiASYfJ6ABLJ8BKB8mngErowEmHiigASqiASYeJqABKqQBJh4moAEqoQEoHiefASqhASg=
HieeASuhAScfJp4BK6QBJh4loAEqowEnHCWiASqjASYdJaEBKqIBJx8koAEqowEnHiShASqgASc=
ICWfASqhAScgJZ4BK6EBJx4koQEpowEnHiSiASmhASgdJKEBKqEBJx4koAEqoQEoHyOhASqgASk=
HSSiASmhAScfJKABKp8BKB4moAEqogEmHiWhASmhASgfJKEBKp8BKB8loAEqoAEoHiafASqgASg=
HyWhASmfASgeJaEBKqEBJR8logEpogEnHiWhASqiASYfJqABKKUBJR4logEpowEmICWgASqiASc=
HiWiASiiASceKJ4BKqMBJx8loAErogEmICagASmiASgeJZ8BK6EBJx4moAEroQEnHiWhASugASg=
ICShASqgASggJZ8BK6ABKB4loAEpogEnHiSjASmiASUeJ54BKqEBKB4lnwEqogEoHiagASmhASg=
HyWfASqhAScfJp4BKaIBJiAloQEroAEnHiWfASygASgeJZ4BKqEBJh4nngEqoQEmHyagASqiASU=
HyafASydASggJZ8BKqIBKB4joAEqogElHSagASqkASUdJqABKaIBJR8lnwEsoAEmHiWgASmiASc=
HySgASuhASceJ58BKqABKB4koAEsngEpHiWdASqhASceJp8BKqIBJx0moAEqoQEoHiWgASqgASg=
HiWeASqgASgfJZ8BKqIBKB0koAEqoQEnHyWeASyfASggJaABKaEBJx4noAErngEnHySgASuiASY=
HiagASmgAScfJp4BK6ABKB8loQEpoQEnHyafASqiASYdJqABK6ABJh8mnwEroQEnHyeeASuhASc=
HiWgASqjASYeJaABKqABKR8moAEqoAEoHyWgASqiAScfJp4BKqABKCAloQEqogEnHiahASmjASc=
HiSjASmkASYfJKIBKaIBJh8nnwEqogEmICeeAS2gASgeJaIBKKMBJx4logEqoAEoHiaeASygASk=
ICWgASqgASceJ54BLKABKB8koQEsoQEmHiagASqhASceJaIBKKMBJx0kogEpoQEoHiefASqhASg=
HiWhASuhAScdJaEBKqIBJx0lnwEqoAEnICWeASqhASYfJaABKqEBJx8lnwEroQEmHyWfASugASY=
HyWfASmjASUfJaABLJ4BKB8koAEroAEnHySiASigASgcJqABK54BKB8loAEqnwEpHyOhASqhASc=
HyWeASqiASYeJaABLKABJx4loQEoogEnHSWiASmgAScgJaABKaMBKB0kogEpoAEmHyeeASqiASg=
HiWhASufAScfJp8BK6IBJx8kngEsnwEoICWgASmhASYfJqABKqIBJx4lnwEqogEnICOhASqhASg=
HyShASmiASYeJaIBKKIBJh4moAEppAEmHyagASmjASYeJaIBKqEBJh4loAEqogEnHSWgASqiASg=
HiSgASqhAScgJqABK6ABJx8nngEqoQEnHyWiASiiASgeJKIBKaIBJx4koAEppAElHiWhASmiASY=
HyWiASqhASgeJKIBKp8BKR8knwEroAEoICWfASqgASgeI6IBKaEBKR4kogEopAElHiWgASqiASY=
HSWkASmiASYeJaABKqABJyAloQEoowEoHSSiASikASceI6ABLZ8BJx4lnwEpogEnHiWiASmhASc=
HiSiASikASQdJqIBKaIBJR8loAEqnwEpHSWgASqgASgeJKEBKqABJx8lngErogElHyefASqdASk=
HiWeASqfASgeJaIBKKIBJx4loQEpoQElHiafASqhASYeJKEBKqIBJh0moAEroAEnHiWgASugASY=
HiWhASmiASUeJp8BK6EBJx4loAEqogEnHiOhASqgAScfJqABKaIBJx0logEqoAEnHiWhASqiASc=
HiagASqiASYfJqABKaEBJx0koQEpogEnHyWgASijASceJqABKqABKB8loAEqogEmHiWgASqgASg=
HSSgASmiASceJZ8BKqEBJh8nngEpowElHyefASihASchJZ4BKqABJx8mngEsoAEoHiOiASqiASY=
HiOiASmiASceI6IBKqABJh8loAEooQEmHiafASmhASYfJZ4BK58BKR4koAEroAEmHiOiASqgASY=
HCWgASiiASYeJaABKZ8BJx4loAEqoAEoHyWfASqfASgfJZ8BK54BKB0loAEqngEmHyShASijASU=
HCShASqgASYeJKABKqABJx4loAEooAEmHiOhASqhASYeJaABKKIBJR4kogEpoAEmHiWgASqgASg=
HCWfASmhASgfJZ4BKqEBJx4kogEpoAEnHyWeASqgASceJqABKaQBJh4loAEooQEoHSWgASqhASU=
HyWgASqhASYeJqABKqIBJh4loAEsoQEoHiagASqfASgfJqABKp8BKCAmnwEpogEoHiSjASqiASY=
HiWiASqhASgeJaIBKqEBJx8moAEroQEoHyagASqiASceJ6ABKqQBJx4kpAEooQEoHyahASmhASg=
HyagASqiASgfJaIBKqMBJh8mogEpoQEoICWgASqgASgfJaABK6EBKB8nnQEqogEoHyWhASqiASY=
HSWiASmgASggJaEBKqEBJx4kogEpogEnHiShASqhASgdJKIBKqABJx4loAEqoAEoHSWiASqgASc=
HiWfASqgASYeJp8BKqABJx4loAEqoQEoHSOiASijASQfJaABK58BJx4kogEqngEoHiOgASqgASg=
HiSgASqgASUeJqABKqEBJR8kogEoogEoHSShASqhASUfJZ8BKaABJx8lngEqoAEnICWdASqfASg=
HiWhASiiASYdJaEBKaEBJh4logEpngEoHiWeASufASceJqABKp8BKB8loQEpowElHyWhASmfASg=
HiSgASqhASUeKJ4BKKIBJh8loAErngEpHySiASmiASgdJKEBKqEBKB8kogEoogEmHiWhASmiASg=
ICSgASqjASceJKEBKaIBKB8lngEqoQEoHiaiASmhASchJaABKqEBKCAloAEqoAEpHiSjASmjASc=
HyWhASmgASggJp8BKqEBJyAloQEqoAEnHyafASuiASceJqEBKqIBJiAnnQErogEnHyefASmhASg=
HyWgASqgASgfJaABKqABKB8koQEqoAEoHiWhASiiASceJZ8BK6ABKB4moAEqoAEoHiWgASqhASc=
HiWgASqfASgeJZ8BKqEBKB4jogEooQEnHyOhASmfASgfI6ABLJ0BKB4loAEooQEmHSSgASqhASU=
HSSgASqiAScdJKABKqABJh0jogEongEnHyOgASqfASUdJaABKaABJx4koAEqnwEnHiWeASqgASY=
HSSgASmfASYeJZ8BKaEBJR0loAEpogElHSSgASmgAScfJKABKZ4BJh8mngEqoAEnHSSgASqhASY=
HiWiASifASYfJqABKaIBKB4joQEqnwEnHiagASqhASYfJqABKKABJx4moAEqogEmHyWeASqhASY=
ICWhASmiASccJaEBKaMBKB4jogEpogEnHiWhASmgASkfI6ABKaQBJh8loAEqogEnHyOiASmgASg=
HySiASqhASYeJqABK6ABKB0moAEqoQEnHiagASqiAScdJqABK6EBJx8lnwEqogEnHSagASqiASc=
HiWhASqhASceJZ8BKqMBJR4loAEroQEnHSWgASqiASgcJaABKqIBJh0koQEqogEnHiSgASqiASg=
HCShASmiASgdJKABKaMBJh0koQEqoQEnHSSgASmhASgdJKIBKKEBJx0jogEooQEnHiOgASmgASc=
HSOgASqgASgdJZ8BKaABKB4joAEqoAEmHiSgASmfASgdI6IBKaABJx4ioQEpnwEoHiSgASqfASg=
HiSgASqgAScdJKEBKqABJh4koAEooAEoHiSfASmgASceJaABKp8BKB0koQEpnwEoHiSgASmgASg=
HiSgASqgASceJKEBKaABJx8koQEpoQEnHyWfASqgASceJaABK58BJyAlnwEqoAEoHyWgASqhASY=
HyWgASqhASgfJZ8BK6IBJx8nnQErogEnHyadASuiASgeJp4BKqMBKB4nngEqogEnHyWfASujASc=
HyeeASqiASgeJKIBKaABKB8mogEroAEnHyOiASqgASgfJqIBK58BKB4loQEroAEoHiWiASqhASc=
HyWiASiiASgeJaABKqEBKR4loAEqogEmICafASiiAScgJaABK58BJx8mnwEqoAEnICWgASqfASg=
HyWgASmgAScgJp4BKqABJx8lnwEqoAEnHyWgASmgAScfJZ4BKqEBJh4lngEqngEnHyWhASqeASc=
HiWfASqgASYeJp8BKKEBJx8lnwEqngEoHiedASqdASgeJp4BKaABJx4koAEpnwEoHiWfASigASc=
HyWfASmgAScfJZ8BKKABJx4lnwEqnwEoHyWdASmgASYfJZ4BKp8BJx4loAEoowEmHyWdASqgASY=
ICWdASqhAScfJZ8BKqEBJx8knwEqoQEoHiWdASuhAScfJp4BKqEBJyAloAEpXyZipQGoASYfIg==
ICWhASlgZGVlIyNjY2ZlJCJiZGZjJSJkZGZiIyFjZWZhJiNlY2ZiJCJiZw==
ZGQkImRlZmImI2NkZ2MkIGVkZGQlI2NkaGQkIGRjZmQkImJmZmUjIWNj
Z2MlIWVjZmQjIWNmZWUjIWJkZGYjIWRkZWUiIWFmZWQiImJkZ2MkIWFl
ZmQjIWJkZGQjImFlZWUjIWNjZmQjImFkZWIlIGJjZmIjIWJlZGQjH2Rk
ZWMkHmJmZmMjIGFkZWIjIWFkZWQjIGNkZWIjIGNkZGQiIGNkZmEjIGFj
ZWQkIWJkZmMiIWJlZWIiIWNkZmEjIWNkZWQjIWFkZ2MjH2NlZmMjImNj
ZmQjIWJkZmIkIGZiZWQkIWNlZWQkImJkZWQjIWVkZmMkI2JkZ2QjIWJk
Z2QkImRjaGQkI2RjZ2QjIWRlZ2MjIWNkZmQlI2FlZmUkImNjaGQlIGNk
aWMjI2JlZ2QkImJlaWMjIWJmZmQlImZjZ2MkImRjZ2UjIWNkZmQlImFk
ZmUlIGNkaGQkIWNmZWQlImNkZ2QjImJlZmMjImJlZmQiIGNkZmUjIWNk
ZmUkIGFmY2UkImFjZmQkIWNkZGQjIWJmZGUjIWNhZWQkIWNkZGUkIWJl
ZGYjIGJkZGUjIGNlZWQjIGRhZWYkHmRkZmQiH2RkZWMiImJkZWMjIGRk
ZmIjIGQjIiIiISAhIyEjICIgIyAhIiMiIiEgICIjIiAgISQhIiAjISAi
IiIiICEiIiMhICEjIyEiIiIgIyAjIiEiIyEgIiEgIyMjICMiICEjIiIh
IiIhIiEiIyEhIiMjIiAhI2SnAWmiAWglpQFlqQFkJqIBa6EBaCQhIyIgISRjJSAk
ZGJpZSMfIyIkISIhIyAkYWclICIiHyRiqAEoYCdhKKQBJSOhASuhAaoBZGUkI2M=
ZmNmIyRhZmRmJCRhZWRkJSVhZGZkJCNkZ2RkJCNhZmNmIyJjZ2RkIyNh
ZmRmISNiZ2NmIyFgZ2VmICJhaGZkJSNhZWVkIyJhZmRlIyNgZmRmIyNg
ZWVkIyNiZGRlIyNhZGVlISJjZGNmIyNhZmRmISJiY2NmIyNhZmNmIyJh
JiAiISEhIiEhICAhJCIiHyEiISIhISEhIiMiICAgIiIhIiEgIyAhIiIi
IiAhIiEgIiMjISIgICEiIyIiISAjICMhICEjISAhIiEjISIhISEgIyIh
IiIiICAhJCEhICRhpgFmpgFkKKABaacBZCWjAWemAWUkICMgJaIBKR8jHiWiASqgASgf
Jp8BK54BKB8nngEqoAEoHyagASqiASUfKJ4BK6EBJh8mnwEsoAEnHiahASqhASgeJ50BK6EBJh4=
KKABK6IBJx4logErnwEoHiegASyfASgeKZ0BLZ0BKB8loAEtnwEoHyafASufASoeKJ0BK6IBKB0=
JaEBLJ4BKR4mngEroAEpHiagASugASceJp4BLJ8BKR4lnwEsnwEqHiafASugASYeKJ0BK6ABJx4=
JaIBKp8BJx4mnwEsnAEoHyafASydAScfJqABKqABJh4mngErogEmHSegASmeASkeJp0BKqEBJh4=
JZ8BK54BKBwmnwEroAEmHSefASqfASgeJ50BLJ8BJx4mnQErngEoHSagASufASgdJ54BKp8BKB4=
Jp0BLKABKBwkogEqoAEmHieeASygASceJqABLJ0BJx8ongEqnwEoHieeASygASocJaEBLJ4BKB4=
JqABLZ8BKB4moAErnwEpHiWgASygASgeJaIBKqIBKB4nnQEtoAEoHiihASqhASgfJ6ABK6ABKh8=
JqABLKABKB4ongEtnwEoHyegASygASggJqABLZ8BKCAnoAEroAEnHyegASyiASgeJ6IBK6EBJh8=
J6ABK6IBKR4noAErogEoHiagASuhASgfJqMBK58BKh4logEtogEmHieiASugASkeJqIBKqEBJx4=
JaIBKqIBKR4logEroQEoHiWhASqiAScfJaABLaABJh4ongEtogEnHiagASyfAScgJaEBK6EBJx4=
Jp8BLJ8BKB4nnQEtnwEoHiWhASyfASgfJp0BLKABJx4logEqogEoHCWfAS2gASgbJ58BK6ABKB8=
JqABKp0BKSAmnQEtngEnHiieASugASceJ50BLKABJx8onQErnwEnHiaeASyhASgdJaABK50BJx8=
Jp4BK6EBJx4mnwEroQEpHCefASugASgeJp8BK58BKB0loAEqogEoHiaeASyfASkeJqABK54BKR4=
JqABK58BKB4nnwEroQElHiagASyhASceJaABLKIBJx0moAEtoAEoHiagASuiASYeJ6ABKqIBKB4=
J6ABKqEBKB4loAErnwEpHiafASygASgfKZ4BK6EBKB4moAEqogEnHyegASuhASgeJqIBLKABKB4=
J54BLaABKB8noAEroQEpHyehASqeASghJp8BLJ8BKR4ongEroQEoHyifAS2hASgfJZ8BLaABKB8=
KKIBK6ABKB8mnwEsoAEpHiefASyhASceJ58BLaIBJyAmnwErogEoHiafASyjASYeJ6ABKqMBJh4=
JqABLZ8BKB8nnwEsngEpHiefAS2gASgfJ50BLp4BKCAmngEqoAEnHyagASyfASgeJp8BKqEBJx0=
JZ8BLKABJx4nngErnwEnHiahASqgASgfJZ0BLKABKB4loAErnwElHyeeASyeASgeJp0BLJ4BKB4=
Jp0BLaABJx4nnQEsnwEnHyidASudASkdJp8BK6EBJh0loAEsnwEoGyagASmgASgdJp0BLZ4BJx4=
J6ABKaABKR4moAEroAEmHiidASuhASYgJ50BLaABKB4loQEqoAEoHiagASyeASkdJqEBKqABKB8=
Jp0BLaABKB4mogEroAEoHiadAS2iASgfJqEBKp8BKR8nngEtoAEoHiahASuhASgeJqABLJ8BKB4=
JqIBLJ8BKB4loAEroQEoICieAS2fASkfJ50BLKIBKR4nngEtoAEoHiagASygAScfJ58BLZ8BKR8=
JqABKqABKB4loAEtoAEoHiegASqiASccJ6ABKqIBKB4nngEtnwEnHyafASugASkfJp8BK54BKR4=
J58BLJ4BKB0moAEroAEnHSagASuhASgcJqABLKABKBslnwEroQEoHCagASqhASceJZ8BLKABKB0=
JaABK58BKB4lnwEsngEpHSWgASyeASgdJKIBKp4BKB4mnwEsngEoHiWgASqdASkeJqABK54BKR4=
JZ4BLJ8BKR4lngEtngEoHyedAS2dASgeJp0BLZ4BKR4nnQEroQEoHiefASugASceJqABKqEBKB0=
JaIBLJ0BKB4onQEroQEoHSWhASugASceJ54BK6EBKR0loAEroAEnHyieASuhASkeJp4BLJ8BKCA=
Jp4BLaEBJx0noQEroQEoHSafAS2gASgeJaEBLKABKB8moAEqoAEoHiegASyhAScdKKABK6IBKB4=
JqABLKEBJx8moQEsoAEoHiaiASuiASgdJqABLKABKB8ooAEsoAEoHyWeAS2gASgfJaEBK6EBKB4=
JaEBK6EBJx4ongEsogEoHiWiASuiASgeJ58BLZ0BKR4mnwErogEoHiagASqhASgeJp4BK6ABKR0=
JaABLZ8BKB0loAEsoQEmHiWeASyhAScdJ6ABKp8BKB4moQEsnQEoHSaeASudAScfJ6ABK58BKB4=
JZ4BLJ0BKB4moAEtngEnHiadASugASgdJJ8BLKABJx0lnwEroAEnGyaeASufASgeJZ0BK6EBJhw=
JZ8BK6ABJx0ongErnQEoHSicASyeASceKJ0BLZwBKB4mnwEsnAEoHiacAS2fASceJp8BK54BKB4=
JZ8BK50BKB4mnQEsnQEpHyaeASueASceJaEBKp8BKR0loAEqoAEnHiafAS2fASceKJ8BKp8BKB0=
J58BK6ABKB4mnwEroAEoHiieAS2fASgeJp8BLZ8BJx4ongEtnwEpHCagASufASggJ54BLaABJx4=
JaEBKqIBJx4moQEtnwEoHSWgASqiASkdJaEBKqIBKB8kogEqogEpHiWhASqiASYdJ54BLaEBJx4=
KJ4BLKABKh8loAEroAEpHiWfAS6gAScfJp0BLZ4BKh4nnwEroAEoHCafASyeASkgJ5sBLp0BKCA=
KJ4BLJ4BJiAmnwEroAEoHyacASyfASkgJZ0BLJ8BJx8nngEsngEoHiafAS2dASgdJqABKqABKBw=
Jp8BK54BJh4mnQEsnwEoHSafASqgASUdJ54BK6ABKB0lnwErnwEnGyifASufASgfJZ4BLJ4BJxw=
J58BLJ0BKR0mngErnQEoHyadASyfASceJZ8BLJ0BKB8nnQErngEoHieeASudASkeJp8BK54BKB4=
J50BLaABKBwloQEqoQEnHiaeASyfASgeKJ8BK58BKB0nngEtnwEoHiWgAS6eASgeJqEBK6ABKR4=
J54BLp0BKR8kogEsnQEqHyWgASugASgfJ58BLKEBJx8ongEsoQEnHyifASygASogJaEBLJ8BKCA=
J58BK6EBKR4noAErowEnHSifAS2iASgdJ58BLaEBKB4ooAEtoAEpHiWgASqiASgfKJ4BLaABKR4=
JqABLZ8BKB4onwEtoAEqHiafAS2eASkeJ50BLp8BKh4mnQEunwEpHiegASugAScdJqIBK6IBKBw=
JaABLZ4BKR4lnwEtoAEnHiadAS2gASYdJp4BLZ4BKB4mnwEsngEoHSWdASyfASccJ58BK54BKB4=
Jp0BLJ8BJx4koAEroAEmGyadAS2gAScbJp4BLJ0BKB4lngErngEnHiedASycASkdJp0BK54BKB0=
JZ4BLKABJRwnnwEqngEoHCagASqgASccJ50BLZ0BKB0nnwErnwEoHSecAS2cASkdJaEBKqABKBw=
J54BK58BKB0mngEtoAEoHCeeAS2gAScdKJ0BLaABKB4onwEqoAEqHiagASugASgeJ54BLKEBKCA=
J6ABLJ8BKB8moAEroQEoHiagAS2jASgdJaIBLKEBJyAnnwEsowEnHiigASqiASggJqABLaEBKR8=
J6ABLaABKh8moAEtoQEpHiegASyfASggJ58BLaIBKB8noAEsoAEoHyagASuiASgfJ6ABLKABKR4=
JqIBK6EBKB8noAEtnwEqHyWhASyfASgfJ58BLaABKB4onwEroQEoHiehASuhASgeJp8BLKABJx4=
J6ABLKABKR4mnwEsoAEoHSagASqhASgfJp4BLKABKB4loQEsngEoHiedASugASkeJp0BLKABKB0=
JqABKp8BKB4nnQEroAEoHSaeASufAScfJp0BLp8BJxwmoAEqnQEoHiadAS2eASgeJp4BLJ0BKB4=
Jp4BLZ0BKB4lngEsngEoHiWeASyeASgdJ50BLJ8BKB4mnQEsngEpHSWdASyeASgdJp4BK50BKB4=
Jp0BLJ4BKR0nnQErnwEoHSaeAS2eASgeJp4BK58BKB4mnwEsnwEoHSedAS2gASceJp4BLKABKB4=
Jp8BK6ABKB4mngEtnwEnHiagASqhASgeJp8BK6EBKB4moAEsoAEoICWgASuhASkeJaEBK6ABKR4=
JqABK6EBKB4moAEqoQEpHiWgASqiASgeJaEBLKABKB4loQEroAEpHiagASugASodJaABK6ABKR8=
JaABK6ABKB4moAEroAEpHiagASugASgeJp8BLJ8BKB4loAEroAEoHiafASugASgeJp8BK6ABJx0=
J50BLJ8BKB4nnQErnwEpHiWdASyfASgeJp0BLKABJx0nnAEtngEoHiadASyfASceJp0BK58BKB4=
Jp0BLJ4BJx0nnQEsngEnHiadASueASgeJpsBLZ4BKB0lnQErnwEoHyWdASyfASYcJp4BK58BKB4=
Jp0BLJ8BJh8lnAEtnQEoHiWdASyeASgdJ50BK58BJx8nnAEroAElHiedAS2gASceJ5wBLZ8BJx4=
Jp4BLJ4BJx8mnwEqnwEoHyieASueASceJqABKqABKCAonQEtnQEpHiegASycASggJqABK58BKB4=
JqEBLJ0BKB8nnwEtnQEpHiegAS2cASkfKJ4BLJ4BKCAnngEtnwEoHyifASyfASggKJ8BLJ8BJyA=
KJ8BLJ8BJiApngEtngEnICifASyeASgfKJ0BLp0BKCAongEunQEoHymeAS6dAScfKJ0BLZ8BJyA=
KJ8BLZ0BKB8nngEtngEpHyeeAS2dASkeJ58BLZ0BKR4onwEtmwEpHiifAS2cASkeKJ8BLpsBKB4=
J6ABLZsBKB4ongEtnAEoHieeAS6cASkeJ54BLJ0BKB0nngEtnQEoHieeASueASgdJZ4BLJ0BKR4=
Jp4BLJ4BJhwnnAEtngEoHiafASueAScdJZ4BLJ0BKB4ongEsnAEnHiWdAS2eASgcJaEBKp4BJx4=
Jp8BLJ4BJxwnnwEsnQEnHyedAS2cASkeJ50BK54BKR4onAEtnwEoHSWgASqgASkdJp8BKqIBJxw=
JqABKqABJx4nnQEroAEoHiicASuiASgdJaIBK50BKR4loAEqoQEnHSidAS2eASofJaABLZ4BJx4=
JqABKqIBJh4noAEroAEoHiafASyiASgcJqABK6EBKB8nnQEsoQEoHiSgASyhASkcJaABLKEBKB4=
JKABLJ4BKB4nngEsoAEnHiefASqgASgeJ54BLaABKh4lngEsnwEnHSagASyfASgeJ50BLJ4BKB0=
JaABLJ8BKB4mngErnwEnHCahASydASkdJaABK54BKB4nnAEsnwEoHSSgASyeAScbJZ8BKV4oYQ==
pQGnASUeJB4mngEqXGdiZCMiYWRkZCIhYGZkZCIjX2ZkYSMjYGRjZCIjYGZh
ZSMjYWRlZCIiYWVjZCEhYmVhZiIhYWViZCMhX2ZkZCMiYGVjZiMiX2Zk
ZCEiYGZlYyEiYGZjZSEjY2RjZSMiXmZkYyMjYWZjZCMgYWZjZSMiYmRj
ZSMiYWZiZSIjYmRjZSMiY2RkZSUiYGZkZSMiY2VhZSIjYWZkZiIjYmRj
ZSMiYGhkZiEiYWdjZiMiYWdjYyMkYWRkZSQiYmRlZCMiYmdiZSMjYmRj
ZiMjYWRmZCMhYmdjZCMjYWVkZiIjYWZlZSQjYGZjZCMhYmZlZCIjYGVk
ZSMiYWZkZCIgYmVkZCIgYWdkZSMjX2ZhZSQjYGRkZCIhYGdjZCQiYWZj
YyQjYWZkZCEgYWZkZCIjYWZiZSMjYGRjZiEjYWZkZSIjYWVkZCMhYmZk
ZCMgYWVkZiEiY2RkZCMkYWRiZyIiYmZlYyMjYGZkZiIgY2RmZCIjY2Vh
ZSMjYWZhZCUjYWZjaCEhY2VjZCQjYWRjZiUiYGVlZiAjYWZjZSMjYmdl
ZSMhYWZkZSMlYGVjZiQjYWZkZSMiYWVkZiIgYmZlZiMiYmVjZiMiY2Vk
ZyIiYWZjZSMjYWdkZyAhZGZiZiMjYmRkZiMhYWRlZiMiYWZkZiQjYWNk
ZiMjYmRkZiMkXyYgISAjISIfIiMhICMgICEjIiIhIiEhISIgISIjISIh
IiEgICIiISAiISIhIyEjHyAiISIiIyAfIyEiISEhIyEiHyAjIyAhISIh
IiEhIiIgICEjISMhISAiICMhISAjZKMBZqQBZSigAWekAWYnnwFnogFmJCAjIiMf
ImInHiReZmJlJB8gIiIiICMhHiJkpAFoIx8fJGKlASUeJKMBpQEmIaMBJCJeKF8=
aWAjIGFmZGElIWJlZWEkImFkaWEkIGJkZ2EjImFkaGEjI2NjZ2EkImBk
Z2AkImFlZmMjIGJlZmEjI2ViaGElIWJiZmIlImJlZGQkIWRhZmQjIWRj
ZWQlIWNiZmQlIWRhZmQlIWFkZWQkIGNkZmMkIWRiZGMlIWNiZWQkIWFk
ZmQiIWIlICAgISQgISAiICIgIiAhISIhIyAhHyEiJSAgHyMjIiEgHyEh
IyEjISIfISEjICIgIh8iICMgIiAjICMfISAjICMgICAiICIgIiAhICIg
IyEiICAgIh8jICQgIyAfImOjAWqfAWQmogFmpQFiJ50BaaEBZiMhISAjoAEnHyEfJQ==
nAErngEmHSWdASudAScfJJ0BK54BJh4mnAErnQEnHyacASudASceJp4BKJ4BKB4kngEqnQEnHSY=
nQEqnQEoHiSgASmgASUdI6ABKp0BKR4lnQEpoQEmHiWdASqeAScfJ50BKp4BJx8knQErnwEoHSU=
nQEpoQEnHiWeASueASceJp4BKp8BKR8lnwEqnwEmICaeASufASceJZ0BLJ4BKB8mnQErngEpHiQ=
nwEqoAEmHyadASufASgdJZ8BK6IBJR8lngEqoQEnHiWhASqgASceJZ4BKqIBJx4loAEonwEnICU=
nAEsoAEoHyWfASqgASYeJaABKqEBKB0loQEqoAEmHiWfASqhASYeJp0BLJ0BKB4loAEoogEmHyU=
ngEsnQEnHiagASqfASgeJaABKp8BJh4koAEpoAEnHiWfASqgASYeJ50BKKEBJh4mnAEsnwEoHiI=
oQEpoAEmHiOgASufASceJKEBKKEBJh4lnQErnQEoHyWeASufASYeI6ABKp8BJx4lnQEqnwEnHiU=
nQErnAEpHiadASufASUeJKABKKABJx4mnQEroAElHCWeASugASUeJKABKqABKB4lnQEqngEoHyU=
nQEsnQEoHyacASyeASYgJp4BKp4BJyAloAEqngEnHiWfASueASYgJZ0BKp8BKB0nnQEroAEnHiU=
nQEqoQEnHyecASugASceJp8BKaEBJh4mnQEtoQElHiafASugASUeJp8BKaIBJh8lnwEpowElHiU=
oQEoogElHiWhASmiASYeJqABKp8BKB4lnwErnwEoHyWfASyfAScfJZ4BKqMBJh4joQEqoAEmICU=
nQEqogEnHiSgASueASgfJZ4BKqMBJx4joQErnwElHyShASmiASYdJaABK6ABKB4joAEqnwEnHiY=
nwEpoAEoHiadASufASgeJp8BK6ABKB0joAEroAEnHiKiASueASgeI54BK58BJx4knwEooQEmHiU=
nwEpngEmHyOfASmgASceI58BLJ8BJh4kngEqnwEnHiWfASmfASYfI58BKZ4BJxwlnwEpoAEmHSU=
nwEooAEmHSWdASudASgeJJ0BKp8BJiAlmwEroAEmHySeASudASYfJZ0BKaABJx4joAEpnwEmHCQ=
oAEqngEnHSSeASufASUfJp8BKZ8BJxwloAEqnwEnHSShASmfASceJZ4BKqABJx4lnwEqnwEoHiM=
oAEqoAEoHiSdASmhASYfJZ0BKqABJx8lngEroAEmHiWgASueASgdJp4BKKEBJh4mngErngEoHyU=
mwEroQElHyWeASmiASYeJZ8BKaIBKBwkoQEqnwEnHiWeASqfASYgJZ0BK54BKR4lnQErngEoHiY=
nQEpoAEoHSSgASmhASYdJZ0BLJ0BKB4lnAEsnwEoHSWdASydASgeJZ0BLJwBKB4lnQErnQEpHiQ=
nwEpnwEnHSOgASmfASceIp4BK54BJh4lnQErnQEnHiaeASudASYeJJ0BKqABJB0mnAErngEnHiU=
nQEqoAEmHSOeASqgASUeJZ0BKp8BJx0kngEqnAEnHSaeASqdASYeJZ4BKp0BJx8kngEqngEnHCM=
nwEpngEmHSWgASmcASceJKABKaABJh0knwEqnQEnHiKfASmfASYeI6ABKaABJhwloAEoogElHiU=
nQEpngEnHiSdASqfAScdJJ4BKqABJR0lnwEqnQEnHyWdASueAScdJKABKp4BJx8kngEqngEoHSM=
oAEqngEnHiWcASugASceJZ8BKp8BJx4lnQEqoAEoHiSgASqeASgdJZ4BKaIBJh8knwEqngEoHyU=
ngEqnwEnHiShASiiASYdJKABKKIBJiAlnQErngEnHiWeASqhASgeI6ABKKEBJx4koQEqnwEnHiU=
oAEqoAEmHyadASqgAScfJZ8BK58BJh8joQEoogElHiadASqhASgeJJ4BLKABJx0koQEooAEmHic=
nQEqoAEnHSWfASqhASceI6ABK6ABJh4joQEpnQEpHSShASqdASgfI6ABKp4BJh8joAEqnwElHSY=
nQEqoAEmHSSgASqgASYdJaABKJ4BJh8joQEpngEnHiOhASmeASYdJZ4BKaIBJRwjoAEpoQEmHiQ=
ngEoogElHSWfASifASgeJJ0BK54BKB4joAEqnwEnGySeASqiASUeI6ABKp4BKB4lnwEnogEmHCQ=
nwEsoAEnHCOiASmgASYeJZ8BKaEBJx0loAEqoAEmHCWhASmfASYfJZ4BK58BJx8lnwEqngEnHyQ=
nwEroAEoHiWgASmiASceJKABKp8BKB4lnwEqnwEmHiaeASqgASYeJaABKKEBJh4lngEqoAEpHiQ=
nwErnwEoHiSfASmiASUeJp4BKqIBJh4koQEqoAEoHiWeASugASUeJKEBKqABJx4joAEpoAEpHiU=
nQEqogEmHSSiASmeAScfJZ4BKZ8BKB4mnwEqnwEoHiWeASueASYeJZ8BKKABJh8lnwEqnwEmHiQ=
oAEqoAEmHiWeASufASUeJZ8BKqABJx4ioQEqnwEmHiWgASqgASgeI54BKqABJR4loAEpoAEnHiM=
ngErngElHiWfASmgASceJZ8BKaABJh0lngEqnwEnHSShASieASgcJp4BK54BJx8jnQErnwEnHSU=
nQEqngEoHSWfASmfASceJJ4BK54BJx0mnQEqngEnHiWeASqeASgfI6ABKJ8BJxwlnwEpoQEmGyU=
nwErngEnHiWdASudAScfJJ0BLJ0BJx4mnwEqnwEnHSOgASmhASYeI54BKp8BJx4lngEqoAElHSU=
nwEqnwEnHyWcAS2dASYgJZ8BKp4BJx4knwEqoAEoHCSfASmgASYeJJ8BKaABJSAlnQEqoAEmHiU=
oAEqngEoHiSeASufASgeJJ4BKaEBJxwlnwEpoQEmHSSfASufASYeJZ4BLJ0BKB4lnwErnQEoHyM=
nwEqngEpHiWdASqiASYcJaABKaIBJR4lnwEpoAEoHSOhASmiASYdJJ8BK54BJx8lnQErngEoHiU=
nQEqnwEoHiWfASqgASgdJJ0BLJ4BJh8knwEqoAElHiWeASugASYdJZ4BKqEBJh4kogEoogEmHCU=
nwEqoAEmHiWdASqhASceJKEBKp8BJh4knwEqnwEoHSWeASufASceJJ8BK58BJx4lngEroAEnHCM=
oAEqogElHiaeASqeASgeJZ0BK54BJx4lngEqoAEmHSShASmfASceJZ8BKqIBJR0loAEpoAEoHSU=
nwEqngEoHiSfASqgASYcJp0BK6ABJhwlnwEqoQEmHCWgASugASYeJZ8BKaABJx4lnwEqoAEnHSQ=
oAEqnwEoHiWfASqfAScfJp0BKqMBJh0lnwEroAEnHSShASqfASceJaABKqEBJx4koAEqogElHiU=
oQEqoQEmHiWdASygASUeJ50BKp8BKB8lnwEsngEnHiSgASqgASYeJZ4BK6ABJh4koAEpoAEnHiQ=
oAEroAEnHiOhASqfASceJaABK6ABJx0koQEoogEmHiafASqfAScfJZ0BLKABKB4joAEqogElHiU=
oAEqoAEnICWfASmfASgeJZ4BKqABKB8knwEqoAEnHyWfASqgAScfJZ4BKqABJx4lnwEqnwEnHiU=
nQErnwEnHiWeASufASceJZ4BKp8BKB4lngErnwEnHiSgASqfASgeJZ4BKqABJx8lngEqnwEnHiU=
ngEqoAEmHySeASufASceJZ0BK6ABJx4knwErnwEoHiWfASqgASceJaABKaABKB4koAEqnwEnHiU=
ngErnwEnHiSfASmhASceJJ8BKaEBJh4lnwEpogElHiShASigASYeJaABKaABJx4koAEooQElHiQ=
oAEqoAEmHiWgASigASceJKABKaEBJh4loAEpoQEmHiWfASqgASYeJKABKaABJR4koAEqoAEmHiQ=
ogEooQElHiShASihASUdJaABKaABJR4loQEonwEmHiWgASigASYeJKABKqEBJR0koAEpnwEnHiU=
oAEonwEnHiSgASqfASYdJKABKqABJR4loAEqnwEnHSSiASigASYdJaABKaABJR0loAEqnwElHiU=
oQEpnwEnHiWfASqdASgfJZ4BLJ4BJxwkoQEqnwEnICSgASqdASgeI6EBKp4BKB4koAErnQEmHiU=
oQEpnQEnHiSgASmgASYdJKEBKJ4BKB8loQEqnQEnHSWiASmfASUeJaABKaABJh4loAEpoAElHiU=
nwEpoAElHiWhASigASUeJKABKKIBJR0loAEooAElHiWfASqfASYeJaABKKABJh0loAEpoQElHSQ=
oQEpnwEmHSWfASmiASUeJZ4BKqABJR4lnwEpoQElHiWgASihASUeJKABKaABJR4loAEpoAEmHiQ=
oAEpoAElHiWeASmgAScdJaABKaABJh0loAEpoAEmHSWfASqgASUeJZ8BKaABJh4lngEqoAEmHiQ=
nwEpoAEmHiWfASmgASYeJJ8BKaABJh4joAEpnwEmHiWfASqfASYeI6IBKZ4BJx4joQEooAElHiQ=
oQEpngEmHiWhASmdASUeJKEBKZ8BJR0jogErnwElHCSgASqeASceJKABKKABJhwkoAEqoAEmHiQ=
oAEpoAElHSSiASieASYeJp4BKqABJh4loAEqoAEmHCWhASiiAScdI6EBKaIBJR0knwEpoQEmHiY=
ngEqoAEmICSdASiiASUfJaEBKaABJx4koAEqoAEnHiWfASmhAScdJaEBKqEBJh4loQEroAEnHiQ=
nwEpogEnHiWhASijASUeJp8BLJ4BKCAkoAErnwEoHiOiASijASUeJKIBKaMBJh4loAErnwEpHiU=
nwEoowEmHyWgASmiASUeJaABK6ABJx8lngEqoAEnHySiASmiASYeJaABKaIBJh8loAEpoAEnHyU=
oAEpoQEnHiWgASqfASgfJZ8BKqABJx4moAEpoQEmHySgASmhASceJKEBKqABKR4joAEqogEmHSU=
ogEpoAEoHiSfASqhASYdJKEBKKIBJx8joQEooAEoHiSgASmhASceI6IBKqABJh8lngEqoQEnHCU=
oQEpoQElHiaeASmgASceJKEBKaABJh4koAEpowEmHiSgASqfASYfJKABKqIBJR4koAEqoAEmHiU=
oQEpogEmHSSiASmfASgdI6IBKqEBJRwloQEooQEnHiWiASihASUeJaEBKKIBJB8mnwEqnwEmICU=
ngEpogEkHiafASmhASYfJaABKqABJx8joAEqoAEnHiaeASqhASceI6EBKaIBJh4jogEoogElHyY=
ngEroAEnHiefASiiASYeJZ8BKqEBJh0logEqoAEmHiWhASiiASYeJaABKKMBJh8jogEongEoICU=
oAEpogElHSSgASqhAScfJKABKqEBJh4lnwEqnwEnICOiASmiASYcJKEBKaIBJhwkogEoogElHiQ=
ogEooQEmICOhASqgASYeJJ8BLKABKB0koQEqoAEoHCSiASihAScdJaIBKaABJx0jogEooQEmHiM=
oAEoXiVkpAGqASUeISAjoQEoYWRlYSMhZGNlYSMiZGRlYiMhY2RlYSMgY2RoYg==
IiBkYmdjIiBlY2RhIyFjZWRjIyFiYmZkIyFiZGRhJSFhZWRhJSFkZGRk
JSBjY2djIyBkYmdjIyBkZGZkIiBiZmRkJCFhZGZiJSNjZGZiJSJjY2Vl
IyBkYmZkJSFkY2ZkIyBiZGZlIiBkY2ZkJCFjZWdjIyJiZmVkJCFiZWVk
JCJiZGZlJCFkZGZkJSFiY2hjJSFjZGVjJCJhZmhjJCFjZmRjJCFiY2hk
IyFiZGVkIyFjZWZjIyBjZmZhIiFiZGhkIyFiZmRiJCBiZGdiIyBiZGVi
IyBiZGZiIiFhY2ZiIyBiZWRiIiBjZWRhIyBiY2VjIx9kY2ViIx1kY2Zh
Ih9kY2RiIiBhZGRjISBiZGRhIiBiZGZhIR9jY2ZiIiBjYmRiIiBiZGRh
IiFiY2RjIx9kY2RiIx5kZGRiIiBiYmZhIyBkZGZhIyBkY2ViIyBjY2Rj
JCBkY2ViIyBkZGRkISFkY2ZkIyBjZWdiJSBkZGVjJCFmYmZjJSJiZGdk
IyNlYmhlIyJjZGhlIyFkZGljIyFkZGZkJSJjZGdjJSJkZWZkJSBmZGZm
JCFlZWZlJCFmY2ZmIyFlZWRlJSJkY2dlIyJkZGVjJSNjY2dmJSFjZGVl
JSBkZGZkJCFiZWZiJCJkIyAhISMiISEiIiAjHyEiIiEhICEiIyAhIiMg
IiEhISIgIiAgISMhIiAjISIhICIiICIgICEhISAhIiEgICIhICEhICEi
ISAiICEfISAiISAiIR8hICMgISAiICIgISJjowFmogFiJqEBZqUBZCidAWqgAWYh
HyIiIB8iYSQdI2NiY2ElICMgIyAfHyIfJWAmXiQcIx8lYKUBpAFmISAjYWE=
J18kICWfAWZiJCFiY2ZhIiFiZGRkIyFhZWRiJSFhZGViJSFhZmRiJCFfZA==
ZmIkJGFkZWMjImJkZmQkI2JkZWMjI2JjZmQkI2BlZ2UkImJlZWIlIWRk
ZWQkI2NmZGUjImRkZGUlImNkZGYlIGNlZ2QjImVkZmQlIWNkZ2QkIGNl
ZmUkImNjaWYkIGMlISEkIiEhICMjISEgISIiISMiIiEiHyEjIyMiHiMi
ISEiISMgIiAhIiMgIyEhHyEhIyEiIiIfIiIhIiMfISEhIiMfIiAiHyIi
IiAiICAgIiAjISAgIh8iICMiIB8hIGKkAWmeAWUnogFipgFiKJ4BaaABZiIgIh8i
ogEkHiAhI58BKJ8BJh0jnwEonwEmHCOeASmgASUdIp0BKKEBJB8jnQEpoAElHSWdASmfASceIw==
nQEqngEmHSKfASmdASceJJ4BKZ4BJR0jngEpnwEnHiSeASmgASUfJZwBKp8BJR4lnwEpoQEkHyU=
ngEoogElHiaeASueASgdJJ4BK58BKB4knwEqoAEoHiWgASqgAScfJp4BKqABJyAloAEqoQEnICU=
oAEpoAEoICOgASqiASYfJJ8BKqIBKCAkogEqowEnHiWfASqiASgfJaIBKqIBKB8mnwEopQEmHyY=
oQEpoQEoHyWgASqhAScfJqABKaEBKCAloAEoogEnHiagASmiASggJKABKaQBJR4moQEpoQEoHyU=
oAEqogEmHiWgASijASYeJKEBKqEBJx4joAEqoAEmHCWgASqhASceJaABKaIBKB4joAEpoAEnHSQ=
oAEpoQEmHiSfASqgASUeI6EBKKABJR4lnwEpoAElHiWfASiiASUeI6ABKaIBJh0joQEonwEnHyM=
nwEqngEmHSOgASmhASYeJZ4BKp8BJh4loAEpoAEmHiOgASqfASYeJJ8BKqABJh4lngEpoQEmHyQ=
ngEpogEkHiadASugASYeJaABKKEBJh4lnwEoowEmHiWfASufASYeJZ8BKKIBJx4kngEqogEnHyU=
nQErngEoICWdASyfAScgJJ8BKaEBKB4mngEqoQEnICWfASqgASgfJp8BKaMBJR4logEpogEnHiQ=
oAEqogEnHyafASqjASYeJKEBKqQBJR4loAEqpAElHyigASmjASYgJaABKqIBJx4moQEroQEmHyY=
oQEqowElHyWiASelASceJaIBKqEBJyAloAEpogEoICShASmhASggJaEBKqIBKB4loAEroQElICY=
oAEqoAEoICWgASikASceJaIBKKMBJx4loAEopAElHySjASmgAScfI6IBKqIBJh0koAEqoQEmICU=
oAEqnwEnHiSgASmjASUeI6IBKaABJx8joAEpoQEnHSOgASmhASUeJKABKKEBJR0loAEpoAElHiQ=
oAEpnwEmHiSeASmgASgdJKEBKKABJh4joAEonwEmHyOeASmgASceIqABKaABJR0loAEooAElHiQ=
oQEnoAElHCWfASqgASUeJJ4BKKABJh8koQEooAEmHySfASmfASYfJZ4BKaEBJR4knwEooAEoHyQ=
nwEoogEmHiWgASigASUgI6ABKaABJh8loAEoogElHiWgASmhAScgJZ8BKqEBJR8mnwEroAEmHyY=
nwEqogEnHiWeASuiASYgJaEBKKMBJR4mnwEroAEmICaeASuhASYgJqABKKQBJR4loQEpowElHiQ=
ogEoowElHyWgASqjASUfJaEBKaIBJh8loQEoogEmHyWgASmiASYeI6ABKaIBJx4koQEpogEmHiY=
oAEoogEnHyOgASmiASYeJJ8BKaMBJR4loAEqoAEnHiWdASqhASYeJKIBKaEBJR4koAEqoQEmHCU=
nwEqoQEmHiWdASmiASYeJJ8BKqEBJR8jnwEpoQElHSSgASmfASYeJKABKKABJSAjoAEooAEnHiQ=
oAEooAElHiOhASigASUeJZ4BKp0BJx8koAEongEnHiSgASigASYeJJ8BKZ4BJx8knwEqngEmHSU=
oAEpoAEmHiKiASigASYgJZ4BKp8BJx4lnAEqoAEnHiSdASugASUeJJ8BKKIBJB4lnwEooAEmHyU=
nwEpoAEmHiWfASmgASUgJZ4BKqEBJR4mnwEoowElHiWgASmgASYeJZ8BKqABKB8loAEqoAEnHiQ=
oAEpoAEmHiaeASqkASUeJZ8BKqIBJR4loQEoogElHiafASqiASUeJKABKaEBJiEknwEqoAEnHyU=
ngEqoAEnHyaeASqhASYgJp0BK6ABJx4lnwEqoQEnHySgASmgASceJaABKqEBJR4loQEooAEnHyU=
nwEqoQEnHiWfASmhASUeJaABKqABJx4ioAEpoQEmHiafASmhASYeJZ8BKqIBJB4lnwEoowElHiU=
ngEqoAEnHyWeASqiASYeJZ4BK6ABJh4lnwEooQEmHSSgASqfASYeJZ8BKaIBJh4jnwEqnwEoHiQ=
nwEpogEmHSWeASqhASUfI6EBKqABJx4lngEqoAElHiWfASqfASgdI58BKqEBJR4loAEooQEnHiM=
ngEqoQElHSagASmfASgeJZ4BKaEBJh8loAEooAEnHiSgASifAScfJJ4BKaIBJR8joAEqoAEmHSU=
ngEqoQEmICWfASqgASceJqABKaABJiAlnwEpoAEnHyWeASqhASceJp8BKqEBJx8mngEpoQEmICQ=
nwEroAEmHyWgASmiASYeJqABKqIBJx4knwEpogEmHyWgASqgASgeJp8BKp8BKB4mnQEqogElHyU=
oAEpowElHiagASihASgeJaEBKKIBJh4loQEoogElHiWhASijASUeJaEBKaIBJx0koQEpoAEnHiU=
oAEpoAEnHiOiASihASYdIqMBKp8BJx4joQEpnwEoHSSiASqeAScdJKEBKaEBJR4joAEpoAEmHiM=
oQEpngEnHiOhASieASYgJJ4BKp0BJh4knwEpoQEmHSKfASmiASUdI6ABKKABJh4jnwErngEnHSQ=
ngEooQElHiSfASqfASUcJKABKKABJx0lnwEqnwEmHSSgASihASYeI58BKqABJR4jnwEqnwEmHyM=
nwEpogElHiOgASmfASYeJKABKaABJR4lngEqnwEnHiWfASmgASceJZ0BK6ABJh4mngEqnwEnHyY=
ngEqngEoHyWeASiiASceI6IBKKIBJR4loAEpoAEmHyWgASmgAScfJZ8BKKIBJyAloAEqoQElHyQ=
oAEpnwEoHyWgASmhASYeJaABKqIBJx4lnwErogElHyWeASygASceI6EBK6EBJh4koQEoowEmHiU=
nwEqoAElICedASyfASgfJZ4BK6ABKB4lnwEqogElHiShASufASceJZ4BKqABJx4mngEqogEoHSQ=
oAEpoAEoHiShASqiASYeI6ABKqEBJh4lnwEqoQEmHiWhASmgASYdJKEBKKIBJxwkoAEqoQEnHCQ=
oAEooQEnHSSgASqiASUdI6EBKaEBJhwlnwEpogEmHCShASihASccJKABKqIBJR0ioQEooQEnHCU=
nwEpogEmHCOgASmiASYdI58BKqEBJhwkoAEoogEmHCSgASqhASYdJKABKaABJx0koAEqoQEnHSM=
oAEpogEmHCOgASiiASYdI6ABKaIBJh0joAEpogEmHSOhASijASYcJKEBKaIBJxwloQEoogEnHSQ=
oQEoowEnHSOgASmkASccJKIBKKQBKB0jogEoowEoHiOiASmjASceJKEBKaMBKB0jogEppAEnHiM=
ogEppAEmHiOjASekASgeI6EBKaMBKB4jowEoogEoHyWgASmiASceJKIBKKIBJx4loQEpogEnHyU=
nwEqogEnHiWgASqiASceJaABKqIBJx4koAEqoAEoHyWfASqhASceJaABKaABKB4loAEooQEnHiU=
oAEpnwEoHiShASmeASgfJZ0BKqABJx4kogEooAEnHiOhASifASgeIqABKaEBJh4lnQEroQEmHiI=
oAEoogElHiSeASqfASceJJ8BKaABJx4lnwEpoAEmHiSfASiiASYdI54BKaEBJx4jnwEmpAElHiQ=
nQErnwEnHyWdASqgASYfJJ4BKZ8BJh8lnQEqnQEoICWfASqeASYeJZ8BKZ8BJx4lnwEqngEnHyU=
nwEqnQEoICacASqgASgfJZ4BKaEBJh4loAEqnQEoHyadASqeAScgJp4BK54BKSAlnwEpngEoHyY=
ngEqngEoICafASqfASggJp8BKp4BKCAnngEqnwEmICaeASqgAScgJp8BKp8BJyAmnwErngEnICY=
ngErngEoICaeASqgAScfJaEBKaEBJx8lnwEpoQEnHyeeASqgASYgJp8BKaABJh4moAEpnwEnHyQ=
oQEqngEnHyWfASqfASYfJaABKp4BJh8loAEqngEnHiWgASqeASceJaABKp4BJx4koAEqngEnHSQ=
oAEqoAEmHiSgASegASYeJJ8BKqABJx4jnwEqngEmHiaeASqeASUdJp4BKZ8BJx8knQEsnwEnHSM=
oAEqnQEnHiOgASmeASUeJp0BKqABJR0lnwEooAElHiWfASigASceI6EBKZ4BJh4jnwEroAElHSQ=
oAEnoAEmHiSfASieASYdJKABKaEBJR0knwEqoAElHSWeASqgASYfJZ4BKp8BJh4joQEooAEmHSQ=
nwEpogEmHSWeASqgASUgJZ4BKp8BJyAjnwEqoAEmHyWeASqiASYdJaABKaABKB4knwEpoQEoHiU=
nwEqoAEnHiWgASqgASgeJp8BJ6IBJiAlnQEqogEkHyWfASqiASUfJaABKaMBJR4mngEqpAElHyQ=
oAEqogEoHyaeASqhASgfJZ8BKqEBJiAlnwEqogEnHyWfASuhASceJZ4BLKABJh8mnwEqoAEoHiQ=
nwEqogEnHyWeASyhASYfI6EBKqEBJh4mnwEqoAEnHySgASmgAScgJJ8BKqABKB4loAEooAEnHSQ=
oQEqoAEmHSWhASikASUeI6EBKqEBJR4joQEooQEmHiOfASqhASUdJJ8BKaIBJR0joAEqoAElHiQ=
oAEqoAEmHSSfASmgASYdJKABKp8BJx0knQEpoQEkHiOgASqfAScdI58BKKABJh0knwEpoAElHiU=
nwEpoAElHiSfASqdASceJZwBLJ0BKB0kngEoogEkHSWeASudASgeJJ0BLJwBJx4lngEqoAEmHiU=
nwEnoQEnHiSfASmhASUdJp0BKp8BKB4loAEoogElHiWfASyeASgfJp4BKaABKB4lngErnwEoHyU=
nQEqnwEoICagASihASgfI58BLKEBJh8nngEpogEnICWfASqiAScfJZ8BKqEBJyAlnwEroAEnICU=
oAEpogEoHyagASqhASgeJKABK6IBJh8moAEqoQEmHSegASqiAScfJqABK6EBJyAmnwEqoAEoHyU=
nwErogEmHiWgASqjAScfI6ABKqIBJh0koQEqogElHyOiASiiASgeJZ4BKqABKB4mngEsnwEnHiU=
ngEqoQElHSedASmhAScfJZ0BK6ABJh4joAEqnwEoHiKiASihASYeI6ABKqABJR0lngEqoQElHiM=
oQEoogElHCWdASqhASUcJaABKaABJR0kngEqoAEoHSOgASmfASUfI54BK50BKB8jngEqnQEoHiM=
ngErnwEmHCSeASqgASceI50BK54BJx8knwEpnQEnHiadASqeASYeI6ABKp4BJx0knwEqngEnHSU=
ngEsnQEnHCWgASqfASYdJJ4BKp0BJyAkmwEtngEmHyWeASqeASYfJJ8BKp4BKB4jngErngEmHyQ=
nwErnQEoHSSgASmeASgdJKABKp0BJh4lngEqngEnHiSeASueASkeJZ4BK58BJh8loAEqoAEmHSU=
nwEroAElHiafASleKGKiAagBJCAjISSgASheZmVjIyNhZGRjJSJiZWNjJCNiZGJk
JCJhZWZiIyFhZGVkIyJiZmNiJCJhY2VkJCFjZGZhIiNhZGVkJCJhZGZh
IyFfZmRlIx9gZmRjIyJhY2VjIyFgZWRjIyFhZGZiIiBhZmRjISFhZGVi
ISJiY2RhJCFhYmRkIyBgZGVjISBiZWNjIiFgZGViIx9hZGVhIyFiYWRj
IyFhZGRhIyFhZGRiIR9iZGRkIiBiZGRiIiBiZGRiIiBjZWJhIiFhZmFk
Ih9jZGVkIh5kZmNjISBjYmRkIyFiZWNiIyBiZWRjIx5jZGRjIyJhY2Vk
IyFhZWVjIiBiZGVkIiBkZGRlIiBjYmZkIyBkY2ZiIiJhZGVkIiJhZGZk
IyFhZGZhJCBjZGVjIyBiZGNlIiFhZmRjIyBiZmViISFhZWZjISJhZWNk
JSBhZWRiJSBhZGRhJCJfZmVhJCFiZWNkISBgZ2RkIyBgZWZiJCBfZmRk
IyBiZGRiJCJfZGRkIyFiY2VhIyFhZGRkIiBjZWNkIyBjZGNiIiBkY2Vj
IiFiY2RkIiFhZmVhISBiZWRiIiJhZGNjIyBjZGRkIR5kY2ZkIR9kZGRj
IyJhYWVkIyFiYWVjIyFhY2ZjIiBhZGVjIyFhZGZhIyJiY2ViIR9jY2Vk
IiFhZWZjIyBiYmZiIx9iY2ZjIyBhJSAfISEhISIgIiAgICIhIiIhHyAi
IiAjISEgICAhIyEgIR8iICMhIh4hIiAhIyEgHyIhIyIhISAhIiAgICIi
ISAiICEiIiAhICIhISAiISEgIx8iIiIgISAiIiIfICFkowFppQFkJaIBZKYBZA==
J50BaqIBZyQgICEhHyJiJR4kYWRiYycgIh4hISEhIyAlYCMfYSQgISNhpgFk
Z2JkIiOiASYeISFiZGRiIyFiZWNiJCBiZGRjIyFhZWRkICBjZWVjIiBjYw==
ZWIiHmNmY2MjIWJkY2EjIGFkZGQiIGNkZWIiH2NkZWMhIGFkZGMkIWNh
ZmMiIGNhZGQkIGFkZGEjIGBiZWQjIGBkZmEjIGBkZGQiHmNjZmQhIGFi
ZGQjIV9kZmMiIGFiZ2IjIGEkHiAgIiEhIyAgHyEgIiEjICEeIiEiICEh
IR8gICIhIx8hHiEgIyEhICEgIyAjIB8gISIjICAfIyAiICEhIiAgISMg
ISEhICEhISEhHyQhICAiICEiIiEhICIgIyEfIGOlAWqfAWUmogFkpwFhKJ4Ba54B
aCQgIB8jowEnHyEgI6ABKKIBJR4lnQEpogElHiSgASqgASUdJaABKKEBJR4mngEqngEmICQ=
nQEsngEnHSOfASqeASgdJJ8BKKEBJxwkoQEoogEkHCWhASihASYcI6EBKKEBJR8joQEpnwEnHSU=
oAEpngEoHSWeASqdASgeI6ABKJ8BJx4joAEqnwEmHSWgASmgASYdJKABKZ8BKB4knwEqnwEmHSM=
oAEqoAElHiWgASiiASQdJqEBKZwBKB4koAEpngEnHiWgASqdASgfI58BKqABKB0joQEpoAEnHSU=
nwEpoAEnHSKiASmeASgeJJ8BKaABKB0joQEqngEmHiWeASqiASYcI6EBKqABJR4kngEqoQEnHiQ=
nwEqnwEmHSSgASmhAScdI6ABK54BJh0koAEqoQEmHiSfASqeASYdJKEBKaABJR0koQEooQElHiY=
ngEqngEmHiWfASqdAScdJZ8BKZ8BJh4lngErnwEnHCKiASihASYbI6EBKqABJR0mngEqnwEnHSQ=
oAEqoAElHiOhASigASUdJKABKqABJB0lnwEooAElHiWeASmfASceJJ8BKKABJh4lngEooAEnHSM=
oAEqoAElHCWeASqhASUdJKEBKKABJh8lngEqoAEnHSSfASqiASUdJqABKKEBJx8koAEqogElHSU=
oAEpogEnHiSgASmgASYfJZ4BK6ABJh8loAEqoQEmHiWhASmiASceJKEBKqABKB4loAEpoAEoHyU=
ngEqoQElHySgASqgASkeJaABKZ4BKR4loAErngEoHyWeASqgASceJZ8BKqIBJh0koQEqnQEoHSU=
nwEpoAEmHSGiASmiASQdIqIBJ6EBJB0loAEonwEmHSOhASmgASUdJaABKKIBJR0joAEooQEkHSI=
ogEnnwElHCKiASieASUcIqEBKaABJBsjnwEpoAEkGyOiASifASUcI54BKp4BJRwhoQEpnQElHCM=
oAEnnQElHCOfASifASUbI6ABKJ4BJRslnwEpnwElHCOhASieASUbJaABJ6EBJRsjoAEpngEmGyM=
ngEqnwEmHiOeASigASUdIqABKaABJRwlnwEpoAElHCOfASqfASYfI6ABKaABJR4joAEqngEmHiQ=
oAEqnwEmHiWgASihASYdJKABKKIBJR8lnQEpogElHiWgASmiASQfJqABJ6MBJx4joQEpoQEoHSU=
oAEnpAEmHiWhASqgASceJKABKqIBJR8knwEqoAEnICSgASiiASceJKEBKaIBJR4loQEoowElHiQ=
ogEpnwEnHyagASmgAScgJKABKqABJh4kogEoogEmHiWfASufAScdJaABJ6IBJx4knQEsnwEmHiQ=
ogEpoAEnHSSfASqeAScfJJ8BKaABJh0joAEqoAEnHSOiASmgASUdI6ABKKABJR4jogEonwEmHCM=
oAEpnwElGyOiASegASUfIqABKKABJRwjnwEqoQElGyGhASigASUdIqEBJ58BJR4joAEongElHSM=
oAEqngElHSKfASmeASUdI6ABKJ4BJRshogEonwEkHSSfASqdASUcJJ4BKp0BJxsiogEmoAElHCI=
oQEongElHSSfASqdASUcI6ABKpwBJRwlnwEpnwElHCKhASehASUbJKABKJ8BJxsjoQEooQElHSI=
ogEpoAElHSWfASydASYdJJ8BKqEBJR4koAEpoAEoHiOgASmiASYeJKABKqEBJh4jogEpogElHSU=
ogEopAEkHiWgASqjASUeJaABKaQBJh0jowEnpAEmHiWgASqiAScgJaABKqEBJx8koQEpogEoHSU=
oAEqoQEnHySgASqiAScfJKEBKqEBJx8lnwEroAEmHiahASqhASUeJaEBKqEBJh4lnwEpoQEoHiU=
ngEqoQEmHSWhASiiASYeI6IBKqABJh4koAEooAEnHiaeASudASgdJZ8BKqABJR4koAEooAEnHSM=
oQEooAElHSSgASmfASYeIqEBJ6ABJhwkoQEnnwEmHCWgASifASYdIqABKKABJR0jogEonwElHSM=
oQEonwEmHSOgASihASQbJKABKKABJRwhogEongEmHCSgASqdASUeI58BKZ4BJR4knwEonwEmHiM=
oAEpngEmGySgASifASUbJKEBKJ4BJx8kngEpnwEmHSWeASmhASQeJaABKKEBJh4joAEooQEmHSU=
nwEpogElHiShASmgASUfI6ABKqABJR4loAEooAEmHiSgASijASUfJaABKaEBJx4loAEpogEmHiU=
oAEpogEnHiWhASmiASYfJZ8BK6EBJR8mngEroAEoHiWfASqiAScfJaEBKKEBKB8lnwEqogEnHyQ=
oAEqogEnICWhASqhAScfJqABKZ8BKCAlngErnwEoHyWfASmiASYeJaABKqEBJx4lnwEqoAEnHiU=
ngEroAEoHiSgASqgASceJZ0BKqEBJx0koAEpoAEmHiWfASmgASceI6ABKqABJh0joQEpnwEnHSQ=
nwEqnwElHSWdASueAScbIp8BKp4BJx4kngEpnAEmHiOdASqfASQcI54BKZ4BJR0lnQEonQEmHiM=
nwEpnQElGyKfASmfASMeI58BKJwBJx0kngEonAEmHSOfASibASccI58BKJwBJR0ioAEonQElHSI=
oAEnnQEmHiOdASidAScdIqABKJ0BJh0jnwEnngEnHSSfASeeASUdI58BKZwBKB0knwEnngEnHSM=
oAEonwEmHSOgASifASceI58BKZ8BJx4jnwEpoAEnHiOgASmgASYeJKABKKABJh4joQEooAEmHiM=
oAEpoQEnHyOhASmgASgfJKABKqEBJx8koQEoogEoHiWiASihASgfJKEBKaABKB8logEpoAEoICU=
oAEqoAEoHyWiASigASggJaABKaABKCAmoAEqoAEoICaeASqgASggJaABKp4BKCAmngEqoAEnICY=
nwEqnwEpHyWfASqgAScfJp8BKqABJyAlnwEqnwEnHyWeASqfASgeJKABKZ4BKB4koAEqnQEnHiQ=
nwEpnwEnHiWeASqdASceJJ8BKp0BKB4jngEqnAEnHiOfASqcASYeI54BKZ0BJh4jnQEqmwEnHSM=
ngEqmgEnHSOeASqbASYdJJ0BKpoBJh4kngEnnwElGySdASqdASUeIp8BJ58BJB0jnQEpnQEmHSM=
ngEongElHCSeASmdASUdJJ0BKKABJhwknQEooAEmHiOcASqeASYdJJ4BKKEBJRwjnwEpoAElHCU=
ngEpoAEmGyKgASmgASUcJKABKqEBJRwioQEoogEmHCOhASmhASccI6ABKqABJx4joQEoowEmHiI=
oAEqoAEoHSOjASihAScdJKABKaEBJh4koAEpogEmHiSgASqiASYeI6ABKqIBKB4joQEpogEmHiM=
oQEqoQEoHiOgASuhASgeJKABKqIBKB4koAEroAEoHySfASuhAScfJZ8BKaEBKB8lnwEroAEoHiQ=
oAEqoQEnHiadASygAScfJp4BKqABKCAknQEsogEmHiSfASqhASceJKABKqEBKB0jnwEqoQEoHSQ=
oAEqoAEnHiSeASqgASceJJ8BKaEBJh0jnwEqnwEoHCOhASifAScdIqABKKABJh0lnwEqnwEmHCI=
oQEmnwEmHSSgASqdAScbI54BKZ4BJhsjnwEpngEmHCGeASqdASYbI58BKJ0BJR4jngEpnAEkHiM=
ngEpnQEmGyOfASifASUdIZ4BKJ8BJhwhoQEonAEkHiOdASidASUdJJwBKpwBJxsknwEonQElGyM=
nQEpnwElHCOeASmdASYdI58BKJ8BJB4jnQEqngEnHSWeASmfAScdJJ4BKZ4BJh0loAEqnwEmHiU=
ngEpnwEnHiOgASigAScgI54BKqEBJR8loAEqoQElHyWfASiiASceJKABKp8BKB8lngEqogEnHiQ=
oQEqoAEmHyedASqiASgfJKABK6EBJiAloAEqoQEoHyWeASugAScgJp4BKqMBJR8moAEqoQEoICU=
nQEroAEoICWfASqfASggJZ4BKqEBJh4koQEqogEnHSShASqgASceJZ4BK58BJx8knwErngEnHyM=
nwEqnwEnHySeASqdASgcI6ABKaABJR4lnwEoogEkHiWdASqgASYbJZ8BKaABJh0joAEpngEmGyM=
nwErnQEoHCOfASqbASYdJZ0BK5sBJx4jngEqnAEmHiOfASefASUbJJ4BKp4BJR0jngEqmwEnHCQ=
nQErmwEnHCOdASmeASYdJJ4BKZ0BJhwlnQEpnAEmHCOeASqdASUdJZ8BKpsBJx0kngEomwEoHSU=
ngEpmwEnHiOeASqdAScbJJ8BKZ0BKB0jnQEpngEnHSOdASudASYeJZ4BKKABJx0jnwEoogElHSU=
ngEqnwElHSeeASehASYeJJ8BKaEBJh4nngEpnwEnHiWfASmgAScfI54BK6EBJR4loAEqogEmHiU=
nwEroAEoHiWgASigASkeJZ8BLKABJx4mnwErnwEpHyafASqgASkgJZ8BKqABKSAnngEqoAEpHiY=
ngEsnwEpHySgASijAScfJaABKKQBJh4moAEqogEnHyWeASqiASgeJZ8BLKABKB8koQEpogEnICU=
nwEsoAEnHiSgASmhASYeJJ8BK6EBJh4knwEqoQElHiSfASuhASUdJp4BK6ABJxwkoQEpoQElHCU=
nwEooAEoHSOgASmgASYdI6EBKZ0BJh4knQEqngEnHiOfASqdASYfI6ABKKABJhwknwEpnwEnHCM=
nwEqnwEmHSKgASqdAScdI6EBKJ0BJh0joAEpnQEmHCSgASmeASUeJJ8BKJ0BKB0lngEpoAElHiQ=
nQEqngElHSSeASmeASceJZ0BK50BJh0knwEpnwEnHiSdASqdASYeJZ0BKaABJh4lngEqoAElHiU=
nwEooQElHiWgASiiASUeJZ4BKp8BKR4mnQErngEoHiedASueAScfJaABKaIBJx4koAEqoQEnHiU=
oAEroAEoHiWeASqhASYfJ58BKqIBKB4mnQEroQEnHiahASufASkgJpwBLKABKB8nnAEsoAEpICU=
ngEroAEpHiefASqiAScfJaABKqEBKB0logEroQEoHyafASqiAScgJZ4BKqIBJx8loQEqoQEoHyU=
nQEtoAEoHiWeASqiASceJqABKqABJx8lnwEqoAEnHyafASqgAScfJZ8BKqABJh8lngEpoAEmHiU=
oAEooQEnHSSgASiiASUdI6ABKp4BJh4koQEonwElHiShASieASUdJZ4BKqABJRwiogEqnwElHCI=
oAEooAEmHCOgASmgASQdIaABKKABJRsjoAEooAElHSGhASmfASQdI6ABKJ0BJR4jnwEpnQElHCM=
ngEpnwElHSGgASqdASYbJJ8BKZ0BJB0knAEpnwElHSWdASmeAScdI50BKpwBJR4jnwEpnQEnHSQ=
nQEpngEoHSOgASqdASccJJ8BKp0BKB4knQErnAEnHSWhASidASgeJZ4BKZ0BKR8kngEsnAEnHyY=
ngEqnQEoHiWeASydASkfJZ4BK10nY6MBpgElICIhJZ4BK19lZmEkI2FlY2UkIWFkZmI=
JCRiZmRiIyVhZGZiIyRhZGZkJCNhYmdjJSRhZWZjJCNgZmViJSNjY2Zl
JCJhZGRlJSJhZGdjJSJiZWRjJCNgZWZjJSFiZWRkJCJgZmVjJCJjY2Vk
JCFgZGdkIyFgZWVjJSBhZGVjIyJhZmRjIyFgZGViIyFhZGZhJCFhZGRi
IiBhZGRjIiBhZGRiISBiYmViIiBiZGRiISFhZGNhIiJgZWNjIh5iYWZg
IiFfZGZhISBiY2NiIiBgY2NjIR9iYmJjIiBhZWJjISBgYmRhIyBgY2Vi
Ih9hZGRjIR9hZmJjJCBfY2NjIyFfY2ZiIiFgY2RjIyBgZGRjIyJgZGRi
JSJgZGRiJCNhY2ViJCJhZGVkJCFiYmRkIyNiZGRkJCJjZGRkJCJgZmNl
JCNgZGVkJCNgZWdjJSNfZWVjJSNhZGVkJSNhZGZkJSJhZGVmJCJhZWZk
IyFhZGZkJCFhZWVkJSJhY2hjJCJgZmZkJCBhZmVjJSFiYWZkJSFhZWVi
IyJhZGVkJCFiZGRlJCBjZGVkIyBjY2ZiJCBhZGZjIx9iZWRjJCBiZGVi
ISFiYmZjIyBgY2diIiBhYmVkISBiYWVkJB9iYWZiIyFgYWdjIyFiYWZj
IyBhYWVjIyBfZGVhIyJgYGZkIyBhYWZhIyJeIx8hISEgHyEhHyAiICAg
ICAgICAjISAgICEgICEhICEfISEgICAhICAiICAhISEiHyAfICEhICEh
IB8hICIhICAhICEgHyAiICEgIR8iISAgIR8hIiAhIiAeISAgICFkowFnogE=
YyWjAWOlAWInoAFopAFmIx8gISAgJGEkICNhYmZjJCAhHyIiIiAgJGBiJR8iIQ==
ICAlYqYBZSMdI2ImIWElHiAhICVhZGIlI2FjZmMjI2BkZmMlIGJkZmQjIg==
YWRmZCUgYGVkZSMiYmRmZCQhY2NlZSMgYWZlYiQgYWZmZCMgYWRnYyQg
ZGJmYiUhYGJkZSQiYWNmZSMgYGJmZCQhX2NlZCQiYWNlZCMhYGJkZCQh
X2NlYSQhX2NmYiMgYGNkYyQgX2JlZCMiXCYgICAfISEhICEgICAiHyIh
IB8hICAgISIhHyAeIiIhICAfICAhICEjIh8gHyEgICEjICAfISAgISIg
ICAgICAhISAhICAgICAiICAhIB8gICEhISEhHiAgIiAhICAiYaIBaKIBYyU=
ogFkpwFiJp4BaqABZSMhIB8ipAElHyMgI5wBKaIBJB4lngEqngEoHiWcASmhASYeJZ4BKp0BKA==
HiSdASqhASUfJpwBKaIBJx0kngErnQEnICabASqfASggJZwBK6ABJx8lngEqnwEoHiOgASueASg=
HiadASqfASgeJZ0BLJ4BKB8mnAEsoAEnHyWdASydASkeJJ0BKqIBJx0lngEtnQEoHyacASyeASc=
HyWdASyeASkfJKABKKEBJx0loAEqoQEnHiaeASqfASceJZ0BK6ABJx4lnwEqnwEnHiWdASqiASY=
HiSeASufASceJZ0BK58BJx4lngEqoAElHiaeASqeASceJZ4BKqABJR4kngEqoAEmHSafASqeASc=
HyOcASufASceJKABKqEBJRwlngErngEmHiSgASqeASYdJZ0BK58BJh4knQEqnwEnHiSeASqfASc=
HiSeASqdASgdJZ0BKp4BKB4jnwErnQElHiSfASifAScfJZ0BK50BJx4lnQEsnAEnHiWcASucASg=
HiWfASmeAScdIqABKJ4BJx8mmwErnQEoHiSdAS2dAScdJZ4BKp8BJh4lnwErnwEnHSSfASqdASk=
HiOgASqeASgdJJ8BKKABKB4jngErnwEnHiSdASueASceJJ8BKp8BKB4lnQEqnQEoHiadASqgASU=
HyWdASugASgdJZ4BKqABJh4lnQEroAEnHiWcASueASggJZ4BKZ4BJyAlnQEqnQEoHSWeASqfASY=
ICWdASugASgfJZ0BKp4BKR4lnAEsnwEoHiWeASueASgeJZ4BKqABKB4kngErnwElHyWeASqgASY=
HiWeASqhASUdJZ4BKqEBJh4lngEqoAEnHSWgASqeASgeJZ4BKqABJR4lnQEqoAEoHCWdASyeASc=
HCSfASqfAScdJZ4BKp0BJx0koAEonwEnHiSeASqgASUeJZ0BKp8BKRwjngErnQEnHSWeASmfASg=
HSOeASqdASYeJZ4BKZ0BKB0jngEqnQEnHCSfASidASgdJpwBK50BJh0jnwEpnQEmHSSgASidASc=
HiOfASmdASccJJ8BKZ8BJRwlnwEqnQEnHCWdASqeASYeJJ0BKp0BJh0knQEqngEmHSWcASmgASU=
HSOfASmfASYcJZ4BKpwBKB4mmwErnQEmHiScASqeASYeJJ0BK50BJx8knAEqnwEmHSWeASqdASc=
HiWdASqfAScdI54BK50BJxwknwEqnQEoHSOdASqgASUeJZwBKp8BJh4lngErnQEmHSSeASmfASY=
HiWfASqcASgeJZ0BK50BKB0knQEooAEmHiSeASqdASYfJJ0BKaABJx0joAEooAEnHSWdASudASg=
HiSeASqdASgeI50BK50BKB0knwEooAEnHSOgASifAScdJJwBLJsBKB4kngErnAEoHiWeASifASc=
HSOfASqdASceJJ0BKp0BJx8lngEpnwEmHSSeASqeAScdJJwBKp0BKB4knwEonQEmHyWdASqdASc=
HSWcASqhASUdJZ8BKp4BJh4kngEqnQEmHiSeASqdASceI54BK5sBKB4knQEqngEnHSOeASmgASc=
HiSeASqeASceJJ0BKp0BKB0jnQEqnwEmHCWfASmgASYbJKABKZ4BJh0knwEqnQEnHiWcASugASU=
HiWeASqdASgfJJ0BKp4BJyAknAEqnwEoHySeASqdASkdJpsBK50BKR4lnAEqnQEoHyWcASydASg=
HSSfASqfASceJZsBKp8BKB8knQEqngEoHyWcASydASceJZ0BKp8BKB4mnQErngEoHiWdASqeASk=
HyOdASqgASkdJZ0BKp4BKR4lnQErnwEoHiWdASudASgeJZ8BKaEBJh0lnwEqnwElHiSdASugASc=
HiWeASudASceJJ8BKqABJx4lnQErnQEnHiOgASmdASgdJZ0BKqABJRwkoAEonwEnHiWdASqfASc=
HCSeASqdASccI58BKaABJxwjoAEqngEnHCSeASqgASUcJKABKJ4BJx0jnwEpngEkHiOgASmdASc=
HiOdASqdAScdJJ4BKZ4BJhwjoAEqngElHCOdASmgASUbJKABKZ0BJxsknQEqngEnHiOdASqeASU=
HiWdASucASYeJZ4BKZ4BJR0lnwEqnQElHiSeASudASUeJZ4BKp0BJh4lnQEqngEmHiWdASueASU=
HiWeASqdASUeJZ4BKp4BJR0mnQErngElHiWeASqfASUeJZ0BK54BJh4lngEqnQEnHSWeASqeASY=
HiSdASqfASYdJZ0BK6ABJR4lnQErnwElHiWdASqfASYeJZ0BK58BJR4lnAEqoAEmHCWfASqgASU=
HiWcASufASYeJJ0BKaEBJR4lngEqnwEmHSSfASqgASYdJZwBK54BJR0mnAErngEmHiWdASqeASc=
HiWcASyeASUeJZ0BKp8BJh4knQEqnwEmHCSeASugASUdI54BKqABJR0lnQEqnwEmHCWeASmfASY=
HSSeASmfASYcJpsBLJ0BJxsknwEnoQElHiOeASqdASUeI54BKZ4BJh0knQEpngEmHSSdASqdASc=
HSSeASmdASUeI54BKZwBJx0knQEqnQEmHCWdASqdASUeI58BKJ4BJR4inwEqnAEmHSOfASidASY=
HSOgASidASUdJZ0BKp4BJR0ingEongEmHSSdASmfASYdI50BKKABJB4jnwEonwElHSOeASmgASU=
HSOgASmfASQdI54BKZ8BJx0inwEnoAEmHSScASqgASYfI54BKZ4BJh8lnQEonwEnHiSeASmdASY=
ICWdASudASceJJ8BKJ4BJh8lnwEqnQEmHyWdASmdASgfJZ0BKZ4BJx8lnQEqngEnHyadASqdASc=
HySeASmeAScfJJ4BKZ8BJx8lngEpoAEmHySeASigAScfJJ8BKZ8BJh4kngEpnwEnHiSfASmeASY=
HyWdASmfASYfI58BKJ4BKB4knwEooAElHiOeASmfASYeJJ8BKKABJR0joQEpnwElHSKhASmfASU=
HSKhASigASUcI6ABJ6EBJRwioQEooAElHSGgASigASUcIqABKKEBJBwhoAEnogEkHCKgASegASU=
GyOeASmfASUcI6ABKKABJRwinwEpoAElGyGgASifASUcI6EBKJ0BJRshoAEpnwElGyKiASidASU=
GyOgASigASQdIaIBKJ4BJRsiogEnnwElHSOgASigASQdI58BKaABJRwjoQEnngElHSSgASifASU=
GySgASefASUeI54BKZ4BJh4jnwEqnwElHCOhASigASUdJaABKp0BJR4joAEpoAElHiSeASmhASU=
HCShASmgASYcI6EBKaABJB4loAEpoQEkHiWfASmhASUeJKABKKEBJR4loAEpogEjHiWhASejASQ=
HySgASmiASUeJJ4BK6ABKB4lngEqoAEmHySfASmgASceJZ0BKqEBJh4joAEqnwEnHyWfASueASU=
HyWfASmiASUeJJ8BKqEBJh4iogEooQEmHiOgASqgASYdIqABKaABJh4joAEqoAElHCWiASigASU=
HSOiASmfASYeI58BKKIBJBwjogEooAEkHySfASmhASQcI6ABK50BJxsjnwEqoAElHCOhASqdASY=
HiOeASmhASUaI6IBKJ4BJR4inwEooQEkGyOgASqdASYeI6ABKKABJRsioAEpnQEmHCOgASmgASM=
GyWfASmgASUbI58BKJ8BJB0jnwEooAElHSOgASefASUeI58BKZ4BJhwioAEpngElGyOiASidASY=
HSOgASmdASUeI58BKqABJRwjoAEpnQEnGySgASmeASYcI58BKKABJRwlngEooQElHSSfASmgASU=
HSSgASmgASUcJZ8BKKABJRskoQEonwEmHyOeASqeASkcJJ4BKaABJh0lnwEpoAElHSSgASqfASY=
HiWfASeiASccI6IBKaIBJR4joAEooQElHCafASqfASYeJaABKKABJxwjoQEqoAElHSSfASqhASU=
HiadASmgAScfI58BKaABJR4lnwEpngEmHSSgASigASYeJaABKqABJRwjnwErnwEmHSOfASmgASY=
HiOgASiiASUdI6ABKJ4BJx4joAEpnwEmHCOfASmfASUdI6ABKKABJR0ioQEpoAElHCOgASifASU=
HSOhASifASUdJJ4BKKABJRsjogEnoQElHCOfASmeASYbI54BKZ8BJRsioQEonwElHiOgASigASQ=
HCOgASmdASYcIqABKZ0BJR0joAEooAEjHSOgASifASUdJKABKJ8BJRwjngEqngElHSOgASifASU=
HCShASefASUdI58BKZ4BJR4lnQEpoAEmHiSdASqfASQeI6ABKaABJRwkoAEnoQEkHiWeASqeASg=
HCWeASqgASYdJJ8BKZ8BJx4joAEqngEoHiOfASqfAScdI6EBJ6EBJx0joQEoogEmHiOfASuhASU=
HSSgASmfAScdJZ4BKqABJh0koAEpoAEoHyOhASigASceI58BKqABJx4joAEpogElHSOgASqhASY=
HSOhASmhASYdI6IBKZ8BJh0koAEpoAElHiOhASihASYcJZ8BKaIBJh4joAEpnwEmHCSgASmgASc=
HiOgASmfASYdI6ABKKABJx0knwErnQEmHSShASmfASYeI6ABKZ4BJx4hogEooAElHSSgASihASY=
HCOiASigASUdI6ABKKABJRwiogEpngEmHSOgASigAScbIaIBKZ8BJR0koAEnoQElHSCjASidASY=
HSSfASmhASUdI58BKp4BJh4ioAEpngEkHiSfASmgASUcI6ABKp8BJR0ioQEooAEmHCKgASifASY=
HSSfASqdASUeJJ4BKaABJR4joQEooAElHiSfASqeASUeI50BKqABJxwjoAEpnwEnHSWeASqgASY=
HiWeASqgASUfJKABKZ8BJR4lnwEooAEmHSSgASiiASUeJaABKKIBJhwkoQEqoAEmHiOhASqgASY=
HSOhASqgASgcI6ABKqIBJh4mngEpoQElHyWgASqgASceJKABKKIBJh4lnwEqoQEnHiSfASiiASY=
HiafASqgASgdI6EBKaABKB4ioQEqnwEoHiOgASqfASgdI58BKp8BJR4koAEpoAEmHSShASihASU=
HiOgASigASceI6EBKqABJR0koQEooAEmHSOiASigASQdI6EBKZ4BJhwjoAEooQEjHiOgASifASY=
HCOgASihASMbI6IBJqIBJBwjogEonQEmHSKgASihASQbI6EBJ6ABJRwioQEpnQEmGyKgASigASM=
HSOgASigASQbIqEBJ6ABJRsjoAEonwEjHSOgASefASUdI6ABKJ8BIx0joAEongElHCGgASigASU=
HCOgASifASQbI6ABKJ8BJBsknwEongEoHSOeASmeASUdI58BKp0BJR4knQEqnQElHSOhASmeASU=
HSKgASigAScbIqEBKKABJRwjnwEpnQEnHSOiASefASYeJZ4BKZ8BJh0koAErngEnHSSfASmgASU=
HiKhASmfASYeI58BKp8BJh4joAEroAEmHSWhASdeJWCmAaYBJSAhHySgAShgZ2NhIyJiZA==
ZGMkIGBlZmIjIWNkZmEkIWFmY2QhIWNlY2EjI2FkZGIlIGFlZmIiIWNl
ZWIiIGFlZ2IiIGFlZmIgIWFkZmIjIGJmZGMiIGBkZWMhImBmY2MjIWJk
ZGMhIGBlZ2IhH2JkZGMhH2JkZmIhIWFjZWMgH2JkZGEhIGFjZmIgH2Nl
ZGEhIGBkZl8jIGFkZmAhH2FlY2IgIGFkZWIhH2JjZWEiIGFlZGAhIWFj
ZGEiIGFkZmEhIGBkZWEiH2FjZWEjIGNkZGEhIGFkZGEjIGFkZmAjIWJl
YmQhH2JlYmQhH2NlZWEhIGNiZ2MhIGJlZGMiIGJkZGMkIWBmY2UjIGNh
Z2EjImJjaGEjIGRjZmIjI2FkZmMjIGRiZmQjIGRkZmQkImBjaGMkIWNk
Z2IjIWRjZ2QiH2JlZmYjImFmZWQjIWFlZ2MjIWJmZmQkIWFmZ2QjIWFm
Z2QiIWJlZWQjIWJlZ2EkImFkZ2MkIWBmZmQiIGFmZmMjIWFmZWMkIWFm
ZmMiIWFlZmQjIGFkaGEjIWFmZWMhHmNkZmIjIGJmZGEjH2JkZWQiH2Jm
ZWMhH2FlZmEiHmFmZWIiIGBjZmIhIWBkZWMhIGBjZmEhIGFiZ2IiIGFj
ZWEiIGBjZWEjIGBjZWMiH2JiZmEiHmJhZmMjH2FjZGQiH2EjHiEhICIh
ICAfISIfICAhICIhISAgHyIhIh8jICAhIh8iICIgICAiICIiISEhHyIf
IiIhISEhIiEiICMgISAhHyIgIyIiISIfICEjISMgICEiISIhISIjICMi
IiEgImSiAWuiAWYmoQFnqgFiKKABaqIBaCUhISIjIiNkJR4jYmVoYiQjIyAhISIi
ISNjZGlhJSEgI2OoAaUBJ2EkIGWhAShfKGWiAWZlJSFiY2lkIiJkY2RjJSFkZA==
ZGUjIGJkZmQiIGNjZWQjH2FlZmEjIWJjZGQiH2NiZmEjIGFlZGIjIGFh
ZmAjIGNiZmEhIGFiZmAjIl9iZWIiIWFiZWAjIWBjZF8jIF9iYmMhIF9j
ZGIiIF9jY2MgIGBjZGEiIGBgZGIjH2BjYmIiIF8lHiEiICAfIB8hISIe
IiAgHx8gIiEhHyAgICAgHyIgIR4gICMgIR4hISIfIB8iHyMgICAgHyIf
ISAhISIhIiAhHiEhIiEjICEgICEjICIhISAfICIiIiEhICAgIiIhImKkAQ==
aaMBZSaiAWelAWQonAFrogFoIx8hICOlASYgIyEjogEooQEmICSgASugAScfJaIBKaEBJiAk
ogEpoQEoHyWiASqfASkfJqABK6EBJiAlowEoowEmICahASikASUgJqEBK6ABJyAmnwEqogEnHyY=
oQEqoAEoICadASqlASYfJqEBKqABKCEmoAEppAEnHiagASugASgfJaEBKaMBJx4lnwEqoAEoHyY=
oAEqoQEmHiahASueASgeJZ4BKqIBJR8koQEoogElHiWgASqiASQeJaABKp4BJx4joAEqngEnHiM=
nwEpnwEmHiSfASqeASYeJZ0BKqABJR4lngEpnQEmHiKgASifASYcI58BKp4BJB0kngEqngElHSM=
ngEpnQEmHiOgASegASQbI6EBJ54BJR4joAEpnAElHSWfASieASYdIqIBJ6ABIxwjoQEnnQEnHiI=
oAEongEnHSKhASieASUdI6ABKJ8BJR0joAEqnQEmHSSeASqfASYdJKABKZ8BJh4koQEooQElHiQ=
oQEooAEmHyOfASqgASceJaABKKIBJh4koQEqoQElHiafASqhASceJKEBKaIBJx0loQEpoQEmHyU=
oAEpogEmHiWhASmhASYiJZ8BKqIBJh4moAEpogEmICafASqhAScfJp8BK6IBJh8loAEppQEmICU=
ngEsngEoHyidASugASYgJ54BK6ABJiAmngEqogEnHyWgASqhAScfI6IBKaIBJR4mngEqogEoHyQ=
nwEsngEoHiadASuhASYeJqABKKEBJx0loAEooQEnHiWeASqgAScfJZ0BK6ABJh4lnwEqnwEmHiU=
nQEqoAEnHSSgASihASUeJZ4BKp4BJx4kngErngEoHCKgASqgASYdI6ABKJ8BJR8kngEooAEmGyQ=
nwEooAEmHCOfASmcASgdIqABKp0BJRwkoAEonwEkHiSfASmeASUdJKABKJ4BJR4knwEonwEnHSU=
ngEpngEnHSSeASmeASYdJJ0BKp0BJx4knQEpnwEnHiSdASqfASUeJJ4BKKABJR4knwEpoAElHSU=
oAEmoQEmHSSgASmgASUfJZ8BKKIBJR4koQEpnwEnHyacASqiASYeI6EBKp8BJiAlnQEqowEkHyU=
oAEqoQElHyWfASqgASYfJaABKaIBJx4nnwEqoQEnICShASiiASgfJp8BK6IBJSAlnwEqoQEnHyY=
nwEpogEnISWeASqjASceJaIBKaIBJx8loQEopAEmHyOgASqiASYfJp8BK6EBJx8lnQEqogElICU=
nwEoowEnHSWfASmiAScdJp4BKqIBJR4mnwEqnwEpHSSfASufASceJJ4BKp8BJx4lnwEooQElHSU=
oAEpoQElHCWfASqhASUeJJ0BK54BJR8knQErnAEoHySdASqdAScfJJ8BKJ8BJh4ioAEqnwEkHCU=
ngEqnwElHCWdASqdASceI6ABKKABJRsjngEqngEnHiWdASmfASUeJZ4BKKABJR4knwEpnwEmHSQ=
nwEpngEoHCSdASqfASUdJZ4BKqABJR0lnwEpoQElHSWgASigASYeJKABKaABJh4lngEpnwEnHiU=
nQEqnwElHiagASeiASYdJKABKKIBJR0mnwEpoQEmHyWfASqgASYgJKABKKABKB8koAEooQEpHiU=
oQEooQEoHiWgASmiASceJaEBKaEBKCAkoAEqnwEpHyWhASiiASkfJaABKqEBJyAloAEqoAEpHyY=
oAEpoAEpHyWgASqgASkfJp8BKqEBKCAmnwEqoAEoICagASqeASkgJZ8BKqABKCAloAEqoAEoICY=
ngEqoAEoHyagASmgASggJaABKp8BKCAmnwEqoAEoICafASigAScgJZ8BKqABJiAlnwEqoAEnHiU=
ngErngEoHyWeASqgASYfJaABKKABJh8mngEpoAEmICWfASmfASgeJZ8BKZ8BJh8mnQEpngEnHyU=
nwEooAElHiadASqeASceJZ8BKZ4BJh4lngEpngEmHyWeASmdAScfJp0BKp0BJx4kngEqngEmICU=
nwEpngEnHiWgASmdASceJKABKp0BJx4koQEonwElHiWgASmeASYeJaABKZ4BJh4koQEpoAElHiU=
oAEpnwEmHiWgASqgASYeJqABKp4BJx4loAEpoAElHiagASqfASYfJqABKp8BKCAknwEpoAEoHSU=
oQEsngEmICShASmgASceJ58BKaABJx8loQEpoAEnHiagASmfASgfJaABKKIBJx8loAEqoQEnHyU=
nwEqoQEmHyeeASygASgfJJ8BKqABKB8loAEqoAEoHyWgASmhAScgKJwBK58BKCAkoAEooQEnICQ=
nQEqoAEoHiadASmfASggJp0BKqABKCAlnQEpoQEoHyWdASqhASgeJJ8BKqABKB8lngEqnQEpICU=
nQEqnQEoHyWcASueASkfJJ0BKqABJh8lnQEqnwEnHyWdASqeASgfJZwBKp8BJx4lnQEqngEmHyU=
nQEqngEnHyWcASqeASceJp0BKZ4BJh4koAEpngElHiWfASqeASYeJKABKZ4BJR4kngEpnwEmHiQ=
ngEpnwElHSWfASqeASUeJJ8BKZ4BJx0kngEpoAElHSSfASqgASUeJZ0BKp8BJh4lnQEooAEmHiQ=
ngEpoAEmHCWdASqfASgeJZ4BKaABJR4knwEqnwEnHiWfASmgASYdJaABKJ8BJyAknQEqnwEmHiY=
nQEqnwEnICWeASqgASYeJZ4BKaABJx0lngEqoQEnHSWgASiiAScfJZ8BKqABJyAlnQErngEoHyU=
nwErngEnICSfASufASkeJZ0BKqEBJh8mngEqogEoHiaeASqfASgfJZ8BKqABJh8mnQEroAEnHiU=
nwEpoQElHyWeASqgAScgJpwBKqEBJh4lngEqoAEnHySeASqiASYdJZ8BKaABKB4lnQErngEnHyY=
nQEqoAEoHiSeASufASYeJZwBK58BJh4loAEpoAEmHSWdASqeASYeJZ8BKJ8BJx0lnwEpngEnHSU=
ngErngEoHiOdASqeASYeJZ4BKp8BJh0lngEpngEnHiOeASqgASYeJZ0BKp0BJx4lngEooAEmHSU=
oAEpnwElHiSfASihASYbJKABKp0BJh4lngEpoQElHSSgASmeASceJKABKaABJh0knwEqngEmHiQ=
oAEpoAEmHiOeASmhASUfJJ0BKqABJh0lngEpoQElICWeASqeASYgJZ4BKp4BJx4kngEoogEkHyU=
nQEpoQEnHiShASeiASUeJZ8BKp8BKB8knwEqnQEoHySgASiiAScdJaABKaEBJR8loAEoogEnHSU=
oAEoogEnHSOfASyfAScgJp0BKqABJx4moQEonwEoHyShASmgASgfJZ8BKqABJx4mnQErogElHiU=
nwEqogElHiaeASqgASceJp0BK6IBJh4lngEqngEnHyWeASqgASYgJp0BKqABKB0nnQEqngEoHiU=
ngEqoAElHiWhASmgASgdJZ4BK58BJx4lnQEqoAElHyWeASqfAScfJZ0BK58BJhwlngEqoAEmICU=
nwEpngEoHiSeASmfASgdJJ8BK50BJR4loAEooAEmHiKgASmgASYdJJ8BKKEBJR0koAEooAElHiQ=
nQEqoAElHiWeASqeASceI6ABKKEBJR0lnwEqnQEmHiKhASigAScdIqEBKKABJB4lngEqngEnHiU=
ngEpnwEmHiWeASmfASYeJJ8BKZ8BJx4iogEnoAEmHSWeASqeASYeJZ4BKaABJx0knwEqoQEnHSM=
oAEqnwEmHySgASihASUcJZ4BKp8BJh0lnwEpnwEnHiSgASiiASceJKABKKABJR4loAEooQEnICQ=
nQEpoQEnHyWeASufAScfJJ4BKqABJx4joAEqoAEmHiWgASigASgeJKABKaEBJR4joAEpoAElICU=
nQEqogEkICWeASqgASgeJZ8BKp8BJR8lnQEqoAEmICWeASygASUfJJ8BKqABJyAlnQEpoAEoHyU=
nQEsngEmICWdASqhASYfJJ4BKqEBJh4lngEpoAEnHSSgASqeASYfJZ0BKqABJx4joAEqngEmHic=
nAEqoQEoHSOgASmgASUeJZ8BKKIBJh4ioAEpngEnHiWeASifASYeJZ4BKKABJh4lngEpoAEkHSU=
oAEpoAElHSSeASigASUdJKABKJ8BJR0joQEooAElHSKhASigASUcI6ABKZ8BJR8joAEongElHiM=
nwEpngEmHSKgASmgASYbI6IBKJ4BJRwjoQEpnQEmHiOgASqdASYcI6EBKJ8BJhsjoAEpngElHiQ=
oAEpoAElHCOfASqeASUeI58BKZ4BJh8joAEqnAEnHSOhASmeASYeI6ABKp4BKB4jngEqoQEmHSU=
nwEqogEmHSShASiiASUeJZ8BKqEBJR4joQEqoAEnHiSgASqiASUeJaEBKKEBJyAloAEqoQEnHiU=
nwEqogEmHiSgASuhASYeJp8BKqABJx8kogEqoAEoHiWeASqhASgfJKIBKqABKCAkoAEpoQEnHiQ=
ogEqoQEmHyShASqiASgfJKIBKqABJx4koAErnwEoHiShASqhASgeI6ABLKABJh0loQEqoAEnHiU=
oAEqnwEoHiSfASqgASgeJZ8BK6ABJx0joAEqoQEmHSSfASyeAScfI6ABKaEBJx0koAEpnwEoHyQ=
oAEqnwEmHiSgASqfASYeI6ABKaABJx4jnwEpoAEmHSOfASufAScdI6EBKKEBJx0iogEqnwEnHSI=
ogEpngElHSOiASmgASUeJZ8BKZ4BKB0joAErngEnHCOiASigASYdIqIBKZ4BJx4ioQEongEnHSU=
ngEqnQEnHiOgASigASYeJZ4BKaABKB0jogEpngEnHiOgASmdASYeJZ0BKqABKB4joAEpngEmHiQ=
oQEoogElHCShASiiASYcI58BKqIBJh0koQEooQEnHiOiASihASUeJJ4BKqIBJx0jogEooQEnHiQ=
oQEqnwEnHiadASqiASYfI6EBKaABKB8joQEqnwEmHySfASqgASgfI6ABKqABJh8jnwEtoAEnICQ=
oAEqnwEoHySgASqgASkfJZ4BKqABJx8lnwEqogElHiWgASqgASggJZ4BK6EBJh4mngEqogEnHSU=
nwEqoAEpHyOgASmiASgeJJ8BLJ8BKB4koAEqoAEoHiWeASqfASgeI6EBKqABKB4jnwEqoQEnHSQ=
ogEqnQEoHiOgASqgASgcI6IBKKABKB4jngEpogElHSSgASqeASgeIqABKp8BJxwinwEqoAEmHSM=
oAEqoAEnHSSeASudASceI54BKqABJhskoQEpnwElHSWgASidAScdIaABKKEBJhwjngEqnQEnHSM=
oAEooQElHCOhASmeASQeJZ4BKJ4BKB0jnwEpngEnHiOdASqeASceJJ4BKJ4BKB0jnwEqngEmHiQ=
ngEooAEmHSOhASmgASYdI6ABKqABIx0loAEpnQEoHiSfASmfASgcJZ8BK54BJh4koAEqngEoHiU=
nwErngEnHiWfASqhASceJKABKKEBKB4jogEqoAEnHiSgASpeJl+nAagBIyAjICWiASlfZmNl
IyJiZmZiJCNiZWNlJCJjZmViJSFjZWhhJiBkZWRkJSFjY2ZjJSJkZWdi
IyFkZGhkIyJhZWhkJSBkZGhkIyBiZmZjIyBjZmVkJCBhZ2RkIyBiZmRi
JCBjZWZjIyFhZmZjJCBjZGdkIyBhZmVjIiBgZmVkIiBhZmRjIx9hZWRh
IyFhZGVjIh5iZGZjIh9kZGRiIR5iY2ZhIiBiYmRhIx9iYWVhIx5iY2Rh
Ix9iZGRgIyBhYmZhIiFhYmVhIyBiZGRhIh5iZGRiISBhZGVjIx5kYmVh
Ih5jY2VjIh5jY2ViIyBjY2ZhJB5jY2dhJCBhZGZhJCBhZGZhJCBiY2Zi
IyNjY2ZhJCNiYmZjJSFjZGdiIyJjZGdlIyFiZWZkIyFkZGZlIiFhZGhk
JSJhYmljJSNjYmljJSJhZGljJSNkZWZjJSNiZWdiJSNiZWVlJSJhZmZl
JSFiZGZjJiNhY2hlJSFhZmdkJSJjZGdkJSFjZWZkIyNjZGVkJCNkY2Zj
JiFiZWRlIyBjZGZkIyJjZGZkJCJiZGZjJCFiZWVkJCBfZmdjISBjZWVi
JCBiZWZiIiFgZWdjIh9iZGZkIyBhZWZhIiBhZmNjIyFhY2ViIh9gZmZh
Ix9iZGVhIyBhZGVhIyBhZGZhIh5jZGRiIx9iY2diIB9iZGVhIyBhZGRj
IiBgYmViIyJgYWZkIyBiZGNiIyFhZGViIiBiYWdjIiBhYmdgJCFjYWZi
IyNjYWZjIyFhZWVhJSFkYmZjIiNiZGVjIyNhZGhjIyNhY2hkJSBjZGdk
JCBkZGdiIyJjZGhkJCFjZGlkJSFjYmpkJSFiY2hkJSNjY2dlJCFkYmll
JCFkZGdlIyJjY2hjJiJiY2ljJiFkZGlkJSBkY2dmJCFkZGdlIyFkZWZk
JCFjZmViJCFiZWZmIx9kZmVkJB9jZmZjIyBiZmZjIyFhZWZkIyFhZGVk
IyBjY2ZiJSBhZmRkIyBiZWRjIyFgZGZiIyFiYmViIyBhZWZhIyBiZWRj
Ix9hZWRjIh9jZGRjIh5jZGVjIx5iZGhhIiFhZGZhIyBhY2ZiIiFhYmZj
Ix9hZGRiIyFhYWdiIiFiYmRjIiBhZGdiJCBhZWRjIyBhZGZjJCBkYmZh
IiBjY2ZkIiFjZGZjIiBkZGZjIyBiYmdjJCJiYWhjJSJiYWliJSFkY2lj
IyFiYmphJCNiZWZkJCJjZGZkJSFhZmZlJSBkYWlkJCFkZGZkJSNhZmVm
JSFkY2lkJCJiZWljJSNiZWdjJCNjZWVlJiFjZWZlJCFjZmhjJR9kZmdk
IyBkZ2dlIyBiZ2ZkJSFhZ2dkIyBiZ2ZkIyBjZmdkIiBjZWZjJSFhZmhk
IyBjZWhjJCBiZWZjJCBjZmVlIyBiZWRkIyBhaGZkIx9iZ2RhJCFjZGRi
JCFhZGVkIiBhZWdhJCBjYmZhIyBiZGZkIx5hZmRjJB9iZWVhIyFiZGZh
IyBiY2ViJCBiZGdiIx9iZGdkIyBjZGRkIyFhZGdjIiFiZWRkIyFiY2Zk
JCBiZGViJSFkYWZjJCFiY2RmJSFhZWZkJSBjZWVjJSFjYmZkJiFjZWdj
IyFhZmhjJCFkY2hkJCJiZWZjJiJhZmdlJSJjZmdiJiBhZWZlJCFjZWZj
JCNiZWZkIyNkZGZjJiFiZGhmJB9jZ2hkIyJjZmZkIyFkZmZkIyJhZWdk
IyFhZmVkJSFjZmVlJCFgZ2ZiJSNgZmNlJSNhZGVjJiJhZWZkIyFiZWRi
JCNgZmVkIyJgZmRkIyJgZmZjIyFiZ2RkIyFhZmRkIyBhZGZkIyBhZWRk
IyBiZGVkJCFgZWRlIyBgZmRlIyBhZWRlIyBhZGZlIyFgZWZiIyFhZWZi
JCBfZWdjIyBhZGZkIx9iY2djJCBgZ2VkIiJgZ2ZiJCBhZWZjIyFhZmVi
JCBhZmZjJCJhY2ViJSJiZGRkJCFjZWVkIyJjZGZhJCFiZWdjIyBiZ2Rj
JCNhZGVlJCFkZGdkIyFhZ2ZlJCBiZmZlIyBkZ2ZkIiJhZ2ZlIyBiZ2Zk
JCFhZ2ZkJCBiZ2ZkJCFhaGRkJCJiZmZlJCFiZmZkJSFiZmZkJSFiZWdk
IyLIAWckIGRiZl8mIGRiZmE=
====== sampling stopped (index time 0.000ms) ======
