
FDDFluxReader v0.1

available commands:
	bootloader
	start_sampling
	stop_sampling
	help

> start_sampling
====== sampling started ======
z1piZmEkIWRhZmEkIWRiZmEjImNjZmIjIWRjZWMjImRjZWMjIWRkZGQjIQ==
YmRmYiMiYmRlYyMiY2NmYyMhY2RmYyQhZGNmYiQgZGVkYyQhZGRlZCMi
ZGNmYyUiYmRmYiUiZGNmYyQiZGRlZCQiZGNnYiUjZGNmZCUiY2NmZCUj
YmRmZCQjZGJmYyUjY2NmYyQjZGJnYiUjYWZmYyUjY2RmZCQkYmRmYyUj
YmRnYiQjY2NmYyUjYmRmYyQjY2RmYyQiYmVoYSQjYmVlYiUjYmRmYiQj
YWZkYyUjYWRmYiQjYmVlYiUiYWRmYiQjY2RmYyMjYWRmYSQjYmRmYSQj
YWRlYiMiYWRmYSMjYWRmYiMjYWRmYSMiYWVmYiIiY2RmYSMiYmVlYCQh
YmRlYSMiYmRlYSMhY2NmYCQiYmRkYyIiYmRlYSMiY2RmYSMiY2RmYSQi
YmRkYSMiYmRmYSMiY2RmYSQiYmRlYSQiY2RkYiMjYmRlYiQiY2RmYSQj
YmRlYiQjYWRmYiQjY2NmYiQjY2NmYyMiZGRlYyQjYmZkZCQjZGRlYyQj
YmRlZCQiY2RlYyUhY2RlZCQiY2RlZCQiZGRlZCUjYiYhIiEhICIiIiMh
ISEhIiMiIiEiISIhISIjISIgIiEjIiMgIiEiIiEiIyIhISEhISIjIiIg
ISEiISMiIx8iICMhIiIhISEiIiEjICIhISAiISIhIiEhISEhIyMiIB8j
YSdhpAFpogEoYKQBZ6QBKF+kAWijASUeIiElXidfZWIiIWJlZWIhIGJkZmIiIGJk
ZWMjH2FmZWMiIGFlZWMiIGFkZmMhH2JkZmEiIGBlZmIiIWJjZmEjHmJj
ZGQhIWNkZGIiH2FkZmMhIGJjZWQiIGJlZGIjIGJkZWIiIGNkZGMiIWFl
ZGMjIGJkZWMiIWJjZmMjIGJkZWQjIGNkZmMkIGJkZmMjImFkZmQjIGNk
ZWMjImFmZmQiIWNkZmQjIWNlZWQjImRjZ2QjIGNlZmQjImNkZWUjI2Jl
ZmUjIGRkZ2QjImNkZ2UiImRkZ2YiIWRkZ2YjIGRkZ2UjImNlZmUjIWRl
ZmUjIWNkZ2UjIGVjZmYjIGRkZmYiIGRjZ2YiIGNjZ2UjIGNkZ2UiIGNk
aGQiIGNjaGUiIGFkaGQiIGJhaWQiIGFkZmQjIGIlICAhISIgIyAiICEg
IiEhICEfIiEjICIgIiAhICEgIx8hICEhISAhICEgIiAhISAgISAiICAh
ISAhICEhICEhHyIgISAiICAgISAhICIgIiAgICIgICEhHyIgISAgI2KgAQ==
aKYBYiWiAWSiAWQonAFnpQFlIR8fIyIfImElHiNhY2VhJR4jICEhISAhICIfJGE=
ZCMgICNgYyVgIiJhZWEoXSdfJSNhY2MkI2FkZGUiImFlZGYhImJlZGcj
I2FmZGUiImNkZmcjI2FmZGYjJGFlZWgiImNlZGciImJmZmciI2JmZWci
ImNmZGkjI2FnZGcjI2FmZmcjImFmZWckI2FlZmclImBmZmcjI2BmZWgk
ImBmZmcjImFlZmYlIWFkZmgkIWJkZmcjImAlISIhISEjISIiIyAiICEj
IyEjICIgISEjIiIgISAiIiIiIyAhICIhIyEiISEgISEiIiIhISAhICMh
IyEhICEgIiEiICAhISAhIiAhISEgICEhISAiISEfISAjISAfI2ClAWahAWM=
KKABaKMBZCebAWqiAWImICAdJKQBJR4iHyScASmhASUcJZ0BKaABJxwlmwEroAEnHCWdASmhAQ==
JxwlngEqngEmHiWdASueASYeKJsBKp4BKB4mmwErnwEmHiadASycASkdJ5wBKqABJh4lngEqnQE=
KB4mngEqoAEnHiadASugASceJqABKp8BJx8mnwEroAEoHyWdASyeAScfJ50BLZ4BKR8onQEsngE=
KSAmnwEqoAEoHiWfASuhASgeJp8BLZ0BKR4ongEsngEpICeeASugASggJZ8BKqEBKR0lnwEsowE=
Jx4onwEroAEoHyeeASuhASkgJZ4BKqIBKR8mnwEsoQEoHiWgASyfASkgJZ8BLJ8BKB4nngEqoQE=
KSAnnQEsngEoHiafASugASgeJaABKqABKR4koAEqogEmHiWgASqiASYeJaABKqEBKB4koAEqoAE=
Jh0koQEpoQEkHiicASyeASgdJZ0BLJ8BJx0koAErnQEnHSSgASmgASgdI58BK54BJRwnnQEpngE=
KB0kngEqnwEnHCOgASmfASUcJp0BLJwBJR4mnQEonwEnGyafASidASgdJZ4BKp0BJhwmngEpnAE=
KR4kngEqnAEnHiWdASudAScdI6ABKZ8BJRwlnQEsngEnGyadASyfASYcJqABKZ8BJxwlngEqnwE=
KB4lnAErngEoHiaeASqdASgeJ50BKqEBJxwmoAEqoAEoHSWdASuhASceJaABKp8BJh8nngEroQE=
KB0lngEsnwEoHyeeASugASkfJp4BKqABKh4moAEqoQEoHiidASydASkgKJ0BK6EBKB8mngEsnwE=
KiAnnwEsnwEpHyidASyiASkeJp8BLaEBKB8nnAEtoQEoHyefASqhASgfJZ8BKqMBKB4loAEqoAE=
KB4nnQEsoAEqHiefASmiASgeJaABK6ABKB8lngEsoQEmHiagASugAScfJpwBK6ABJx8mnQErnwE=
KB4mngErnwEpHiWfASugAScbJaABKp8BKB0koAErngEnHiWeASqfASceJZ0BK58BKBwmnQEqoAE=
JxslnQEsnwElHSafASqdASgdJZsBKqABJh0loAEqnQEoHCacASqeASYbJZ8BK5sBKRwlnAEqngE=
KB0lnwEpnwEmHSecASqgASYdJJ8BKZ4BJh0lngErnQEoHCWgASihASUcJZ4BKaABJxslngEsmwE=
KB4mnQEtnQEmHiebASydASgdJ54BKaABJh0mnwEqoAElHiafASqgASceJZwBLJ8BJh8nmwEtngE=
KB8lnQErnwEoICidASueASgfJp4BKqABKB4loAErnwEoHiefASqeASogJZ8BKqABKB8nnQEtngE=
KB4onQEtoQEoHiafASuiASYdJ58BLKABKB8mngEsoAEoHiSgASuiAScfJaABKqABKB8loAEqnwE=
KCAmngEqoAEoHiedASugAScgKJ0BKp0BKh8lngEsoAEnHiWgASugASgdJaABLKABJx4koAEqoAE=
KB4mnQEsnQEoHiedASugASceJaABKqABJxwkoAEpoQEmHCSgASmfASYcJp0BKqABJx0lnwEqnQE=
KBwmnQErnQEnHSadASqeAScdJ5wBLJ0BJhslnwEqmwEpHSWdASucASccJZ0BLJwBKB4knQEqnQE=
Jx4lngEpnQEnHCebASybASgeJJ4BKpwBJx4lngEqnwElGyWdASudASccJp0BKp0BKB0lnAEsngE=
JxslnwEpoAEnGyWeASqeASgdJ5sBKp4BKB4mmwEsnQEoHiadASqeASgeJZ0BLJwBKB4mnQErnwE=
KBwmnQEroAEoHSafASmfAScfJ50BK50BKR4ongErnwEoICadASqeASoeJZ4BK58BKCAmngEqnwE=
KB4mngEtoQEnHiefASmhASgeJqEBKaABKCAnnAEqogEoHiWgASyfASgfJ5wBK6IBKB4loAEroAE=
Jx8onAErogEoHiedASyfASggJ5wBLKEBJh4moAEqogEmHyWdASygASgeJKABKp8BKB4loAEqngE=
KBwmnwEroAEnHSeeASqhASceJaABKp8BJh4koAErnwElHCWgASqfASgbJaABKp8BKBwknwErnwE=
Jx0mnQErnQEoHCaeASqdASccJaEBKp0BJxskoQEqnQEoHCWeASueASYeI6ABKp4BJx0lnQEqngE=
JxsloAEqngEmHCadASufASYdJaABKZ4BJx4lnQEqoAEnHCWfASqgASgcJJ4BLJ4BJx0joAErnwE=
KBsmoAEqnwEoHCSgASufASgdJaABKp4BJxwlngEtngEoHSWgASufASgdJ50BK6ABJx4lngErnwE=
KB4moAEqnwEoHiefASqeASkeKJ8BKp0BKCAmngEroAEnHSehASmfASgfJqABK6ABKB4koAEroQE=
Jx8nnwEqoAEoICaeASuhASceJp8BKqMBJx4loQEqoQEoHyWeASyiASYfJaABK6ABKB4nnwEroQE=
KB0moAErnwEpHiWfASuiASYeJp8BKqIBJx4lnwEqogEoHiSiASugASgeJaABK6ABKB0loQEqoAE=
KB4loQEpogEmHSeeASufASgfJZ4BK6ABJx4koQEsnQEoHiedASyeASccJ6ABKp8BJx0moAEpnwE=
KB0mngEqoAEoHCWfASydASgeJZ8BK54BJx0koAErnwEmGyahASqfASYcJp0BLJ0BKB4lnQEsngE=
Jx4kngErnQEnHSWgASqfAScdI6ABKp8BJh0koAEqnwEmHSOgASqeAScdJaEBKZ4BJh0mnQErnQE=
Jx4mnQEpoAEoHSWeASqgASgdJKABKp0BJx4lnQEqogEnHSOgASqdASgdJ54BKqEBKB0mnwEqnwE=
Jh4mnQEqoAEoHiWfASugASYeJ54BK6ABJh4loAEqogElHiWfASygASkeJZ8BLJ4BKCAmngEqnwE=
KR8mnwEroAEoHyWfASugASgfJ54BKqABKR4ongEsoAEnHyafAS2fASgfJp0BK6ABKB4lnwEqoAE=
KB4mnwEsoAEoHiWgASuhASceJ6ABK6ABKB4nngEqoAEoHSegASugASgdJKABK6ABKB0koAEroAE=
KBwlogEpoQEnGyWfASufAScdJaABKqEBJxwloQEqnwEoHSOgASueAScbJZ8BK58BJx0mngEqnQE=
KBwlogEqngEoHSSfASqeASYeJJ4BKp8BJh0lngEpnwEnHiSgASmgAScdJaABKp4BJh0knwEpnwE=
JhskoAEqngEoGyWhASigASYcJKABKZ8BJx0kngEqngEmHSWeASmdASgdJKABK50BJx0mngEqnQE=
KBwlnwEooQElHCShASmgASUeJaABKaEBJR0lnwEqoAEmHCWhASihASUbJaABK54BJx4mnQErngE=
Jx8lngEqngEoHSWgASqhASccJaABKp8BKR0loQEpoAEnHSWgASqgASceI6EBKqIBJx0koAEqogE=
JxwmoQEpowEnHSWgASqfASgeJp8BKp4BKCAmngErnwEoHiahASmgASgeJp0BLJ8BKB4loQEpoQE=
Jx4lngEsoAEoHiagASugASgeJp4BKqABKB8mngEroAEmHyafASufASgcJaABKaEBJx4lnwEqoAE=
KB0mnwEqoQEnHiWgASqgASceJaEBKaABKB0loAEqoAEmHiShASmhASYeJKEBKZ8BJx0nngErnAE=
KB0nngEsnAEoHiabAS6dASYfJp0BKp4BKRwjoQErnQEmHSSeASueASccJ54BK50BKB0koAEqoAE=
JRwloAEqngEnHSSgASydAScdJKABKqABJhwloAEqngEnHCSiASigAScdJZ8BKZ4BKB0mnQErnQE=
Jx4lngErngEnHiWeASueASccJZ8BK6ABJh0loAEpnwEoHSWhASigASgbJKABKp0BKB8lnQEqoQE=
JxwloQEqoAEnHCShASqgASgdJ54BKqABJxwkoAEqoQEoGySiASqfASgbJaEBKaEBKB0loAEqngE=
Jx4loAEqoAEmHiafASugASgeJqABKqABKB4lnwEpnwEoHSagASmhAScdJqABKaABKB0moAEqoAE=
KRwloAEqowEmHSWiASmhAScdJaEBK6ABJx0lnwEqoQEoHSSiASqeASgeJaEBKaIBJhwlogEqoAE=
KB0koAErnwEoHiafASqeASoeJZ8BKp8BKB4koQEpoAEoHiSgASqgAScdJaABKp8BKR0joAEqoAE=
JxwloQErnQEoHySgASmhASYcJaIBKp4BKB4kngEroAEmHCaeASqgAScdJKABKaABKB0jnwEqnwE=
KB4lnQErnQEoHiWfASqfAScdJZ8BKp8BKB0lnwEqngEnHiWeASueASceJZ0BKqABJhwmnQEqoAE=
JxwmnQEqnwEnHSafASqfASYeJZ8BKqABJhslnwErnQEoHCWeASydAScfI54BLJ0BJx4kngErngE=
KB0knwEqnwEmHiSfASmiASYcJKABKqABJxwlnwErngEnHiWgASihASUeJaEBKaABKBwlnwEqoAE=
KRsloAEqoQEnHCWfASqgAScdJp0BLJ8BJx0logEqoAEmHiWgASqfASgeJKABKqABJx4lngEsoAE=
Jh4nngEqoQEmHSWiASqhAScdJaABK6ABKB4lngEtngEnHiWeASuiASYdJaABKqABKB0koQEqoQE=
KB0koAEqoQEnHiWgASqhAScdJaABKp4BKR8lnQEroAEnHSWfASueASgeJaABKp4BKB8lngEqoAE=
KB0mngEqnwEoHyWeASyeASgeJaABKp4BJx4knwErnQEoHiSgASqgASceJKABK54BJx4koAEqoAE=
KB0lngEqnwEmHiadASqhASUeJp0BKaABJx4mnQEqngEoHSShASmgASYcJaABKp8BJxwloAEqnwE=
JhwloAEqoAEnHCOhASmgASUeJZ4BKqEBJh4koAEooQEnHSOgASufASYdJKABKaEBJRwnnQEqoAE=
Jx4mngEpogEnHSSgASugAScdJZ4BKp4BKB0lngEtoQEoGyafASuhASccJaABKqABKB8lngEqnwE=
KBwloAEqogEmHSWhASqgASgeJaABK58BKB4mnQErogEnHiadASyiASgdJZ8BK6EBJx0onwEqoAE=
KB8moAEroAEmHiieASqiAScdJqABKqIBKB0loAEqogEoHiWfASygASgfJp4BK6ABKB0loQEroAE=
KB4nnQEqogEoHSWgASqgAScgJp4BKqIBKBwlogErnwEoHiWfASufASgeJZ4BK6ABKB8lnQEqoQE=
Jx0lnwEqoAEnHiaeAS2fASYdJaABKqEBJx0lnwEungEoHSWgASqfASgcJKABKqABJx0loAEqnwE=
KB0lnwErngEoHSOfASugASUcJaABKqABJhsmnQEsoAEmHCWfASugASYeJZ4BKqABJhsmoAEqoAE=
JxsknwEqogEmHSSiASmhASUcJKABKqABJRwkoAEqoQEmGyaeASugASYdJZ4BK58BKB4lnwEqngE=
KBwloAEpnwEnHiWgASufASYbJaIBKqABJh0koAEpXSdfqQGnASUdIiAmnwEqXmZmYyEjYg==
ZGNlIyJhZWRkIyJhZmZkIiNjZGVkIiNiZWVlIiJhZmRlIyJiZmVkIyFj
ZWRlIyFkZGZkJCFiZmZjIyNiZGZkJCFiZWRlIyJiZWVlIyJhZmVlIiJi
ZmRlIyNiZWZkIyFjZmRkIyJgZ2RlIyJgZ2RkIiFiZmVjIyJhZmRlIiJh
ZmVkIiNgZmRkIiNhZWVlISFiZmNlICNgZmRjIyNgZWRkIiJhZmRkISNg
ZmRkISJhZGRkICJhZGRkISJhZmRkISJgZmRjISNhZGVjICJhZWRkISFh
ZmNkISFhZWRjICJgZGRkISJgZGRlISFgZGRkIiJgZGRlISBhZGRlICFg
ZGRmISFhZGNmICFhZGNmISBhZGNmISFhY2RmIiBiZGNmISFhZGRlIyFh
ZGRoISFiZGRjIyNiZWRlISBkY2RjJCJiZGRkIyJjY2NlIyNiZGRlJCJh
ZGRlIiFjZmRkJCJjZGVlIyFjZWRlIyNjZWRlIyNjZGZjIyRhZmZkIyNg
ZmRjIyNiZmVjIyRhZGdkIiRiZmZiIyRhZGRlIyNhZGZjJCNhZmZjIyNh
ZmZjIyRgZmVkIyNhZmVlIyJhZGZkIiNhZWVlIiJhZGRlISNgZmZiIyJg
ZWVkIiJhZGZjIiJhZGdjIiJhZGRlISJhZGZjIiNgZGRmIiJhJCAgISIi
ICEhISIgISEiICEgISAkICEgISEhISIiISAhICEgIyEhICIhISAiIiIg
ICAhIiIhISAiICIhISIhICEgISEiISEhISEiICIiICEiISEgIyEiIiIf
IyAkICFkpQFmpQFkJ6IBaKcBYyaeAWmkAWUkICMjIiAjYiUeImJnZWUjHyIiIyMi
ISEgICRjZCYgIyEiYmdjJ6ABKV4oYWRlpgEoogFmZCUjZGNnYiUiYmRoYyMj
Y2JpYiUhZGNmZCUiYmRoZCMiY2NpYiQiYmZlZCQiY2VmZSQhYmVlZSMh
Y2ZnZiIiY2VmZyMgY2ZjZyQgY2ZkZSQiZGRlZCUiYmNlZSQiY2NmZSMj
Y2JmZiQhYmJnZiIiYWRlZSQgY2JmZSQgYGRoZCIgYiUhICEiIyAhISEg
ISAjISAhIiIhISEgIiEiICEhIyIhICEhISAjISIhISAgICMhISAiHyIh
ISEhISIhICEhICEgICEjISIgIB8iISIhIiAgICEhISEiISAhISMgHyEi
ZKMBaaEBYyejAWWjAWMonwFrngFmIyAjICOkASUfIh4kngEopQElHSOgASikASUeJZ8BKKIBJg==
HiOgASmiASYdJKABKKMBJR4koAEpogEnHySeASqiASYdJqEBKKIBKB8lnwEqnwEoHyWgASmiASc=
HiOiASmhASYfJaABKaIBKBwkogEpowElHiagASikAScfJaABLKABJx4kogEpogEoHyWfASugASc=
HyWhASmkASYfJZ8BK6IBJyAkogEoogEoHiWjASmjAScdJKIBKaMBJR8nnQErogEmICWfASqkASU=
HiWiASiiASgeJaABKKIBJx8loAEqoQEmHyaeASqiASceJaEBKKABKR0logEnogEoHSWhASihASg=
HiWdASufASgfJaABKZ4BKB8lnwEqnwEmICWcASyfAScgJJ4BKqABJR4knwEqogElHSaeASqgASc=
HiSgASmhASUeI6IBKJ8BJh4koQEoogEmHSOgASqfASgeJZ8BKZ4BJx4knwEpoAEmHiSfASqhASU=
HSOgASihASQeJKEBJ6ABJh8joAEqngEoHiWeASqfASgeJKABKZ8BJx0koAEpoQElHCSiASmhASQ=
HiOhASiiASUdJaABKKIBJx0lnwEopAEnHCOjASiiAScdJKIBKaEBJh4joAEqoAEnHyaeASmgASg=
HySgASqiASceJaABKqIBJx4loQEqogElHiehASigASgfJaABKqMBKB4moAEqowEnHyWiASmiASc=
ICSgASqiASchJqABKaMBJh8kogEqowEoHyShASqiASgeJqABKqQBKB4noAEopQEnHiahASilASc=
ICSgASmkASceJaEBK6MBJx4moQEqoQEnHiahASuiASYfJ58BKqEBKB4logEqogEnHiWfASugASg=
HiSiASqiASceJZ8BKqIBKB4kowEqoQEnHiWeASuiASUeJKIBKKMBJh4joQEpogEnHiOiASmgASg=
HiOhASqfASceJKABKqIBJxwjnwEqowElHiOgASqiASYeJKABKaABKB4knwEqoQElHiSgASmgASg=
HyOgASmiASYeI6ABKqEBJh4koAEpowElHSWgASqfASceJaIBKaABJR8knwEqogEnHiSgASqgASY=
HiWeASqiASgdJKABKaMBJR4lnwErogElHiWgASmhAScfJKEBKqIBKB4loAEqogEnHiWgASqgASg=
HyWhASijASceJaIBKaQBJh0logEppAEmHiWgASmiAScgJqABKqIBJiAmoAEpogEoHyWgASqkASc=
HyegASqjASgeJaABKqQBJx8loAEqogEpICWgASujASgfI6MBKaEBKCAloQEqowEoHyWhASmlASc=
HyWhASqiASgeJaEBKqIBJyElnwEsogEoHSajASijASgdJKQBKaIBKB4kogEqogEoHSahASmiASg=
HyShASugAScfJKIBKqIBKB4kogEqogEmHiWgASuiASceJKIBKqIBJR0logEopQElHiWgASqkASY=
HSWiASqgASgfJJ4BK6ABKB4joAEpoQEoHSWgASqhAScfJJ4BKp8BKB4lnQEqnwEoHiSgASufASY=
HiWfASmjAScdJKABKaABKB4knwEqoAEnHSOhASmhASUeJaIBJ6EBJx4koAEnogEmHSOfASqhASU=
HiWgASmgASgeJKEBKJ8BKB4loAEqnQEpHiWgASqeASgeJZ8BKaABJx8lnwErngEnHiadASygASg=
HiWgASqeASggJJ8BKKQBJh4loAEqoQEoHiacASygASgeJaABK6ABJyAlnwEqogEnICWgASqiASY=
ICahASqgAScgJaABKaIBKB0lnwEqowEnHiWjASmiAScfJKABKqUBJh4logEqogEpHySgASqlASY=
HiWhASyhASgfJaEBKqEBKCAmoAEroQEnISagASilASYeJqABK6IBJx4moQEqoQEoHySiASmiASg=
HiOkASqiAScfJaEBKaMBKB0kogEqoQEoHiSiASqgASgeJKABKqABKR4jogEpogEoHSOiASiiASc=
HiSiASeiASgeI58BK6IBJR4loAEqogEmHSSfASqiASUeJaABKKIBJR0koAEqoAElHiadASuhASY=
HiShASigASYeJaABKaEBJx4joAEqoQElHiSgASmfASYfJZ8BKaABJx4lnwEpnwEoICWdASqdASg=
HiWgASmhASYeI6IBKKEBJx4koAEqoAEnHiSgASijASUfJ50BKqABJh8lngEqogEmHyWfASufASc=
ICWfASqhASceJaEBKqEBJh4kogEpoQEpHyOhASqiASgfJKEBKqEBKB8loQEqogElHiehASmhASg=
HyWiASujASUfJaIBKaMBKB4logEqpAEmHiahASqlASYeJaQBKKMBJyAloQEroAEnICahASmlASc=
HiWjASmiASodJaMBKaIBKB8logEoogEqICShASqjAScfJaQBKqIBJyAlogEqowEmICaiASilASY=
HiWiASqiASgeJqABK6ABKSAkoAEqogEoHiWhASugASgfJqABKaEBKB4moAEroQEnHyWgASmhASc=
HyafASmhAScfJp4BKqEBJx4logEooAEnHiWgASqgASgeJZ8BKaEBJh4loAEqngEoHiSgASmiASU=
HiWgASqfASYeJKEBKaABJh4knwEqngEoHiSfASufASceJJ8BKqABJx0knwEpoQEmHiOfASueASY=
HiOfASqeASceJp0BKqABJx4knwEqoAEmHiWeASmgASYeJJ8BKp8BJh4lnwEpoAElHiWdASqgASY=
HSWeASqgAScdJZ4BKqABJR4loAEqnwEmHyWdASqgASceJaABK58BKB4lngEqoQEmHiagASqfASg=
HyedASqhASYeJaABKqIBJx4moQEpoQEnHyWhASqhAScgJaABKaIBJx4loQEsoQEoHiSiASqhASc=
HiSgASujASUfJqABKqIBJx8kogEqogElICWgASmkASgdJqABKqMBJh8logEpogEoHyWfASqgASg=
ICWgASmiASgfJaABKaEBKCAloAEooQEnISShASiiASceJKEBKKMBJh4lowEoogEmHiSiASmiASU=
HySgASqhASUeJKABKqABKB8knwEqoAEoHiSgASqgASYcI6EBKqEBJxwkoAErnwEmHCWfASqfASU=
HiWgASqgASUeJZ8BKqABJxwjoQEqnwEmHCSgASeiASQcJaABKaEBJR0knQErngElHiSdASqdASg=
HiWdASqdASUeJp0BKZ8BJh4lnwEqngElHiWfASqdASgeJJ0BKp4BJx4kngEqngEmHiSeASudASc=
HiSgASqdASUeJZ0BLJ4BJx4lnQEpoQElHSibASqgASgeJKABKqABJB4lnwEqoAEnHySgASmgASY=
HSaeASqhASceJKABKqABJyAlnwEqoAEnHyWdASygASceJp8BK6ABJxwmoQEqogEmHiagASqgASc=
HyahASqgASgfJaABKqEBJyAnnQErogEnICifASygAScfJZ4BK6EBJiAnnQEsogElHyWhASqkASU=
HyWgASqjASceJqEBKqABKCAlnwEqogEnHyagASmiASgeJaABK6IBJyAlnwEroQEnICafASuhASc=
HyegASqhASgeJp8BK6ABJx8mnwEqowElHiafASqiASUeJaEBKqIBJh4loQEroAElHiWgASmiASU=
HiShASmgASceI6EBKaIBJhwloAErngEnHiWfASqgASUeJZ8BKqABJR4loAEqngEnHiSgASqfASg=
HiSdASueAScdJZ4BKqEBJh0lnQEtngEmHiWhASifASgeJZwBKqABJR4logEpnwEmHSadASmgASU=
HiShASqgAScdJZwBKqABJR4mngEqoQEmHCSfASqiASUeJZ8BLJ0BKB8lnQErnwEmHiWfASufASc=
ICaeASyfASceJ50BKqABJx8mnwEqnwEoHyWfASugASUgJ50BK6EBJyAmngErogElHyahASuhASg=
HyWfASujASYgJp8BK6IBJx8loQEqoQEoICWgASugASkfJaABKqEBKCAloQEroAEpICSjASikASg=
HiWiASqjASYeJqABK6EBKB8mogEqogEnHiahASqiAScfJqEBKqMBJh4moQEqogEoHiWiASqkASU=
HSagASukASUfJqEBKp8BKB8mnwEroAEoHiefASygASgeI6IBK6ABJh4moQEroQEnHiafASugASc=
HyWfASufASgeJKABKqIBJh4koQEroQElHiKiASmfASkeI6ABK6ABJR0kogEqngEmHiOiASqfASU=
HCafASmfASceI6ABKqABJRwkoAEqngEnHSWeASqfASUeJZ4BKqABJR4mnQEqngEoHyWdASyeASc=
HiWdASqgASUdJp8BKKEBJhwmoAEpoAEnHCWgASihASccJKABKqABJx4mnQEooQElHyWeASqgASY=
HyWeASmhASgfJZ4BKqEBJh4lngEqoAEnHSWhASigASceJaABKaIBJh4logEoogEmHiagASmhASY=
ICSgASikASgfJKEBKaABKB8loAEqoQEoHiegASuhASQgJqABKaQBJSAloQEroQEoHyafASygASc=
ICagASqkASceJaIBKqIBJh4logErogEnHiWfASqgASgiJaABKaIBJx8logEqoQEoHyWiASqiASc=
HiagASqjASYeJaABK6MBJx8kogEroAEpHSWhASqiASYeJqABKKQBJh8logEqogEmHiWgASqiASc=
HyOhASqhASYeJp8BKqIBKB0koAEqoAEmHyagASmiAScdJZ4BK58BJh8koQEpoQEnHSSeASugASY=
HiWhASqeASgeJZwBK58BJR4lngEqoQElHiWeASqdAScfJZwBLJ0BKB4kngErngEoHCSeASqeASg=
HiSgASqeASceJJ8BK5wBKB4lnwEoogElHiSgASigASccI6IBKaABJh4kngEqngEnHySeASugASU=
HiafASqfASceJZ4BK54BKB4loAEpogElHiWeASqgAScfJp4BKqEBJyAkoAEqoQEmHiaeASiiASc=
HyafASmkASUeJaEBKaIBJx8lowEpoQEnHyWgASqlASYeJaIBKaMBJx8loAEqpAEmHyWiASmjASc=
HyWiASqiASgfJaEBK6IBKB4moQEqowEnICahASqiAScgJKIBKqIBKCAlogEpoQEoICahASugASg=
ICegASugASggJqEBKqABKCAloAEroQEoHyagASuhAScfJaEBKqIBKB8moAEqoAEnHyagASugASY=
ICafASqgASgfJp4BK6ABJh8loAEroAEnHyWfASqgASYfJaABKqABJh4lnwEqnwEoHSafASufASU=
HyWeASufASYeJp0BK58BJh4lnwEqnwEmHiWfASueASUfJZ8BKaABJh0lnwEqnwEmHiWeASqfASU=
HySfASmfASUeJZ8BKZ8BJh4mnwEqngEmHiSfASudASceJKABKp4BJx4koAEqnQEnHiWgASmhASY=
HSShASmgAScdJKEBKp8BJx0kogEonwEnHiShASueASceI6IBKl0nX6gBowEmISIgI6IBKWFj
Z2MjI2NkZWQkI2NiaGQjI2JkZWQkI2NiZWUkI2RiZ2MjIWVkZGUkI2Rk
ZWIkI2NkZ2QkImNjZmYkI2JkZmUkI2JkZmYkI2JkZWUlI2JlZmQlI2Fl
Z2QlI2BlZ2UlI2BkZ2QjI2BmZ2QlI2FlZmQkImFnZmMmImBlZ2MlI2Fm
Z2QjI2BmZmQkI2FkZWQkI2FlZmQkIWBnZWMlImBmZWMlImFkZmMkIl9l
ZWQjIWJkZWMkIWFkZWMkIWFkZGQiImFlZGQjImFkZGMjImFkZWIjImFk
Y2MjIWFlZWIiIWNkZGMiIWNiZGQiIGNjZGMiIGNjZGQjIGJiZWMjIWFk
ZGQiIGJjZmMjIWJiZWQjImFjZWQiIGJiZWQjIGJkZWMkIGJjZGQkI2Nj
ZWUiIGJjaGIkI2NkZmIkIWJjZmUjI2FmZWQjIWNmZmMjIGNkZmUjI2Jl
ZmMjI2NkZmUjI2JmZWUjI2JlZmQjI2RkZWYkImNmZGcjImJnZmUjI2Nk
Z2UlImRkZWUmI2FkZ2QlJGFkaGQkI2RkZmImImFmaGQjIWNlZmYjI2Fl
Z2UjIWRkZmYiI2JlZ2IlImNlZmYjImNlZmQjIGVkZGYjI2FjZWYjImNj
ZmQkIWFkZmQkImFkZmQkIWJlZmQjImFkZGUkIGJkZGQkImFjZWUjIGEk
ISAiISIiICEgISEhIyIhISAhIyMhHyIgIyEgICIjIyAhICMgIiAjIiEf
IiAiISMgISAgIiMhISIhHyEiIiEhICIfISIjIiEfIiEjISIgISEhICIi
IiEiISEiISEfIGalAWekAWQnoAFlqAFkJ6IBaaIBZiMgIiMhICNjJR8kYGNnZSQg
ISIjISMiIiAiJF8nYCUgIiRgaGSlASUiISSjASgeJaMBaWRkYiQjY2RnZCMj
ZGNlZCQjZGRmZCQiZGNmZCYiY2RmZiMiZGVlZiQiY2ZmZiMiZGRnYSUj
Y2ZnZSQjY2NmZSQiY2VpZCQjY2VmZiQhZGZmZCUjZGRlZCYiY2VmZSUi
ZGVnZiIhZWZmZiMiY2VmZSUhZWRmZyMhZGRnZCQiYmRnZiIjYSQiIiAj
IiEjISEiIiEjIiMhIiEhIiIgJCMiISEiIiEiICMhIiIiHyMjIyAjISIf
ISIiIiMhIyAgISIiIyEhISAhIyAjICMhICEhISMiIyAgICMiIyAiISEi
IyIhICIhZKIBbJ8BZieiAWWmAWQmogFpoAFoJSAhHyOnASUfIiElnwEqoAEnHiadASqiASc=
HiOhASihASceJKABKqEBJx0lnwEqogEmHiaeASqiASYeJaABKaIBJx0loAEopAElHiWgASqiASY=
HyShASmiASUeJKIBKaMBJh8koAEqogEmHyWgASqgAScgJaABKaMBJiAloQEqoAEoICWfASqjASg=
HiSiASijASceJaABKqMBKB8koQEqoAEpHiOjASqiASgfJaIBKqEBKB8loQEqogElHyagASqlASU=
HiWiASqiAScfJqEBKaEBKB8loQEqoAEpHyShASqhASgfJ58BKqMBKB0loAEsogEmHyedAS2hASc=
HyegASqiASYeJp4BKqABKB8nnQEqoQEoICSgASuiASceJaABLKEBJh4loAEqogEnHieeASqiASc=
HiWfASqkASYdJaABKqABJx0moAEqogEnHSSiASugAScdJKEBKaIBJx0logEpogElHSWgASqiASU=
HiWeASqgAScfJZ0BKqABJx4lnwEqoAEnHiSiASmhASQeJaABKaEBJx4lnwEroQEmHieeASmiASU=
ICOhASqgASYfJKABKp8BJx8lnwEsnwEnHiWfASijASYeI6ABKqIBJx8joAEqogEnHSSiASmiASc=
HiSgASmiASYeJZ8BKqMBJR8mngEpogEnHiWhASikASYeJZ8BKaIBJx4lowEqogEmHyWgASijASY=
HySiASqiASYeJZ8BKaQBJh4loAEpowEmHiWgASqjASYeJqEBKaQBKB4koQEqowEmHiWiASijASg=
HiSjASmiASYeJqABLKABKB8mnwEroAEoHyafAS2fASggJp4BK6MBJR8nnwEqowEoHiWiASqkASY=
HiagASyiASceJqABKqABKCAnoAEqoAEoHiigASqiASgfJKABK6IBJyAnngErogEnHyWhASqiASg=
HiWiASmjASYfJ58BLJ8BKCAmngErowEmHSmfASqjASUeJqABK6MBJR4moAEqoQEoHyagASqhASg=
HyaeASqgASgfJp4BK6QBJh4loAEqowEnHSWiASqjASYdJaEBKqEBKB4jnwEqowEnHySgASqhASY=
ICWfASqhAScgJZ4BK6EBJx4loAEqogEnHiWhASqgASgdJKEBK6EBJx8joAEqoQEoHySgASqfASg=
HiSiASmhAScfJKEBKZ8BJx8loAEqoQEnHiShASqhASgeJaABK58BKR4loQEqoAEnICWgASqfASk=
HyShASqgASgeJaIBKqIBJR8kogEpogEnHiWhASqiASceJqABKaMBJh4loQEpowEmHyagASmjASg=
HiShASiiASgeKJ0BKaMBKB8loAErogEnHiegASmiASgeJp8BK6EBJx4mnwEroQEmHyWhASqgASg=
ICSgASqgAScgJZ8BKqEBKB8koQEpogEmHiSjASmiASYeJ54BKaIBKB4loAErogEnHiagASmiASc=
HyafASmhASceJ50BKqABJx8loQEroQEnHiWfASugAScgJZ4BKqIBJR4nngEqogEmHiegASqiASU=
HyafASyeAScgJZ4BK6EBKB4jnwEqogElHiagASqjASUdJaABKKMBJR8mnwEroQEmHiagASmiASc=
HyOhASqhAScfJp8BKqABKB4koAErngEpHyWdASuhASceJZ8BKqIBJh4loAEqoAEoHyWgASqgASg=
HiWeASqgASgfJZ8BKqEBKB0loAEqoQEmHyWfASufASgfJaABKqABJx4moAEqngEoHiWgASqiASU=
HyagASmfASgfJZ8BKqABKB8loQEqoAEnHyafASqiASccJqABKqEBJx4loAEroQEnHieeASuhASg=
HiWgASmkASUeJqABKaIBKCAmoAEqoAEoHyWgASqhASgeJp8BKqABKB8loQEqowEnHSahASqiASg=
HiSiASmkAScfI6IBKaIBJx4nnwEqogEmHyieASygASkeJKMBKKMBJx4moQEqoAEoHiaeASygASk=
ICWgASqgASgeJ54BK6EBKB8koQEroAEoHiWgASqhASceJKIBKaIBKB0kogEoogEnHyafASqhASg=
HiWgASugASgcJaEBKaMBJh4lnwEqogEmICWfASqhASYfJqABKqEBJx8lngEroQEmHySgASqhASY=
HyWfASqjASUeJp8BLZ4BKR4loAEqoAEnHiWhASmgASYeJaABK58BKB8lnwEqngEpHySgASqhASc=
HyaeASqjASYeJaEBKqABJx4kogEoogEoHSWhASqgAScgJaABKaMBJx4koQEqoAEnHyeeASqiASg=
HSShASugASYfJp8BK6EBKB8lnQEroAEoICWgASqgASYfJqABKqIBJx4loAEqoQEoICOiASmhASg=
HyOiASmiASceJqEBKKIBKB4moAEppAEmHyWhASmiASYeJKIBKqEBJR8koAEqogEoHSWgASqiASg=
HSWgASqhASYgJaABKqABKB4mnwEqoQEmICWiASiiASgeJaEBKqEBKB4joQEqowEmHiWhASmiASc=
HiWiASqhASgeJaIBKp4BKh4koAEqoAEoICWgASugASgeJKEBKqABKR4kogEopAElHiWhASqjASY=
HSWkASiiASceJZ8BK6ABKB8loAEoowEoHSSiASijASceI6ABLZ8BKB4lnwEpogEnHiWiASmhASg=
HiWgASikASUdJaMBKKIBJh4loAEqnwEpHSSgASqgASgeJaEBKqABJx8lngEqogElHyeeASqeASk=
HiWfASmgASgeJaIBKKMBJh4loQEpoAEmHiafASqgASYeJaABKqIBJR0noAEqoAEmHySgASugASY=
HiWhASiiASUeJp8BKqIBJh4loAEqogEmHyShASqgASgeJp8BK6ABKB0logEpoAEoHiWhASmiASY=
HyWgASqiASYfJaABKqIBJx0kogEpoQEmICafASikASYfJZ8BKqIBJx8loAEqoQEnHiWgASqhASg=
HSShASmjASceJZ4BKqABJx8mngEpowElHyefASigASgfJp4BKqABJx8lnwEsnwEoHiOiASmhASc=
HSSiASqhASgdJKIBKaEBJh4loQEooAEmHyWfASqgASceJp4BKqABKB8joQEroAElHiOiASqgASU=
HCWgASiiASceJKEBKZ8BJx4loAEqnwEoHyWfASqeASggJJ4BK54BKB0lnwEqnwEnHiWiASiiASU=
HCShASqgASYeJKABKqABJx0loAEpoAEmHiOiASmiASUeJZ8BKaEBJx4kogEooAEmHiWgASqgASg=
HCWgASmgASgfJZ4BK6EBJx4kogEpoAEmHyadASugASYfJaABKaQBJx4loAEpoQEoHiWhASqhASU=
HiWgASqiASYfJaABKqIBJh8lnwErogEoHyagASqfASkfJqABKaABKCAloAEoowEmHiSjASqiASY=
HiWjASmiASgeJaEBKqIBJh8noAEroAEnICWhASqhASgeJ6ABKqMBKB4kowEpoQEoHyagASmiASg=
HiagASqiASgfJKIBKaIBJh8logEpoQEoHyWgASqhAScfJaABKqEBJyAmnQEqogEpHyWhASqiASc=
HSWhASqgASgfJqABKqIBJh8jogEpoQEoHiShASmhASgdJKIBK6ABJx4loQEpoAEoHCWiASmgASc=
HyWfASqgASceJp4BK6ABKB0mnwEqoQEnHiOiASmiASUeJaABLJ8BKB0loQEpnwEoHiSgASqgASg=
HiSgASmhASUeJZ8BKqEBJR4logEnowEnHSOiASmhASUfJKABKaABJx8mngEqnwEnHyadASufASg=
HiSiASihASYdJaEBKaEBJx0loQEqnwEoHSaeASugASUfJZ8BKqABKB4loQEpowEmHiWgASqgASg=
HiSgASqiASUfKJ4BKaIBJx8loAErnQEpHyWhASqhASceJaIBKaIBJx8koQEoowEnHiWhASmhASg=
HyOgASqjASceJKEBKqIBKCAlnwEqoQEnHyWiASmgASghJaABKqEBKCAloAEqoAEpHiSjASmkASY=
HyWhASmgASggJp8BKqEBJx8moAEpoQEnHiafASqjASYeJqABKqIBJiAnngEqogEnHyagASmgASk=
ICWfASqhASgfJaABKqABKR4koQEroAEoHiSiASmiASgeJp4BK6ABJx4moAEqnwEnHySgASuhASc=
HiWgASqfASceJZ8BKqEBKB4jogEooQEmHyOiASmfASgfJKABK50BJx4lnwEpoQEmHSSgASqhASU=
HiSgASmiASYeJKABKp8BJh0kogEongEoHyOhASmfASYdJKABKaABJx0koAEqoAEnHiSeASqgASY=
HiOgASqdASYfJZ8BKqABJh0koQEooQEmHSOgASmgAScfJKABKp4BJx4lngEqoAEmHSSgASmiASY=
HiSiASmfASceJqABKqEBKB4joQEpoAEnHiafASugASYgJqABKaABJh4moAEqogEmHyaeASqiASY=
ICShASmiASYdJaEBKqIBKB4koQEpowEnHSWhASmhASgfJKABKaMBJh4loQEqogEnHyOiASqgASg=
HyShASuiASUeJaABK6ABKB4moAEqogEnHiefASqiASceJqABK6EBKB4mnwEqogEmHiagASqiASc=
HSWgASuhASgeJZ8BKqMBJR4lnwErogEnHSWgASuiASgcJaABKqIBJxwloAErogEmHiShASqhASg=
HCOiASmiASgdJKABKaIBJh0koQEqoQEmHSWgASmgASgdJKABKaEBJx4koAEpoQEnHiOhASmgASc=
HSSgASqfASceJKABKaABKB4joAEqoAEmHSSgASmgASgdI6IBKqABJx4joAEpoAEnHiSgASqgASc=
HiOhASmgASceI6EBKp8BJh4koQEooAEoHiSfASmgASceJaABKaABKB0jogEpnwEoHiSgASihASc=
HiSgASqhASceJKABKaEBJx4koQEpoAEnHiafASqgAScfJKABKqABJyAkoAEqoAEpHiWgASugASY=
HyagASqhASgfJJ8BKqEBJyAmngEqogEnHyaeASqiAScfJp4BKqMBJx8nngEqogEnICWfASqjASg=
HyWfASqiASgeJaIBKaABKB8nogEqoAEmICOiASqgASgeJqIBKqABKB4loQEqoAEoHyWgASugASc=
HiWiASijASceJaABKqEBKR4mnwEqogEmISWgASiiAScfJqABKqABJyAlnwEqoAEnICWgASqfASc=
HySgASqgAScgJp8BKp8BJx8loAEqoAEnHyWgASmgASceJZ4BKqEBJx4mngEqngEnHiWhASqfASc=
HiWeASqgASYeJp8BKaABJx8knwEqngEnHyadASqdASgfJp4BKZ8BJx4loAEpngEnICWfASifASg=
HiWeASqgASceJZ8BKKABJh4lnwEqnwEoHiaeASigASceJZ8BKp8BJx4loAEoogElICWdASqgASc=
HiadASugASgeJZ4BKaIBJh4lnwEpoQEnHiWdASuhAScgJZ4BKqEBJyAknwEqXyZipQGoASYgIg==
ICSiAShhY2ZlIyNkY2VlJCJiZGVjJSNkZGZhIyFjZWZhJiNkZGZiIyJiZw==
ZGQkImRlZWIlI2NkaGQjIGVjZGQlI2NkaGQjIWRjZWQkIWNlZmYjIGNj
Z2QkImRjZ2QjIGRkZmQkIGNkZGcjIGRkZmUhIWFlZWUjIWJlZmMjIWFl
ZmQjIWFkZGQkIWFmZGQjImJjZmQjImFkZWIlIGJjZmMjIWJlZGQiIGRj
ZmMjHmJmZmIjIGFkZWIkIWFkZWQiIWJkZmIjIGNkZGUiIGNkZWIjH2Nj
ZGQkIWJlZmIhImJlZWIiImJkZmIjIWNkZWQjIWFjZ2QiH2NmZWMjIWRj
Z2IjImJkZWMkIGViZWQjImNlZWQjImJjZmMjIWRkZmMjI2JjZ2MjImJk
ZmQkImRkaGMlI2NkZmMlIGRlZmQjIGNlZWQlImJlZmQlIWRjaGQlIGNk
amMjImJlaGQkImJlaWQjIGNmZmMlImRkZ2MkI2RiZ2UjImNkZmQlI2Fl
ZmUlIGRiZ2UkIWNmZmQkImJkZmQjImJkZ2QjIWJmZmQiIGNkZ2QjIWNk
ZmUkIWFmY2YkImJjZWQkImNkZGQkIGJlZWQjIWNhZWQkIWNkZGQjIWNk
ZGYjH2NkZGUkIGNkZmQjIGRhZmYjH2RjZmQhH2VjZWMiI2JjZmIjIGRk
ZWQiIWQjISIiISAgIyEjICEgIyAhIiMiIiEgICMjIiAgISMiIiAjISAg
IyIhISEiIyIhICEiIyEiIiEgIyEjIiIhIyEgIiEhIyMjICMiICEjIiMh
IiIhIiEjIyEhIiMiIyAhI2SnAWmjAWclpAFmqQFkJ6IBbKEBaCQhIyMgISNkJSAk
ZGNpZSMgIyMkIiIhIiAkYWYlISIiHyRjpwEoYChhKKMBJSOhASuhAaoBZGUkI2M=
Z2JlIyNhZmRmJCRhZGRkJSRhZGVlJCNjZ2RkJCNhZmRlIyFjaGNmIiNg
ZmRmIiNhaGNmIyFhZ2VmISJhZ2ZkJSNhZGVkIyJhZWVlIyNhZmNlIyNf
ZmVlIyNiZGRlIyNhZGVmISJiZGNmIyNiZWRmIiFiYmRmIyJiZmNmIiJh
JiAiISEiISEiHyIgJCIiHyEiIiEhICEhIiMiISAgIyIhIiEgIyAhIiMh
IiEhISIfIiMiISMfISEhIyEiISAjICMgICEiISEhIiEjISEiISAhIyMh
ISIjICAiIyEiICVhpQFmpwFjKKEBaKYBZSWjAWilAWUjISMgJaIBKCAiHySiASqgAScg
J54BK58BKB8nngEroAEoHyegASuhASYfKJ4BK6EBJx4mnwEsoQEnHyWhASqgASkeJ50BLKEBJx4=
J6ABK6IBJx4moQEroAEnHiegASufASggKJ4BLJ4BKB4moAEtngEoHyefASufASgeJ54BK6IBKB0=
JqABLJ0BKh4mnQEsoAEpHyagASyfASceJp4BK58BKR4lnwEsnwEpHiafASugASUeKJ0BK6ABJx4=
JqIBKp4BKB4lnwEsnQEnHiefASyeAScfJ6ABKp8BJx0mngEqoQEnHSagASqdASkeJp4BKqEBJh4=
JZ8BK54BKB0loAErnwEnHSagASmgAScfJp4BLKABJh4lnQErnwEoHiagASufASceJ54BKp8BKB4=
Jp4BK6ABKBwkogEqoAEmHieeASugASceJqABK50BKB4onQErnwEpHiaeASygASkeJaEBK58BKB4=
J6ABLJ8BKB4loQEsngEoHiWgASygASgdJKIBKqIBKB4mngEtoAEoHiigASqiASgeJqABK6EBKh8=
JqABLJ8BKB8nnwEtoAEoHiigASygASgfJ6ABLKABKSAmoAEroQEoHiegASyiASgeJ6IBLKEBJh8=
J6ABLKIBKR4noQEqogEoHiegASqiASgeJ6IBLJ8BKh4logEtoQEnHiehASygASkeJ6IBKqEBJx8=
JaIBKqIBKR4logEsoAEpHiWgASuiASceJqEBLKABJR8ongEtoQEnHyWgASygASgfJqABK6EBJx0=
J54BLJ8BKB4nnwEsnwEoHiagAS2fASggJZ0BLKABKBwmoQEroQEnHSWgASyhASgcJqABK58BKB8=
Jp8BLJsBKh8mngEtnQEoHiieASugASceKJ0BK6EBJh4onQEsngEnHieeASyhASgeJZ8BK50BKB8=
Jp4BK6EBJx4mnwEroQEpHSafASyfASgeJ58BLJ4BKB0loAEqogEoHiWfASugASgeJqABK54BKR4=
JqABK58BKB8mnwEroQEmHSagASyhASceJaABLaEBJx0noAEtoAEoHSagASuiASYeJqEBK6MBJx4=
JqEBK6ABKR4loQErnwEoHiagASygASkeKZ4BLKABKR4loAEqogEoHyegASuhASgeJaIBLKABKR4=
J54BLp8BKSAnnwEsoQEpHyaiASqeASkgJ58BLJ8BKR8ongEsoAEoICieAS2hASgeJaABLKABKB8=
KKIBKqEBKB4noAEroQEoHiefASyhAScfJ6ABLKIBJyAmoAEqogEnHiWgASujASYeJ6ABKqMBJh4=
JaABLZ8BKB4ongEsngEoHyafAS2fAScgJp0BLp4BKB8mnwEqoQEmHiegASyeASgeJp8BKqIBJh4=
Jp4BK6EBJx4ongErnwEnHiagASqgAScfJZ0BLKABJx4loAEqngEmHyedASyfAScdJ50BLJ4BKB4=
J54BK58BJx8nnQEsoAEnHyedASydASkdJp8BK6EBJx0lnwEsnwEoGyagASqgASgdJ5wBLZ4BKB4=
J6ABKqABKB4moAEqoAEmHSeeASugAScfKJ0BLZ8BKB4logEqnwEoHyWgASufASkeJqABKqABKB4=
Jp0BLaABKB4moQEsoAEoHiedASyiASgfJqEBK58BKB4onQEunwEqHSahASuiASgeJqABLJ8BKB4=
JqIBK58BKR4moAEqoAEoICidAS2eASofJp4BLKEBKR4nngEtoAEnHiagAS2gASceKJ4BLaABKR4=
J6ABKqABKR4lnwEtoAEoHiagASqiAScdKJ8BKqIBKB4nngEtnwEnHyagASqgASggJp8BK54BKR4=
KJ4BLJ4BKB4moAEqoQEnHCagASuhASgdJqABLKABJxsloAErogEnHCafASuhASceJZ8BLKEBKBw=
JqABK58BJx4lngEsnwEpHiWgASqfASkdJaIBKp4BKB4lnwEtnQEoHiagASqeASkeJqABKp4BKR4=
JZ8BLJ4BKR4mngEtngEnHyeeASydASkeJp0BLJ8BKR4mngEroQEoHiefASygASceJqABKaIBKB0=
JaEBLJ0BJh8onQEsogEoHCWhASyfASgdKJ4BK6EBKh0loQErnwEnHiieASuhASkeJp4BLaABKB8=
Jp8BLKEBJx4noQEroQEoHiaeAS2hASgfJKIBLKABKB8moAEroAEnHiegASyhASceJ6EBKqIBJx4=
JqEBLKABJx4moQEsoQEoHSahASyhASkcJqABLKEBKB4ooAEtoAEoHyWfAS2gASgfJqABKqEBKR4=
JaABK6EBJx4onwErogEoHiWhASuiASgfJp8BLJ4BKR4moAEroQEoHiahASugASgeJ54BK6ABKR0=
JaABLJ8BKB4loAEroQEmHiWeAS2hASccJ6ABKp4BKB4loQEsngEoHSadASudASgeJqEBLJ4BKB4=
Jp0BK54BKB0mnwEtngEmHyWeASqgASgdJaABK6ABJx0lngEsoAEnGyWeASqfASgeJZ0BK6EBJhs=
Jp4BLKABJx0onwErnQEoHSidASueASceKJ0BLZ0BKB4mngEtnAEoHiadASyfASceJ54BK54BKB4=
Jp4BK50BKR4nnQEsnQEpHyadASyeASceJqEBKp8BKR0loQEroAEnHSefASyfAScfJp8BKqABKB4=
Jp8BK6EBJx4mnwEroQEnHiefAS2fAScfJZ8BLaABJx4ongEtnwEpHCahASufAScgKJ4BLaABJx4=
JaABKqIBJx4moQEsoAEoHiWgASuiASgeJaEBKqIBJx8kogEqoQEoHyWhASqiAScdJ58BLKEBJx4=
KJ4BLJ8BKx8lnwEroAEpHiWfAS2gAScfJp0BLZ4BKR4loAEroAEoGyagASufASkgJp0BLZ0BKCA=
KJ4BLJ0BJx8mngEroAEoHiebASyfASkfJp0BLJ4BKB4nngEsnQEoHiaeAS2eAScdJqABKqEBKBw=
Jp8BK54BJx8mnAEtnwEnHSafASugASYcJ54BK6ABKB0lngEsnwEmHCeeASugASceJZ4BLJ0BKBw=
JqABK50BKB4mnQErnQEoHiadASyeASgeJp8BLJ0BKB8mnQEsngEoHiedASudASkeJp4BLJ4BKB4=
J50BLaABKBwloQEpoQEoHiWeASugASgdKJ8BK54BKB0nnwEtngEoHiafAS6dASgeJqEBKqABKR4=
KJ4BLZ0BKh8loQEsngEqHiWhASugASkeJ6ABKqEBKB8ongEsoAEoHyifASuhASkgJaEBLaABKB8=
J58BK6EBKB8noAEsowEnHiieAS2iASgeJqABLKEBKB8ooAEtoAEpHiagASqiAScfKZ0BLaABKh4=
JqABLaABKB4onwEtoAEqHiafAS6eASkeJ54BLaABKh4mnQEungEqHSegASugAScdJqEBKqIBKBw=
JKABLZ4BKR0lngEtoAEnHiedAS2gASYdJ54BLZ0BKB8loAErngEoHSWeAS2eASccJ58BK50BKB4=
Jp0BK6ABKB0joAEroAEmGyWeAS2gASYbJZ4BK50BKB4mnQEsngEnHieeASucASgdJp0BLJ0BKB0=
JZ4BLKABJRwmnwErnQEoHCagASqgASYeJ5wBLZ0BKB0noAEqoAEoHCedASydASkdJaEBKqABKBw=
J54BK54BKB0nngEtoAEoHCidAS2gASYeKZwBLZ8BKB4onwEqoAEpHiWgASugASgfJ54BLKEBKB8=
J6ABLJ8BKB4noAErogEoHiWgASykASgdJaMBK6EBKCAnngEtowEnHiigASuiASgfJqABLKEBKR8=
J6ABLaABKh8moAEsoQEpHyegASyfASggJqABLKMBKB4noAEtoAEoICagASujASgfJqEBLKABKR4=
JqEBK6EBKB4onwEtnwEpHyWhASyfASggJp8BLaABKB4onwEroQEoHiigASuhASgfJZ8BLaABKB0=
KJ4BLZ8BKh4mnwEtnwEoHSagASqgASggJp4BK6ABKR4loAEsngEoHiedASueASkeJ50BLJ8BJx4=
Jp8BK58BKB4mnQEroAEpHCeeASueASgeJ50BLp8BJx0mnwEqnQEoHSaeAS2eASgeJp0BLJ0BKB4=
Jp4BLJ0BKB4mngEsnQEoHSWfASyeASgcJ50BLZ4BKB4mngErnwEpHSWeASyeASgdJ50BK54BKB4=
Jp0BLZ4BKB4nngEqnwEoHiWdAS2fASkeJZ4BLJ8BKB4nnwEqoAEoHiaeASygASgeJp4BLKEBKB4=
Jp8BK6ABKB8nngEtnwEnHiegASqhASgeJqABK6EBKB4noAEsnwEoHiagASuhASgeJaEBK6ABKB8=
JaABK6EBKR0moAErogEoHiWhASqiASceJqABK6IBJx8loQEqoQEoHiagASugASodJaABK6ABKR4=
Jp8BK6ABKB4moAEqoAEoHiagASugASgfJp8BLJ8BKR4loAEroAEoHiafASugASgeJZ4BK6ABJx4=
Jp0BLJ8BKB4mnQErnwEoHiWdAS2fASgeJp0BK6EBJh4mnQEtngEoHSadASugASceJp0BK6ABKB4=
JZ0BLJ8BJx0mnQEsngEnHSedASufASgeJpsBLZ4BKB0lngEsngEoHiadASyfAScbJp4BK54BKB8=
JZwBLJ8BJx4lnAEtnAEpHiWdASyfAScdKJwBLJ4BJx8omwEsoAElHiidASygASceJ5wBLZ4BKB4=
J54BLJ0BJx8lnwEqnwEoHyefASydASceJqABKp8BKCAonQEtnQEpHiagAS2cASggJ58BLJ4BKB4=
J6EBLJ0BKB8nngEtnQEpHiegAS2cASkfKJ8BK58BKB8ongEtnwEpHyifASyeASggKJ4BLJ4BKCA=
KJ4BLZ4BJx8pngEtnwEnHyigASueASgeKZ0BLZ0BKCAongEtngEoHyieAS2dASgeKZ0BLZ8BJyA=
KJ4BLZ0BKCAnngEtnwEoHyidASyeASkeJ58BLZwBKR4onwEtmwEpHyieAS2bASoeKJ8BLZwBKB4=
J6ABLpsBKB0ongEunAEoHieeAS2bASkeJp4BLZ0BKB4mngEtnQEoHiagASueASgdJZ8BK54BKR4=
Jp4BLJ0BJhwnnQEtnQEpHSedASyeAScdJZ4BLJ4BJx4nnwErnAEoHSWdAS2eASkcJaABK50BJx4=
JZ8BK54BJxwnnwEsnQEnHyidAS2cASgeJ50BLJ0BKR0onAEtngEoHCWgASqgASgdJp8BKqIBJxw=
Jp8BKqABKB4mnQEroAEoHiidASuhASgdJaIBK50BKR4loQEqoQEnHSidASyfASkfJaABLZ8BJx4=
J58BK6EBJh4noAEqoAEoHiWgASyiASgcJqABLKEBKB8nnQEsogEoHSafASuiASgcJaABLKEBKB4=
JKEBLJ0BKB8mnQEtoAEnHiafASqgASgeKJ0BLaABKR4lngEsnwEnHSafAS2fASgeJ50BLJ4BKB0=
JqABK58BKB8mnQEroAEnHCagAS2dASodJKABK50BKB4nnAEsnwEoHSWgASufAScbJZ8BKl8oYA==
pgGmASUeIx4mnwEpXGdjZCMjYWVkZCIhYGZkYyMjYGZkYiMiYGVjZCIjYWZh
ZCMiYWRkZCMiYWZiZCEhY2VhZiIiYGZhZCMgX2ZlZCMiYGViZiMiX2Zk
ZCEjYGZlYyAiYGZjZCEjY2RiZiMiX2ZkYiMiYWZjZSIgYWdjZSMiYWVi
ZSMhYmVhZSIiY2RjZSQiYmRkZSQiYGZkZCMhY2ViZSIjYWZkZiIjY2Vj
ZCIiYGhkZiEhYmZlZSIiYWdkYiMlYWRkZSQiYmNmZCMiY2ZiZSMjYWVi
ZiMjYmRmZSMhYmZkYyQiYWVkZiEjYWZkZSMjYGZjZCMhYWdlZCIjYGVk
ZiIiYGZkZCMhYWVkZCMgYWdjZSMiYGZhZiMjYWVkZCIiYGdkZCQjYWVk
YyMjYGZkZSEgYWZkZCMiYWZiZSQiX2ViZyEiYGdkZCIjYGZkZSIiYmZk
ZCMhYWRkZSEiY2RkZCMkYmRjZiIiYmVlYyQiYWVkZyAhY2RmZCIjY2Vi
ZCQhYmViZCQjYWZjaCEjYmZjZCUjYWRjZiUiYGZkZiAjYWZjZSQiYmdk
ZSMiYWVkZCMkYWVjZiQjYWZkZSMjYWZkZiIhYmVkZiQiYmRkZiMiY2Vk
ZyIjYWVjZSMjYGZkaCAhZGZiZiMkYmNkZiIiYWNlZiMiYWZkZiMiYWNk
ZiMjYmRkZiIkXyYgISAjISEgIiMhISMgHyEjIiIhIiAhISIgISIjISMg
ISEgICIjISAjICIhIyIjHyAhIiEjIyAgIyEiISIhIyEiHiEiIyEgISIi
IiAiISMgICEiISIhISAhISMhISAjY6MBZqQBZSigAWejAWYnoAFnoQFmJCAjISMe
I2InHiReZmJmIx8gIiEiISMgHiJkpQFnIyAfJGOlASYeJKQBpAEmIaMBJCNeKF8=
aWAjIGBmZGIlIWJkZmEkIWFkaWEkIGJjaGEjImFkaGIjImNjZmIkImFl
Z18kImFlZmMjIGFmZmEjImRiaGElIWJiZmIlImJkZGMkIGRiZWQjIGRi
ZmQlIWJiZWQkImRhZmQlIWJjZmQkIGJkZWQkIGRiZGMmIWJjZWQkIWJj
ZmUjIGIkIR8gISMhIiAhICIgIiAiICIiIyAiHiEiJCEgHiMjISAhHyIg
IyEiISIfIiAiICEgIiAhICIgIyAjICIfISAiICQgICAjICIgIh8hICIg
IyEiICEgIiAjICQgIx8gIWOjAWueAWQmowFlpQFiJ50BaqABZyIgISAjoAEnICAgJA==
nAErngEmHSWdASyeASceJZ0BK54BJR4lnQErngEnHyWcASudASceJ54BKJ4BKB4lnQEqnQEmHSY=
ngEqnQEoHiSfASigASYdI6ABKp0BKB8knQEqoQEmHiWdASqeAScfJ5wBK54BJyAknQEsnwEnHSU=
ngEpoAEoHiWeASudASceJp0BKp8BKR8knwEqnwElICaeASqfASYeJZ4BK50BKB8lngErngEpHiQ=
oAEqnwEnHiadASugASgdJp4BK6IBJR4mnQEqoQEnHyWgASqgASYfJZ4BKqIBJx4loAEooAEnHyU=
nQEsoAEoHySgASqfASceJZ8BK6ABKB0kogEroAElHiWgASqiASYeJZ0BLJ4BJx4loQEoogEmHyU=
ngErngEnHiWhASmfASgeJaABKaABJR8koAEpoQEnHiWeASqgASceJp0BKaEBJR8mnQEsnwEoHyE=
oQEqoAEmHiSfASqgASYeJKEBKKEBJx4lnQErnQEoICWdASueASceI6ABKp8BJx4mnQEqoAEmHiU=
nQEsnAEoHyWdASufASUeJKABKKEBJh4mnQEroAElHCSfASuhASUeJKABKqABKB4lnQEqnwEoHyU=
nQEsnQEnHyWdASufASYgJZ4BKp4BJx8loAEqnwEnHiWfASueASYgJZ0BK58BJx4nnQEqoAEnHiU=
ngEpogEmICabASyfASYeJp8BKaEBJR4mnQEsoQElHiedASugASYeJZ4BKqIBJR8lnwEoowElHiU=
ogEooQEnHiWhASmiASYdJqABKqABJx8lnwEqoAEoHySfASygAScfJZ0BKqMBJh4jogEqoAEnHyU=
nQEqogEnHiSgASudASgfJZ4BKqMBJh4koAEsnwElHiWgASqiASYdJaABKqABKB0joAEqnwEnHiY=
nwEpoAEnHyWeASqfASceJp8BKqEBJx0koAEroAEnHiKiASqeASgeI54BK54BKB4koAEooAEnHSU=
nwEpngEnHiOfASmgAScdI58BLJ8BJx4knwEqngEnHSWeASqeAScfI58BKJ8BJh0lnwEooAEmHSU=
nwEooAEmHSSeASucASkdJJ0BK54BJh8lmwEroAEmHySeASudASYgJZ0BKp8BJx0joAEqnwEmHCQ=
oAEqnQEnHSSfASqfASYfJZ8BKp4BJxwloAEqnwEnHSWgASmfAScdJZ4BKqABJh8knwEqoAEnHiM=
oAEqoAEoHiSdASmhASYfJZ0BKqABJh8lngEqoAEmHiWfASyfASgdJp4BKKEBJh4mngErngEoHyU=
nAEroQElHyadASqhASYeJaABKaIBJxwloAEpoAEnHSWfASqfAScfJZ0BK54BKR4lnQEqnwEnHiU=
nwEpoAEoHSSfASmhASYdJZ0BLZ0BJx4lnQErnwEoHSWdAS2dASgdJZ0BLJ0BKB4lnAErnQEoHiQ=
nwEpnwEnHCSgASqfASgdIp4BK58BJR4lngErnQEmHiaeASudASYdJZsBK6ABJR0lnAErngEnHiQ=
nQEqoAEmHSSdASqgASUeJZ4BKZ8BJh0knwEqnAEmHSaeASqdASceJZ0BKp0BJx8jnwEqngEnHSM=
nwEqnQEmHSWgASmdASYdJJ8BKqABJh0knwEqnQEoHiOeASqeASceI6ABKKEBJxsloAEooQElHiU=
ngEpngEnHiSdASqgASYdJZ4BKqEBJR0mnwEqngEmHiWdASudASgdJKABKp4BJx8kngEqngEoHiM=
oAEqngEoHiWcASugASceJZ8BKp8BJh4lngEpoAEnHiSgASqfAScdJZ8BKaIBJh8knwEqnwEnHiU=
ngEqnwEnHiSgASmjASUdI6ABKqABJiAlngErnwEmHyWfASqhASgdJKABKaEBJx4joQEpoAEnHiU=
oAEqoQElHiedASqfASgeJZ8BK58BJx8joQEooQEmHiWdASqgASgeJJ4BK6ABJxwkoQEooAEmHyY=
ngEpoAEnHiaeASqhASceI6EBKqABJh4joQEpnQEpHiOhASqeAScfI6ABKp4BJx4joAEqnwElHSU=
nQEqoAEnHSSgASqgASYeJaABKJ4BJx8joQEpnQEoHiOgASmfASUeJZ8BKqIBJhsjoQEpoAEmHSU=
ngEpoAElHSWeASmfASgeJJ0BK54BJx4koAEqngEnGyWeASuiASYdI6ABKp4BJx4loAEooQEmHCQ=
nwEsoAEmHSKiASmfASYeJZ4BKqEBJh0loAEqoAEmHSShASmfASYfJZ4BKp8BJx8lnwEqngEnHyQ=
nwEroAEnHiWgASmhASceJKABKZ8BKB8knwEqngEnHiafASqhASYeJKABKaEBJh4lnwEqoAEpHiM=
nwErnwEoHiSgASmiASQeJZ4BKqIBJR4loQEpoAEoHiWfASugASUeJKEBKqABJh4joAEqoAEpHiQ=
ngEqoQEnHSOiASmeASgeJZ0BKaABKB4nngEpoAEnHiWeASueASceJaABKJ8BJx8lngEqnwEmHyQ=
oAEqoAEmHiWdASufASYeJaABKp8BKB4ioQEqnwEmHiWgASqgASgeJJ4BKqABJh0loAEqnwEnHiQ=
nQEqnwElHiafASmgASYeJJ8BKqABJh4kngEqnwEmHSShASifASgdJZ8BK58BJh4knQEsnwEmHiU=
nQEqngEnHSWeASmfASceJZ0BK54BJx0mnQEqnwEmHiWeASqfAScfI6ABKKABJh0lnwEoogEmHCU=
oAEqngEmHiWdASydASgeJZ0BK50BJx4nngEqoAEmHSOgASmgASUeJJ0BKqABJx4kngEqoQEmHSQ=
ngEqnwEnHyWdASueAScfJZ4BKp8BJx0joAEqnwEoHCSfASmgASceJJ8BKp8BJyAlnQErnwEmHiU=
oAEqngEoHiSeASugASceJJ4BKaABJxwlngEpoQEmHCSfASugASUfJZ8BK54BKB4lnwErnQEoHyM=
ngErngEoHiSdASqhASccJaABKaIBJR4lnwEpoAEoHSOgASmhASYdJJ8BK58BJh8lngErngEoHiQ=
ngEpnwEoHiSgASmhAScdJZ0BK58BJx4knwEqoAElHiWeASugASYdJp4BKaEBJx0koQEpoQEmHCU=
nwEqoAEmHSWdASmiASYeJKEBKqABJh4lnwEqnwEoHiWdASyfASYeJJ8BK54BJx4lngEroAEnHCM=
oAEpogElHSeeASqeASgeJZwBK54BJx4lnwEqoAEnHiSgASmgASceJZ4BK6EBJR0loAEpoAEnHSU=
nwEqnwEoHiSgASmhASYdJZ0BK6EBJhwlnwEqoAEmHCWgASqgASYeJZ8BKZ8BKB4koAEqoAEnHiQ=
oQEpnwEnHiWfASqfASYfJZ4BKqMBJR4lnwEsnwEnHCSiASmfASceJZ8BKqEBJx4joQEqoQElHSU=
oAEqoAEmHiWeASuhASUeJp4BKaABKB8lnwErngEnHiSgASqgASYeJZ8BLKABJh4lnwEqoAEoHiU=
ngEsoAEnHiOhASqfASgeJaABKqABJxwkoQEoogEmHiWgASqfASceJp0BLJ8BKB4joAEpogElHSU=
oAEpoAEnHyWfASmfASceJZ4BKqABJx8lngEqoAEnHySfASqgAScfJZ4BKqABJx4lnwEqoAEmHyU=
ngErnwEnHiWeASufASgeJZ4BKp8BKB4lnwEqnwEnHySfASqfASceJZ8BKqABKB4lngEqoAEmHiU=
nQEqoQEmHiWeASqgASceJZ4BKqABJh8lngErnwEnHiWfASqgASYfJZ8BKqABJx4loAEpoAEmHiU=
nwEqnwEmHySfASqhASYfJZ4BKKEBJh4loAEpoQEmHiShASmgASceJKABKaABJx4koAEpoAEmHiQ=
oAEqnwElHiSgASigASceJKABKKEBJh4loAEooQElHyWgASmhASUfJJ8BKqABJR4loAEpoAEmHiQ=
oQEpoAElHiWgASihASUeJZ8BKaABJh4loQEpnQEnHiWgASmgASYdJaABKqABJh0loAEqngEmHiU=
oAEpnwEnHiSgASmfASceJKABKaABJh4loAEqnwEmHiSiASigASYdJaABKqABJR0moAEpnwElHiU=
ogEonwEnHSWfASqdASgfJJ8BK58BJhwloAEqnwEmICOgASqeASceJKEBKp4BKB4koAEqnQEmHiQ=
ogEpnQEmHiSgASqgAScdJKEBKJ4BKB4koQEpnQEnHSSiASifASUeJaABKZ8BJh4loAEpoAEmHSU=
nwEpoAEmHSWhASigASYdJaABKKIBJR0loAEooAElHiWfASqfASYeJaEBKKABJR0loAEoogElHiM=
oAEqngEmHSWeASqgASYeJZ4BKaABJR4loAEooQElHiWgASigASYeJaABKaABJR4knwEpoAEmHiU=
nwEqoAEmHiWeASqhASYeJKABKaABJh0loAEooAEmHiWgASmgASUeJZ8BKaABJR4lngEpoAEnHiQ=
ngEqoAEmHiWfASmgASYeJJ8BKaABJx4joQEooAElHiWfASqeASgdI6EBKp4BJh4joQEpnwEmHSU=
oAEpngElHiShASqdASYeI6EBKZ8BJh0koQErnwElHCSgASueASceJaABKKABJhwkoAEpoAEnHiQ=
oAEooAElHCOiASifASYeJZ8BKqABJh8knwEqoAEmGyWhASiiASYdI6EBKKIBJR4lngEqoQEmHiY=
nQEqoAElICSeASmiASUgJaABKqABJx4koAEqoAEoHiWeASmiAScdJaEBKaEBJh4koQEroQEmHyM=
nwEpogEnHiWhASiiASUgJZ8BLJ4BKB8koAErnwEpHiOiASijASUeJaEBKaMBJR4moAEqnwEpHyU=
nwEopAEmHyWgASmiASUdJqABK6ABJx8lngEqoQEnHySiASmiASYfJKEBKaIBJh4loQEooQEnICU=
nwEpoQEnHiWhASqfASgfJZ8BKqABJx8loAEqoQEnHySgASmiASYeJKABKaABKR4joAEqogElHSU=
oQEpoAEoHiSgASugASYdJKEBKaIBJx4jogEooAEnHySgASmiASYeI6IBKaABJh4lngEqoQEoHCQ=
oAEpoQElHiaeASmhASceJKIBKKABJx0koAEpogEmHiShASmgASYeJJ8BKqIBJh4knwErnwEmHiU=
oAEoogEmHSWiASmeASgdI6IBKqABJhwloQEoogEmHiOjASihASUdJaEBKKIBJB8lnwEroAEmHyU=
ngEqogEkHiafASmhASYfJaABKp8BKB8joAEroAEmHiafASqhAScfI6IBKKEBJx4joQEoogElHiU=
ngErnwEmHiagASihASYeJZ8BKqEBJh0loQEqoQElHyWgASiiASYeJaEBKKMBJh8jogEongEoHyQ=
oQEpogElHSWgASqhASYfJZ8BKqEBJh8koAEqoAEoHyOhASmhASYcJaEBKaEBJxwlogEooQElHiQ=
ogEooQEnHyOiASqfASYfJKABKqABJxwkogEqoAEnHCSjASigAScdJKIBKaABJh4kogEnoQEmHyM=
oAEoXSdjpAGqASQeISAjoQEoYGRlYiMhZGNmYSMhZGRkYyMhZGNkYSMgZGRnYg==
IiBjY2ZjIiFkY2RiIyFjZGRjIyJiYmZjJCBiY2RiJSJhZGVhJCJjZGVj
JSBjY2djIyBkYmdjIyBjZGZkIyBiZmRkIyFiZGZjJCNjZGViJSJjY2Zk
JCBkY2VkJSJjZGZjJCBiZWZlIyBiZWZkJSBjZmZjJCJiZmVlJCFiZWZk
IyJhZWZkIyFkZGZkJSFiZGdjJCJjZGViJCJhZmdkJCBjZmRkJCFiY2dk
IyFiZGVkIyFjZWZjIyBiZmZiIiBiZWdkIiFiZWViIyBiZGdhIyBiZGVi
IyFhZGZiIiBiZGRjIx9jZWNjIyBjZGRhIyFiY2VjIx9kY2ViIx1kY2dh
Ih9jY2RiIiFhZGVhIiBiZGRhIiBiZGZhIh9jY2ZiISBjY2RiIiBjZGNh
IyBiY2RjIyBjZGNkIh9jZGRiIx9jY2ZhIyFkZGViIyBkY2ViIyBjYmVj
JCBkYmZiIyBkZGRkISFkY2ZkIyBiZWdiJSBkZGVkJCJlYmZkJSFiZGdj
JCNlYmhlIyJjZWdlIyBkZWhkIyFjZWZkJCJiZGdjJCJkZmZkJSBmY2dm
JCBlZWZlJCJmY2ZmIyFlZGVlJCNkY2hlIyFkZGVkJSNiYmdmJiBjZGVk
JSBkZGZkJSFiZGZjJSFkJCAiICMiISEiIiEjHyEhIiEhICEhIyAiISMg
IiEgISIhISAgISIhISAjICMhICEjICEgICEiICEhIiEhICEiISAhICIh
IiAiICEfISAiISEhIR8hICMgIh8iICIfISJkogFmogFjJqEBZaUBZCedAWqgAWYh
HiIjIB8iYCQdI2JiY2ElHyMgIiAgHyEgJWAmXSQdIx8lYaUBpAFnIR8jYWE=
J10lICWfAWZiJCBjZGVgIyJiZGRkIiFiZWRhJSFiZGRjJSFgZmViJCFfZA==
ZmIlI2JkZGMlImJjZmQkImNkZWIjI2NkZmQkImFkZ2UkImJlZWIlImRk
ZGUjImNmZGUkImNkZWUkI2NkZGUlIGJlZmQjImVkZWQlImJkZ2QkIGRl
ZWQlIWRjaGYkIGIlISAkIiEiICMjISEgIiIiICMiIiIjHyIiIyMhHyIj
ICIhISMgISAhIiMhIyEhHyEhIiEiISIgISIiIiIfISEiIiMfISEhHyIi
IyAiICEgIiAjISAgISAiISMhICAhIWKkAWmeAWUooQFipQFiJ58BaaABZSIgIh8h
ogEjHyAhI58BKJ8BJhwjnwEooAEmHCOdASmgASYdIp0BKKABJR8jnQEooQElHSWdASmfASYeIw==
nQEpnwEmHSKgASmdASYfI54BKZ4BJR0jngEonwEmHiWeASigASUfJZwBKp8BJR4lnwEooQElHyU=
ngEoogEkHyWeASueASgeJJ0BK6ABJx4lngEqnwEnHiWgASqhASYfJp4BKqEBJx8loAEqogEnHiY=
oAEpogEnHySgASqjASYfJZ8BKqEBKCAloQErogEnHiWgASqiASgfJaIBKaIBJx8mnwEopQEmHyU=
ogEpoQEoHyShASqgASgfJqABKqABJyAloAEoogEoHiWhASmhASgfJKABKaQBJR4loAEqoQEnHyU=
oAEpogEnHSWhASijASUeJaEBKaEBJx4joAEqoAEnHCSgASqgASceJKABKaEBKB4joAEqoAEnHSQ=
oAEpoQEmHiWeASufASUeIqIBKKEBJR8lnwEooAEmHiWfASiiASYeI6ABKKIBJx0joAEpnwEmHiM=
nwEqnwElHiOgASmhASYeJZ4BKp8BJh4koAEqnwEmHiOhASqeASceJZ4BKqABJR4mnQEqoAEnHiU=
nwEooQElHiWeASufAScdJZ4BKaEBJR8mngEppAElHiafASqgASYeJJ8BKKMBJx4kngErogEnHyY=
nQEqnwEoICWeASueASggJJ4BKqEBKB4lnwEroAEnICWfASqgASgeJqABKaMBJR4logEpogEnHiQ=
oQEpogEnHyefASqjASYeJKABKqQBJR8koAEqpAElHyegASqjASUgJaABKaIBJx4moQEqogEmHyY=
oQEqowEmHySjASekASceJaIBKqABKCAloAEqogEoICShASqgASggJKIBKqIBKB4koQEroAEmICY=
oAEqoQEoICWhASikASceJKIBKKIBKB4loAEopAElHiWiASqgASgeI6IBKaIBJh0loAEpoQEmICU=
oAEqngEoHiSfASmkASQeJKIBKKABJh8joAEpoAEoHCOgASqiASUdJKABKKIBJB0loAEpoAElHiM=
oAEqoAElHiSeASmgASceI6EBKKABJh4joAEongEmICOfASmfASgeI58BKaEBJR4loAEooAEmHSU=
oAEnoQElHiWgASmgASUeJJ4BKKABJh4loAEooAEmHiSgASmfASUfJZ4BKaEBJh4kngEooAEoHyQ=
nwEoogElHiWhASigASUgJKABKaABJx8loAEooQEmHiWfASmhAScgJKABKqEBJh4mnwEroQElICU=
nwEqogEnHiWfASuhASYgJaABKaIBJR8lnwEroAEnHyaeASugAScgJqABKKQBJR4moQEoowEmHiQ=
ogEoogEnHiWgASqjASUfJaABKqIBJSAloQEoogEmICWgASiiASceI6ABKqEBJx8koAEpowElHyU=
oAEoowEnHyOhASiiASceJZ8BKKMBJR4loQEpoQEnHiWdASqgASceI6EBKqEBJh4knwEqoQEmGyQ=
oAEpoQEmHySeASmhASYfJJ8BKqABJh4joAEooQEmHCSgASmgASUfI6ABKKABJh8knwEooAEnHyQ=
nwEpoAEmHiOgASqfASYdJZ4BKp4BJh4koAEongEoHSWgASifAScdJJ8BKZ0BJx8jnwEpngEmHiQ=
oQEpnwEmHiOgASigASceJZ0BKp8BJx4lnAEqoAEnHiWdASugASYdJJ8BKaIBJR4mnwEpoAEnHiU=
nwEooQEmHiSfASqfASUgJZ4BKqIBJR4loAEoogElHyWfASqgASYeJZ8BKaEBKB8koAEqoAEnHyQ=
oAEpoAEmHiaeASqjASUeJaABKaIBJR4loQEoogElHiagASmhASYeJKEBKKIBJiElnQEqoAEoHyU=
nwEpoAEnICWfASqhASYgJZ4BKqABJx4lnwEqogEmHyOgASmgASYfJaABKaIBJR4loQEooQEnHyU=
nwEqoQEnHySfASmgASUfJaABKqABKB4joAEpogElHiafASmhASYeJZ4BKqIBJR0lngEpogElHiY=
ngEqnwEoHyWfASmiASUeJJ4BLKABJh0lnwEooQEmHiOhASmgASUfJZ4BKaIBJh4joAEqngEoHyM=
oAEoogEmHiSeASqhASUfJKABKaEBJh0mngEqoAElHiWfASqgAScdI58BKqEBJB4loAEpoAEnHyM=
nwEqoAEmHiWhASmeASkeJZ0BKqEBJSAloAEooAEnHiSgASmfAScfJJ8BKKIBJh4joAEroAElHiU=
nwEqogElICSfASqfASceJaABKqABJiAlngEqnwEmICWeASqgAScfJZ8BKaIBJx4mnwEpoQEmICU=
ngEroQEmHyWgASmiASceJaABK6ABJx4lnwEqogElHyWgASqhASceJp8BKp8BKB8mnQEpowElHyU=
oAEqowElHiagASeiASceJaIBKKIBJh4loQEoowElHiWhASijASUeJaEBKKIBJx4joQEqoAEnHiU=
oAEpoAEoHiOiASihASYeIqMBKqABJh4joQEpnwEoHCOhASqeAScdJKIBKKEBJR4joQEpoAElHiM=
oQEpngEnHiOgASmeASYfJKABKp4BJh4jnwEpoQEnHCKgASmhASUbI6ABKaABJR4knwErnQEmHSU=
nQEooQElHiOgASqfASUdJJ8BKJ8BJh0lnwEqngEmHSWfASihASYeI6ABKp8BJR4kngErngEmHiM=
oAEpoQEmHiOgASmfASYeJKABKaEBJR4lnwEpoAEnHiWeASqgASceJZ0BK6ABJx0mnQErnwEnHyY=
ngEqnwEnICSfASmgASkeI6IBKKIBJR0loAEpoQElHyWfASmhASgeJZ8BKaEBKCAloAEqoQElHyU=
oAEpngEoICWfASqgASYeJZ8BK6EBJx8lnwErogElHiWeASygASYeJKABK6IBJR4koAEpowEmHiU=
nwEqoQElHyedASufASgfJZ8BK6ABKB4lnwEqogEmHiShASugASYfJZ4BKqABJx4mnwEqoQEoHiQ=
oAEpoAEoHSShASugASYeIqABKqABJiAknwEqoQEmHiWgASmgAScdJaEBKKIBJxwkoAEpoQEoHCQ=
oAEpoAEnHSSgASqhASYdI6ABKaIBJhwkoAEpoQEmHCShASmgASgcI6ABKaIBJR0ioQEooQEnHCQ=
nwEoogEmHCOgASmiASUdI6ABKaEBJhwkoAEpoQEmHSOgASqhASYdJKABKKABJx0knwEqoQEmHCQ=
oAEpogEnHCSgASijASYdI6ABKKMBJh0joQEoowEmHSOhASiiASccJKABKaIBJxwloQEpogEnHSM=
oQEoowEnHiOgASqjASYdJKIBKKMBJx0joQEopAEoHSOhASmjASceJKEBKaQBJx4jogEppQEnHiM=
ogEopAEnHiOiASijASgeI6IBKaMBKB4jogEoogEoHyWgASmjAScfJKIBKKIBKB4logEpogEoHiU=
oAEqogEnHySgASqiASgeJaABKqIBJx4koAEqoAEnHySfASqhAScfJaABKKEBJx4koAEpoQEnHyQ=
oAEqoAEnHiWgASmeASgeJJ8BKp8BJx4joQEonwEoHiOhASifASgeIqABKKEBJh8lnAEroQEnHSE=
oAEoogElHiOgASqfASYfI54BKqABJx4knwEpoAElHiWfASiiASYeJJ0BKqEBJx4kngEnpAEkHiU=
nQEqoAEmHySeASqgASUfJJ4BKZ4BJx4lngEqnQEoICWfASmfASYeJZ8BKZ8BJx4lnwEqngEmHyU=
ngEpnQEoICWcASqgASgeJp4BKqABJh4loAEqngEoHyadASmfAScgJp4BKp4BKiAlnwEqngEoHyc=
ngEpnwEoHyafASmfAScgJZ8BKp0BKCAmnwEqngEnICaeASqgAScgJp4BKp8BJyAlnwErngEmISY=
ngErngEoICaeASqgAScfJaEBKaEBJh8mnwEpoAEnHyafASmgASYgJaABKKABJx4moAEpnwEnICU=
oQEqnQEnHyWgASqeASYeJaABKp4BJh8loAEqngEnHiWgASqeASYeJaABKZ4BJx4koAEqngEmHiQ=
oAEroAEmHiSgASifASUeJKABKqABJh4jnwEpngEmHiaeASqfASUeJZ8BKZ4BJh8knQEroAEmHiI=
oAEqnQEnHiOgASieASYdJZ0BKaABJhwlnwEooAElHSWeASigASceI6ABKZ0BJx4jngEqoAElHSU=
nwEnoAEmHiSfASigASYdJKABKKEBJhwknwEqoAElHCWeASmgAScfJZ0BKp8BJh4joQEooQElHSU=
ngEqoQEmHSWeASqgASUgJZ8BKp8BJh8lngEqnwEmHiadASqhASYdJaABKaABKB0lngEqoQEnHiU=
oAEpoQEnHiWgASqgASkdJp8BJ6MBJiAlngEpogEkHyWfASqiASYeJaABKaMBJR4nnQEqpAElHyU=
nwEqogEoHyWeASqhASgfJZ8BKaEBJx8mngEqoQEoHiSfASyhASceJZ4BK6EBJx8mnwEqoAEoHiQ=
oAEroQEnHiWeASyhASceI6EBKaIBJh4moAEpoQEmHySgASqgASgfJJ8BKqABKB4loAEpoAEoHCQ=
ogEpoAEmHSWgASikASUeI6EBKqABJh4joQEpoQElHiOgASqhASUdJaABKKMBJR0joAEqnwEmHiU=
oAEqoAEnHCOgASigASYdI6EBKaABJx0knQEpoQEkHiSgASmgASYdI58BKKABJhwlnwEpoAElHSU=
nwEpoAElHiWeASqdAScfJJ0BK50BKB0jnwEoogElHSWeASydASceJZ0BK5wBJx4lnQEqoAEmHiU=
nwEooAEnHiSfASihASUdJp0BK58BJx4moAEooQElHiWfASueASgeJp4BKaABKB8kngEroAEnHyU=
nQEqngEpICWgASmgASgeI54BK6EBJh8nngEoowEnICWfASmiAScfJZ8BKqABJyAlngEsoAEnHyU=
oAEqoQEoICWgASqhASgeJKABK6IBJh8loAEqoQEmHSagASqhASceJaABK6EBJyElnwEqoQEnHyU=
nwEqoQEnHiShASmjASceJZ8BK6IBJx0koQEqogElHiOiASiiASceJZ4BKqABKB4lngEtngEoHiU=
nQEroAElHiadASmgASgeJZ0BK6ABJx4joQEqnwEoHiGiASihASYeI6EBKqABJB0lnQEqoQEmHiM=
oQEooQEmHCWdASqhASUcJaABKaABJhwlngEpoAEnHiOfASmfASceI54BK5wBKB4jngErnQEnHiM=
ngEqnwEnGySeASugASUeJJ0BK50BKB4jnwEqnQEnHiadASqeASceI6ABKp8BJh0knwEqnwEnHSU=
ngErnAEoHCShASmfASYdI6ABKZ4BJyAknAEqnwEmHyWeASqdASYfI6ABKp4BKB4knQEsnQEnHyU=
nwErnQEoHiSgASmdASkdJJ8BKp4BJh4lngEqngEmHiSeASufASgeJJ4BK54BJh4loAEqnwEmHiU=
nwEroAEmHiWfASldKGKiAacBJR8jISSgASheZmViJCNhZGRiJCJiZWRjIyNhZGNk
JCJhZWZhIyJhZGRkJCFiZWRiJCJhY2ZjIyFjZGVhIyNgZGZjJCFiZGZh
JCBgZmRkIyBgZmRjIyFiY2ZiIyFfZmNjIyFgZGdiISBhZmRiIiFhZGRj
IiFiY2RiIyFhY2VjIyBhY2VjIh9iZWJjIiBfZGViIyBhZGVhIyBiYWRj
IyFiZGNhIyFiZGRhIR9iZGRkISBiZGViIiBiZGNiIiBiZmJhIyBiZmFk
Ix9iZGRjIx5jZmJjIR9kY2NkIiJiZWRiIiBjZGRkIx5iZGRjIyNhY2Rk
IyJgZmRkIiFhZWRlIh9jZWRkIx9kY2VkIyBjY2ZiIiJhZGRkIiFiZGZj
IyBiZWViJCFiZGRjIyFiZGRkIyBhZWRjIyBiZmRjISFgZmZjIiFhZGNk
JCFgZWRjJCBhZGRiJCJgZWViIyBjZWRkIiBgZ2RkIyFgZmVjIyBgZmRj
JCBhZGRiIyNfZGNkIyBjZGVhIyJgZGVkIiBiZWJlIiJhZGNjIiBjZWRj
IyBiZGRkIiJgZmViISBhZmRiIyFiZGNjIiFiZGRkIR5jY2dkIR5kZGRj
IyNgYmRkIyFjYWVjIyFiY2ZjIiBhZGRjIyFhZGZhIyFjYmZjICBjY2Vj
IyBiZWZiIyBiYmZjIyBhZGZjIyBhJR8fISEiIiIfIiAgICIiIiEhHiEh
IiAjICEgICAhIiIgISAhISMhIh4iIiAhIyAgHyIgIyEhISAhIiAhHyIh
ISAiHyIiIiAhICIiIR8jISEgIx8iISIgISAiIyEfICBkowFopQFkJaIBZKcBZA==
Jp4BaaIBZyMgICEhHyJjJB4jYGRjYycgIh4hISEhIyAlYCMgYSQgICNhpgFl
ZmJkIiKhASYeICBiZWViIyBjZGRiIyFiZGRjIyFiY2RkICBkZGVjIyBiZA==
ZGMiHmNmYmMjIWJkY2IjIGBkZWMiIGNkZWIhH2RkZGIjH2JkZGIkIWJh
Z2IiIGJiZWMkIGFjZGIjIGFiZWQjIGBkZmIjH2BkZGQiHmJiZ2MiH2Ji
ZGUiIF9kZmMiIGBjZ2MjIGEjHiAgIiAhIiEgHyEgISEjICAeISIjHyAi
IR8hHyIhIx8gHyIgIyEgICEgIyAkIB8gIiIjICAgIiAjHyIgIiAgISMf
ISAhICIhISIgHyQgICAiHyIhIyEhHyIgIyEfIGSkAWqfAWUmoQFkpgFiJ58Ba50B
aSQgIB8jowEnHyEgI58BKKEBJR4lnQEqoQEkHiWgASqgASUdJZ8BKKIBJB4lnwErngElICU=
nQErngEmHiSeASqeASgdJJ8BKKIBJxwkoQEoogEkHCWgASiiASYcI6EBKaABJh4loAEpnwEnHiU=
oAEpngEoHCWfASqeASgeI6ABKaABJh4joAEpnwEmHiWgASmhASUeJKABKZ8BJx4koAEqngEmHCQ=
oAEqoAElHiSgASiiASQeJqABKp0BJx8knwEqnQEoHiWgASqdASgfI6ABKqABKB4joAEpoQEnHSU=
oAEpoAEmHiGjASmeASceJJ8BKqABJxwjogEpnwEmHiSfASmhASYcI6IBK58BJh0lngEqoQEnHiQ=
nwEqnwEmHiOfASqhAScdI6ABKp4BJR4koAEpogEmHiSgASqeAScdJKABKaABJR0loQEoogElHiU=
nwEpnwEnHSWfASqdAScdJZ8BKZ8BJh4lngErnwEnHCKiASihASYbI6IBKaABJB0mngEqnwEnHSQ=
nwEqoAEmHiOhASihASUeI58BKqABJR0koAEooAEmHSWfASigASceJZ8BKaABJh4lngEpnwEmHSQ=
oAEqoAElHCWfASqhASUcJaABKKABJx8lngEqoAEmHSWfASqiASQdJp8BKKEBJh8lngEroQEmHCU=
oQEpoQEnHiSgASmgASYfJKABK6ABJx8loAEqoQElHiWhASmiASceJaEBKaABKB4loAEqnwEoICM=
nwEqoAEmICSgASqgASkeJaABKp8BKR4loAEqngEoHiWfASqgASceJZ8BKqIBJh0loQEqnQEnHiU=
oAEpoAElHSKiASmiASUdIaIBKKEBJR0loAEonwEnHSOgASqfASUdJKABKKEBJRwjoQEooQEkHCM=
oQEongElHCKhASifASUdIqEBKaABJBwjngEpoAEjGyOiASifASQdI54BKp4BJRwhogEpngElGyM=
ogEmngElHSKfASifASQbI6EBKJ8BJRsloAEonwElGyOiASieASUcJKABKKEBJRwjoAEqngEmGyM=
ngEqoAElHyOfASigASUdIqABKp8BJhsloAEpoQElHSOfASqfASUfI6ABKaABJh4joAEpnwEmHiQ=
oAEqnwEnHiWgASihASYdI6EBKKMBJR4lnwEpogElHiWgASijASQfJqABJ6QBJh4joQEqoAEoHiQ=
oAEopAEmHSShASqgASgeJKABKqIBJR8lngEqoAEnICOfASqiASYfI6ABKqIBJR8loAEpowEmHSU=
ogEqnwEnHiagASmgASYgI6ABKqEBJR4loQEooQEnHiWeASugASceJaEBKKEBJx4lnQEsnwEnHSQ=
ogEooAEnHSSfASmfAScfI6ABKaABJh0knwEqoAEnHSOiASmgASUeI6EBKKEBJB4jogEonwEnGyM=
oQEpoAElGyOiASifASUeI6EBKJ8BJh0jnwEqoQElGiGiASigASUcI6ABKJ8BJR4joAEonwElHCM=
nwEqnQEmHSKfASmdASUdI6ABKp0BJRsgogEonwEkHCSgASmcASUcJJ8BKp0BJhshogEnoAElGyI=
oAEongElHiOfASmdASYcI6ABKp0BJRwlnwEonwEmHCKhASegASUdI6EBKKABJhwjoAEooAEmHiI=
oQEonwEmHSSfASueASYdJaABKaEBJR4joAEpoAEoHiOhASiiASUdJKEBKqEBJR4koQEpoQElHiQ=
ogEopAEkHyShASqjASQfJaABKaUBJR4jowEnpAEmHiWgASmiAScfJZ8BKqEBJx8loAEqogEoHSU=
oQEqoQEoHiWfASuiAScfJKEBKqABJyAlnwEqoAEmHiWiASmiASQfJaIBKaIBJR4loAEqoAEoHiU=
ngEqoQElHSWhASmiASYeI6IBKaABJx4koAEooAEnHiafASqeASgdJKABKp8BJh0loAEpoAEnHSM=
oAEpoAElHSSgASigASYeIqEBJ6ABJRwkoQEnnwEmHSSgASifASYeIqABKKABJR0jogEongElHSM=
oAEpnwElHSKfASiiASQbJKABKKABJRwioQEongEmHCSfASqdASYeI54BKp4BJh0jnwEonwElHyM=
oAEonwEmHCSgASifASUcJKABKJ4BJx4jnwEpnwEmHSWeASqgASQeJaABKKABJh0koQEooQEmHSU=
nwEqoQEmHSSiASmgASUfJKABKqABJR4loAEooQEnHiSgASijASUfJKABKqABKB4koAEpogEmHyU=
oAEqoQEmHiahASqiASYeJZ8BKqIBJSAnnQEroAEpHSWgASqhASgfJaEBKaABKR4lnwEqoQEnHyU=
oAEqogEmICagASqhASceJ6ABKaABKCAlnQEsnwEoHyafASmiAScdJqABKqIBJx4loAEpoQEoHiU=
ngEqoAEoHiSfASufASgeJZ4BKqEBJx0koAEpoQEmHSWfASmgASceI6ABKqABJh0joAEpnwEnHSQ=
ngEqnwElHSWeASqeASccIaABKp0BJx4kngEqnAEmHyKeASqeASUbJJ0BKp0BJhwlnQEonQEmHiM=
nwEpnQElGyOfASmfASUeI58BKJsBKB4inwEonAEmHSOfASibAScdI58BKJwBJh0ioAEonQEmHSI=
oAEnnQEmHiOeASidAScdI6ABJ50BJh0jnwEnngEmHSSfASieASYdI58BKJ0BJx0knwEnnQEoHSI=
oAEonwElHiKgASifASgdI58BKZ4BKB4knwEpoAEnHSShASigASYdJKABJ6IBJh4joQEooAEnHiQ=
oAEpoQEnHiShASigASgfJaABKaEBJx4koQEpogEnHySiASmhAScgJKEBKqABKB8loAEqoAEoHyU=
oQEqoAEoICWiASmgAScgJaABKqABKCAloAEqnwEoICafASqgASggJaABKp8BKCAmnwEqoAEnICU=
nwEqnwEoHyWfASqgAScfJZ8BKp8BKB8lnwEqnwEnHyWeASqfASgeJKABKp0BKB4koAEqnQEnHiQ=
nwEpngEnHiSeASqdASceJJ4BKp0BJx4kngEqnAEnHiOfASmdASYeI54BKZwBJh0jngEqmwEmHiM=
ngEpnAEmHSSeASqaAScdI54BKpoBJh4knQEongEmGyOdASqdASUeIp8BJ54BJR0jnQEpnQElHSI=
ngEongElHCSeASmdASUdJJ0BKJ8BJh0knAEpnwEmHSOcASqfASYcJJ4BKKABJRwjnwEooQElHSM=
ngEpoQEmGyKgASqgASUcJKABKqABJRwjoQEoogEmHSOiASiiASYdIqABKp8BJx4joQEoowEmHiI=
oAEpoAEoHCOjASmgASgcJaABKaIBJx4joQEoowEmHiSgASqiASceJKABKqEBKB4joQEqogEnHiQ=
oQEqoQEoHiSgASqiASgeJKABKqIBJx8joAEsnwEoHySfASqhASgfJKABKaEBKB4knwEqoAEnHiU=
nwErogEmHiadASuhAScfJaABKqABKB8kngEsoQEmHiWfASqgASceI58BK6EBKB4jngEroAEnHiM=
oAEpoAEnHiSeASqgASceJJ8BKaEBJx0jnwEqnwEoHCOhASmeAScdIqABKZ4BJx0lngEqngEmHSE=
oQEmnwEmHSOgASqeASUbJJ4BKZ8BJhsjngEpnwEmHSGeASmfASYbIqABKJ0BJR0jnQEqnAElHSM=
ngEqnAEmGyKeASifASUdIp0BKZ4BJhsioAEnnQEkHSOdASieASUdI50BKpwBKBsjoAEongElGyM=
nQEpnwElHCOdASmdAScdJJ8BKJ4BJB4jngEpngEnHiSfASmeASYeJZ4BKZ8BJh0loAEpnwEmHiU=
ngEpnwEnHiOgASigASYgI54BKqEBJh8lnwEqoAEmHyWfASiiASYeJKABKp8BKB8lnwEqoQEoHiQ=
oAEqoAEmHyedASuiASgfJJ8BK6EBJyAloAEqoQEpHySeASugASggJp4BKqIBJR8moAEqoQEnICU=
nQEqoAEoHyWfASqgASggJZ4BKqEBJx4loAEqogEnHSShASqgAScfJZ4BK58BJx8knwErnwEnHiQ=
ngEqnwEnHySfASqdASgdI6ABKaABJR0lngEoogElHiWdASqgASYbJZ8BKaABJR0joAEpnwElGyM=
oAEqnQEnHSOeASqbASUeJJ4BKpwBJh4jngEqmwEnHiOeASegASUbI58BKp0BJR0jngEqmwEmHSQ=
nQEqmwEmHCSdASmdASYdJJ4BKZ0BJhwknQEpnQEmHCOeASmeASUdJJ8BKpsBJx0kngEpmwEoHSU=
ngEpmwEoHiOdASmdASYcJJ4BKZ0BJx0kngEongEoHCOdASqdASYeJZ0BKKABJx0jnwEoogElHSU=
ngEqnwElHiaeASigASYeJJ4BKqABJx4mngEpnwEnHyWeASmgAScfI58BKqEBJh4loAEpogEmHiY=
nwEroAEnHyagASigASkfJJ8BLKABKB4loAErnwEpHyadASqgASggJZ8BKqABKR8mngEqoAEqHyY=
ngEsoAEpHiWgASmiASYgJaEBKKMBJh4moAEqogEnHyWeASqiASgeJZ4BLKABKB8joQEpogEnHyU=
oAEroQEmHiSgASqgASceJaABKqEBJh0lnwEqogElHiSgASqhASUeJZ4BK6ABJh0koQEooQElHSU=
oAEooQEoHSKhASmgASYeIqIBKJ0BJx4jngEqngEmHiOeASqdASceI6ABKZ4BJhwknwEpnwEnGyM=
nwEqoAElHCOfASqdASYeIqABKZ0BJhwjoAEpnQEmHSSgASmdASUeJJ4BKJ0BJx0kngEqnwEmHiQ=
nQEqnQEmHSSeASmeASceJZ0BKp0BJR4lnwEpnwEmHyWdASqeASYeJZ0BKZ8BJh4lngEqoAEkHiU=
nwEooQElHiWfASmiASUeJZ4BKp8BKR4mnQErnQEoHiaeASqfAScfJZ8BKaIBKB4koAEqoQEnHiU=
oAEroAEoHyWeASmhAScfJqABKqIBKB4mnQEroQEmHiagASqgASkfJ5wBLZ8BKR8nnAEsoAEpICU=
ngEroQEoHiefASqiAScfJaABKqEBKB4loQEroQEnICWfASqiASgfJZ4BKqIBJx8kogEqogEnHyU=
ngEsoAEoHyWeASqiASceJqABKqABJx8lnwEroAEnHiafASmgAScfJZ4BKqABJx8knwEpoAEnHiU=
oAEooQEmHiSgASihASUdJJ8BKp8BJR4koQEonwElHiShASieASUdJZ0BKqABJhwiogEqngElHSI=
nwEooAElHSKfASmgASUcIqABKaABJRsjoAEonwElHSGgASqfASQcI6ABKJwBJR0jnwEonQElHSM=
nQEpnwElHSGeASqdASYcI58BKZ0BJBwlnAEqngEmHCWdASmeASYdJJ0BK5sBJR4joAEonQEnHiQ=
nQEpngEoHSOgASqeASccI6ABKp0BKB4lnAEtnAEnHSWgASmdASgeJZ0BKp0BKB8lnQEsnAEnHyY=
nQEqnQEoHiWeASydASkfJZ8BK1wnY6MBpQEmICIhJZ4BK2BkZmElImFkY2YjImFkZmM=
JCRhZmRiIyViY2diIyNhY2dkIyNhY2ZjJSRhZmZjJCNgZmVhJSJjZGVl
JCJhZGRkJiNhY2djJSFiZGViJCJhZGZjJCFhZmRjJCJgZWZiJCJiY2Vk
JCBgZGZkIyFgZWVjJCBiY2ZjIyFhZmRiIyBgZGViIyBiY2ZgIyFiZWRj
IiBiZGNjIiBhZGViISBiYWVjIiBhZWJjIiBhZGNhIiJfZWJiIx5hYWZg
IiBfY2ZhICFhY2NjIh9hY2NiIR5jYWJjIyBgZGNjISBgYmRhIiBgY2Vi
Ih9hZGNiIh9gZmJjIyBfZGNjIyFfY2ZjIiFgZGRiIyBgZGRjIyJgY2Ri
JCNgZGRiJCJhZGViJCJhY2VjIyJiY2NkIyNiZGRkJCFjZGNlJCJfZmJl
JCNgZGZjJCNgZWZkJSNfZGVkJCNiY2ZkJiNhY2ZkJSFhZGVmJSFhZWZl
IyFhZWZkJSFhZGZkJSJhY2liJCJgZmZkJCBgZmVjJSFiYmZjJCFhZGVj
JCFhZGRkJCJhZWRmIx9jZWVkIyBjY2ZiJCBhZGZjIx9iZWRiJB9iZGVh
ISJhY2VkIyBhYmdjISBhYWVkIiBhYmVkJB9hYWZjIyJfYWdiIyFhYmZj
IiFgYWVjIx9fZGVhIyJgYWVjIyBhYmVhIyJeIh8iICEgICEhHyAiHyEg
IB8gISAjIR8gICAhICEgICAgICIhICAgICAhICAgISEiHyEfICIgISAh
IB8hICIhICAgICAgICAiHyEhIR4iISAgISAhIh8hIiAfIiAgICFkogFnogE=
YiWjAWKlAWMnoAFopAFmIx4fIR8hJGAlHyNhYmVjJCAgICEiIiAgJGFhJR8hIQ==
ICEkY6UBZiMdJGEmImAlHiAhICVgZGMlI2FkZWQjI2BkZ2IkIWJkZWQjIg==
YGRmZCMhYGVlZSMiYWRmZCQhYmNkZSMgYmVkYyMgYWZmYyMgYWRmZCMg
ZGJlZCQgYWJkZCQhYWNmZCMgX2JmZCQhX2RlZCQhYWNlYyQhYGFmYiUg
X2NlYiMhX2NlYiMgYGNkYyMhYGFlZSIiXCYfICAeISAiICEgHyAhICIg
ICAiHyAgICIhHx8eIiIhICEfICAhICEjIh4hHiEgICEjICAfICAgISIg
ICAgICAhISAgICAgICAjICAiIR8gHyIhICEhHyAgIiAhICAiYqEBaKIBZCQ=
ogFkpgFhJ50BaqABZSMhISAipAElHiMgI5wBKaIBJR0lnQEqnQEoHyWbASmhASYeJZ0BK54BJw==
HiSdASqgASYfJpwBKaIBJx0knQErngEoHiWbASqfAScgJZ0BKaABJx8lngEqnwEnHiOfASufASc=
HiedASqgASYeJp0BK54BKCAlnAEroAEnHySdASydASkdJZ0BKqEBKB0kngEsnQEoHiacAS2eASc=
ICWdASueASkeJKABKKIBJx0lnwEqoAEoHiWeASqeASgeI54BK58BKB4lngEqnwEoHySdASqhASc=
HSSfASqgASceJZ0BK54BKB8kngEqoAElHyWeASqfASYeJZ0BKqABJR4kngEroAEmHSWfASmfASc=
HyScASufASYeI6ABKqABJhwlngEqngEmHiWfASmfASYdJJ4BKp4BJh4kngEqnwEoHSSeASqfASc=
HSSeASqdASgdJZ0BKp0BJx4jngErngElHiSgASieAScfJJ0BK50BJx4lnQEsnAEnHiWdASqbASg=
HiSfASmeAScdI6ABKZ4BJx4nnAErnQEoHSWcASyeAScdJZ0BKp8BJh4koAEqngEoHCSfASmeASg=
HiOfASqeASgcI6ABKJ8BKB4kngEsnQEoHiWdASudASceJaABKp4BKB8lnQEqngEnHiWdASqgASU=
HyWcASyfASgdJZ4BKqABJh8lnQEqoAEoHiScASydASgfJZ4BKZ4BJyAlnQErnQEpHSWeASqfASY=
HyWcASygAScfJJ4BKp8BKB4lnQEsnwEpHSWeASyfASceJZ4BKqABKB4knwEqnwEmHiWeASqgASY=
HiWeASqhASUeJZ4BKqEBJR4knQEqoAEoHSSfASydASgeJZ4BKp8BJh0lnQEqoAEoHSSeASyeASc=
HCSfASqeASgdJJ8BKZ4BJx4joAEnnwEnHiOeASqfASUeJZ0BKp8BKB0jngEqnQEmHiWdASmfASg=
HCOfASqdASYeJZ4BKp0BKRwjnQEqnQEnHSWfASidAScdJZwBK50BJx4jngEpnQEmHiSfASidASg=
HSSfASidAScdJJ8BKZ8BJRwlnwEqnQEnHSSeASmdASceJJ0BKp0BJh0jnQEqngEmHiWcASqfASU=
HCSfASqeASYcJKABKZsBKB0mnAErnAEnHiOdASmfASceI50BK50BJx4kmwErnQEoHSWeASqcASc=
HiSdASqeASgeIp8BK50BKBwknwEpngEnHSOfASmgASYfJJwBKp8BJh8lngErnQEnHSOeASmgASY=
HiWfASqdASgeJZwBK50BKB0knQEpnwEmHiSeASqdASgeJJ4BKKABJh0joAEooAEmHSadASucASk=
HiSeASqdASgeJJ0BK5wBKB0lnwEonwEnHSOgASigASYeJZwBLJsBKB4jngErnAEoHiSeASieASg=
HSOfASmdASceJJwBKp0BJx8knwEonwElHiSeASqeASceI5wBK5wBKB0lnwEpnQEmHyWdASqdASc=
HSWdASqgASUdJZ8BKp0BJh4kngEpnQEnHiOfASidASceI54BKp0BJx4knwEpngEnHSKfASqgASY=
HSSdASqeASgdJZ0BKp4BKB4jnQEqnwElHSSfASqfASYbJKABKZ4BJxwkngEqnQEnHiWdASufASU=
HiWeASqdASceJJ0BKp4BJiAlnAEqngEoHyOeASqdASgeJZ0BKp0BKB4lnAErnQEoHyWcASydASc=
HSSfASqfASgeJpsBKqABJx8lnQErnQEnICabASydASceJZ0BLJ4BJx4mnAEtnQEoHiWdASqeASk=
HiSdASqgASgdJZ4BKp4BKB8lnQErngEoHiWdASudASgeJJ8BKqABJh0lnwEqnwEmHiSeASqgASg=
HiWdASudASceJJ8BKqABJx4lnQEqngEoHiOfASqdASgdJZ4BKqABJhwkoAEpngEnHiWdASqfASc=
HSSeASudASccJJ4BKKEBKBwjoAEpnQEoHCOeASqgASYcJKABJ58BJx0jnwEqnQElHSOgASqdASY=
HiSdASqdAScdJJ4BKZ4BJhwjnwEqnwElGySdASmgASYbJKABKZ0BJxsknQEpngEnHiOdASmeASY=
HiWdASudASUdJZ4BKp4BJh0knwEqnQElHiSeASqdASUdJZ0BK50BJR4lnAEqnQEmHiWdASueASU=
HiWdASqdASYeJJ4BK50BJh0lnQErngElHiSeASqgASQeJZwBK54BJh4kngEqngEnHSSeASqeASY=
HiSeASqfASYdJpwBKqEBJR4lnQEqoAElHSWeASqfASYeJZ0BK58BJh4lnQEqoAEmHSWdASufASU=
HiWdASqfASYeJJ0BKqABJh0lngEqnwEmHSSfASqfASYeJZ0BK54BJRwnnAEqnwElHiWdASqeASc=
HSWcASqfASUdJZ0BKqABJR4knQEqnwEmHSSeASugASUdI54BKqABJhwkngEqoAElHSWdASqfASU=
HSSdASqgASUcJZwBLJ0BJhskngEooAElHiOfASmdASYeI50BKZ4BJR4jnQEpngEmHiOdASmeASY=
HiSdASmdASYeI54BKZ0BJh4jnQEqnQElHSSdASqcASUeI58BKJ0BJR4ingEpnQElHSOfASmdASY=
HSKgASidASUeJZ0BKp4BJRwingEongEmHSSdASmeASYeI50BKKABJB4jngEonwElHCOdASmfASU=
HiOfASmfASUdI58BKJ8BKBwhoAEnoAEmHiOdASqgASUfI50BKZ4BJh8lngEongEoHyOfASidASc=
HyWeASqcASYfJZ4BKZ0BJSAlnwEqnAEmICWdASmeASgfJp0BKZ8BJh8lnAEpngEoHyaeASqdASY=
HySeASmeAScfJZ4BKp4BJx8knwEpnwEnHyOfASmfAScfJJ4BKp4BJx4kngEooAEnHiOfASmeASc=
HiWdASmfAScfI6ABKJ4BKB4joAEooAEnHSSeASigASYeJZ4BJ6ABJh0ioAEpnwElHSOgASqfASU=
HSOgASigASYcI6ABKKABJRwhogEnoQEkHCKgASehASUdIaABJ6EBJBwioAEnoQElGyOgASefASU=
HCKfASqeASUbI6ABKJ8BJRwinwEpoAElGyGgASigASUcI6EBKJ4BJBwgoAEonwElGyKiASeeASU=
GiOgASigASQcIaIBJ58BJRojogEnoAEkHSKgASigASUdI58BKZ8BJRwjoAEnngElHSOgASieASU=
HCSgASegASUeI58BKZ4BJh4jngEqngEnGyOgASigASUdJaABKp0BJh4jnwEpoAElHiSeASmiASU=
HSOhASmgASYcI6EBKqABJB8knwEpoQEkHiSfASmhASUeJZ8BKqEBJR4loAEoogEkHyShASeiASQ=
HiSgASmiASUeJZ4BK6ABKB4kngEqoAElHySgASmfAScfJJ0BKqEBJR4joAEqnwEoHiWfASueASY=
HyWgASiiASUeJJ8BKaIBJh4iogEpoQElHiSgASmfASceIaABKqABJh0knwEqoAElHSWhASigASU=
HSShASmeASYeI58BKaEBJRwkogEooAEkHiSgASihASQcI58BK50BJhwknwEqnwElHCOhASqdASY=
HiSdASqhASUbI6IBKJ0BJh4joAEooQEkGyOgASqdASUeI6ABKKABJRsioAEpnQEmHCOgASifASM=
GyWfASmgASUbIqABKZ4BJR0jnwEooQEkHiOgASefASUdJKABKJ4BJxsioQEpngElGyOhASieASY=
HCOgASmeASUeIp8BKqABJB0ioQEpnQEmHCOgASmeASUdI6ABKKABJB0knwEooQEkHSSfASmgASY=
HSOgASmgASUdJKABKaABJRskoQEonwEnHyOeASqeASgdI58BKKEBJR0loAEooQEkHiSfASqgASY=
HiSgASiiAScbI6IBKKIBJh0joAEooAElHSWfASufASUfJZ8BKKEBJhwjoQEpoAEmHSSfASqhASQ=
HiWdASqgASYeJJ4BKqABJR8lnwEqngEmHSSgASifASYeJaABKqABJR0ioAEqnwElHSSfASmgASY=
HSOgASiiASUcJKABKJ4BJx4joAEonwEmHCOgASmeASYdI6ABKKABJR0ioQEooQElHSKgASigASQ=
HSOiASifASUdJJ4BKKABJRwjoQEooAElHCOfASmeASUbI58BKp4BJRsjoAEpngElHiKhASigASQ=
HCOgASmdASUcIqEBKZ0BJR0joAEooAEjHSSgASefASUeJJ4BKZ8BJR0knQErnQElHCOgASmfASU=
HSShASegASUdI58BKJ4BJh4lngEpnwEnHSWdASqfASQeI6ABKKABJB0koAEooAElHiWeASqeASg=
HSSeASqgASUdJZ8BKp8BJx4joAEqngEoHiOgASqfAScdI6EBKKEBJx4ioQEooQEnHiKgASugASU=
HiSfASqfAScdJp4BKaABJh0koAEooAEnHyOhASigASYeJJ8BKqABJh4joAEqoQElHSOgASugASc=
HSShASmhASUdI6IBKZ4BJh0loAEpoAElHiShASihASccJaABKKIBJR4joAEqnwEmHCSgASmgASc=
HiOgASqfASUdJKABKKABKB0jnwErngEmHCSiASifASYeI6ABKZ4BKB0hogEooAElHSSgASeiASU=
HSOhASigASUdI6ABKKABJhwiogEooAElHiOfASigAScbIaMBKZ4BJR0lnwEooAElHCGiASidASY=
HCWeASmgASYcI58BKZ8BJh4ioAEongEkHiSfASigASUcI6ABKqABJR0hoQEooAEnHCKgASegASU=
HSSeASqdASUeJJ8BKaABJRwkoAEonwEmHSWfASqeASUeI54BKaABJh0joAEooAEnHSWeASqfASY=
HiSeASqgASUfJKABKKABJR4mngEpnwEnHiOhASiiASQfJJ8BKaEBJxwloQEooQElHyOhASqfASc=
HSOhASqhAScdI6ABKqIBJR4mngEqoQElHiWhASmgASceJKABKaEBJh4loAEqoQEmHiSfASiiASU=
HiafASqgASgdI6ABKqABKB4ioQEqnwEoHSSgASqfASgdI58BK58BJh0loAEqoAEmHSSiASihASY=
HiOgASmgASceI6IBKp8BJh0joAEooAEnHCKiASigASQcI6IBKJ8BJhwjoAEooQEjHiOgASifASY=
HCOgASiiASMcI6EBJ6EBJBwjoQEpngEmHCKfASihASMbI6ABJ6ABJR0hoQEongElHCOfASigASQ=
HCOhASehASQbI6EBJ6ABJRwioAEooAEiHSOgASifASUcI6EBKJ4BJB0joAEonwElHCGgASifASY=
HCOgASifASQcI6ABKJ8BJBsjnwEonQEnHiOfASqdASUcJJ8BKp0BJR8knQEqnQEmHSOhASifASU=
HiKgASigASYbIqEBKKEBJR0kngEpngEnHSOiASieAScdJZ4BKp8BJh4koAErngEmHSOfASmhASY=
HiKiASifASYeI6ABKZ8BJh4joAEqoAEmHCOiASheJmCmAaYBJR8hHySgAShgZ2NhJCJiZA==
ZGMjIGBlZmEjImNkZWEkIWFmZGQiIGNlZGEjI2FkZGIlIGFlZmMhIWNl
ZWMhH2JlZ2IjIGFmZWIhIGJkZmEjIGJmZGQhIGFkZWIiIl9nY2MjIWJk
ZGMiIGBlZ2EhIGJkZGQhH2JjZmIhIGFkZWMgH2JkZGIgIGFkZmIhH2Nk
ZGEiH2BlZV8jIGFlZl8iIGBlZGIgH2JjZWMgH2JjZWEhIGFlY2EhIWFj
Y2EiIGBkZWEhIGFkZWEiH2FkZWEjIGNkZGEhIGFkZWEiIGFkZmAiIWJm
YmQhIGFlYmQiH2JlZWEhIGNjZmQhIGFmZGIjIGJkZGMjImBmZGUjH2Nh
Z2EjImFkaGEiIWRjZmMjI2FkZWMjIGRjZmMjIGNlZmMkImBjaGMkIWNk
Z2EkIWNkZ2QiIGFlZWYjImFmZmQjIWFlZ2QjIWFmZ2QkIGFmZmQjIWFn
ZmMjIGNmZWQjIWJkaGIjImFkZ2IkIWFnZmQiIGJmZmEkIWFmZmMjIGFm
ZmMiIGFlZ2IjIGFkZ2IiImFmZWMhHmNkZmMiIGNmZGEjH2JkZmIjHmJm
ZWIiH2FlZmEiHmFmZGIjIGBkZmIgIGFkZGMiH2FjZmEhIGFiZmIiIGFj
ZWIhIGFjZGIiIGBiZmMiH2JhZ2EhHmJhZWMjH2FkZGMiH2EkHiEhICMg
ICAgISIgICAhICIiISAgHiIhIh8jISAhICAiISIgHyEhISIhISEhHiIf
IyEhICEhISEiICMgISAhHyMgIyIhISEgICIjISMgICAiISMhISIjICMh
IiAhImSiAWyiAWQnoQFnqgFiKKEBaqIBaCUhICIjISNjJR4jYmVoYiUjIyAhISIi
ISNjZGliJSEgI2OoAaUBKGEkIGagASpfKGSiAWZkJSJiYmlkISNkY2RjJSJkZQ==
ZGUiIWFkZ2MjIGNiZmQiH2JkZmIjIWJkZWQiIGNjZGIiIWJkZGIjIGFi
ZmEjIGNiZmIhH2FjZWAjIl9jZWEiIGFiZWAiIWBiZV8kIF9iZGIhIF9j
ZGMiH19jZGMgIGFiZGEiIWBgZGIiH19kY2IiIF8lHiAiISAgIB8hISEf
IiAgIB8gISIhHyAhHyAgHyEhIB4gHyMhIR8gIiEgIB8hICIgIR8hICIf
ISAhISEiIiAhHiAhIiIjICEfICAjICIhISAfISIiIyAiICAgISIgImOkAQ==
aaMBZCehAWelAWQonQFrogFoJB4gISOlASYfIyAjogEooQEmICWgASqgAScgJaEBKqEBJiAk
ogEpoQEoICWgASqgASgfJ6ABKqIBJiAlogEpowEmICWhASijASYgJ6ABKqEBJyAmoAEqogEmHyY=
ogEqoAEoICadASukASYfJqIBKqABKCAnnwEpowEoHiagASqgASgfJqEBKaMBKB4mngEroAEnHyU=
oQEqoQElHiagASueASkeJJ4BKqIBJh4koQEoowElHiWgASqiASQeJaABKp4BKB4joAEqngEnHiM=
nwEpnwElHiOfASqeASYeJZ0BKqABJh4lngEqnQEnHiKhASifASYbI58BKp0BJR0kngEqngElHiM=
ngEpnQEmHiOgASegASQbI6EBJ58BJR4joAEpnQEkHSOgASmeASYdIaIBJ54BJBwjoQEonAEoHiM=
oAEongEnHSKhASieASUdI6ABKJ8BJR0joAEqngElHiOdASqfASUdJKABKZ8BJh0loQEooQElHiM=
ogEooAEmHyOfASqgASceJKABKKIBJh0koQEqoQElHyWfASqhASceJaABKqIBJh4loQEqoQEmHyU=
oAEpogEmHiWhASmhASchJZ8BKqIBJh4moAEqogEmHyagASqhAScgJqABKqIBJyAloAEppAEmICY=
nQEtngEoHyidASugAScgJ50BLKABJyAlnwEqogEnHyWgASqhAScfI6EBKqIBJR8mngEqogEnHyQ=
nwErngEoHiadASuhASYdJ6ABKaEBJx0loQEooAEoHiaeASqgASgfJZ4BKqABJh4lnwEqnwEnHiQ=
ngEqoQEmHSSfASigASYeJZ0BKp4BKB4jngErngEnHSOgASqfASYeI6ABKZ8BJR4lngEooAEmHCM=
oAEonwEnHCOfASqcASgeIqABKp0BJR0knwEpnwEkHiSgASmeASUdJJ8BKJ4BJh0knwEpngEmHSQ=
nwEongEmHSSeASmdASYdJJ0BKp4BJh4lnQEpngEnHiWdASqeASYeJJ8BKKABJR4knwEpoAElHiQ=
oAEmoQElHSWgASmfASYgJJ8BKKIBJR4koQEooAEmHyadASqiASYeJaABKqABJSAmngEpowEkHyY=
oAEpoQEmHyWgASmgASYfJqABKKIBJx8mnwEroQEmICShASiiAScfJp8BK6IBJh8mnwEqogEmICY=
nwEqogEnISWeASqjASceJaIBKaEBJyAloQEoowEnHiSgASmiASYgJp8BK6EBJx4lnQEqogEmHyU=
nwEpogEmHiafASmiASceJZ8BKqIBJR4mnwEqnwEoHSWfASqgASceJJ4BK58BJx4lnwEoogElHSU=
oAEpoQElHSSgASqgASUeJJ0BKp4BJSAknQErnAEoHyOeASqdASceJJ4BKJ4BJx4joAEqnwEkHCU=
nQEqngEmHSSdASmeASYeI6ABKJ4BJRsjnwEpngEmHSWfASifASUdJp0BKKABJR4kngEqnwElHiM=
nwEongEnHSSdASqeASUdJZ0BKqABJh0lngEqoQElHSWfASigASYdJp4BKaABJh4lnwEpnwEnHiU=
nQEqoAEkHiagASihASYdJaABKKIBJR0mnwEpoAEnHyafASqgASYgJKABKaABKB8koAEoogEoHiU=
oAEoogEnHyWfASqhAScfJaEBKKEBJyAloAEqnwEpHiWgASihASkfJaABKqABJyAmoAEpoAEoICY=
oAEqoAEoICWgASmgASkfJaABKqEBKCAmnwEqoAEoICefASqeASkgJZ8BKqABKSAlnwEroAEoICY=
ngEqoAEoHyagASqfASchJaABKp8BKB8mnwEqoAEoICWgASmfAScgJp8BKqABJx8loAEqoAEmHyU=
nwEpnwEnHyafASqfASYfJaABKKABJh4mngEpnwEmHyaeASqeASgeJZ8BKZ8BJh4mnQEpnwEmHiY=
nwEpnwElHyadASqeASYeJZ8BKZ8BJR8lnQEqnwEmHiWfASmdAScgJp0BKp4BJx8lnQEqnQEmHyU=
nwEpngEnHiWgASmdASYeJaABKZ0BJx4koQEonwEmHiWgASmdASYfJaEBKJ8BJh4koQEooAElHiU=
oAEqngEmHiWgASmgASYeJaABKp4BJx4loAEooAEmHiWhASqgASUfJqABKp8BKCAkoAEooQEnHSU=
oQEsngEnICWhASigASceJZ8BKaABKB4loAEpoQEnHyWgASqgASYfJqABKKEBJx8loQEqoQEnHiU=
nwEqoAEmHyidASygASgeJZ4BKqEBKB8lnwEpoQEoHiWgASqgAScgJ50BK58BKB8lnwEpoQEmICU=
nQEqoQEoHiadASqfASggJZ0BKqABKB8mnAEqoAEpHyWcASqhASgfI54BK6ABJx8lnwErnQEoICU=
nQEqngEoHyWcASueASgeJZ4BKZ8BJyAknQEqoAEmICWcASueASgfJpwBKZ8BJx4lnQEqnwEnHyU=
nAEqngEnHyWcASqeASYeJZ0BKp4BJh4koAEpngElHiWfASqeASUeJJ8BKJ8BJR4knwEpngEmHSU=
ngEpnwElHSWdASqdASYdJZ4BKZ4BJx4kngEpnwElHSSeASqgASUeJZ0BKp8BJh4lnQEooAEnHSU=
nQEpoAElHCWdASqeASgeJZ4BKKABJR4lngEpoAEnHiSfASqgASYdJZ8BKJ4BKCAlnQEqoAElHiU=
nQEqnwEoICWeASqfASYfJZ4BKqABJx4lngEqogEnHSWgASiiASYfJZ8BKqABKB8lngErnwEnHyU=
nwErnQEnICSfASufASgeJJ4BKqEBJR8mngEqogEnHiafASqfASgfJJ8BKaABJh8mnQEroAEmHyU=
nwEpogElHyWeASqgAScgJpwBK6ABJh4lngEqoAEnHySfASmiASYeJJ8BKaABKB8lnQEqnwEnHyU=
nQEqoAEoHSSeASqfASceJZwBLJ8BJh4loAEqoAElHiSeASqeASYeJZ8BJ6ABJx0lnwEongEmHiU=
nwEqngEnHiSeASqeAScdJZ4BKqABJR0lngEonwEmHiSfASmfAScdJZ4BKp0BJx4lnQEpoAEmHiQ=
oAEpnwEmHiOfASiiASUcJKABKp0BJh4lnwEooAEmHSOfASqdASceJJ8BKZ8BJxwkoAEqngEmHiU=
nwEqnwEnHSOeASmhASUfJJ0BKqABJh0lngEpoQElHyaeASqeASUfJZ4BKp4BKB4kngEooQElHyU=
nQEpoQEmHiSgASiiASUeJaABKZ8BJx8knwEqngEoHySfASiiAScdJaABKaEBJh4loAEoogEnHSU=
oAEpoQEoHSSfASufAScgJp0BKqABJx8loAEpoAEoHiSgASmgAScfJZ8BKqABJh4mnQEqogElHiU=
ngEqogElHiaeASqgASYfJZ0BKqIBJh4lnwEqnwEoHyWeASqgAScfJp0BK58BKB0nnQEqnwEoHyQ=
ngEqoAEmHiWgASmgASgdJp4BKqABJh4kngEpoAEmHiWeASqgASceJZ0BLJ4BJhwlnQEqnwEnICU=
nwEongEoHiWeASmfASgdJJ8BKp0BJR4koAEooAEnHSOgASmgASYdJKABKKABJR4joAEooAEnHiQ=
nQEqoAElHiWeASqeASYeIqEBKKABJR4lngErnQEmHSOhASigAScdIqABKKABJR4mnQErnQEnHiU=
nQEqngElHiWeASmeASceJZ4BKp4BKB4ioQEnoAElHiWeASqdASYeJZ4BKaABJh4knwEqoAEnHiM=
oAEqnwEmHyOgASigASYcJJ4BLJ8BJh4lnwEpnwEnHSSgASmhASceJKABKKABJR0loAEoogEmHyU=
nQEqoAEnHyWdASufASceJZ4BKaEBJx4joAEqoAEmHiWfASmgAScfJJ4BKqABJh4koAEpoQElICU=
nQEqogElHyWeASqgASgeJZ4BK58BJR8lnQEqoAEmICSeASugASUfJJ4BKqABKCAlnQEpoAEnICU=
nQEsnwEmICWdASqhASYfJJ4BK6ABJh4mngEooQEnHiOgASqfASceJZ4BKqABJx4joAEqngEmHiY=
nAEqoAEoHiOgASqgASUeJZ4BKaABJh4joAEonwEmHiWeASieASceJZ0BKZ8BJh4lngEpoAEkHSQ=
oAEooQElHSSeASifASYdJKABKJ8BJR0ioQEooAElHSKgASmfASYcI6ABKJ8BJR8joAEongEmHiM=
nwEpnwElHiKgASmgASYbI6IBKZ4BJRwjoQEonAEnHiSfASqdASYdIqEBKJ4BJhsjoAEpnwElHiQ=
oAEpoAElHCOgASqeASYeJJ4BKp4BJx8joAEqnQEnHSOgASqeASceIqABKp8BJx4jngEpoQEmHCQ=
nwEqoQEnHSShASihASUeJZ8BKqEBJR4loAEpnwEnHiSgASmiASUeJaEBKKEBJh8koAEqoQEnHiU=
ngEqoQEnHySfASuhASYeJZ8BK6ABJyAjogEqnwEnICSfASqhASgeJKEBK6ABJyAknwEqoAEnHyQ=
ogEqoAEmHyWgASmhASgfI6EBKqABJh4lnwEroAEnHiWgASqiAScfI6ABKqABJh0loQEqoAEnHSU=
oAEqnwEoHyOgASqgASgeJJ8BK6EBJx0knwEroAEmHSSgASyeASYfJKABKaEBJh4knwEpnwEoHyQ=
nwEsngEmHiSgASqgASUeI58BKaABKB4jnwEqoAElHSKgASqfAScdI6ABKKEBJx0ioQEpoAEmHSI=
ogEpnwElHSKiASigASUeJZ8BKZ4BJxwjnwErnwEmHCOiASehASYdIaIBKp0BKB4hoQEonwEnHSQ=
nwEpnQEoHiOgASifASceJJ4BKaABJx4jogEpngEoHiSgASmdASccJp0BKqEBJx0knwEpngEmHiM=
oQEoogElHCShASiiASccI58BKqIBJR4joQEooQEnHSShASmhASUeJJ0BK6IBJx4jogEnogEmHiM=
oQEqnwEoHSedASuiASYfI6EBKqABJx4joQEqnwEnHiWfASugASgeJKABKqABJx8kngEsoAEnHyQ=
oAEqoAEoICSfASqgASkfJZ4BK6ABJx8lnwEqoQEmHySgASqgASgfJJ4BK6EBJh0mngEqogEmHSU=
nwEqoAEoICOfASmiASgeJJ8BLKABKB0loAEqoAEnHiWeASqfASgdI6EBKaABKB4jnwEqoQEmHSQ=
ogEpnQEpHiKhASqgASccIqIBKp4BKB4jnwEoogEmHiOhASmeASgeIqABKp8BJxwinwEqoAElHSM=
oAEqoAEmHSSfASqdAScdJJ4BKqABJRwjoQEpngElHiSgASieASYdIaEBKKEBJRwjnwEqnQEmHSQ=
oAEooQElGyOhASmfASMdJZ8BKZ0BKB0jnwEqnwElHiOeASmfASYeI54BKZ0BKB4knQEqngEnHSM=
ngEpoAEmHSKiASmfAScdI6ABKp8BJR0lnwEpngEnHiSgASmeASgdJZ4BK50BJx4joAEqngEnHiU=
oAEqngEnHiWfASqhASceJKEBKKEBKB0jogEqoAEnHiWgASpeJl+mAagBJCAiISWiAShgZmNk
IyJiZmdiJCJiZWNlJCJkZmRjJCFjZWhiJSFkZGRjJiFjZGZiJiFkZmZj
IyJkZGhkJCNfZWlkJSBkZGhkJCBjZmZkIyBjZmVkJCBhZ2RlIyBiZmRh
JSBjZmRkIyFhZWZjJCBjZGdkIyBhZmZiIyFgZmRkIh9iZmRjIx9hZGRi
IyBhZGRjIh5iZGZjIh5jZWRiIx5hY2ViIx9iYmRhIx9iYmVgJB9hY2Ri
IyBhZGRgIyBhY2RiISFhYmRhIx9iZGRhIR9jZGRiIh9hZGVjIiBjYmRi
Ih5jY2ZjIh5jY2ZjIh9jZGVhJB9jY2diIyBhZGdhJCBhZGZhJCBiY2Vi
JCNjYmdhJCJiY2ZkIyJjZGdhIyJjZGZlIyFjZWZkIyBkZGZkIyJiZGhj
JiJhYmljJSJkYmlkJSJiY2lkIyRkZWZjJSNiZmZiJiJiZmVlJSFhZmdk
JSFiZGZkJiNhY2hkJSJhZWdkJCNiY2hkJSFjZmZkIyNiZGRlJCNjY2Vj
JyBjZWVlIyBjZGZkIyJjZGRlIyFjZGZiJCBiZWVkJCBgZmdiIiBjZWVi
JCBiZWZjIiBgZWZjIh9iZGZkIiBhZmZiISBiZWRjIx9hY2ZhIh5hZWZh
Ix9iZGVgIyBhZGVhIyBhZGZiIR5jY2ZhIx5iZGZjICBhZGRhIx9hZGVk
Ih9gY2RiJCFgY2VjIyFhY2RhJCJhZGViIiBhYWdjIyBhYmdgJCJiYWVj
IyJjYWZjIiFiY2VjJCFkYmZkIiJiZGVjIiNhZGdjIyNhY2dkJCBkZGdk
JCBkZGhhIyNiY2hkJCFjZGhkJSBjY2lkJSFiY2dkJSNkY2ZmJCFkYmlk
IyJjZWhlIyJjZGhjJyFjY2hjJiFkZGlkJSFjZGZmJCBkZWZlIyFkZGdj
JCFjZWZiJCFjZGZmIyBkZmZkIyBjZmVjJCBiZmVjIyBiZGZjJCFhZGZj
JCBiY2ZjJCBhZmRkJCBhZWVjIyBhZGdiIyFiY2RjIyBhZGViIx9iZGRj
IyBhZWRjIh9jZGVjIx5jZGVjIx5jY2hgIiFiY2VhIyFhY2ZiIyFhYmZj
Ix9hZGVhIyFgYmdhIiBjYmRjIh9hZGdiJCBhZWRjIiBhZWVjJCBkYmZh
IiBjY2VkIiFiZGVkIiBjZGZjIyBjYmdkIyJiYWhjJSFjYWliJSFkYmlk
IyFiYmliJCNiZWZkJCFiZGdkJSJhZWZlJSFkYWllJCFjZGVkJiJiZmVm
JSFkZGlkIyJjZGljJSJhZWdkJCNjZWZkJiFjZmZlJCFjZmhjJh9kZmdk
IyBkZ2ZlJB9iZ2ZlJSFgaGdkIyBiZ2dkIyBiZmZkIyBjZmZkJSBhZmdk
IiBiZmhiJCBiZWZjJCBiZmVkIx9jZWVkIyBgaGZjIx9haGRiIyFjZGRj
IyJiZGRkIiBhZGdiIx9jZGViIyBiY2ZkIx5hZmRjIx9iZWRhIyBiZGZh
IyBiZGVjIyBjZGdjIh9iZGdkIyBjZGRjJCFhZGdjIiFiZWRjIyBjZGZk
JSBjZGVhJSFkYmZkJCFiY2ZkJSFhZWZkJiBkY2ZjJSJjY2ZjJiJiZGdk
IyBiZmdjIyJkZGdkJCJjZGZjJyJhZmdlJCJiZ2ZiJyFhZGZmIyFjZmZj
JCNiZGZlIyJkZGZjJSJiZGhmIyBiaGdkIyNjZ2VkIyFjZ2VkIyJiZGdk
IyFgZmVkJCJjZmVlIyJgZ2ZjJSNgZmNmJCNhZWVjJSNhZWZkIyFjZWNi
JSJfZ2VkIyFhZmRkIiNgZWdjIyFiZ2RkJCBhZWNlIyFhZGVkIyBhZWRk
IyBiZGViJCBhZWRlIyFgZmRlIyBhZGVkIyBhZGVlIyFhZWZiIyFhZGZj
IyBhZGZkIyFhZGZjIyBhZGdjIyFfZ2VjIyJgZ2ZiIyFhZWZjIyFhZWZh
JSBhZmVjJSJhYmViJSFjZGVkIyFjZGVlIyJjZGZjJCFhZGdiIyFiZmVj
JCNhZWRlJCFkZGdkIyBhaGZlIyBiZ2ZlIiFjZ2ZkIyFhaGZkIyBjZ2Zk
JCFhZ2ZkJCBjZmZkJCJhZ2ZkJSFiZmZlJCFiZmZkJSFiZmZlJCFiZmZk
JCLHAWclIGRjZl8mIGRiZmE=
====== sampling stopped (index time 0.000ms) ======
